# JRE version: OpenJDK Runtime Environment Temurin-11.0.21+9 (11.0.21+9) (build 11.0.21+9)
# Java VM: OpenJDK Client VM Temurin-11.0.21+9 (11.0.21+9, mixed mode, serial gc, windows-x86)
Heap:
 def new generation   total 32960K, used 11679K [0x05800000, 0x07bc0000, 0x0ad50000)
  eden space 29312K,  28% used [0x05800000, 0x06041a78, 0x074a0000)
  from space 3648K,  88% used [0x07830000, 0x07b563f8, 0x07bc0000)
  to   space 3648K,   0% used [0x074a0000, 0x074a0000, 0x07830000)
 tenured generation   total 73084K, used 61567K [0x0ad50000, 0x0f4af000, 0x15800000)
   the space 73084K,  84% used [0x0ad50000, 0x0e96fdf0, 0x0e96fe00, 0x0f4af000)
 Metaspace       used 18524K, capacity 18846K, committed 18944K, reserved 19840K
GC Heap History (20 events):
Event: 2.071 GC heap before
{Heap before GC invocations=10 (full 1):
 def new generation   total 4992K, used 4480K [0x05800000, 0x05d60000, 0x0ad50000)
  eden space 4480K, 100% used [0x05800000, 0x05c60000, 0x05c60000)
  from space 512K,   0% used [0x05c60000, 0x05c60000, 0x05ce0000)
  to   space 512K,   0% used [0x05ce0000, 0x05ce0000, 0x05d60000)
 tenured generation   total 10944K, used 6061K [0x0ad50000, 0x0b800000, 0x15800000)
   the space 10944K,  55% used [0x0ad50000, 0x0b33b5f8, 0x0b33b600, 0x0b800000)
 Metaspace       used 12803K, capacity 13000K, committed 13056K, reserved 13696K
}
Event: 2.074 GC heap after
{Heap after GC invocations=11 (full 1):
 def new generation   total 4992K, used 512K [0x05800000, 0x05d60000, 0x0ad50000)
  eden space 4480K,   0% used [0x05800000, 0x05800000, 0x05c60000)
  from space 512K, 100% used [0x05ce0000, 0x05d60000, 0x05d60000)
  to   space 512K,   0% used [0x05c60000, 0x05c60000, 0x05ce0000)
 tenured generation   total 10944K, used 6581K [0x0ad50000, 0x0b800000, 0x15800000)
   the space 10944K,  60% used [0x0ad50000, 0x0b3bd450, 0x0b3bd600, 0x0b800000)
 Metaspace       used 12803K, capacity 13000K, committed 13056K, reserved 13696K
}
Event: 3.140 GC heap before
{Heap before GC invocations=11 (full 1):
 def new generation   total 4992K, used 4992K [0x05800000, 0x05d60000, 0x0ad50000)
  eden space 4480K, 100% used [0x05800000, 0x05c60000, 0x05c60000)
  from space 512K, 100% used [0x05ce0000, 0x05d60000, 0x05d60000)
  to   space 512K,   0% used [0x05c60000, 0x05c60000, 0x05ce0000)
 tenured generation   total 10944K, used 6581K [0x0ad50000, 0x0b800000, 0x15800000)
   the space 10944K,  60% used [0x0ad50000, 0x0b3bd450, 0x0b3bd600, 0x0b800000)
 Metaspace       used 14963K, capacity 15170K, committed 15232K, reserved 15744K
}
Event: 3.143 GC heap after
{Heap after GC invocations=12 (full 1):
 def new generation   total 4992K, used 512K [0x05800000, 0x05d60000, 0x0ad50000)
  eden space 4480K,   0% used [0x05800000, 0x05800000, 0x05c60000)
  from space 512K, 100% used [0x05c60000, 0x05ce0000, 0x05ce0000)
  to   space 512K,   0% used [0x05ce0000, 0x05ce0000, 0x05d60000)
 tenured generation   total 10944K, used 7488K [0x0ad50000, 0x0b800000, 0x15800000)
   the space 10944K,  68% used [0x0ad50000, 0x0b4a0228, 0x0b4a0400, 0x0b800000)
 Metaspace       used 14963K, capacity 15170K, committed 15232K, reserved 15744K
}
Event: 3.680 GC heap before
{Heap before GC invocations=12 (full 1):
 def new generation   total 4992K, used 4992K [0x05800000, 0x05d60000, 0x0ad50000)
  eden space 4480K, 100% used [0x05800000, 0x05c60000, 0x05c60000)
  from space 512K, 100% used [0x05c60000, 0x05ce0000, 0x05ce0000)
  to   space 512K,   0% used [0x05ce0000, 0x05ce0000, 0x05d60000)
 tenured generation   total 10944K, used 7488K [0x0ad50000, 0x0b800000, 0x15800000)
   the space 10944K,  68% used [0x0ad50000, 0x0b4a0228, 0x0b4a0400, 0x0b800000)
 Metaspace       used 15079K, capacity 15269K, committed 15360K, reserved 15744K
}
Event: 3.686 GC heap after
{Heap after GC invocations=13 (full 1):
 def new generation   total 4992K, used 292K [0x05800000, 0x05d60000, 0x0ad50000)
  eden space 4480K,   0% used [0x05800000, 0x05800000, 0x05c60000)
  from space 512K,  57% used [0x05ce0000, 0x05d293a0, 0x05d60000)
  to   space 512K,   0% used [0x05c60000, 0x05c60000, 0x05ce0000)
 tenured generation   total 10944K, used 10023K [0x0ad50000, 0x0b800000, 0x15800000)
   the space 10944K,  91% used [0x0ad50000, 0x0b719f20, 0x0b71a000, 0x0b800000)
 Metaspace       used 15079K, capacity 15269K, committed 15360K, reserved 15744K
}
Event: 3.911 GC heap before
{Heap before GC invocations=13 (full 1):
 def new generation   total 4992K, used 4642K [0x05800000, 0x05d60000, 0x0ad50000)
  eden space 4480K,  97% used [0x05800000, 0x05c3f498, 0x05c60000)
  from space 512K,  57% used [0x05ce0000, 0x05d293a0, 0x05d60000)
  to   space 512K,   0% used [0x05c60000, 0x05c60000, 0x05ce0000)
 tenured generation   total 10944K, used 10023K [0x0ad50000, 0x0b800000, 0x15800000)
   the space 10944K,  91% used [0x0ad50000, 0x0b719f20, 0x0b71a000, 0x0b800000)
 Metaspace       used 15079K, capacity 15269K, committed 15360K, reserved 15744K
}
Event: 3.937 GC heap after
{Heap after GC invocations=14 (full 2):
 def new generation   total 9792K, used 177K [0x05800000, 0x06290000, 0x0ad50000)
  eden space 8768K,   2% used [0x05800000, 0x0582c5d0, 0x06090000)
  from space 1024K,   0% used [0x06090000, 0x06090000, 0x06190000)
  to   space 1024K,   0% used [0x06190000, 0x06190000, 0x06290000)
 tenured generation   total 21512K, used 12905K [0x0ad50000, 0x0c252000, 0x15800000)
   the space 21512K,  59% used [0x0ad50000, 0x0b9ea500, 0x0b9ea600, 0x0c252000)
 Metaspace       used 15079K, capacity 15269K, committed 15360K, reserved 15744K
}
Event: 4.137 GC heap before
{Heap before GC invocations=14 (full 2):
 def new generation   total 9792K, used 8760K [0x05800000, 0x06290000, 0x0ad50000)
  eden space 8768K,  99% used [0x05800000, 0x0608e0f8, 0x06090000)
  from space 1024K,   0% used [0x06090000, 0x06090000, 0x06190000)
  to   space 1024K,   0% used [0x06190000, 0x06190000, 0x06290000)
 tenured generation   total 21512K, used 12905K [0x0ad50000, 0x0c252000, 0x15800000)
   the space 21512K,  59% used [0x0ad50000, 0x0b9ea500, 0x0b9ea600, 0x0c252000)
 Metaspace       used 15079K, capacity 15269K, committed 15360K, reserved 15744K
}
Event: 4.143 GC heap after
{Heap after GC invocations=15 (full 2):
 def new generation   total 9792K, used 882K [0x05800000, 0x06290000, 0x0ad50000)
  eden space 8768K,   0% used [0x05800000, 0x05800000, 0x06090000)
  from space 1024K,  86% used [0x06190000, 0x0626cb78, 0x06290000)
  to   space 1024K,   0% used [0x06090000, 0x06090000, 0x06190000)
 tenured generation   total 21512K, used 17821K [0x0ad50000, 0x0c252000, 0x15800000)
   the space 21512K,  82% used [0x0ad50000, 0x0beb74a8, 0x0beb7600, 0x0c252000)
 Metaspace       used 15079K, capacity 15269K, committed 15360K, reserved 15744K
}
Event: 4.288 GC heap before
{Heap before GC invocations=15 (full 2):
 def new generation   total 9792K, used 9012K [0x05800000, 0x06290000, 0x0ad50000)
  eden space 8768K,  92% used [0x05800000, 0x05ff0500, 0x06090000)
  from space 1024K,  86% used [0x06190000, 0x0626cb78, 0x06290000)
  to   space 1024K,   0% used [0x06090000, 0x06090000, 0x06190000)
 tenured generation   total 21512K, used 17821K [0x0ad50000, 0x0c252000, 0x15800000)
   the space 21512K,  82% used [0x0ad50000, 0x0beb74a8, 0x0beb7600, 0x0c252000)
 Metaspace       used 15079K, capacity 15269K, committed 15360K, reserved 15744K
}
Event: 4.313 GC heap after
{Heap after GC invocations=16 (full 3):
 def new generation   total 17792K, used 735K [0x05800000, 0x06b40000, 0x0ad50000)
  eden space 15872K,   4% used [0x05800000, 0x058b7ce0, 0x06780000)
  from space 1920K,   0% used [0x06780000, 0x06780000, 0x06960000)
  to   space 1920K,   0% used [0x06960000, 0x06960000, 0x06b40000)
 tenured generation   total 39368K, used 23620K [0x0ad50000, 0x0d3c2000, 0x15800000)
   the space 39368K,  59% used [0x0ad50000, 0x0c461248, 0x0c461400, 0x0d3c2000)
 Metaspace       used 15079K, capacity 15269K, committed 15360K, reserved 15744K
}
Event: 5.072 GC heap before
{Heap before GC invocations=16 (full 3):
 def new generation   total 17792K, used 15872K [0x05800000, 0x06b40000, 0x0ad50000)
  eden space 15872K, 100% used [0x05800000, 0x06780000, 0x06780000)
  from space 1920K,   0% used [0x06780000, 0x06780000, 0x06960000)
  to   space 1920K,   0% used [0x06960000, 0x06960000, 0x06b40000)
 tenured generation   total 39368K, used 23620K [0x0ad50000, 0x0d3c2000, 0x15800000)
   the space 39368K,  59% used [0x0ad50000, 0x0c461248, 0x0c461400, 0x0d3c2000)
 Metaspace       used 16770K, capacity 17003K, committed 17024K, reserved 17792K
}
Event: 5.081 GC heap after
{Heap after GC invocations=17 (full 3):
 def new generation   total 17792K, used 1920K [0x05800000, 0x06b40000, 0x0ad50000)
  eden space 15872K,   0% used [0x05800000, 0x05800000, 0x06780000)
  from space 1920K, 100% used [0x06960000, 0x06b40000, 0x06b40000)
  to   space 1920K,   0% used [0x06780000, 0x06780000, 0x06960000)
 tenured generation   total 39368K, used 25383K [0x0ad50000, 0x0d3c2000, 0x15800000)
   the space 39368K,  64% used [0x0ad50000, 0x0c619cc0, 0x0c619e00, 0x0d3c2000)
 Metaspace       used 16770K, capacity 17003K, committed 17024K, reserved 17792K
}
Event: 6.911 GC heap before
{Heap before GC invocations=17 (full 3):
 def new generation   total 17792K, used 17700K [0x05800000, 0x06b40000, 0x0ad50000)
  eden space 15872K,  99% used [0x05800000, 0x067693e8, 0x06780000)
  from space 1920K, 100% used [0x06960000, 0x06b40000, 0x06b40000)
  to   space 1920K,   0% used [0x06780000, 0x06780000, 0x06960000)
 tenured generation   total 39368K, used 25383K [0x0ad50000, 0x0d3c2000, 0x15800000)
   the space 39368K,  64% used [0x0ad50000, 0x0c619cc0, 0x0c619e00, 0x0d3c2000)
 Metaspace       used 17700K, capacity 17962K, committed 18048K, reserved 18816K
}
Event: 6.923 GC heap after
{Heap after GC invocations=18 (full 3):
 def new generation   total 17792K, used 1920K [0x05800000, 0x06b40000, 0x0ad50000)
  eden space 15872K,   0% used [0x05800000, 0x05800000, 0x06780000)
  from space 1920K, 100% used [0x06780000, 0x06960000, 0x06960000)
  to   space 1920K,   0% used [0x06960000, 0x06960000, 0x06b40000)
 tenured generation   total 39368K, used 32841K [0x0ad50000, 0x0d3c2000, 0x15800000)
   the space 39368K,  83% used [0x0ad50000, 0x0cd62610, 0x0cd62800, 0x0d3c2000)
 Metaspace       used 17700K, capacity 17962K, committed 18048K, reserved 18816K
}
Event: 7.302 GC heap before
{Heap before GC invocations=18 (full 3):
 def new generation   total 17792K, used 17792K [0x05800000, 0x06b40000, 0x0ad50000)
  eden space 15872K, 100% used [0x05800000, 0x06780000, 0x06780000)
  from space 1920K, 100% used [0x06780000, 0x06960000, 0x06960000)
  to   space 1920K,   0% used [0x06960000, 0x06960000, 0x06b40000)
 tenured generation   total 39368K, used 32841K [0x0ad50000, 0x0d3c2000, 0x15800000)
   the space 39368K,  83% used [0x0ad50000, 0x0cd62610, 0x0cd62800, 0x0d3c2000)
 Metaspace       used 17700K, capacity 17962K, committed 18048K, reserved 18816K
}
Event: 7.349 GC heap after
{Heap after GC invocations=19 (full 4):
 def new generation   total 32960K, used 886K [0x05800000, 0x07bc0000, 0x0ad50000)
  eden space 29312K,   3% used [0x05800000, 0x058ddac0, 0x074a0000)
  from space 3648K,   0% used [0x074a0000, 0x074a0000, 0x07830000)
  to   space 3648K,   0% used [0x07830000, 0x07830000, 0x07bc0000)
 tenured generation   total 73084K, used 43848K [0x0ad50000, 0x0f4af000, 0x15800000)
   the space 73084K,  59% used [0x0ad50000, 0x0d822070, 0x0d822200, 0x0f4af000)
 Metaspace       used 17700K, capacity 17962K, committed 18048K, reserved 18816K
}
Event: 7.637 GC heap before
{Heap before GC invocations=19 (full 4):
 def new generation   total 32960K, used 29231K [0x05800000, 0x07bc0000, 0x0ad50000)
  eden space 29312K,  99% used [0x05800000, 0x0748bfb0, 0x074a0000)
  from space 3648K,   0% used [0x074a0000, 0x074a0000, 0x07830000)
  to   space 3648K,   0% used [0x07830000, 0x07830000, 0x07bc0000)
 tenured generation   total 73084K, used 43848K [0x0ad50000, 0x0f4af000, 0x15800000)
   the space 73084K,  59% used [0x0ad50000, 0x0d822070, 0x0d822200, 0x0f4af000)
 Metaspace       used 17700K, capacity 17962K, committed 18048K, reserved 18816K
}
Event: 7.649 GC heap after
{Heap after GC invocations=20 (full 4):
 def new generation   total 32960K, used 3224K [0x05800000, 0x07bc0000, 0x0ad50000)
  eden space 29312K,   0% used [0x05800000, 0x05800000, 0x074a0000)
  from space 3648K,  88% used [0x07830000, 0x07b563f8, 0x07bc0000)
  to   space 3648K,   0% used [0x074a0000, 0x074a0000, 0x07830000)
 tenured generation   total 73084K, used 61567K [0x0ad50000, 0x0f4af000, 0x15800000)
   the space 73084K,  84% used [0x0ad50000, 0x0e96fdf0, 0x0e96fe00, 0x0f4af000)
 Metaspace       used 17700K, capacity 17962K, committed 18048K, reserved 18816K
}

