# JRE version: OpenJDK Runtime Environment Temurin-11.0.21+9 (11.0.21+9) (build 11.0.21+9)
# Java VM: OpenJDK Client VM Temurin-11.0.21+9 (11.0.21+9, mixed mode, serial gc, windows-x86)
Heap:
 def new generation   total 54144K, used 30856K [0x05000000, 0x08ab0000, 0x0a550000)
  eden space 48192K,  64% used [0x05000000, 0x06e220b0, 0x07f10000)
  from space 5952K,   0% used [0x07f10000, 0x07f10000, 0x084e0000)
  to   space 5952K,   0% used [0x084e0000, 0x084e0000, 0x08ab0000)
 tenured generation   total 120148K, used 72087K [0x0a550000, 0x11aa5000, 0x15000000)
   the space 120148K,  59% used [0x0a550000, 0x0ebb5ca0, 0x0ebb5e00, 0x11aa5000)
 Metaspace       used 18667K, capacity 18942K, committed 18944K, reserved 19840K
GC Heap History (20 events):
Event: 3.402 GC heap before
{Heap before GC invocations=11 (full 1):
 def new generation   total 4992K, used 4974K [0x05000000, 0x05560000, 0x0a550000)
  eden space 4480K,  99% used [0x05000000, 0x0545bb18, 0x05460000)
  from space 512K,  99% used [0x054e0000, 0x0555fff8, 0x05560000)
  to   space 512K,   0% used [0x05460000, 0x05460000, 0x054e0000)
 tenured generation   total 10944K, used 6598K [0x0a550000, 0x0b000000, 0x15000000)
   the space 10944K,  60% used [0x0a550000, 0x0abc1ad8, 0x0abc1c00, 0x0b000000)
 Metaspace       used 14960K, capacity 15170K, committed 15232K, reserved 15744K
}
Event: 3.406 GC heap after
{Heap after GC invocations=12 (full 1):
 def new generation   total 4992K, used 512K [0x05000000, 0x05560000, 0x0a550000)
  eden space 4480K,   0% used [0x05000000, 0x05000000, 0x05460000)
  from space 512K, 100% used [0x05460000, 0x054e0000, 0x054e0000)
  to   space 512K,   0% used [0x054e0000, 0x054e0000, 0x05560000)
 tenured generation   total 10944K, used 7505K [0x0a550000, 0x0b000000, 0x15000000)
   the space 10944K,  68% used [0x0a550000, 0x0aca4748, 0x0aca4800, 0x0b000000)
 Metaspace       used 14960K, capacity 15170K, committed 15232K, reserved 15744K
}
Event: 3.921 GC heap before
{Heap before GC invocations=12 (full 1):
 def new generation   total 4992K, used 4992K [0x05000000, 0x05560000, 0x0a550000)
  eden space 4480K, 100% used [0x05000000, 0x05460000, 0x05460000)
  from space 512K, 100% used [0x05460000, 0x054e0000, 0x054e0000)
  to   space 512K,   0% used [0x054e0000, 0x054e0000, 0x05560000)
 tenured generation   total 10944K, used 7505K [0x0a550000, 0x0b000000, 0x15000000)
   the space 10944K,  68% used [0x0a550000, 0x0aca4748, 0x0aca4800, 0x0b000000)
 Metaspace       used 15075K, capacity 15269K, committed 15360K, reserved 15744K
}
Event: 3.926 GC heap after
{Heap after GC invocations=13 (full 1):
 def new generation   total 4992K, used 293K [0x05000000, 0x05560000, 0x0a550000)
  eden space 4480K,   0% used [0x05000000, 0x05000000, 0x05460000)
  from space 512K,  57% used [0x054e0000, 0x05529440, 0x05560000)
  to   space 512K,   0% used [0x05460000, 0x05460000, 0x054e0000)
 tenured generation   total 10944K, used 10041K [0x0a550000, 0x0b000000, 0x15000000)
   the space 10944K,  91% used [0x0a550000, 0x0af1e5a8, 0x0af1e600, 0x0b000000)
 Metaspace       used 15075K, capacity 15269K, committed 15360K, reserved 15744K
}
Event: 4.212 GC heap before
{Heap before GC invocations=13 (full 1):
 def new generation   total 4992K, used 4633K [0x05000000, 0x05560000, 0x0a550000)
  eden space 4480K,  96% used [0x05000000, 0x0543d0c8, 0x05460000)
  from space 512K,  57% used [0x054e0000, 0x05529440, 0x05560000)
  to   space 512K,   0% used [0x05460000, 0x05460000, 0x054e0000)
 tenured generation   total 10944K, used 10041K [0x0a550000, 0x0b000000, 0x15000000)
   the space 10944K,  91% used [0x0a550000, 0x0af1e5a8, 0x0af1e600, 0x0b000000)
 Metaspace       used 15075K, capacity 15269K, committed 15360K, reserved 15744K
}
Event: 4.228 GC heap after
{Heap after GC invocations=14 (full 2):
 def new generation   total 9792K, used 177K [0x05000000, 0x05a90000, 0x0a550000)
  eden space 8768K,   2% used [0x05000000, 0x0502c5d0, 0x05890000)
  from space 1024K,   0% used [0x05890000, 0x05890000, 0x05990000)
  to   space 1024K,   0% used [0x05990000, 0x05990000, 0x05a90000)
 tenured generation   total 21540K, used 12922K [0x0a550000, 0x0ba59000, 0x15000000)
   the space 21540K,  59% used [0x0a550000, 0x0b1eeb88, 0x0b1eec00, 0x0ba59000)
 Metaspace       used 15075K, capacity 15269K, committed 15360K, reserved 15744K
}
Event: 4.672 GC heap before
{Heap before GC invocations=14 (full 2):
 def new generation   total 9792K, used 8758K [0x05000000, 0x05a90000, 0x0a550000)
  eden space 8768K,  99% used [0x05000000, 0x0588daf8, 0x05890000)
  from space 1024K,   0% used [0x05890000, 0x05890000, 0x05990000)
  to   space 1024K,   0% used [0x05990000, 0x05990000, 0x05a90000)
 tenured generation   total 21540K, used 12922K [0x0a550000, 0x0ba59000, 0x15000000)
   the space 21540K,  59% used [0x0a550000, 0x0b1eeb88, 0x0b1eec00, 0x0ba59000)
 Metaspace       used 15075K, capacity 15269K, committed 15360K, reserved 15744K
}
Event: 4.678 GC heap after
{Heap after GC invocations=15 (full 2):
 def new generation   total 9792K, used 882K [0x05000000, 0x05a90000, 0x0a550000)
  eden space 8768K,   0% used [0x05000000, 0x05000000, 0x05890000)
  from space 1024K,  86% used [0x05990000, 0x05a6cb78, 0x05a90000)
  to   space 1024K,   0% used [0x05890000, 0x05890000, 0x05990000)
 tenured generation   total 21540K, used 17838K [0x0a550000, 0x0ba59000, 0x15000000)
   the space 21540K,  82% used [0x0a550000, 0x0b6bbb30, 0x0b6bbc00, 0x0ba59000)
 Metaspace       used 15075K, capacity 15269K, committed 15360K, reserved 15744K
}
Event: 4.945 GC heap before
{Heap before GC invocations=15 (full 2):
 def new generation   total 9792K, used 9650K [0x05000000, 0x05a90000, 0x0a550000)
  eden space 8768K,  99% used [0x05000000, 0x0588fe78, 0x05890000)
  from space 1024K,  86% used [0x05990000, 0x05a6cb78, 0x05a90000)
  to   space 1024K,   0% used [0x05890000, 0x05890000, 0x05990000)
 tenured generation   total 21540K, used 17838K [0x0a550000, 0x0ba59000, 0x15000000)
   the space 21540K,  82% used [0x0a550000, 0x0b6bbb30, 0x0b6bbc00, 0x0ba59000)
 Metaspace       used 15075K, capacity 15269K, committed 15360K, reserved 15744K
}
Event: 4.963 GC heap after
{Heap after GC invocations=16 (full 3):
 def new generation   total 18240K, used 703K [0x05000000, 0x063c0000, 0x0a550000)
  eden space 16256K,   4% used [0x05000000, 0x050afd20, 0x05fe0000)
  from space 1984K,   0% used [0x05fe0000, 0x05fe0000, 0x061d0000)
  to   space 1984K,   0% used [0x061d0000, 0x061d0000, 0x063c0000)
 tenured generation   total 40332K, used 24197K [0x0a550000, 0x0ccb3000, 0x15000000)
   the space 40332K,  59% used [0x0a550000, 0x0bcf1430, 0x0bcf1600, 0x0ccb3000)
 Metaspace       used 15024K, capacity 15206K, committed 15360K, reserved 15744K
}
Event: 6.228 GC heap before
{Heap before GC invocations=16 (full 3):
 def new generation   total 18240K, used 16251K [0x05000000, 0x063c0000, 0x0a550000)
  eden space 16256K,  99% used [0x05000000, 0x05fded78, 0x05fe0000)
  from space 1984K,   0% used [0x05fe0000, 0x05fe0000, 0x061d0000)
  to   space 1984K,   0% used [0x061d0000, 0x061d0000, 0x063c0000)
 tenured generation   total 40332K, used 24197K [0x0a550000, 0x0ccb3000, 0x15000000)
   the space 40332K,  59% used [0x0a550000, 0x0bcf1430, 0x0bcf1600, 0x0ccb3000)
 Metaspace       used 16743K, capacity 16975K, committed 17024K, reserved 17792K
}
Event: 6.239 GC heap after
{Heap after GC invocations=17 (full 3):
 def new generation   total 18240K, used 1984K [0x05000000, 0x063c0000, 0x0a550000)
  eden space 16256K,   0% used [0x05000000, 0x05000000, 0x05fe0000)
  from space 1984K, 100% used [0x061d0000, 0x063c0000, 0x063c0000)
  to   space 1984K,   0% used [0x05fe0000, 0x05fe0000, 0x061d0000)
 tenured generation   total 40332K, used 25822K [0x0a550000, 0x0ccb3000, 0x15000000)
   the space 40332K,  64% used [0x0a550000, 0x0be878d0, 0x0be87a00, 0x0ccb3000)
 Metaspace       used 16743K, capacity 16975K, committed 17024K, reserved 17792K
}
Event: 37.496 GC heap before
{Heap before GC invocations=17 (full 3):
 def new generation   total 18240K, used 18240K [0x05000000, 0x063c0000, 0x0a550000)
  eden space 16256K, 100% used [0x05000000, 0x05fe0000, 0x05fe0000)
  from space 1984K, 100% used [0x061d0000, 0x063c0000, 0x063c0000)
  to   space 1984K,   0% used [0x05fe0000, 0x05fe0000, 0x061d0000)
 tenured generation   total 40332K, used 25822K [0x0a550000, 0x0ccb3000, 0x15000000)
   the space 40332K,  64% used [0x0a550000, 0x0be878d0, 0x0be87a00, 0x0ccb3000)
 Metaspace       used 17763K, capacity 18029K, committed 18048K, reserved 18816K
}
Event: 37.509 GC heap after
{Heap after GC invocations=18 (full 3):
 def new generation   total 18240K, used 1984K [0x05000000, 0x063c0000, 0x0a550000)
  eden space 16256K,   0% used [0x05000000, 0x05000000, 0x05fe0000)
  from space 1984K, 100% used [0x05fe0000, 0x061d0000, 0x061d0000)
  to   space 1984K,   0% used [0x061d0000, 0x061d0000, 0x063c0000)
 tenured generation   total 40332K, used 30911K [0x0a550000, 0x0ccb3000, 0x15000000)
   the space 40332K,  76% used [0x0a550000, 0x0c37fca8, 0x0c37fe00, 0x0ccb3000)
 Metaspace       used 17763K, capacity 18029K, committed 18048K, reserved 18816K
}
Event: 38.306 GC heap before
{Heap before GC invocations=18 (full 3):
 def new generation   total 18240K, used 18233K [0x05000000, 0x063c0000, 0x0a550000)
  eden space 16256K,  99% used [0x05000000, 0x05fde628, 0x05fe0000)
  from space 1984K, 100% used [0x05fe0000, 0x061d0000, 0x061d0000)
  to   space 1984K,   0% used [0x061d0000, 0x061d0000, 0x063c0000)
 tenured generation   total 40332K, used 30911K [0x0a550000, 0x0ccb3000, 0x15000000)
   the space 40332K,  76% used [0x0a550000, 0x0c37fca8, 0x0c37fe00, 0x0ccb3000)
 Metaspace       used 17763K, capacity 18029K, committed 18048K, reserved 18816K
}
Event: 38.358 GC heap after
{Heap after GC invocations=19 (full 4):
 def new generation   total 31680K, used 0K [0x05000000, 0x07260000, 0x0a550000)
  eden space 28160K,   0% used [0x05000000, 0x05000000, 0x06b80000)
  from space 3520K,   0% used [0x06b80000, 0x06b80000, 0x06ef0000)
  to   space 3520K,   0% used [0x06ef0000, 0x06ef0000, 0x07260000)
 tenured generation   total 70256K, used 42153K [0x0a550000, 0x0e9ec000, 0x15000000)
   the space 70256K,  59% used [0x0a550000, 0x0ce7a5b8, 0x0ce7a600, 0x0e9ec000)
 Metaspace       used 17526K, capacity 17739K, committed 18048K, reserved 18816K
}
Event: 39.333 GC heap before
{Heap before GC invocations=19 (full 4):
 def new generation   total 31680K, used 27949K [0x05000000, 0x07260000, 0x0a550000)
  eden space 28160K,  99% used [0x05000000, 0x06b4b678, 0x06b80000)
  from space 3520K,   0% used [0x06b80000, 0x06b80000, 0x06ef0000)
  to   space 3520K,   0% used [0x06ef0000, 0x06ef0000, 0x07260000)
 tenured generation   total 70256K, used 42153K [0x0a550000, 0x0e9ec000, 0x15000000)
   the space 70256K,  59% used [0x0a550000, 0x0ce7a5b8, 0x0ce7a600, 0x0e9ec000)
 Metaspace       used 17526K, capacity 17739K, committed 18048K, reserved 18816K
}
Event: 39.352 GC heap after
{Heap after GC invocations=20 (full 4):
 def new generation   total 31680K, used 3272K [0x05000000, 0x07260000, 0x0a550000)
  eden space 28160K,   0% used [0x05000000, 0x05000000, 0x06b80000)
  from space 3520K,  92% used [0x06ef0000, 0x07222208, 0x07260000)
  to   space 3520K,   0% used [0x06b80000, 0x06b80000, 0x06ef0000)
 tenured generation   total 70256K, used 58543K [0x0a550000, 0x0e9ec000, 0x15000000)
   the space 70256K,  83% used [0x0a550000, 0x0de7bf68, 0x0de7c000, 0x0e9ec000)
 Metaspace       used 17526K, capacity 17739K, committed 18048K, reserved 18816K
}
Event: 44.798 GC heap before
{Heap before GC invocations=20 (full 4):
 def new generation   total 31680K, used 30960K [0x05000000, 0x07260000, 0x0a550000)
  eden space 28160K,  98% used [0x05000000, 0x06b09e48, 0x06b80000)
  from space 3520K,  92% used [0x06ef0000, 0x07222208, 0x07260000)
  to   space 3520K,   0% used [0x06b80000, 0x06b80000, 0x06ef0000)
 tenured generation   total 70256K, used 58543K [0x0a550000, 0x0e9ec000, 0x15000000)
   the space 70256K,  83% used [0x0a550000, 0x0de7bf68, 0x0de7c000, 0x0e9ec000)
 Metaspace       used 18378K, capacity 18662K, committed 18816K, reserved 18816K
}
Event: 44.841 GC heap after
{Heap after GC invocations=21 (full 5):
 def new generation   total 54144K, used 3475K [0x05000000, 0x08ab0000, 0x0a550000)
  eden space 48192K,   7% used [0x05000000, 0x05364d28, 0x07f10000)
  from space 5952K,   0% used [0x07f10000, 0x07f10000, 0x084e0000)
  to   space 5952K,   0% used [0x084e0000, 0x084e0000, 0x08ab0000)
 tenured generation   total 120148K, used 72087K [0x0a550000, 0x11aa5000, 0x15000000)
   the space 120148K,  59% used [0x0a550000, 0x0ebb5ca0, 0x0ebb5e00, 0x11aa5000)
 Metaspace       used 18378K, capacity 18662K, committed 18816K, reserved 18816K
}

