# JRE version: OpenJDK Runtime Environment Temurin-11.0.21+9 (11.0.21+9) (build 11.0.21+9)
# Java VM: OpenJDK Client VM Temurin-11.0.21+9 (11.0.21+9, mixed mode, serial gc, windows-x86)
Heap:
 def new generation   total 8448K, used 5115K [0x05400000, 0x05d20000, 0x0a950000)
  eden space 7552K,  59% used [0x05400000, 0x058655a0, 0x05b60000)
  from space 896K,  68% used [0x05c40000, 0x05cd96c0, 0x05d20000)
  to   space 896K,   0% used [0x05b60000, 0x05b60000, 0x05c40000)
 tenured generation   total 18664K, used 17007K [0x0a950000, 0x0bb8a000, 0x15400000)
   the space 18664K,  91% used [0x0a950000, 0x0b9ebe48, 0x0b9ec000, 0x0bb8a000)
 Metaspace       used 19901K, capacity 20323K, committed 20352K, reserved 20864K
GC Heap History (20 events):
Event: 25.264 GC heap before
{Heap before GC invocations=10 (full 1):
 def new generation   total 4992K, used 4991K [0x05400000, 0x05960000, 0x0a950000)
  eden space 4480K, 100% used [0x05400000, 0x05860000, 0x05860000)
  from space 512K,  99% used [0x058e0000, 0x0595fff8, 0x05960000)
  to   space 512K,   0% used [0x05860000, 0x05860000, 0x058e0000)
 tenured generation   total 10944K, used 6717K [0x0a950000, 0x0b400000, 0x15400000)
   the space 10944K,  61% used [0x0a950000, 0x0afdf6b0, 0x0afdf800, 0x0b400000)
 Metaspace       used 13783K, capacity 13966K, committed 14080K, reserved 14720K
}
Event: 25.270 GC heap after
{Heap after GC invocations=11 (full 1):
 def new generation   total 4992K, used 512K [0x05400000, 0x05960000, 0x0a950000)
  eden space 4480K,   0% used [0x05400000, 0x05400000, 0x05860000)
  from space 512K, 100% used [0x05860000, 0x058e0000, 0x058e0000)
  to   space 512K,   0% used [0x058e0000, 0x058e0000, 0x05960000)
 tenured generation   total 10944K, used 7377K [0x0a950000, 0x0b400000, 0x15400000)
   the space 10944K,  67% used [0x0a950000, 0x0b0844f8, 0x0b084600, 0x0b400000)
 Metaspace       used 13783K, capacity 13966K, committed 14080K, reserved 14720K
}
Event: 25.652 GC heap before
{Heap before GC invocations=11 (full 1):
 def new generation   total 4992K, used 4992K [0x05400000, 0x05960000, 0x0a950000)
  eden space 4480K, 100% used [0x05400000, 0x05860000, 0x05860000)
  from space 512K, 100% used [0x05860000, 0x058e0000, 0x058e0000)
  to   space 512K,   0% used [0x058e0000, 0x058e0000, 0x05960000)
 tenured generation   total 10944K, used 7377K [0x0a950000, 0x0b400000, 0x15400000)
   the space 10944K,  67% used [0x0a950000, 0x0b0844f8, 0x0b084600, 0x0b400000)
 Metaspace       used 14540K, capacity 14752K, committed 14848K, reserved 15744K
}
Event: 25.654 GC heap after
{Heap after GC invocations=12 (full 1):
 def new generation   total 4992K, used 245K [0x05400000, 0x05960000, 0x0a950000)
  eden space 4480K,   0% used [0x05400000, 0x05400000, 0x05860000)
  from space 512K,  48% used [0x058e0000, 0x0591d790, 0x05960000)
  to   space 512K,   0% used [0x05860000, 0x05860000, 0x058e0000)
 tenured generation   total 10944K, used 7837K [0x0a950000, 0x0b400000, 0x15400000)
   the space 10944K,  71% used [0x0a950000, 0x0b0f7498, 0x0b0f7600, 0x0b400000)
 Metaspace       used 14540K, capacity 14752K, committed 14848K, reserved 15744K
}
Event: 25.845 GC heap before
{Heap before GC invocations=12 (full 1):
 def new generation   total 4992K, used 4725K [0x05400000, 0x05960000, 0x0a950000)
  eden space 4480K, 100% used [0x05400000, 0x05860000, 0x05860000)
  from space 512K,  48% used [0x058e0000, 0x0591d790, 0x05960000)
  to   space 512K,   0% used [0x05860000, 0x05860000, 0x058e0000)
 tenured generation   total 10944K, used 7837K [0x0a950000, 0x0b400000, 0x15400000)
   the space 10944K,  71% used [0x0a950000, 0x0b0f7498, 0x0b0f7600, 0x0b400000)
 Metaspace       used 14981K, capacity 15210K, committed 15232K, reserved 15744K
}
Event: 25.847 GC heap after
{Heap after GC invocations=13 (full 1):
 def new generation   total 4992K, used 511K [0x05400000, 0x05960000, 0x0a950000)
  eden space 4480K,   0% used [0x05400000, 0x05400000, 0x05860000)
  from space 512K,  99% used [0x05860000, 0x058dfff8, 0x058e0000)
  to   space 512K,   0% used [0x058e0000, 0x058e0000, 0x05960000)
 tenured generation   total 10944K, used 8287K [0x0a950000, 0x0b400000, 0x15400000)
   the space 10944K,  75% used [0x0a950000, 0x0b167df8, 0x0b167e00, 0x0b400000)
 Metaspace       used 14981K, capacity 15210K, committed 15232K, reserved 15744K
}
Event: 26.062 GC heap before
{Heap before GC invocations=13 (full 1):
 def new generation   total 4992K, used 4991K [0x05400000, 0x05960000, 0x0a950000)
  eden space 4480K, 100% used [0x05400000, 0x05860000, 0x05860000)
  from space 512K,  99% used [0x05860000, 0x058dfff8, 0x058e0000)
  to   space 512K,   0% used [0x058e0000, 0x058e0000, 0x05960000)
 tenured generation   total 10944K, used 8287K [0x0a950000, 0x0b400000, 0x15400000)
   the space 10944K,  75% used [0x0a950000, 0x0b167df8, 0x0b167e00, 0x0b400000)
 Metaspace       used 15480K, capacity 15726K, committed 15744K, reserved 15744K
}
Event: 26.067 GC heap after
{Heap after GC invocations=14 (full 1):
 def new generation   total 4992K, used 512K [0x05400000, 0x05960000, 0x0a950000)
  eden space 4480K,   0% used [0x05400000, 0x05400000, 0x05860000)
  from space 512K, 100% used [0x058e0000, 0x05960000, 0x05960000)
  to   space 512K,   0% used [0x05860000, 0x05860000, 0x058e0000)
 tenured generation   total 10944K, used 9263K [0x0a950000, 0x0b400000, 0x15400000)
   the space 10944K,  84% used [0x0a950000, 0x0b25bd08, 0x0b25be00, 0x0b400000)
 Metaspace       used 15480K, capacity 15726K, committed 15744K, reserved 15744K
}
Event: 27.541 GC heap before
{Heap before GC invocations=14 (full 1):
 def new generation   total 4992K, used 4992K [0x05400000, 0x05960000, 0x0a950000)
  eden space 4480K, 100% used [0x05400000, 0x05860000, 0x05860000)
  from space 512K, 100% used [0x058e0000, 0x05960000, 0x05960000)
  to   space 512K,   0% used [0x05860000, 0x05860000, 0x058e0000)
 tenured generation   total 10944K, used 9263K [0x0a950000, 0x0b400000, 0x15400000)
   the space 10944K,  84% used [0x0a950000, 0x0b25bd08, 0x0b25be00, 0x0b400000)
 Metaspace       used 15992K, capacity 16246K, committed 16256K, reserved 16768K
}
Event: 27.566 GC heap after
{Heap after GC invocations=15 (full 2):
 def new generation   total 8448K, used 254K [0x05400000, 0x05d20000, 0x0a950000)
  eden space 7552K,   3% used [0x05400000, 0x0543f8d0, 0x05b60000)
  from space 896K,   0% used [0x05b60000, 0x05b60000, 0x05c40000)
  to   space 896K,   0% used [0x05c40000, 0x05c40000, 0x05d20000)
 tenured generation   total 18664K, used 11197K [0x0a950000, 0x0bb8a000, 0x15400000)
   the space 18664K,  59% used [0x0a950000, 0x0b43f538, 0x0b43f600, 0x0bb8a000)
 Metaspace       used 15820K, capacity 16036K, committed 16256K, reserved 16768K
}
Event: 31.119 GC heap before
{Heap before GC invocations=15 (full 2):
 def new generation   total 8448K, used 7390K [0x05400000, 0x05d20000, 0x0a950000)
  eden space 7552K,  97% used [0x05400000, 0x05b37a60, 0x05b60000)
  from space 896K,   0% used [0x05b60000, 0x05b60000, 0x05c40000)
  to   space 896K,   0% used [0x05c40000, 0x05c40000, 0x05d20000)
 tenured generation   total 18664K, used 11197K [0x0a950000, 0x0bb8a000, 0x15400000)
   the space 18664K,  59% used [0x0a950000, 0x0b43f538, 0x0b43f600, 0x0bb8a000)
 Metaspace       used 17519K, capacity 17759K, committed 17920K, reserved 18816K
}
Event: 31.131 GC heap after
{Heap after GC invocations=16 (full 2):
 def new generation   total 8448K, used 896K [0x05400000, 0x05d20000, 0x0a950000)
  eden space 7552K,   0% used [0x05400000, 0x05400000, 0x05b60000)
  from space 896K, 100% used [0x05c40000, 0x05d20000, 0x05d20000)
  to   space 896K,   0% used [0x05b60000, 0x05b60000, 0x05c40000)
 tenured generation   total 18664K, used 12651K [0x0a950000, 0x0bb8a000, 0x15400000)
   the space 18664K,  67% used [0x0a950000, 0x0b5aaf00, 0x0b5ab000, 0x0bb8a000)
 Metaspace       used 17519K, capacity 17759K, committed 17920K, reserved 18816K
}
Event: 31.593 GC heap before
{Heap before GC invocations=16 (full 2):
 def new generation   total 8448K, used 8448K [0x05400000, 0x05d20000, 0x0a950000)
  eden space 7552K, 100% used [0x05400000, 0x05b60000, 0x05b60000)
  from space 896K, 100% used [0x05c40000, 0x05d20000, 0x05d20000)
  to   space 896K,   0% used [0x05b60000, 0x05b60000, 0x05c40000)
 tenured generation   total 18664K, used 12651K [0x0a950000, 0x0bb8a000, 0x15400000)
   the space 18664K,  67% used [0x0a950000, 0x0b5aaf00, 0x0b5ab000, 0x0bb8a000)
 Metaspace       used 18100K, capacity 18360K, committed 18432K, reserved 18816K
}
Event: 31.596 GC heap after
{Heap after GC invocations=17 (full 2):
 def new generation   total 8448K, used 287K [0x05400000, 0x05d20000, 0x0a950000)
  eden space 7552K,   0% used [0x05400000, 0x05400000, 0x05b60000)
  from space 896K,  32% used [0x05b60000, 0x05ba7e90, 0x05c40000)
  to   space 896K,   0% used [0x05c40000, 0x05c40000, 0x05d20000)
 tenured generation   total 18664K, used 15936K [0x0a950000, 0x0bb8a000, 0x15400000)
   the space 18664K,  85% used [0x0a950000, 0x0b8e0170, 0x0b8e0200, 0x0bb8a000)
 Metaspace       used 18100K, capacity 18360K, committed 18432K, reserved 18816K
}
Event: 31.729 GC heap before
{Heap before GC invocations=17 (full 2):
 def new generation   total 8448K, used 7839K [0x05400000, 0x05d20000, 0x0a950000)
  eden space 7552K, 100% used [0x05400000, 0x05b60000, 0x05b60000)
  from space 896K,  32% used [0x05b60000, 0x05ba7e90, 0x05c40000)
  to   space 896K,   0% used [0x05c40000, 0x05c40000, 0x05d20000)
 tenured generation   total 18664K, used 15936K [0x0a950000, 0x0bb8a000, 0x15400000)
   the space 18664K,  85% used [0x0a950000, 0x0b8e0170, 0x0b8e0200, 0x0bb8a000)
 Metaspace       used 19104K, capacity 19494K, committed 19584K, reserved 19840K
}
Event: 31.732 GC heap after
{Heap after GC invocations=18 (full 2):
 def new generation   total 8448K, used 896K [0x05400000, 0x05d20000, 0x0a950000)
  eden space 7552K,   0% used [0x05400000, 0x05400000, 0x05b60000)
  from space 896K, 100% used [0x05c40000, 0x05d20000, 0x05d20000)
  to   space 896K,   0% used [0x05b60000, 0x05b60000, 0x05c40000)
 tenured generation   total 18664K, used 16137K [0x0a950000, 0x0bb8a000, 0x15400000)
   the space 18664K,  86% used [0x0a950000, 0x0b912738, 0x0b912800, 0x0bb8a000)
 Metaspace       used 19104K, capacity 19494K, committed 19584K, reserved 19840K
}
Event: 54.132 GC heap before
{Heap before GC invocations=18 (full 2):
 def new generation   total 8448K, used 8448K [0x05400000, 0x05d20000, 0x0a950000)
  eden space 7552K, 100% used [0x05400000, 0x05b60000, 0x05b60000)
  from space 896K, 100% used [0x05c40000, 0x05d20000, 0x05d20000)
  to   space 896K,   0% used [0x05b60000, 0x05b60000, 0x05c40000)
 tenured generation   total 18664K, used 16137K [0x0a950000, 0x0bb8a000, 0x15400000)
   the space 18664K,  86% used [0x0a950000, 0x0b912738, 0x0b912800, 0x0bb8a000)
 Metaspace       used 19693K, capacity 20102K, committed 20224K, reserved 20864K
}
Event: 54.139 GC heap after
{Heap after GC invocations=19 (full 2):
 def new generation   total 8448K, used 391K [0x05400000, 0x05d20000, 0x0a950000)
  eden space 7552K,   0% used [0x05400000, 0x05400000, 0x05b60000)
  from space 896K,  43% used [0x05b60000, 0x05bc1e78, 0x05c40000)
  to   space 896K,   0% used [0x05c40000, 0x05c40000, 0x05d20000)
 tenured generation   total 18664K, used 17007K [0x0a950000, 0x0bb8a000, 0x15400000)
   the space 18664K,  91% used [0x0a950000, 0x0b9ebe48, 0x0b9ec000, 0x0bb8a000)
 Metaspace       used 19693K, capacity 20102K, committed 20224K, reserved 20864K
}
Event: 82.509 GC heap before
{Heap before GC invocations=19 (full 2):
 def new generation   total 8448K, used 7943K [0x05400000, 0x05d20000, 0x0a950000)
  eden space 7552K, 100% used [0x05400000, 0x05b60000, 0x05b60000)
  from space 896K,  43% used [0x05b60000, 0x05bc1e78, 0x05c40000)
  to   space 896K,   0% used [0x05c40000, 0x05c40000, 0x05d20000)
 tenured generation   total 18664K, used 17007K [0x0a950000, 0x0bb8a000, 0x15400000)
   the space 18664K,  91% used [0x0a950000, 0x0b9ebe48, 0x0b9ec000, 0x0bb8a000)
 Metaspace       used 19861K, capacity 20283K, committed 20352K, reserved 20864K
}
Event: 82.515 GC heap after
{Heap after GC invocations=20 (full 2):
 def new generation   total 8448K, used 613K [0x05400000, 0x05d20000, 0x0a950000)
  eden space 7552K,   0% used [0x05400000, 0x05400000, 0x05b60000)
  from space 896K,  68% used [0x05c40000, 0x05cd96c0, 0x05d20000)
  to   space 896K,   0% used [0x05b60000, 0x05b60000, 0x05c40000)
 tenured generation   total 18664K, used 17007K [0x0a950000, 0x0bb8a000, 0x15400000)
   the space 18664K,  91% used [0x0a950000, 0x0b9ebe48, 0x0b9ec000, 0x0bb8a000)
 Metaspace       used 19861K, capacity 20283K, committed 20352K, reserved 20864K
}

