# JRE version: OpenJDK Runtime Environment Temurin-11.0.21+9 (11.0.21+9) (build 11.0.21+9)
# Java VM: OpenJDK Client VM Temurin-11.0.21+9 (11.0.21+9, mixed mode, serial gc, windows-x86)
Heap:
 def new generation   total 32640K, used 19805K [0x05800000, 0x07b60000, 0x0ad50000)
  eden space 29056K,  55% used [0x05800000, 0x067ddfc0, 0x07460000)
  from space 3584K,  99% used [0x077e0000, 0x07b594e0, 0x07b60000)
  to   space 3584K,   0% used [0x07460000, 0x07460000, 0x077e0000)
 tenured generation   total 72356K, used 60689K [0x0ad50000, 0x0f3f9000, 0x15800000)
   the space 72356K,  83% used [0x0ad50000, 0x0e894720, 0x0e894800, 0x0f3f9000)
 Metaspace       used 18631K, capacity 18953K, committed 19072K, reserved 19840K
GC Heap History (20 events):
Event: 1.473 GC heap before
{Heap before GC invocations=10 (full 1):
 def new generation   total 4992K, used 4480K [0x05800000, 0x05d60000, 0x0ad50000)
  eden space 4480K, 100% used [0x05800000, 0x05c60000, 0x05c60000)
  from space 512K,   0% used [0x05c60000, 0x05c60000, 0x05ce0000)
  to   space 512K,   0% used [0x05ce0000, 0x05ce0000, 0x05d60000)
 tenured generation   total 10944K, used 6046K [0x0ad50000, 0x0b800000, 0x15800000)
   the space 10944K,  55% used [0x0ad50000, 0x0b3378f8, 0x0b337a00, 0x0b800000)
 Metaspace       used 12803K, capacity 13000K, committed 13056K, reserved 13696K
}
Event: 1.475 GC heap after
{Heap after GC invocations=11 (full 1):
 def new generation   total 4992K, used 511K [0x05800000, 0x05d60000, 0x0ad50000)
  eden space 4480K,   0% used [0x05800000, 0x05800000, 0x05c60000)
  from space 512K,  99% used [0x05ce0000, 0x05d5fff8, 0x05d60000)
  to   space 512K,   0% used [0x05c60000, 0x05c60000, 0x05ce0000)
 tenured generation   total 10944K, used 6564K [0x0ad50000, 0x0b800000, 0x15800000)
   the space 10944K,  59% used [0x0ad50000, 0x0b3b92d8, 0x0b3b9400, 0x0b800000)
 Metaspace       used 12803K, capacity 13000K, committed 13056K, reserved 13696K
}
Event: 2.497 GC heap before
{Heap before GC invocations=11 (full 1):
 def new generation   total 4992K, used 4991K [0x05800000, 0x05d60000, 0x0ad50000)
  eden space 4480K, 100% used [0x05800000, 0x05c60000, 0x05c60000)
  from space 512K,  99% used [0x05ce0000, 0x05d5fff8, 0x05d60000)
  to   space 512K,   0% used [0x05c60000, 0x05c60000, 0x05ce0000)
 tenured generation   total 10944K, used 6564K [0x0ad50000, 0x0b800000, 0x15800000)
   the space 10944K,  59% used [0x0ad50000, 0x0b3b92d8, 0x0b3b9400, 0x0b800000)
 Metaspace       used 14962K, capacity 15170K, committed 15232K, reserved 15744K
}
Event: 2.500 GC heap after
{Heap after GC invocations=12 (full 1):
 def new generation   total 4992K, used 512K [0x05800000, 0x05d60000, 0x0ad50000)
  eden space 4480K,   0% used [0x05800000, 0x05800000, 0x05c60000)
  from space 512K, 100% used [0x05c60000, 0x05ce0000, 0x05ce0000)
  to   space 512K,   0% used [0x05ce0000, 0x05ce0000, 0x05d60000)
 tenured generation   total 10944K, used 7476K [0x0ad50000, 0x0b800000, 0x15800000)
   the space 10944K,  68% used [0x0ad50000, 0x0b49d130, 0x0b49d200, 0x0b800000)
 Metaspace       used 14962K, capacity 15170K, committed 15232K, reserved 15744K
}
Event: 3.128 GC heap before
{Heap before GC invocations=12 (full 1):
 def new generation   total 4992K, used 4992K [0x05800000, 0x05d60000, 0x0ad50000)
  eden space 4480K, 100% used [0x05800000, 0x05c60000, 0x05c60000)
  from space 512K, 100% used [0x05c60000, 0x05ce0000, 0x05ce0000)
  to   space 512K,   0% used [0x05ce0000, 0x05ce0000, 0x05d60000)
 tenured generation   total 10944K, used 7476K [0x0ad50000, 0x0b800000, 0x15800000)
   the space 10944K,  68% used [0x0ad50000, 0x0b49d130, 0x0b49d200, 0x0b800000)
 Metaspace       used 15078K, capacity 15269K, committed 15360K, reserved 15744K
}
Event: 3.133 GC heap after
{Heap after GC invocations=13 (full 1):
 def new generation   total 4992K, used 293K [0x05800000, 0x05d60000, 0x0ad50000)
  eden space 4480K,   0% used [0x05800000, 0x05800000, 0x05c60000)
  from space 512K,  57% used [0x05ce0000, 0x05d29480, 0x05d60000)
  to   space 512K,   0% used [0x05c60000, 0x05c60000, 0x05ce0000)
 tenured generation   total 10944K, used 10011K [0x0ad50000, 0x0b800000, 0x15800000)
   the space 10944K,  91% used [0x0ad50000, 0x0b716f90, 0x0b717000, 0x0b800000)
 Metaspace       used 15078K, capacity 15269K, committed 15360K, reserved 15744K
}
Event: 3.344 GC heap before
{Heap before GC invocations=13 (full 1):
 def new generation   total 4992K, used 4696K [0x05800000, 0x05d60000, 0x0ad50000)
  eden space 4480K,  98% used [0x05800000, 0x05c4cc48, 0x05c60000)
  from space 512K,  57% used [0x05ce0000, 0x05d29480, 0x05d60000)
  to   space 512K,   0% used [0x05c60000, 0x05c60000, 0x05ce0000)
 tenured generation   total 10944K, used 10011K [0x0ad50000, 0x0b800000, 0x15800000)
   the space 10944K,  91% used [0x0ad50000, 0x0b716f90, 0x0b717000, 0x0b800000)
 Metaspace       used 15078K, capacity 15269K, committed 15360K, reserved 15744K
}
Event: 3.366 GC heap after
{Heap after GC invocations=14 (full 2):
 def new generation   total 9792K, used 177K [0x05800000, 0x06290000, 0x0ad50000)
  eden space 8768K,   2% used [0x05800000, 0x0582c5d0, 0x06090000)
  from space 1024K,   0% used [0x06090000, 0x06090000, 0x06190000)
  to   space 1024K,   0% used [0x06190000, 0x06190000, 0x06290000)
 tenured generation   total 21492K, used 12893K [0x0ad50000, 0x0c24d000, 0x15800000)
   the space 21492K,  59% used [0x0ad50000, 0x0b9e7570, 0x0b9e7600, 0x0c24d000)
 Metaspace       used 15078K, capacity 15269K, committed 15360K, reserved 15744K
}
Event: 3.603 GC heap before
{Heap before GC invocations=14 (full 2):
 def new generation   total 9792K, used 8759K [0x05800000, 0x06290000, 0x0ad50000)
  eden space 8768K,  99% used [0x05800000, 0x0608dd48, 0x06090000)
  from space 1024K,   0% used [0x06090000, 0x06090000, 0x06190000)
  to   space 1024K,   0% used [0x06190000, 0x06190000, 0x06290000)
 tenured generation   total 21492K, used 12893K [0x0ad50000, 0x0c24d000, 0x15800000)
   the space 21492K,  59% used [0x0ad50000, 0x0b9e7570, 0x0b9e7600, 0x0c24d000)
 Metaspace       used 15078K, capacity 15269K, committed 15360K, reserved 15744K
}
Event: 3.615 GC heap after
{Heap after GC invocations=15 (full 2):
 def new generation   total 9792K, used 882K [0x05800000, 0x06290000, 0x0ad50000)
  eden space 8768K,   0% used [0x05800000, 0x05800000, 0x06090000)
  from space 1024K,  86% used [0x06190000, 0x0626cb78, 0x06290000)
  to   space 1024K,   0% used [0x06090000, 0x06090000, 0x06190000)
 tenured generation   total 21492K, used 17809K [0x0ad50000, 0x0c24d000, 0x15800000)
   the space 21492K,  82% used [0x0ad50000, 0x0beb4518, 0x0beb4600, 0x0c24d000)
 Metaspace       used 15078K, capacity 15269K, committed 15360K, reserved 15744K
}
Event: 3.929 GC heap before
{Heap before GC invocations=15 (full 2):
 def new generation   total 9792K, used 9013K [0x05800000, 0x06290000, 0x0ad50000)
  eden space 8768K,  92% used [0x05800000, 0x05ff0b40, 0x06090000)
  from space 1024K,  86% used [0x06190000, 0x0626cb78, 0x06290000)
  to   space 1024K,   0% used [0x06090000, 0x06090000, 0x06190000)
 tenured generation   total 21492K, used 17809K [0x0ad50000, 0x0c24d000, 0x15800000)
   the space 21492K,  82% used [0x0ad50000, 0x0beb4518, 0x0beb4600, 0x0c24d000)
 Metaspace       used 15078K, capacity 15269K, committed 15360K, reserved 15744K
}
Event: 3.948 GC heap after
{Heap after GC invocations=16 (full 3):
 def new generation   total 17664K, used 912K [0x05800000, 0x06b20000, 0x0ad50000)
  eden space 15744K,   5% used [0x05800000, 0x058e4008, 0x06760000)
  from space 1920K,   0% used [0x06760000, 0x06760000, 0x06940000)
  to   space 1920K,   0% used [0x06940000, 0x06940000, 0x06b20000)
 tenured generation   total 39056K, used 23431K [0x0ad50000, 0x0d374000, 0x15800000)
   the space 39056K,  59% used [0x0ad50000, 0x0c431f90, 0x0c432000, 0x0d374000)
 Metaspace       used 15078K, capacity 15269K, committed 15360K, reserved 15744K
}
Event: 4.659 GC heap before
{Heap before GC invocations=16 (full 3):
 def new generation   total 17664K, used 15676K [0x05800000, 0x06b20000, 0x0ad50000)
  eden space 15744K,  99% used [0x05800000, 0x0674f000, 0x06760000)
  from space 1920K,   0% used [0x06760000, 0x06760000, 0x06940000)
  to   space 1920K,   0% used [0x06940000, 0x06940000, 0x06b20000)
 tenured generation   total 39056K, used 23431K [0x0ad50000, 0x0d374000, 0x15800000)
   the space 39056K,  59% used [0x0ad50000, 0x0c431f90, 0x0c432000, 0x0d374000)
 Metaspace       used 16718K, capacity 16971K, committed 17024K, reserved 17792K
}
Event: 4.667 GC heap after
{Heap after GC invocations=17 (full 3):
 def new generation   total 17664K, used 1920K [0x05800000, 0x06b20000, 0x0ad50000)
  eden space 15744K,   0% used [0x05800000, 0x05800000, 0x06760000)
  from space 1920K, 100% used [0x06940000, 0x06b20000, 0x06b20000)
  to   space 1920K,   0% used [0x06760000, 0x06760000, 0x06940000)
 tenured generation   total 39056K, used 25183K [0x0ad50000, 0x0d374000, 0x15800000)
   the space 39056K,  64% used [0x0ad50000, 0x0c5e7f10, 0x0c5e8000, 0x0d374000)
 Metaspace       used 16718K, capacity 16971K, committed 17024K, reserved 17792K
}
Event: 6.955 GC heap before
{Heap before GC invocations=17 (full 3):
 def new generation   total 17664K, used 17536K [0x05800000, 0x06b20000, 0x0ad50000)
  eden space 15744K,  99% used [0x05800000, 0x06740300, 0x06760000)
  from space 1920K, 100% used [0x06940000, 0x06b20000, 0x06b20000)
  to   space 1920K,   0% used [0x06760000, 0x06760000, 0x06940000)
 tenured generation   total 39056K, used 25183K [0x0ad50000, 0x0d374000, 0x15800000)
   the space 39056K,  64% used [0x0ad50000, 0x0c5e7f10, 0x0c5e8000, 0x0d374000)
 Metaspace       used 17699K, capacity 17962K, committed 18048K, reserved 18816K
}
Event: 6.964 GC heap after
{Heap after GC invocations=18 (full 3):
 def new generation   total 17664K, used 1920K [0x05800000, 0x06b20000, 0x0ad50000)
  eden space 15744K,   0% used [0x05800000, 0x05800000, 0x06760000)
  from space 1920K, 100% used [0x06760000, 0x06940000, 0x06940000)
  to   space 1920K,   0% used [0x06940000, 0x06940000, 0x06b20000)
 tenured generation   total 39056K, used 32211K [0x0ad50000, 0x0d374000, 0x15800000)
   the space 39056K,  82% used [0x0ad50000, 0x0ccc4c50, 0x0ccc4e00, 0x0d374000)
 Metaspace       used 17699K, capacity 17962K, committed 18048K, reserved 18816K
}
Event: 7.189 GC heap before
{Heap before GC invocations=18 (full 3):
 def new generation   total 17664K, used 17664K [0x05800000, 0x06b20000, 0x0ad50000)
  eden space 15744K, 100% used [0x05800000, 0x06760000, 0x06760000)
  from space 1920K, 100% used [0x06760000, 0x06940000, 0x06940000)
  to   space 1920K,   0% used [0x06940000, 0x06940000, 0x06b20000)
 tenured generation   total 39056K, used 32211K [0x0ad50000, 0x0d374000, 0x15800000)
   the space 39056K,  82% used [0x0ad50000, 0x0ccc4c50, 0x0ccc4e00, 0x0d374000)
 Metaspace       used 17699K, capacity 17962K, committed 18048K, reserved 18816K
}
Event: 7.222 GC heap after
{Heap after GC invocations=19 (full 4):
 def new generation   total 32640K, used 886K [0x05800000, 0x07b60000, 0x0ad50000)
  eden space 29056K,   3% used [0x05800000, 0x058ddac0, 0x07460000)
  from space 3584K,   0% used [0x07460000, 0x07460000, 0x077e0000)
  to   space 3584K,   0% used [0x077e0000, 0x077e0000, 0x07b60000)
 tenured generation   total 72356K, used 43413K [0x0ad50000, 0x0f3f9000, 0x15800000)
   the space 72356K,  59% used [0x0ad50000, 0x0d7b5590, 0x0d7b5600, 0x0f3f9000)
 Metaspace       used 17699K, capacity 17962K, committed 18048K, reserved 18816K
}
Event: 7.592 GC heap before
{Heap before GC invocations=19 (full 4):
 def new generation   total 32640K, used 29056K [0x05800000, 0x07b60000, 0x0ad50000)
  eden space 29056K, 100% used [0x05800000, 0x07460000, 0x07460000)
  from space 3584K,   0% used [0x07460000, 0x07460000, 0x077e0000)
  to   space 3584K,   0% used [0x077e0000, 0x077e0000, 0x07b60000)
 tenured generation   total 72356K, used 43413K [0x0ad50000, 0x0f3f9000, 0x15800000)
   the space 72356K,  59% used [0x0ad50000, 0x0d7b5590, 0x0d7b5600, 0x0f3f9000)
 Metaspace       used 17700K, capacity 17962K, committed 18048K, reserved 18816K
}
Event: 7.610 GC heap after
{Heap after GC invocations=20 (full 4):
 def new generation   total 32640K, used 3557K [0x05800000, 0x07b60000, 0x0ad50000)
  eden space 29056K,   0% used [0x05800000, 0x05800000, 0x07460000)
  from space 3584K,  99% used [0x077e0000, 0x07b594e0, 0x07b60000)
  to   space 3584K,   0% used [0x07460000, 0x07460000, 0x077e0000)
 tenured generation   total 72356K, used 60689K [0x0ad50000, 0x0f3f9000, 0x15800000)
   the space 72356K,  83% used [0x0ad50000, 0x0e894720, 0x0e894800, 0x0f3f9000)
 Metaspace       used 17700K, capacity 17962K, committed 18048K, reserved 18816K
}

