# JRE version: OpenJDK Runtime Environment Temurin-11.0.21+9 (11.0.21+9) (build 11.0.21+9)
# Java VM: OpenJDK Client VM Temurin-11.0.21+9 (11.0.21+9, mixed mode, serial gc, windows-x86)
Heap:
 def new generation   total 41792K, used 23601K [0x05400000, 0x08150000, 0x0a950000)
  eden space 37184K,  63% used [0x05400000, 0x06b0c768, 0x07850000)
  from space 4608K,   0% used [0x07850000, 0x07850000, 0x07cd0000)
  to   space 4608K,   0% used [0x07cd0000, 0x07cd0000, 0x08150000)
 tenured generation   total 92652K, used 52783K [0x0a950000, 0x103cb000, 0x15400000)
   the space 92652K,  56% used [0x0a950000, 0x0dcdbd48, 0x0dcdbe00, 0x103cb000)
 Metaspace       used 19044K, capacity 19304K, committed 19456K, reserved 19840K
GC Heap History (20 events):
Event: 23.793 GC heap before
{Heap before GC invocations=13 (full 1):
 def new generation   total 4992K, used 4991K [0x05400000, 0x05960000, 0x0a950000)
  eden space 4480K,  99% used [0x05400000, 0x0585fde8, 0x05860000)
  from space 512K, 100% used [0x05860000, 0x058e0000, 0x058e0000)
  to   space 512K,   0% used [0x058e0000, 0x058e0000, 0x05960000)
 tenured generation   total 10944K, used 8224K [0x0a950000, 0x0b400000, 0x15400000)
   the space 10944K,  75% used [0x0a950000, 0x0b1580c8, 0x0b158200, 0x0b400000)
 Metaspace       used 15475K, capacity 15727K, committed 15744K, reserved 15744K
}
Event: 23.797 GC heap after
{Heap after GC invocations=14 (full 1):
 def new generation   total 4992K, used 512K [0x05400000, 0x05960000, 0x0a950000)
  eden space 4480K,   0% used [0x05400000, 0x05400000, 0x05860000)
  from space 512K, 100% used [0x058e0000, 0x05960000, 0x05960000)
  to   space 512K,   0% used [0x05860000, 0x05860000, 0x058e0000)
 tenured generation   total 10944K, used 9199K [0x0a950000, 0x0b400000, 0x15400000)
   the space 10944K,  84% used [0x0a950000, 0x0b24bfa0, 0x0b24c000, 0x0b400000)
 Metaspace       used 15475K, capacity 15727K, committed 15744K, reserved 15744K
}
Event: 46.902 GC heap before
{Heap before GC invocations=14 (full 1):
 def new generation   total 4992K, used 4992K [0x05400000, 0x05960000, 0x0a950000)
  eden space 4480K, 100% used [0x05400000, 0x05860000, 0x05860000)
  from space 512K, 100% used [0x058e0000, 0x05960000, 0x05960000)
  to   space 512K,   0% used [0x05860000, 0x05860000, 0x058e0000)
 tenured generation   total 10944K, used 9199K [0x0a950000, 0x0b400000, 0x15400000)
   the space 10944K,  84% used [0x0a950000, 0x0b24bfa0, 0x0b24c000, 0x0b400000)
 Metaspace       used 15988K, capacity 16249K, committed 16256K, reserved 16768K
}
Event: 46.920 GC heap after
{Heap after GC invocations=15 (full 2):
 def new generation   total 8064K, used 0K [0x05400000, 0x05cb0000, 0x0a950000)
  eden space 7232K,   0% used [0x05400000, 0x05400000, 0x05b10000)
  from space 832K,   0% used [0x05b10000, 0x05b10000, 0x05be0000)
  to   space 832K,   0% used [0x05be0000, 0x05be0000, 0x05cb0000)
 tenured generation   total 17696K, used 10616K [0x0a950000, 0x0ba98000, 0x15400000)
   the space 17696K,  59% used [0x0a950000, 0x0b3ae118, 0x0b3ae200, 0x0ba98000)
 Metaspace       used 15729K, capacity 15931K, committed 16256K, reserved 16768K
}
Event: 68.108 GC heap before
{Heap before GC invocations=15 (full 2):
 def new generation   total 8064K, used 7232K [0x05400000, 0x05cb0000, 0x0a950000)
  eden space 7232K, 100% used [0x05400000, 0x05b10000, 0x05b10000)
  from space 832K,   0% used [0x05b10000, 0x05b10000, 0x05be0000)
  to   space 832K,   0% used [0x05be0000, 0x05be0000, 0x05cb0000)
 tenured generation   total 17696K, used 10616K [0x0a950000, 0x0ba98000, 0x15400000)
   the space 17696K,  59% used [0x0a950000, 0x0b3ae118, 0x0b3ae200, 0x0ba98000)
 Metaspace       used 16632K, capacity 16896K, committed 17024K, reserved 17792K
}
Event: 68.111 GC heap after
{Heap after GC invocations=16 (full 2):
 def new generation   total 8064K, used 832K [0x05400000, 0x05cb0000, 0x0a950000)
  eden space 7232K,   0% used [0x05400000, 0x05400000, 0x05b10000)
  from space 832K, 100% used [0x05be0000, 0x05cb0000, 0x05cb0000)
  to   space 832K,   0% used [0x05b10000, 0x05b10000, 0x05be0000)
 tenured generation   total 17696K, used 10676K [0x0a950000, 0x0ba98000, 0x15400000)
   the space 17696K,  60% used [0x0a950000, 0x0b3bd140, 0x0b3bd200, 0x0ba98000)
 Metaspace       used 16632K, capacity 16896K, committed 17024K, reserved 17792K
}
Event: 76.782 GC heap before
{Heap before GC invocations=16 (full 2):
 def new generation   total 8064K, used 7991K [0x05400000, 0x05cb0000, 0x0a950000)
  eden space 7232K,  98% used [0x05400000, 0x05afde18, 0x05b10000)
  from space 832K, 100% used [0x05be0000, 0x05cb0000, 0x05cb0000)
  to   space 832K,   0% used [0x05b10000, 0x05b10000, 0x05be0000)
 tenured generation   total 17696K, used 10676K [0x0a950000, 0x0ba98000, 0x15400000)
   the space 17696K,  60% used [0x0a950000, 0x0b3bd140, 0x0b3bd200, 0x0ba98000)
 Metaspace       used 17340K, capacity 17614K, committed 17664K, reserved 17792K
}
Event: 76.789 GC heap after
{Heap after GC invocations=17 (full 2):
 def new generation   total 8064K, used 832K [0x05400000, 0x05cb0000, 0x0a950000)
  eden space 7232K,   0% used [0x05400000, 0x05400000, 0x05b10000)
  from space 832K, 100% used [0x05b10000, 0x05be0000, 0x05be0000)
  to   space 832K,   0% used [0x05be0000, 0x05be0000, 0x05cb0000)
 tenured generation   total 17696K, used 11717K [0x0a950000, 0x0ba98000, 0x15400000)
   the space 17696K,  66% used [0x0a950000, 0x0b4c1578, 0x0b4c1600, 0x0ba98000)
 Metaspace       used 17340K, capacity 17614K, committed 17664K, reserved 17792K
}
Event: 77.981 GC heap before
{Heap before GC invocations=17 (full 2):
 def new generation   total 8064K, used 7990K [0x05400000, 0x05cb0000, 0x0a950000)
  eden space 7232K,  98% used [0x05400000, 0x05afd840, 0x05b10000)
  from space 832K, 100% used [0x05b10000, 0x05be0000, 0x05be0000)
  to   space 832K,   0% used [0x05be0000, 0x05be0000, 0x05cb0000)
 tenured generation   total 17696K, used 11717K [0x0a950000, 0x0ba98000, 0x15400000)
   the space 17696K,  66% used [0x0a950000, 0x0b4c1578, 0x0b4c1600, 0x0ba98000)
 Metaspace       used 18819K, capacity 19108K, committed 19200K, reserved 19840K
}
Event: 77.987 GC heap after
{Heap after GC invocations=18 (full 2):
 def new generation   total 8064K, used 686K [0x05400000, 0x05cb0000, 0x0a950000)
  eden space 7232K,   0% used [0x05400000, 0x05400000, 0x05b10000)
  from space 832K,  82% used [0x05be0000, 0x05c8ba78, 0x05cb0000)
  to   space 832K,   0% used [0x05b10000, 0x05b10000, 0x05be0000)
 tenured generation   total 17696K, used 14846K [0x0a950000, 0x0ba98000, 0x15400000)
   the space 17696K,  83% used [0x0a950000, 0x0b7cf9c8, 0x0b7cfa00, 0x0ba98000)
 Metaspace       used 18819K, capacity 19108K, committed 19200K, reserved 19840K
}
Event: 78.236 GC heap before
{Heap before GC invocations=18 (full 2):
 def new generation   total 8064K, used 1757K [0x05400000, 0x05cb0000, 0x0a950000)
  eden space 7232K,  14% used [0x05400000, 0x0550bbf0, 0x05b10000)
  from space 832K,  82% used [0x05be0000, 0x05c8ba78, 0x05cb0000)
  to   space 832K,   0% used [0x05b10000, 0x05b10000, 0x05be0000)
 tenured generation   total 17696K, used 14846K [0x0a950000, 0x0ba98000, 0x15400000)
   the space 17696K,  83% used [0x0a950000, 0x0b7cf9c8, 0x0b7cfa00, 0x0ba98000)
 Metaspace       used 18828K, capacity 19143K, committed 19200K, reserved 19840K
}
Event: 78.260 GC heap after
{Heap after GC invocations=19 (full 3):
 def new generation   total 11776K, used 0K [0x05400000, 0x060c0000, 0x0a950000)
  eden space 10496K,   0% used [0x05400000, 0x05400000, 0x05e40000)
  from space 1280K,   0% used [0x05e40000, 0x05e40000, 0x05f80000)
  to   space 1280K,   0% used [0x05f80000, 0x05f80000, 0x060c0000)
 tenured generation   total 25988K, used 15592K [0x0a950000, 0x0c2b1000, 0x15400000)
   the space 25988K,  59% used [0x0a950000, 0x0b88a0b0, 0x0b88a200, 0x0c2b1000)
 Metaspace       used 18765K, capacity 19066K, committed 19200K, reserved 19840K
}
Event: 79.006 GC heap before
{Heap before GC invocations=19 (full 3):
 def new generation   total 11776K, used 10189K [0x05400000, 0x060c0000, 0x0a950000)
  eden space 10496K,  97% used [0x05400000, 0x05df34f8, 0x05e40000)
  from space 1280K,   0% used [0x05e40000, 0x05e40000, 0x05f80000)
  to   space 1280K,   0% used [0x05f80000, 0x05f80000, 0x060c0000)
 tenured generation   total 49768K, used 39371K [0x0a950000, 0x0d9ea000, 0x15400000)
   the space 49768K,  79% used [0x0a950000, 0x0cfc2f80, 0x0cfc3000, 0x0d9ea000)
 Metaspace       used 18891K, capacity 19165K, committed 19328K, reserved 19840K
}
Event: 79.014 GC heap after
{Heap after GC invocations=20 (full 3):
 def new generation   total 11776K, used 1040K [0x05400000, 0x060c0000, 0x0a950000)
  eden space 10496K,   0% used [0x05400000, 0x05400000, 0x05e40000)
  from space 1280K,  81% used [0x05f80000, 0x060843a8, 0x060c0000)
  to   space 1280K,   0% used [0x05e40000, 0x05e40000, 0x05f80000)
 tenured generation   total 49768K, used 47391K [0x0a950000, 0x0d9ea000, 0x15400000)
   the space 49768K,  95% used [0x0a950000, 0x0d797fb0, 0x0d798000, 0x0d9ea000)
 Metaspace       used 18891K, capacity 19165K, committed 19328K, reserved 19840K
}
Event: 79.182 GC heap before
{Heap before GC invocations=20 (full 3):
 def new generation   total 11776K, used 11536K [0x05400000, 0x060c0000, 0x0a950000)
  eden space 10496K, 100% used [0x05400000, 0x05e40000, 0x05e40000)
  from space 1280K,  81% used [0x05f80000, 0x060843a8, 0x060c0000)
  to   space 1280K,   0% used [0x05e40000, 0x05e40000, 0x05f80000)
 tenured generation   total 49768K, used 47391K [0x0a950000, 0x0d9ea000, 0x15400000)
   the space 49768K,  95% used [0x0a950000, 0x0d797fb0, 0x0d798000, 0x0d9ea000)
 Metaspace       used 18917K, capacity 19199K, committed 19328K, reserved 19840K
}
Event: 79.212 GC heap after
{Heap after GC invocations=21 (full 4):
 def new generation   total 41792K, used 400K [0x05400000, 0x08150000, 0x0a950000)
  eden space 37184K,   1% used [0x05400000, 0x054641b0, 0x07850000)
  from space 4608K,   0% used [0x07850000, 0x07850000, 0x07cd0000)
  to   space 4608K,   0% used [0x07cd0000, 0x07cd0000, 0x08150000)
 tenured generation   total 92652K, used 55591K [0x0a950000, 0x103cb000, 0x15400000)
   the space 92652K,  59% used [0x0a950000, 0x0df99c80, 0x0df99e00, 0x103cb000)
 Metaspace       used 18917K, capacity 19199K, committed 19328K, reserved 19840K
}
Event: 91.265 GC heap before
{Heap before GC invocations=21 (full 4):
 def new generation   total 41792K, used 16999K [0x05400000, 0x08150000, 0x0a950000)
  eden space 37184K,  45% used [0x05400000, 0x06499f40, 0x07850000)
  from space 4608K,   0% used [0x07850000, 0x07850000, 0x07cd0000)
  to   space 4608K,   0% used [0x07cd0000, 0x07cd0000, 0x08150000)
 tenured generation   total 92652K, used 55591K [0x0a950000, 0x103cb000, 0x15400000)
   the space 92652K,  59% used [0x0a950000, 0x0df99c80, 0x0df99e00, 0x103cb000)
 Metaspace       used 19028K, capacity 19294K, committed 19456K, reserved 19840K
}
Event: 91.272 GC heap after
{Heap after GC invocations=22 (full 4):
 def new generation   total 41792K, used 4246K [0x05400000, 0x08150000, 0x0a950000)
  eden space 37184K,   0% used [0x05400000, 0x05400000, 0x07850000)
  from space 4608K,  92% used [0x07cd0000, 0x080f5988, 0x08150000)
  to   space 4608K,   0% used [0x07850000, 0x07850000, 0x07cd0000)
 tenured generation   total 92652K, used 57964K [0x0a950000, 0x103cb000, 0x15400000)
   the space 92652K,  62% used [0x0a950000, 0x0e1eb0c0, 0x0e1eb200, 0x103cb000)
 Metaspace       used 19028K, capacity 19294K, committed 19456K, reserved 19840K
}
Event: 91.885 GC heap before
{Heap before GC invocations=22 (full 4):
 def new generation   total 41792K, used 41089K [0x05400000, 0x08150000, 0x0a950000)
  eden space 37184K,  99% used [0x05400000, 0x077faa78, 0x07850000)
  from space 4608K,  92% used [0x07cd0000, 0x080f5988, 0x08150000)
  to   space 4608K,   0% used [0x07850000, 0x07850000, 0x07cd0000)
 tenured generation   total 92652K, used 57964K [0x0a950000, 0x103cb000, 0x15400000)
   the space 92652K,  62% used [0x0a950000, 0x0e1eb0c0, 0x0e1eb200, 0x103cb000)
 Metaspace       used 19028K, capacity 19294K, committed 19456K, reserved 19840K
}
Event: 91.932 GC heap after
{Heap after GC invocations=23 (full 5):
 def new generation   total 41792K, used 0K [0x05400000, 0x08150000, 0x0a950000)
  eden space 37184K,   0% used [0x05400000, 0x05400000, 0x07850000)
  from space 4608K,   0% used [0x07850000, 0x07850000, 0x07cd0000)
  to   space 4608K,   0% used [0x07cd0000, 0x07cd0000, 0x08150000)
 tenured generation   total 92652K, used 52783K [0x0a950000, 0x103cb000, 0x15400000)
   the space 92652K,  56% used [0x0a950000, 0x0dcdbd48, 0x0dcdbe00, 0x103cb000)
 Metaspace       used 19010K, capacity 19273K, committed 19456K, reserved 19840K
}

