# JRE version: OpenJDK Runtime Environment Temurin-11.0.21+9 (11.0.21+9) (build 11.0.21+9)
# Java VM: OpenJDK Client VM Temurin-11.0.21+9 (11.0.21+9, mixed mode, serial gc, windows-x86)
Heap:
 def new generation   total 39168K, used 26107K [0x05400000, 0x07e80000, 0x0a950000)
  eden space 34816K,  74% used [0x05400000, 0x06d7ef58, 0x07600000)
  from space 4352K,   0% used [0x07600000, 0x07600000, 0x07a40000)
  to   space 4352K,   0% used [0x07a40000, 0x07a40000, 0x07e80000)
 tenured generation   total 86940K, used 52163K [0x0a950000, 0x0fe37000, 0x15400000)
   the space 86940K,  59% used [0x0a950000, 0x0dc40d50, 0x0dc40e00, 0x0fe37000)
 Metaspace       used 20261K, capacity 20687K, committed 20864K, reserved 20864K
GC Heap History (20 events):
Event: 42.568 GC heap before
{Heap before GC invocations=17 (full 2):
 def new generation   total 8064K, used 8064K [0x05400000, 0x05cb0000, 0x0a950000)
  eden space 7232K, 100% used [0x05400000, 0x05b10000, 0x05b10000)
  from space 832K, 100% used [0x05be0000, 0x05cb0000, 0x05cb0000)
  to   space 832K,   0% used [0x05b10000, 0x05b10000, 0x05be0000)
 tenured generation   total 17720K, used 11955K [0x0a950000, 0x0ba9e000, 0x15400000)
   the space 17720K,  67% used [0x0a950000, 0x0b4fcdd8, 0x0b4fce00, 0x0ba9e000)
 Metaspace       used 17970K, capacity 18240K, committed 18304K, reserved 18816K
}
Event: 42.572 GC heap after
{Heap after GC invocations=18 (full 2):
 def new generation   total 8064K, used 281K [0x05400000, 0x05cb0000, 0x0a950000)
  eden space 7232K,   0% used [0x05400000, 0x05400000, 0x05b10000)
  from space 832K,  33% used [0x05b10000, 0x05b56760, 0x05be0000)
  to   space 832K,   0% used [0x05be0000, 0x05be0000, 0x05cb0000)
 tenured generation   total 17720K, used 15189K [0x0a950000, 0x0ba9e000, 0x15400000)
   the space 17720K,  85% used [0x0a950000, 0x0b8256d8, 0x0b825800, 0x0ba9e000)
 Metaspace       used 17970K, capacity 18240K, committed 18304K, reserved 18816K
}
Event: 42.696 GC heap before
{Heap before GC invocations=18 (full 2):
 def new generation   total 8064K, used 7513K [0x05400000, 0x05cb0000, 0x0a950000)
  eden space 7232K, 100% used [0x05400000, 0x05b10000, 0x05b10000)
  from space 832K,  33% used [0x05b10000, 0x05b56760, 0x05be0000)
  to   space 832K,   0% used [0x05be0000, 0x05be0000, 0x05cb0000)
 tenured generation   total 17720K, used 15189K [0x0a950000, 0x0ba9e000, 0x15400000)
   the space 17720K,  85% used [0x0a950000, 0x0b8256d8, 0x0b825800, 0x0ba9e000)
 Metaspace       used 19000K, capacity 19372K, committed 19456K, reserved 19840K
}
Event: 42.699 GC heap after
{Heap after GC invocations=19 (full 2):
 def new generation   total 8064K, used 832K [0x05400000, 0x05cb0000, 0x0a950000)
  eden space 7232K,   0% used [0x05400000, 0x05400000, 0x05b10000)
  from space 832K, 100% used [0x05be0000, 0x05cb0000, 0x05cb0000)
  to   space 832K,   0% used [0x05b10000, 0x05b10000, 0x05be0000)
 tenured generation   total 17720K, used 15316K [0x0a950000, 0x0ba9e000, 0x15400000)
   the space 17720K,  86% used [0x0a950000, 0x0b845388, 0x0b845400, 0x0ba9e000)
 Metaspace       used 19000K, capacity 19372K, committed 19456K, reserved 19840K
}
Event: 48.393 GC heap before
{Heap before GC invocations=19 (full 2):
 def new generation   total 8064K, used 6859K [0x05400000, 0x05cb0000, 0x0a950000)
  eden space 7232K,  83% used [0x05400000, 0x059e2d90, 0x05b10000)
  from space 832K, 100% used [0x05be0000, 0x05cb0000, 0x05cb0000)
  to   space 832K,   0% used [0x05b10000, 0x05b10000, 0x05be0000)
 tenured generation   total 17720K, used 15316K [0x0a950000, 0x0ba9e000, 0x15400000)
   the space 17720K,  86% used [0x0a950000, 0x0b845388, 0x0b845400, 0x0ba9e000)
 Metaspace       used 19298K, capacity 19688K, committed 19712K, reserved 19840K
}
Event: 48.403 GC heap after
{Heap after GC invocations=20 (full 2):
 def new generation   total 8064K, used 832K [0x05400000, 0x05cb0000, 0x0a950000)
  eden space 7232K,   0% used [0x05400000, 0x05400000, 0x05b10000)
  from space 832K, 100% used [0x05b10000, 0x05be0000, 0x05be0000)
  to   space 832K,   0% used [0x05be0000, 0x05be0000, 0x05cb0000)
 tenured generation   total 17720K, used 17676K [0x0a950000, 0x0ba9e000, 0x15400000)
   the space 17720K,  99% used [0x0a950000, 0x0ba93008, 0x0ba93200, 0x0ba9e000)
 Metaspace       used 19298K, capacity 19688K, committed 19712K, reserved 19840K
}
Event: 49.877 GC heap before
{Heap before GC invocations=20 (full 2):
 def new generation   total 8064K, used 8064K [0x05400000, 0x05cb0000, 0x0a950000)
  eden space 7232K, 100% used [0x05400000, 0x05b10000, 0x05b10000)
  from space 832K, 100% used [0x05b10000, 0x05be0000, 0x05be0000)
  to   space 832K,   0% used [0x05be0000, 0x05be0000, 0x05cb0000)
 tenured generation   total 17720K, used 17676K [0x0a950000, 0x0ba9e000, 0x15400000)
   the space 17720K,  99% used [0x0a950000, 0x0ba93008, 0x0ba93200, 0x0ba9e000)
 Metaspace       used 19545K, capacity 19944K, committed 19968K, reserved 20864K
}
Event: 49.924 GC heap after
{Heap after GC invocations=21 (full 3):
 def new generation   total 11840K, used 0K [0x05400000, 0x060d0000, 0x0a950000)
  eden space 10560K,   0% used [0x05400000, 0x05400000, 0x05e50000)
  from space 1280K,   0% used [0x05e50000, 0x05e50000, 0x05f90000)
  to   space 1280K,   0% used [0x05f90000, 0x05f90000, 0x060d0000)
 tenured generation   total 26192K, used 15713K [0x0a950000, 0x0c2e4000, 0x15400000)
   the space 26192K,  59% used [0x0a950000, 0x0b8a84b0, 0x0b8a8600, 0x0c2e4000)
 Metaspace       used 19515K, capacity 19909K, committed 19968K, reserved 20864K
}
Event: 81.792 GC heap before
{Heap before GC invocations=21 (full 3):
 def new generation   total 11840K, used 10560K [0x05400000, 0x060d0000, 0x0a950000)
  eden space 10560K, 100% used [0x05400000, 0x05e50000, 0x05e50000)
  from space 1280K,   0% used [0x05e50000, 0x05e50000, 0x05f90000)
  to   space 1280K,   0% used [0x05f90000, 0x05f90000, 0x060d0000)
 tenured generation   total 26192K, used 15713K [0x0a950000, 0x0c2e4000, 0x15400000)
   the space 26192K,  59% used [0x0a950000, 0x0b8a84b0, 0x0b8a8600, 0x0c2e4000)
 Metaspace       used 19917K, capacity 20353K, committed 20480K, reserved 20864K
}
Event: 81.799 GC heap after
{Heap after GC invocations=22 (full 3):
 def new generation   total 11840K, used 744K [0x05400000, 0x060d0000, 0x0a950000)
  eden space 10560K,   0% used [0x05400000, 0x05400000, 0x05e50000)
  from space 1280K,  58% used [0x05f90000, 0x0604a138, 0x060d0000)
  to   space 1280K,   0% used [0x05e50000, 0x05e50000, 0x05f90000)
 tenured generation   total 26192K, used 15713K [0x0a950000, 0x0c2e4000, 0x15400000)
   the space 26192K,  59% used [0x0a950000, 0x0b8a84b0, 0x0b8a8600, 0x0c2e4000)
 Metaspace       used 19917K, capacity 20353K, committed 20480K, reserved 20864K
}
Event: 109.893 GC heap before
{Heap before GC invocations=22 (full 3):
 def new generation   total 11840K, used 10905K [0x05400000, 0x060d0000, 0x0a950000)
  eden space 10560K,  96% used [0x05400000, 0x05dec618, 0x05e50000)
  from space 1280K,  58% used [0x05f90000, 0x0604a138, 0x060d0000)
  to   space 1280K,   0% used [0x05e50000, 0x05e50000, 0x05f90000)
 tenured generation   total 26192K, used 15713K [0x0a950000, 0x0c2e4000, 0x15400000)
   the space 26192K,  59% used [0x0a950000, 0x0b8a84b0, 0x0b8a8600, 0x0c2e4000)
 Metaspace       used 20023K, capacity 20465K, committed 20480K, reserved 20864K
}
Event: 109.900 GC heap after
{Heap after GC invocations=23 (full 3):
 def new generation   total 11840K, used 1280K [0x05400000, 0x060d0000, 0x0a950000)
  eden space 10560K,   0% used [0x05400000, 0x05400000, 0x05e50000)
  from space 1280K, 100% used [0x05e50000, 0x05f90000, 0x05f90000)
  to   space 1280K,   0% used [0x05f90000, 0x05f90000, 0x060d0000)
 tenured generation   total 26192K, used 18658K [0x0a950000, 0x0c2e4000, 0x15400000)
   the space 26192K,  71% used [0x0a950000, 0x0bb88b08, 0x0bb88c00, 0x0c2e4000)
 Metaspace       used 20023K, capacity 20465K, committed 20480K, reserved 20864K
}
Event: 110.173 GC heap before
{Heap before GC invocations=23 (full 3):
 def new generation   total 11840K, used 11431K [0x05400000, 0x060d0000, 0x0a950000)
  eden space 10560K,  96% used [0x05400000, 0x05de9fe0, 0x05e50000)
  from space 1280K, 100% used [0x05e50000, 0x05f90000, 0x05f90000)
  to   space 1280K,   0% used [0x05f90000, 0x05f90000, 0x060d0000)
 tenured generation   total 26192K, used 18658K [0x0a950000, 0x0c2e4000, 0x15400000)
   the space 26192K,  71% used [0x0a950000, 0x0bb88b08, 0x0bb88c00, 0x0c2e4000)
 Metaspace       used 20023K, capacity 20465K, committed 20480K, reserved 20864K
}
Event: 110.178 GC heap after
{Heap after GC invocations=24 (full 3):
 def new generation   total 11840K, used 1000K [0x05400000, 0x060d0000, 0x0a950000)
  eden space 10560K,   0% used [0x05400000, 0x05400000, 0x05e50000)
  from space 1280K,  78% used [0x05f90000, 0x0608a180, 0x060d0000)
  to   space 1280K,   0% used [0x05e50000, 0x05e50000, 0x05f90000)
 tenured generation   total 26192K, used 26030K [0x0a950000, 0x0c2e4000, 0x15400000)
   the space 26192K,  99% used [0x0a950000, 0x0c2bb890, 0x0c2bba00, 0x0c2e4000)
 Metaspace       used 20023K, capacity 20465K, committed 20480K, reserved 20864K
}
Event: 110.519 GC heap before
{Heap before GC invocations=24 (full 3):
 def new generation   total 11840K, used 11489K [0x05400000, 0x060d0000, 0x0a950000)
  eden space 10560K,  99% used [0x05400000, 0x05e3e640, 0x05e50000)
  from space 1280K,  78% used [0x05f90000, 0x0608a180, 0x060d0000)
  to   space 1280K,   0% used [0x05e50000, 0x05e50000, 0x05f90000)
 tenured generation   total 26192K, used 26030K [0x0a950000, 0x0c2e4000, 0x15400000)
   the space 26192K,  99% used [0x0a950000, 0x0c2bb890, 0x0c2bba00, 0x0c2e4000)
 Metaspace       used 20023K, capacity 20465K, committed 20480K, reserved 20864K
}
Event: 110.570 GC heap after
{Heap after GC invocations=25 (full 4):
 def new generation   total 21888K, used 0K [0x05400000, 0x06bb0000, 0x0a950000)
  eden space 19520K,   0% used [0x05400000, 0x05400000, 0x06710000)
  from space 2368K,   0% used [0x06710000, 0x06710000, 0x06960000)
  to   space 2368K,   0% used [0x06960000, 0x06960000, 0x06bb0000)
 tenured generation   total 48388K, used 29032K [0x0a950000, 0x0d891000, 0x15400000)
   the space 48388K,  59% used [0x0a950000, 0x0c5aa0f0, 0x0c5aa200, 0x0d891000)
 Metaspace       used 19898K, capacity 20310K, committed 20480K, reserved 20864K
}
Event: 111.220 GC heap before
{Heap before GC invocations=25 (full 4):
 def new generation   total 21888K, used 19520K [0x05400000, 0x06bb0000, 0x0a950000)
  eden space 19520K, 100% used [0x05400000, 0x06710000, 0x06710000)
  from space 2368K,   0% used [0x06710000, 0x06710000, 0x06960000)
  to   space 2368K,   0% used [0x06960000, 0x06960000, 0x06bb0000)
 tenured generation   total 48388K, used 29032K [0x0a950000, 0x0d891000, 0x15400000)
   the space 48388K,  59% used [0x0a950000, 0x0c5aa0f0, 0x0c5aa200, 0x0d891000)
 Metaspace       used 19898K, capacity 20310K, committed 20480K, reserved 20864K
}
Event: 111.228 GC heap after
{Heap after GC invocations=26 (full 4):
 def new generation   total 21888K, used 2331K [0x05400000, 0x06bb0000, 0x0a950000)
  eden space 19520K,   0% used [0x05400000, 0x05400000, 0x06710000)
  from space 2368K,  98% used [0x06960000, 0x06ba6df0, 0x06bb0000)
  to   space 2368K,   0% used [0x06710000, 0x06710000, 0x06960000)
 tenured generation   total 48388K, used 40549K [0x0a950000, 0x0d891000, 0x15400000)
   the space 48388K,  83% used [0x0a950000, 0x0d0e9750, 0x0d0e9800, 0x0d891000)
 Metaspace       used 19898K, capacity 20310K, committed 20480K, reserved 20864K
}
Event: 126.710 GC heap before
{Heap before GC invocations=26 (full 4):
 def new generation   total 21888K, used 21601K [0x05400000, 0x06bb0000, 0x0a950000)
  eden space 19520K,  98% used [0x05400000, 0x066d1678, 0x06710000)
  from space 2368K,  98% used [0x06960000, 0x06ba6df0, 0x06bb0000)
  to   space 2368K,   0% used [0x06710000, 0x06710000, 0x06960000)
 tenured generation   total 48388K, used 40549K [0x0a950000, 0x0d891000, 0x15400000)
   the space 48388K,  83% used [0x0a950000, 0x0d0e9750, 0x0d0e9800, 0x0d891000)
 Metaspace       used 20027K, capacity 20445K, committed 20608K, reserved 20864K
}
Event: 126.759 GC heap after
{Heap after GC invocations=27 (full 5):
 def new generation   total 39168K, used 2358K [0x05400000, 0x07e80000, 0x0a950000)
  eden space 34816K,   6% used [0x05400000, 0x0564da70, 0x07600000)
  from space 4352K,   0% used [0x07600000, 0x07600000, 0x07a40000)
  to   space 4352K,   0% used [0x07a40000, 0x07a40000, 0x07e80000)
 tenured generation   total 86940K, used 52163K [0x0a950000, 0x0fe37000, 0x15400000)
   the space 86940K,  59% used [0x0a950000, 0x0dc40d50, 0x0dc40e00, 0x0fe37000)
 Metaspace       used 20027K, capacity 20445K, committed 20608K, reserved 20864K
}

