# JRE version: OpenJDK Runtime Environment Temurin-11.0.21+9 (11.0.21+9) (build 11.0.21+9)
# Java VM: OpenJDK Client VM Temurin-11.0.21+9 (11.0.21+9, mixed mode, serial gc, windows-x86)
Heap:
 def new generation   total 70592K, used 28165K [0x05000000, 0x09c90000, 0x0a550000)
  eden space 62784K,  44% used [0x05000000, 0x06b81518, 0x08d50000)
  from space 7808K,   0% used [0x08d50000, 0x08d50000, 0x094f0000)
  to   space 7808K,   0% used [0x094f0000, 0x094f0000, 0x09c90000)
 tenured generation   total 156668K, used 78020K [0x0a550000, 0x13e4f000, 0x15000000)
   the space 156668K,  49% used [0x0a550000, 0x0f1810b0, 0x0f181200, 0x13e4f000)
 Metaspace       used 19060K, capacity 19331K, committed 19584K, reserved 19840K
GC Heap History (20 events):
Event: 6.905 GC heap before
{Heap before GC invocations=14 (full 2):
 def new generation   total 9792K, used 8759K [0x05000000, 0x05a90000, 0x0a550000)
  eden space 8768K,  99% used [0x05000000, 0x0588df30, 0x05890000)
  from space 1024K,   0% used [0x05890000, 0x05890000, 0x05990000)
  to   space 1024K,   0% used [0x05990000, 0x05990000, 0x05a90000)
 tenured generation   total 21496K, used 12895K [0x0a550000, 0x0ba4e000, 0x15000000)
   the space 21496K,  59% used [0x0a550000, 0x0b1e7fe0, 0x0b1e8000, 0x0ba4e000)
 Metaspace       used 15080K, capacity 15269K, committed 15360K, reserved 15744K
}
Event: 6.910 GC heap after
{Heap after GC invocations=15 (full 2):
 def new generation   total 9792K, used 882K [0x05000000, 0x05a90000, 0x0a550000)
  eden space 8768K,   0% used [0x05000000, 0x05000000, 0x05890000)
  from space 1024K,  86% used [0x05990000, 0x05a6cb78, 0x05a90000)
  to   space 1024K,   0% used [0x05890000, 0x05890000, 0x05990000)
 tenured generation   total 21496K, used 17811K [0x0a550000, 0x0ba4e000, 0x15000000)
   the space 21496K,  82% used [0x0a550000, 0x0b6b4f88, 0x0b6b5000, 0x0ba4e000)
 Metaspace       used 15080K, capacity 15269K, committed 15360K, reserved 15744K
}
Event: 7.129 GC heap before
{Heap before GC invocations=15 (full 2):
 def new generation   total 9792K, used 9016K [0x05000000, 0x05a90000, 0x0a550000)
  eden space 8768K,  92% used [0x05000000, 0x057f1658, 0x05890000)
  from space 1024K,  86% used [0x05990000, 0x05a6cb78, 0x05a90000)
  to   space 1024K,   0% used [0x05890000, 0x05890000, 0x05990000)
 tenured generation   total 21496K, used 17811K [0x0a550000, 0x0ba4e000, 0x15000000)
   the space 21496K,  82% used [0x0a550000, 0x0b6b4f88, 0x0b6b5000, 0x0ba4e000)
 Metaspace       used 15080K, capacity 15269K, committed 15360K, reserved 15744K
}
Event: 7.144 GC heap after
{Heap after GC invocations=16 (full 3):
 def new generation   total 17664K, used 912K [0x05000000, 0x06320000, 0x0a550000)
  eden space 15744K,   5% used [0x05000000, 0x050e4008, 0x05f60000)
  from space 1920K,   0% used [0x05f60000, 0x05f60000, 0x06140000)
  to   space 1920K,   0% used [0x06140000, 0x06140000, 0x06320000)
 tenured generation   total 39060K, used 23434K [0x0a550000, 0x0cb75000, 0x15000000)
   the space 39060K,  59% used [0x0a550000, 0x0bc32a00, 0x0bc32a00, 0x0cb75000)
 Metaspace       used 15029K, capacity 15206K, committed 15360K, reserved 15744K
}
Event: 7.957 GC heap before
{Heap before GC invocations=16 (full 3):
 def new generation   total 17664K, used 15722K [0x05000000, 0x06320000, 0x0a550000)
  eden space 15744K,  99% used [0x05000000, 0x05f5aaa0, 0x05f60000)
  from space 1920K,   0% used [0x05f60000, 0x05f60000, 0x06140000)
  to   space 1920K,   0% used [0x06140000, 0x06140000, 0x06320000)
 tenured generation   total 39060K, used 23434K [0x0a550000, 0x0cb75000, 0x15000000)
   the space 39060K,  59% used [0x0a550000, 0x0bc32a00, 0x0bc32a00, 0x0cb75000)
 Metaspace       used 16668K, capacity 16909K, committed 17024K, reserved 17792K
}
Event: 7.963 GC heap after
{Heap after GC invocations=17 (full 3):
 def new generation   total 17664K, used 1920K [0x05000000, 0x06320000, 0x0a550000)
  eden space 15744K,   0% used [0x05000000, 0x05000000, 0x05f60000)
  from space 1920K, 100% used [0x06140000, 0x06320000, 0x06320000)
  to   space 1920K,   0% used [0x05f60000, 0x05f60000, 0x06140000)
 tenured generation   total 39060K, used 25187K [0x0a550000, 0x0cb75000, 0x15000000)
   the space 39060K,  64% used [0x0a550000, 0x0bde8d80, 0x0bde8e00, 0x0cb75000)
 Metaspace       used 16668K, capacity 16909K, committed 17024K, reserved 17792K
}
Event: 9.992 GC heap before
{Heap before GC invocations=17 (full 3):
 def new generation   total 17664K, used 17367K [0x05000000, 0x06320000, 0x0a550000)
  eden space 15744K,  98% used [0x05000000, 0x05f15e60, 0x05f60000)
  from space 1920K, 100% used [0x06140000, 0x06320000, 0x06320000)
  to   space 1920K,   0% used [0x05f60000, 0x05f60000, 0x06140000)
 tenured generation   total 39060K, used 25187K [0x0a550000, 0x0cb75000, 0x15000000)
   the space 39060K,  64% used [0x0a550000, 0x0bde8d80, 0x0bde8e00, 0x0cb75000)
 Metaspace       used 17662K, capacity 17913K, committed 17920K, reserved 18816K
}
Event: 10.000 GC heap after
{Heap after GC invocations=18 (full 3):
 def new generation   total 17664K, used 1920K [0x05000000, 0x06320000, 0x0a550000)
  eden space 15744K,   0% used [0x05000000, 0x05000000, 0x05f60000)
  from space 1920K, 100% used [0x05f60000, 0x06140000, 0x06140000)
  to   space 1920K,   0% used [0x06140000, 0x06140000, 0x06320000)
 tenured generation   total 39060K, used 32217K [0x0a550000, 0x0cb75000, 0x15000000)
   the space 39060K,  82% used [0x0a550000, 0x0c4c6770, 0x0c4c6800, 0x0cb75000)
 Metaspace       used 17662K, capacity 17913K, committed 17920K, reserved 18816K
}
Event: 10.141 GC heap before
{Heap before GC invocations=18 (full 3):
 def new generation   total 17664K, used 17224K [0x05000000, 0x06320000, 0x0a550000)
  eden space 15744K,  97% used [0x05000000, 0x05ef22c8, 0x05f60000)
  from space 1920K, 100% used [0x05f60000, 0x06140000, 0x06140000)
  to   space 1920K,   0% used [0x06140000, 0x06140000, 0x06320000)
 tenured generation   total 39060K, used 32217K [0x0a550000, 0x0cb75000, 0x15000000)
   the space 39060K,  82% used [0x0a550000, 0x0c4c6770, 0x0c4c6800, 0x0cb75000)
 Metaspace       used 17662K, capacity 17913K, committed 17920K, reserved 18816K
}
Event: 10.171 GC heap after
{Heap after GC invocations=19 (full 4):
 def new generation   total 32256K, used 886K [0x05000000, 0x072f0000, 0x0a550000)
  eden space 28736K,   3% used [0x05000000, 0x050ddaa0, 0x06c10000)
  from space 3520K,   0% used [0x06c10000, 0x06c10000, 0x06f80000)
  to   space 3520K,   0% used [0x06f80000, 0x06f80000, 0x072f0000)
 tenured generation   total 71508K, used 42902K [0x0a550000, 0x0eb25000, 0x15000000)
   the space 71508K,  59% used [0x0a550000, 0x0cf35ac0, 0x0cf35c00, 0x0eb25000)
 Metaspace       used 17662K, capacity 17913K, committed 17920K, reserved 18816K
}
Event: 10.797 GC heap before
{Heap before GC invocations=19 (full 4):
 def new generation   total 32256K, used 28736K [0x05000000, 0x072f0000, 0x0a550000)
  eden space 28736K, 100% used [0x05000000, 0x06c10000, 0x06c10000)
  from space 3520K,   0% used [0x06c10000, 0x06c10000, 0x06f80000)
  to   space 3520K,   0% used [0x06f80000, 0x06f80000, 0x072f0000)
 tenured generation   total 71508K, used 42902K [0x0a550000, 0x0eb25000, 0x15000000)
   the space 71508K,  59% used [0x0a550000, 0x0cf35ac0, 0x0cf35c00, 0x0eb25000)
 Metaspace       used 17662K, capacity 17913K, committed 17920K, reserved 18816K
}
Event: 10.808 GC heap after
{Heap after GC invocations=20 (full 4):
 def new generation   total 32256K, used 3224K [0x05000000, 0x072f0000, 0x0a550000)
  eden space 28736K,   0% used [0x05000000, 0x05000000, 0x06c10000)
  from space 3520K,  91% used [0x06f80000, 0x072a6328, 0x072f0000)
  to   space 3520K,   0% used [0x06c10000, 0x06c10000, 0x06f80000)
 tenured generation   total 71508K, used 60179K [0x0a550000, 0x0eb25000, 0x15000000)
   the space 71508K,  84% used [0x0a550000, 0x0e014c50, 0x0e014e00, 0x0eb25000)
 Metaspace       used 17662K, capacity 17913K, committed 17920K, reserved 18816K
}
Event: 23.647 GC heap before
{Heap before GC invocations=20 (full 4):
 def new generation   total 32256K, used 24224K [0x05000000, 0x072f0000, 0x0a550000)
  eden space 28736K,  73% used [0x05000000, 0x06481d58, 0x06c10000)
  from space 3520K,  91% used [0x06f80000, 0x072a6328, 0x072f0000)
  to   space 3520K,   0% used [0x06c10000, 0x06c10000, 0x06f80000)
 tenured generation   total 71508K, used 60179K [0x0a550000, 0x0eb25000, 0x15000000)
   the space 71508K,  84% used [0x0a550000, 0x0e014c50, 0x0e014e00, 0x0eb25000)
 Metaspace       used 19063K, capacity 19408K, committed 19456K, reserved 19840K
}
Event: 23.656 GC heap after
{Heap after GC invocations=21 (full 4):
 def new generation   total 32256K, used 3495K [0x05000000, 0x072f0000, 0x0a550000)
  eden space 28736K,   0% used [0x05000000, 0x05000000, 0x06c10000)
  from space 3520K,  99% used [0x06c10000, 0x06f79fd0, 0x06f80000)
  to   space 3520K,   0% used [0x06f80000, 0x06f80000, 0x072f0000)
 tenured generation   total 71508K, used 65839K [0x0a550000, 0x0eb25000, 0x15000000)
   the space 71508K,  92% used [0x0a550000, 0x0e59bd30, 0x0e59be00, 0x0eb25000)
 Metaspace       used 19063K, capacity 19408K, committed 19456K, reserved 19840K
}
Event: 24.187 GC heap before
{Heap before GC invocations=21 (full 4):
 def new generation   total 32256K, used 28983K [0x05000000, 0x072f0000, 0x0a550000)
  eden space 28736K,  88% used [0x05000000, 0x068e3ce0, 0x06c10000)
  from space 3520K,  99% used [0x06c10000, 0x06f79fd0, 0x06f80000)
  to   space 3520K,   0% used [0x06f80000, 0x06f80000, 0x072f0000)
 tenured generation   total 71508K, used 65839K [0x0a550000, 0x0eb25000, 0x15000000)
   the space 71508K,  92% used [0x0a550000, 0x0e59bd30, 0x0e59be00, 0x0eb25000)
 Metaspace       used 19063K, capacity 19408K, committed 19456K, reserved 19840K
}
Event: 24.218 GC heap after
{Heap after GC invocations=22 (full 5):
 def new generation   total 70592K, used 0K [0x05000000, 0x09c90000, 0x0a550000)
  eden space 62784K,   0% used [0x05000000, 0x05000000, 0x08d50000)
  from space 7808K,   0% used [0x08d50000, 0x08d50000, 0x094f0000)
  to   space 7808K,   0% used [0x094f0000, 0x094f0000, 0x09c90000)
 tenured generation   total 156668K, used 94000K [0x0a550000, 0x13e4f000, 0x15000000)
   the space 156668K,  59% used [0x0a550000, 0x1011c0b0, 0x1011c200, 0x13e4f000)
 Metaspace       used 18918K, capacity 19229K, committed 19456K, reserved 19840K
}
Event: 53.284 GC heap before
{Heap before GC invocations=22 (full 5):
 def new generation   total 70592K, used 52652K [0x05000000, 0x09c90000, 0x0a550000)
  eden space 62784K,  83% used [0x05000000, 0x0836b040, 0x08d50000)
  from space 7808K,   0% used [0x08d50000, 0x08d50000, 0x094f0000)
  to   space 7808K,   0% used [0x094f0000, 0x094f0000, 0x09c90000)
 tenured generation   total 156668K, used 94000K [0x0a550000, 0x13e4f000, 0x15000000)
   the space 156668K,  59% used [0x0a550000, 0x1011c0b0, 0x1011c200, 0x13e4f000)
 Metaspace       used 19111K, capacity 19397K, committed 19584K, reserved 19840K
}
Event: 53.298 GC heap after
{Heap after GC invocations=23 (full 5):
 def new generation   total 70592K, used 7808K [0x05000000, 0x09c90000, 0x0a550000)
  eden space 62784K,   0% used [0x05000000, 0x05000000, 0x08d50000)
  from space 7808K, 100% used [0x094f0000, 0x09c90000, 0x09c90000)
  to   space 7808K,   0% used [0x08d50000, 0x08d50000, 0x094f0000)
 tenured generation   total 156668K, used 109471K [0x0a550000, 0x13e4f000, 0x15000000)
   the space 156668K,  69% used [0x0a550000, 0x11037cf8, 0x11037e00, 0x13e4f000)
 Metaspace       used 19111K, capacity 19397K, committed 19584K, reserved 19840K
}
Event: 76.931 GC heap before
{Heap before GC invocations=23 (full 5):
 def new generation   total 70592K, used 70311K [0x05000000, 0x09c90000, 0x0a550000)
  eden space 62784K,  99% used [0x05000000, 0x08d09da8, 0x08d50000)
  from space 7808K, 100% used [0x094f0000, 0x09c90000, 0x09c90000)
  to   space 7808K,   0% used [0x08d50000, 0x08d50000, 0x094f0000)
 tenured generation   total 156668K, used 109471K [0x0a550000, 0x13e4f000, 0x15000000)
   the space 156668K,  69% used [0x0a550000, 0x11037cf8, 0x11037e00, 0x13e4f000)
 Metaspace       used 19123K, capacity 19402K, committed 19584K, reserved 19840K
}
Event: 76.983 GC heap after
{Heap after GC invocations=24 (full 6):
 def new generation   total 70592K, used 0K [0x05000000, 0x09c90000, 0x0a550000)
  eden space 62784K,   0% used [0x05000000, 0x05000000, 0x08d50000)
  from space 7808K,   0% used [0x08d50000, 0x08d50000, 0x094f0000)
  to   space 7808K,   0% used [0x094f0000, 0x094f0000, 0x09c90000)
 tenured generation   total 156668K, used 78020K [0x0a550000, 0x13e4f000, 0x15000000)
   the space 156668K,  49% used [0x0a550000, 0x0f1810b0, 0x0f181200, 0x13e4f000)
 Metaspace       used 19018K, capacity 19273K, committed 19584K, reserved 19840K
}

