# JRE version: OpenJDK Runtime Environment Temurin-11.0.21+9 (11.0.21+9) (build 11.0.21+9)
# Java VM: OpenJDK Client VM Temurin-11.0.21+9 (11.0.21+9, mixed mode, serial gc, windows-x86)
Heap:
 def new generation   total 30912K, used 17419K [0x04e00000, 0x06f80000, 0x0a350000)
  eden space 27520K,  53% used [0x04e00000, 0x05c586f0, 0x068e0000)
  from space 3392K,  80% used [0x068e0000, 0x06b8a5f0, 0x06c30000)
  to   space 3392K,   0% used [0x06c30000, 0x06c30000, 0x06f80000)
 tenured generation   total 68504K, used 64668K [0x0a350000, 0x0e636000, 0x14e00000)
   the space 68504K,  94% used [0x0a350000, 0x0e277280, 0x0e277400, 0x0e636000)
 Metaspace       used 18674K, capacity 18975K, committed 19072K, reserved 19840K
GC Heap History (20 events):
Event: 24.153 GC heap before
{Heap before GC invocations=12 (full 1):
 def new generation   total 4992K, used 4725K [0x04e00000, 0x05360000, 0x0a350000)
  eden space 4480K, 100% used [0x04e00000, 0x05260000, 0x05260000)
  from space 512K,  47% used [0x052e0000, 0x0531d5b0, 0x05360000)
  to   space 512K,   0% used [0x05260000, 0x05260000, 0x052e0000)
 tenured generation   total 10944K, used 7703K [0x0a350000, 0x0ae00000, 0x14e00000)
   the space 10944K,  70% used [0x0a350000, 0x0aad5de0, 0x0aad5e00, 0x0ae00000)
 Metaspace       used 14986K, capacity 15210K, committed 15232K, reserved 15744K
}
Event: 24.155 GC heap after
{Heap after GC invocations=13 (full 1):
 def new generation   total 4992K, used 512K [0x04e00000, 0x05360000, 0x0a350000)
  eden space 4480K,   0% used [0x04e00000, 0x04e00000, 0x05260000)
  from space 512K, 100% used [0x05260000, 0x052e0000, 0x052e0000)
  to   space 512K,   0% used [0x052e0000, 0x052e0000, 0x05360000)
 tenured generation   total 10944K, used 8150K [0x0a350000, 0x0ae00000, 0x14e00000)
   the space 10944K,  74% used [0x0a350000, 0x0ab459a0, 0x0ab45a00, 0x0ae00000)
 Metaspace       used 14986K, capacity 15210K, committed 15232K, reserved 15744K
}
Event: 24.331 GC heap before
{Heap before GC invocations=13 (full 1):
 def new generation   total 4992K, used 4992K [0x04e00000, 0x05360000, 0x0a350000)
  eden space 4480K, 100% used [0x04e00000, 0x05260000, 0x05260000)
  from space 512K, 100% used [0x05260000, 0x052e0000, 0x052e0000)
  to   space 512K,   0% used [0x052e0000, 0x052e0000, 0x05360000)
 tenured generation   total 10944K, used 8150K [0x0a350000, 0x0ae00000, 0x14e00000)
   the space 10944K,  74% used [0x0a350000, 0x0ab459a0, 0x0ab45a00, 0x0ae00000)
 Metaspace       used 15481K, capacity 15727K, committed 15744K, reserved 15744K
}
Event: 24.335 GC heap after
{Heap after GC invocations=14 (full 1):
 def new generation   total 4992K, used 512K [0x04e00000, 0x05360000, 0x0a350000)
  eden space 4480K,   0% used [0x04e00000, 0x04e00000, 0x05260000)
  from space 512K, 100% used [0x052e0000, 0x05360000, 0x05360000)
  to   space 512K,   0% used [0x05260000, 0x05260000, 0x052e0000)
 tenured generation   total 10944K, used 9127K [0x0a350000, 0x0ae00000, 0x14e00000)
   the space 10944K,  83% used [0x0a350000, 0x0ac39ce0, 0x0ac39e00, 0x0ae00000)
 Metaspace       used 15481K, capacity 15727K, committed 15744K, reserved 15744K
}
Event: 27.678 GC heap before
{Heap before GC invocations=14 (full 1):
 def new generation   total 4992K, used 4992K [0x04e00000, 0x05360000, 0x0a350000)
  eden space 4480K, 100% used [0x04e00000, 0x05260000, 0x05260000)
  from space 512K, 100% used [0x052e0000, 0x05360000, 0x05360000)
  to   space 512K,   0% used [0x05260000, 0x05260000, 0x052e0000)
 tenured generation   total 10944K, used 9127K [0x0a350000, 0x0ae00000, 0x14e00000)
   the space 10944K,  83% used [0x0a350000, 0x0ac39ce0, 0x0ac39e00, 0x0ae00000)
 Metaspace       used 15979K, capacity 16204K, committed 16256K, reserved 16768K
}
Event: 27.694 GC heap after
{Heap after GC invocations=15 (full 2):
 def new generation   total 8384K, used 402K [0x04e00000, 0x05710000, 0x0a350000)
  eden space 7488K,   5% used [0x04e00000, 0x04e64b48, 0x05550000)
  from space 896K,   0% used [0x05550000, 0x05550000, 0x05630000)
  to   space 896K,   0% used [0x05630000, 0x05630000, 0x05710000)
 tenured generation   total 18452K, used 11070K [0x0a350000, 0x0b555000, 0x14e00000)
   the space 18452K,  59% used [0x0a350000, 0x0ae1faa8, 0x0ae1fc00, 0x0b555000)
 Metaspace       used 15806K, capacity 15994K, committed 16256K, reserved 16768K
}
Event: 56.729 GC heap before
{Heap before GC invocations=15 (full 2):
 def new generation   total 8384K, used 7076K [0x04e00000, 0x05710000, 0x0a350000)
  eden space 7488K,  94% used [0x04e00000, 0x054e9180, 0x05550000)
  from space 896K,   0% used [0x05550000, 0x05550000, 0x05630000)
  to   space 896K,   0% used [0x05630000, 0x05630000, 0x05710000)
 tenured generation   total 18452K, used 11070K [0x0a350000, 0x0b555000, 0x14e00000)
   the space 18452K,  59% used [0x0a350000, 0x0ae1faa8, 0x0ae1fc00, 0x0b555000)
 Metaspace       used 17464K, capacity 17685K, committed 17920K, reserved 18816K
}
Event: 56.735 GC heap after
{Heap after GC invocations=16 (full 2):
 def new generation   total 8384K, used 896K [0x04e00000, 0x05710000, 0x0a350000)
  eden space 7488K,   0% used [0x04e00000, 0x04e00000, 0x05550000)
  from space 896K, 100% used [0x05630000, 0x05710000, 0x05710000)
  to   space 896K,   0% used [0x05550000, 0x05550000, 0x05630000)
 tenured generation   total 18452K, used 11466K [0x0a350000, 0x0b555000, 0x14e00000)
   the space 18452K,  62% used [0x0a350000, 0x0ae82a00, 0x0ae82a00, 0x0b555000)
 Metaspace       used 17464K, capacity 17685K, committed 17920K, reserved 18816K
}
Event: 57.040 GC heap before
{Heap before GC invocations=16 (full 2):
 def new generation   total 8384K, used 8354K [0x04e00000, 0x05710000, 0x0a350000)
  eden space 7488K,  99% used [0x04e00000, 0x05548928, 0x05550000)
  from space 896K, 100% used [0x05630000, 0x05710000, 0x05710000)
  to   space 896K,   0% used [0x05550000, 0x05550000, 0x05630000)
 tenured generation   total 18452K, used 11466K [0x0a350000, 0x0b555000, 0x14e00000)
   the space 18452K,  62% used [0x0a350000, 0x0ae82a00, 0x0ae82a00, 0x0b555000)
 Metaspace       used 17476K, capacity 17685K, committed 17920K, reserved 18816K
}
Event: 57.047 GC heap after
{Heap after GC invocations=17 (full 2):
 def new generation   total 8384K, used 891K [0x04e00000, 0x05710000, 0x0a350000)
  eden space 7488K,   0% used [0x04e00000, 0x04e00000, 0x05550000)
  from space 896K,  99% used [0x05550000, 0x0562ed88, 0x05630000)
  to   space 896K,   0% used [0x05630000, 0x05630000, 0x05710000)
 tenured generation   total 18452K, used 16791K [0x0a350000, 0x0b555000, 0x14e00000)
   the space 18452K,  91% used [0x0a350000, 0x0b3b5ec8, 0x0b3b6000, 0x0b555000)
 Metaspace       used 17476K, capacity 17685K, committed 17920K, reserved 18816K
}
Event: 57.371 GC heap before
{Heap before GC invocations=17 (full 2):
 def new generation   total 8384K, used 8020K [0x04e00000, 0x05710000, 0x0a350000)
  eden space 7488K,  95% used [0x04e00000, 0x054f6338, 0x05550000)
  from space 896K,  99% used [0x05550000, 0x0562ed88, 0x05630000)
  to   space 896K,   0% used [0x05630000, 0x05630000, 0x05710000)
 tenured generation   total 18452K, used 16791K [0x0a350000, 0x0b555000, 0x14e00000)
   the space 18452K,  91% used [0x0a350000, 0x0b3b5ec8, 0x0b3b6000, 0x0b555000)
 Metaspace       used 17476K, capacity 17685K, committed 17920K, reserved 18816K
}
Event: 57.389 GC heap after
{Heap after GC invocations=18 (full 3):
 def new generation   total 16768K, used 0K [0x04e00000, 0x06030000, 0x0a350000)
  eden space 14912K,   0% used [0x04e00000, 0x04e00000, 0x05c90000)
  from space 1856K,   0% used [0x05c90000, 0x05c90000, 0x05e60000)
  to   space 1856K,   0% used [0x05e60000, 0x05e60000, 0x06030000)
 tenured generation   total 37100K, used 22259K [0x0a350000, 0x0c78b000, 0x14e00000)
   the space 37100K,  59% used [0x0a350000, 0x0b90cda8, 0x0b90ce00, 0x0c78b000)
 Metaspace       used 17361K, capacity 17544K, committed 17920K, reserved 18816K
}
Event: 57.637 GC heap before
{Heap before GC invocations=18 (full 3):
 def new generation   total 16768K, used 14660K [0x04e00000, 0x06030000, 0x0a350000)
  eden space 14912K,  98% used [0x04e00000, 0x05c510b0, 0x05c90000)
  from space 1856K,   0% used [0x05c90000, 0x05c90000, 0x05e60000)
  to   space 1856K,   0% used [0x05e60000, 0x05e60000, 0x06030000)
 tenured generation   total 37100K, used 22259K [0x0a350000, 0x0c78b000, 0x14e00000)
   the space 37100K,  59% used [0x0a350000, 0x0b90cda8, 0x0b90ce00, 0x0c78b000)
 Metaspace       used 17361K, capacity 17544K, committed 17920K, reserved 18816K
}
Event: 57.641 GC heap after
{Heap after GC invocations=19 (full 3):
 def new generation   total 16768K, used 1442K [0x04e00000, 0x06030000, 0x0a350000)
  eden space 14912K,   0% used [0x04e00000, 0x04e00000, 0x05c90000)
  from space 1856K,  77% used [0x05e60000, 0x05fc8b48, 0x06030000)
  to   space 1856K,   0% used [0x05c90000, 0x05c90000, 0x05e60000)
 tenured generation   total 37100K, used 31119K [0x0a350000, 0x0c78b000, 0x14e00000)
   the space 37100K,  83% used [0x0a350000, 0x0c1b3c68, 0x0c1b3e00, 0x0c78b000)
 Metaspace       used 17361K, capacity 17544K, committed 17920K, reserved 18816K
}
Event: 57.763 GC heap before
{Heap before GC invocations=19 (full 3):
 def new generation   total 16768K, used 15973K [0x04e00000, 0x06030000, 0x0a350000)
  eden space 14912K,  97% used [0x04e00000, 0x05c30af8, 0x05c90000)
  from space 1856K,  77% used [0x05e60000, 0x05fc8b48, 0x06030000)
  to   space 1856K,   0% used [0x05c90000, 0x05c90000, 0x05e60000)
 tenured generation   total 37100K, used 31119K [0x0a350000, 0x0c78b000, 0x14e00000)
   the space 37100K,  83% used [0x0a350000, 0x0c1b3c68, 0x0c1b3e00, 0x0c78b000)
 Metaspace       used 17361K, capacity 17544K, committed 17920K, reserved 18816K
}
Event: 57.788 GC heap after
{Heap after GC invocations=20 (full 4):
 def new generation   total 30912K, used 443K [0x04e00000, 0x06f80000, 0x0a350000)
  eden space 27520K,   1% used [0x04e00000, 0x04e6ee90, 0x068e0000)
  from space 3392K,   0% used [0x068e0000, 0x068e0000, 0x06c30000)
  to   space 3392K,   0% used [0x06c30000, 0x06c30000, 0x06f80000)
 tenured generation   total 68504K, used 41101K [0x0a350000, 0x0e636000, 0x14e00000)
   the space 68504K,  59% used [0x0a350000, 0x0cb73490, 0x0cb73600, 0x0e636000)
 Metaspace       used 17361K, capacity 17544K, committed 17920K, reserved 18816K
}
Event: 60.745 GC heap before
{Heap before GC invocations=20 (full 4):
 def new generation   total 30912K, used 26960K [0x04e00000, 0x06f80000, 0x0a350000)
  eden space 27520K,  97% used [0x04e00000, 0x06854068, 0x068e0000)
  from space 3392K,   0% used [0x068e0000, 0x068e0000, 0x06c30000)
  to   space 3392K,   0% used [0x06c30000, 0x06c30000, 0x06f80000)
 tenured generation   total 68504K, used 41101K [0x0a350000, 0x0e636000, 0x14e00000)
   the space 68504K,  59% used [0x0a350000, 0x0cb73490, 0x0cb73600, 0x0e636000)
 Metaspace       used 18340K, capacity 18631K, committed 18688K, reserved 18816K
}
Event: 60.755 GC heap after
{Heap after GC invocations=21 (full 4):
 def new generation   total 30912K, used 3392K [0x04e00000, 0x06f80000, 0x0a350000)
  eden space 27520K,   0% used [0x04e00000, 0x04e00000, 0x068e0000)
  from space 3392K, 100% used [0x06c30000, 0x06f80000, 0x06f80000)
  to   space 3392K,   0% used [0x068e0000, 0x068e0000, 0x06c30000)
 tenured generation   total 68504K, used 50943K [0x0a350000, 0x0e636000, 0x14e00000)
   the space 68504K,  74% used [0x0a350000, 0x0d50ff58, 0x0d510000, 0x0e636000)
 Metaspace       used 18340K, capacity 18631K, committed 18688K, reserved 18816K
}
Event: 67.966 GC heap before
{Heap before GC invocations=21 (full 4):
 def new generation   total 30912K, used 30912K [0x04e00000, 0x06f80000, 0x0a350000)
  eden space 27520K, 100% used [0x04e00000, 0x068e0000, 0x068e0000)
  from space 3392K, 100% used [0x06c30000, 0x06f80000, 0x06f80000)
  to   space 3392K,   0% used [0x068e0000, 0x068e0000, 0x06c30000)
 tenured generation   total 68504K, used 50943K [0x0a350000, 0x0e636000, 0x14e00000)
   the space 68504K,  74% used [0x0a350000, 0x0d50ff58, 0x0d510000, 0x0e636000)
 Metaspace       used 18387K, capacity 18683K, committed 18688K, reserved 18816K
}
Event: 67.974 GC heap after
{Heap after GC invocations=22 (full 4):
 def new generation   total 30912K, used 2729K [0x04e00000, 0x06f80000, 0x0a350000)
  eden space 27520K,   0% used [0x04e00000, 0x04e00000, 0x068e0000)
  from space 3392K,  80% used [0x068e0000, 0x06b8a5f0, 0x06c30000)
  to   space 3392K,   0% used [0x06c30000, 0x06c30000, 0x06f80000)
 tenured generation   total 68504K, used 64668K [0x0a350000, 0x0e636000, 0x14e00000)
   the space 68504K,  94% used [0x0a350000, 0x0e277280, 0x0e277400, 0x0e636000)
 Metaspace       used 18387K, capacity 18683K, committed 18688K, reserved 18816K
}

