# JRE version: OpenJDK Runtime Environment Temurin-11.0.21+9 (11.0.21+9) (build 11.0.21+9)
# Java VM: OpenJDK Client VM Temurin-11.0.21+9 (11.0.21+9, mixed mode, serial gc, windows-x86)
Heap:
 def new generation   total 16192K, used 8694K [0x05400000, 0x06590000, 0x0a950000)
  eden space 14400K,  49% used [0x05400000, 0x05ae9928, 0x06210000)
  from space 1792K,  90% used [0x063d0000, 0x065641b8, 0x06590000)
  to   space 1792K,   0% used [0x06210000, 0x06210000, 0x063d0000)
 tenured generation   total 35920K, used 29276K [0x0a950000, 0x0cc64000, 0x15400000)
   the space 35920K,  81% used [0x0a950000, 0x0c5e7120, 0x0c5e7200, 0x0cc64000)
 Metaspace       used 19592K, capacity 19979K, committed 20096K, reserved 20864K
GC Heap History (20 events):
Event: 24.017 GC heap before
{Heap before GC invocations=11 (full 1):
 def new generation   total 4992K, used 4992K [0x05400000, 0x05960000, 0x0a950000)
  eden space 4480K, 100% used [0x05400000, 0x05860000, 0x05860000)
  from space 512K, 100% used [0x05860000, 0x058e0000, 0x058e0000)
  to   space 512K,   0% used [0x058e0000, 0x058e0000, 0x05960000)
 tenured generation   total 10944K, used 7377K [0x0a950000, 0x0b400000, 0x15400000)
   the space 10944K,  67% used [0x0a950000, 0x0b084588, 0x0b084600, 0x0b400000)
 Metaspace       used 14546K, capacity 14784K, committed 14848K, reserved 15744K
}
Event: 24.019 GC heap after
{Heap after GC invocations=12 (full 1):
 def new generation   total 4992K, used 246K [0x05400000, 0x05960000, 0x0a950000)
  eden space 4480K,   0% used [0x05400000, 0x05400000, 0x05860000)
  from space 512K,  48% used [0x058e0000, 0x0591d9e8, 0x05960000)
  to   space 512K,   0% used [0x05860000, 0x05860000, 0x058e0000)
 tenured generation   total 10944K, used 7838K [0x0a950000, 0x0b400000, 0x15400000)
   the space 10944K,  71% used [0x0a950000, 0x0b0f7a48, 0x0b0f7c00, 0x0b400000)
 Metaspace       used 14546K, capacity 14784K, committed 14848K, reserved 15744K
}
Event: 24.245 GC heap before
{Heap before GC invocations=12 (full 1):
 def new generation   total 4992K, used 4726K [0x05400000, 0x05960000, 0x0a950000)
  eden space 4480K, 100% used [0x05400000, 0x05860000, 0x05860000)
  from space 512K,  48% used [0x058e0000, 0x0591d9e8, 0x05960000)
  to   space 512K,   0% used [0x05860000, 0x05860000, 0x058e0000)
 tenured generation   total 10944K, used 7838K [0x0a950000, 0x0b400000, 0x15400000)
   the space 10944K,  71% used [0x0a950000, 0x0b0f7a48, 0x0b0f7c00, 0x0b400000)
 Metaspace       used 14986K, capacity 15242K, committed 15360K, reserved 15744K
}
Event: 24.247 GC heap after
{Heap after GC invocations=13 (full 1):
 def new generation   total 4992K, used 511K [0x05400000, 0x05960000, 0x0a950000)
  eden space 4480K,   0% used [0x05400000, 0x05400000, 0x05860000)
  from space 512K,  99% used [0x05860000, 0x058dfff8, 0x058e0000)
  to   space 512K,   0% used [0x058e0000, 0x058e0000, 0x05960000)
 tenured generation   total 10944K, used 8289K [0x0a950000, 0x0b400000, 0x15400000)
   the space 10944K,  75% used [0x0a950000, 0x0b168608, 0x0b168800, 0x0b400000)
 Metaspace       used 14986K, capacity 15242K, committed 15360K, reserved 15744K
}
Event: 24.464 GC heap before
{Heap before GC invocations=13 (full 1):
 def new generation   total 4992K, used 4991K [0x05400000, 0x05960000, 0x0a950000)
  eden space 4480K, 100% used [0x05400000, 0x05860000, 0x05860000)
  from space 512K,  99% used [0x05860000, 0x058dfff8, 0x058e0000)
  to   space 512K,   0% used [0x058e0000, 0x058e0000, 0x05960000)
 tenured generation   total 10944K, used 8289K [0x0a950000, 0x0b400000, 0x15400000)
   the space 10944K,  75% used [0x0a950000, 0x0b168608, 0x0b168800, 0x0b400000)
 Metaspace       used 15485K, capacity 15758K, committed 15872K, reserved 16768K
}
Event: 24.469 GC heap after
{Heap after GC invocations=14 (full 1):
 def new generation   total 4992K, used 512K [0x05400000, 0x05960000, 0x0a950000)
  eden space 4480K,   0% used [0x05400000, 0x05400000, 0x05860000)
  from space 512K, 100% used [0x058e0000, 0x05960000, 0x05960000)
  to   space 512K,   0% used [0x05860000, 0x05860000, 0x058e0000)
 tenured generation   total 10944K, used 9264K [0x0a950000, 0x0b400000, 0x15400000)
   the space 10944K,  84% used [0x0a950000, 0x0b25c3a8, 0x0b25c400, 0x0b400000)
 Metaspace       used 15485K, capacity 15758K, committed 15872K, reserved 16768K
}
Event: 27.732 GC heap before
{Heap before GC invocations=14 (full 1):
 def new generation   total 4992K, used 4992K [0x05400000, 0x05960000, 0x0a950000)
  eden space 4480K, 100% used [0x05400000, 0x05860000, 0x05860000)
  from space 512K, 100% used [0x058e0000, 0x05960000, 0x05960000)
  to   space 512K,   0% used [0x05860000, 0x05860000, 0x058e0000)
 tenured generation   total 10944K, used 9264K [0x0a950000, 0x0b400000, 0x15400000)
   the space 10944K,  84% used [0x0a950000, 0x0b25c3a8, 0x0b25c400, 0x0b400000)
 Metaspace       used 15994K, capacity 16273K, committed 16384K, reserved 16768K
}
Event: 27.764 GC heap after
{Heap after GC invocations=15 (full 2):
 def new generation   total 8448K, used 261K [0x05400000, 0x05d20000, 0x0a950000)
  eden space 7552K,   3% used [0x05400000, 0x05441468, 0x05b60000)
  from space 896K,   0% used [0x05b60000, 0x05b60000, 0x05c40000)
  to   space 896K,   0% used [0x05c40000, 0x05c40000, 0x05d20000)
 tenured generation   total 18648K, used 11187K [0x0a950000, 0x0bb86000, 0x15400000)
   the space 18648K,  59% used [0x0a950000, 0x0b43ce18, 0x0b43d000, 0x0bb86000)
 Metaspace       used 15822K, capacity 16063K, committed 16384K, reserved 16768K
}
Event: 28.478 GC heap before
{Heap before GC invocations=15 (full 2):
 def new generation   total 8448K, used 7492K [0x05400000, 0x05d20000, 0x0a950000)
  eden space 7552K,  99% used [0x05400000, 0x05b51060, 0x05b60000)
  from space 896K,   0% used [0x05b60000, 0x05b60000, 0x05c40000)
  to   space 896K,   0% used [0x05c40000, 0x05c40000, 0x05d20000)
 tenured generation   total 18648K, used 11187K [0x0a950000, 0x0bb86000, 0x15400000)
   the space 18648K,  59% used [0x0a950000, 0x0b43ce18, 0x0b43d000, 0x0bb86000)
 Metaspace       used 17519K, capacity 17759K, committed 17920K, reserved 18816K
}
Event: 28.484 GC heap after
{Heap after GC invocations=16 (full 2):
 def new generation   total 8448K, used 896K [0x05400000, 0x05d20000, 0x0a950000)
  eden space 7552K,   0% used [0x05400000, 0x05400000, 0x05b60000)
  from space 896K, 100% used [0x05c40000, 0x05d20000, 0x05d20000)
  to   space 896K,   0% used [0x05b60000, 0x05b60000, 0x05c40000)
 tenured generation   total 18648K, used 12652K [0x0a950000, 0x0bb86000, 0x15400000)
   the space 18648K,  67% used [0x0a950000, 0x0b5ab260, 0x0b5ab400, 0x0bb86000)
 Metaspace       used 17519K, capacity 17759K, committed 17920K, reserved 18816K
}
Event: 28.784 GC heap before
{Heap before GC invocations=16 (full 2):
 def new generation   total 8448K, used 8448K [0x05400000, 0x05d20000, 0x0a950000)
  eden space 7552K, 100% used [0x05400000, 0x05b60000, 0x05b60000)
  from space 896K, 100% used [0x05c40000, 0x05d20000, 0x05d20000)
  to   space 896K,   0% used [0x05b60000, 0x05b60000, 0x05c40000)
 tenured generation   total 18648K, used 12652K [0x0a950000, 0x0bb86000, 0x15400000)
   the space 18648K,  67% used [0x0a950000, 0x0b5ab260, 0x0b5ab400, 0x0bb86000)
 Metaspace       used 18100K, capacity 18362K, committed 18432K, reserved 18816K
}
Event: 28.789 GC heap after
{Heap after GC invocations=17 (full 2):
 def new generation   total 8448K, used 288K [0x05400000, 0x05d20000, 0x0a950000)
  eden space 7552K,   0% used [0x05400000, 0x05400000, 0x05b60000)
  from space 896K,  32% used [0x05b60000, 0x05ba82e0, 0x05c40000)
  to   space 896K,   0% used [0x05c40000, 0x05c40000, 0x05d20000)
 tenured generation   total 18648K, used 15935K [0x0a950000, 0x0bb86000, 0x15400000)
   the space 18648K,  85% used [0x0a950000, 0x0b8dfe78, 0x0b8e0000, 0x0bb86000)
 Metaspace       used 18100K, capacity 18362K, committed 18432K, reserved 18816K
}
Event: 28.910 GC heap before
{Heap before GC invocations=17 (full 2):
 def new generation   total 8448K, used 7840K [0x05400000, 0x05d20000, 0x0a950000)
  eden space 7552K, 100% used [0x05400000, 0x05b60000, 0x05b60000)
  from space 896K,  32% used [0x05b60000, 0x05ba82e0, 0x05c40000)
  to   space 896K,   0% used [0x05c40000, 0x05c40000, 0x05d20000)
 tenured generation   total 18648K, used 15935K [0x0a950000, 0x0bb86000, 0x15400000)
   the space 18648K,  85% used [0x0a950000, 0x0b8dfe78, 0x0b8e0000, 0x0bb86000)
 Metaspace       used 19117K, capacity 19504K, committed 19584K, reserved 19840K
}
Event: 28.912 GC heap after
{Heap after GC invocations=18 (full 2):
 def new generation   total 8448K, used 895K [0x05400000, 0x05d20000, 0x0a950000)
  eden space 7552K,   0% used [0x05400000, 0x05400000, 0x05b60000)
  from space 896K,  99% used [0x05c40000, 0x05d1fff8, 0x05d20000)
  to   space 896K,   0% used [0x05b60000, 0x05b60000, 0x05c40000)
 tenured generation   total 18648K, used 16066K [0x0a950000, 0x0bb86000, 0x15400000)
   the space 18648K,  86% used [0x0a950000, 0x0b900a40, 0x0b900c00, 0x0bb86000)
 Metaspace       used 19117K, capacity 19504K, committed 19584K, reserved 19840K
}
Event: 52.731 GC heap before
{Heap before GC invocations=18 (full 2):
 def new generation   total 8448K, used 7928K [0x05400000, 0x05d20000, 0x0a950000)
  eden space 7552K,  93% used [0x05400000, 0x05ade090, 0x05b60000)
  from space 896K,  99% used [0x05c40000, 0x05d1fff8, 0x05d20000)
  to   space 896K,   0% used [0x05b60000, 0x05b60000, 0x05c40000)
 tenured generation   total 18648K, used 16066K [0x0a950000, 0x0bb86000, 0x15400000)
   the space 18648K,  86% used [0x0a950000, 0x0b900a40, 0x0b900c00, 0x0bb86000)
 Metaspace       used 19446K, capacity 19860K, committed 19968K, reserved 20864K
}
Event: 52.744 GC heap after
{Heap after GC invocations=19 (full 2):
 def new generation   total 8448K, used 896K [0x05400000, 0x05d20000, 0x0a950000)
  eden space 7552K,   0% used [0x05400000, 0x05400000, 0x05b60000)
  from space 896K, 100% used [0x05b60000, 0x05c40000, 0x05c40000)
  to   space 896K,   0% used [0x05c40000, 0x05c40000, 0x05d20000)
 tenured generation   total 18648K, used 17610K [0x0a950000, 0x0bb86000, 0x15400000)
   the space 18648K,  94% used [0x0a950000, 0x0ba829e0, 0x0ba82a00, 0x0bb86000)
 Metaspace       used 19446K, capacity 19860K, committed 19968K, reserved 20864K
}
Event: 53.268 GC heap before
{Heap before GC invocations=19 (full 2):
 def new generation   total 8448K, used 8405K [0x05400000, 0x05d20000, 0x0a950000)
  eden space 7552K,  99% used [0x05400000, 0x05b55460, 0x05b60000)
  from space 896K, 100% used [0x05b60000, 0x05c40000, 0x05c40000)
  to   space 896K,   0% used [0x05c40000, 0x05c40000, 0x05d20000)
 tenured generation   total 18648K, used 17610K [0x0a950000, 0x0bb86000, 0x15400000)
   the space 18648K,  94% used [0x0a950000, 0x0ba829e0, 0x0ba82a00, 0x0bb86000)
 Metaspace       used 19446K, capacity 19860K, committed 19968K, reserved 20864K
}
Event: 53.291 GC heap after
{Heap after GC invocations=20 (full 3):
 def new generation   total 16192K, used 0K [0x05400000, 0x06590000, 0x0a950000)
  eden space 14400K,   0% used [0x05400000, 0x05400000, 0x06210000)
  from space 1792K,   0% used [0x06210000, 0x06210000, 0x063d0000)
  to   space 1792K,   0% used [0x063d0000, 0x063d0000, 0x06590000)
 tenured generation   total 35920K, used 21551K [0x0a950000, 0x0cc64000, 0x15400000)
   the space 35920K,  59% used [0x0a950000, 0x0be5bd18, 0x0be5be00, 0x0cc64000)
 Metaspace       used 19355K, capacity 19748K, committed 19968K, reserved 20864K
}
Event: 54.017 GC heap before
{Heap before GC invocations=20 (full 3):
 def new generation   total 16192K, used 13715K [0x05400000, 0x06590000, 0x0a950000)
  eden space 14400K,  95% used [0x05400000, 0x06164eb8, 0x06210000)
  from space 1792K,   0% used [0x06210000, 0x06210000, 0x063d0000)
  to   space 1792K,   0% used [0x063d0000, 0x063d0000, 0x06590000)
 tenured generation   total 35920K, used 21551K [0x0a950000, 0x0cc64000, 0x15400000)
   the space 35920K,  59% used [0x0a950000, 0x0be5bd18, 0x0be5be00, 0x0cc64000)
 Metaspace       used 19356K, capacity 19748K, committed 19968K, reserved 20864K
}
Event: 54.024 GC heap after
{Heap after GC invocations=21 (full 3):
 def new generation   total 16192K, used 1616K [0x05400000, 0x06590000, 0x0a950000)
  eden space 14400K,   0% used [0x05400000, 0x05400000, 0x06210000)
  from space 1792K,  90% used [0x063d0000, 0x065641b8, 0x06590000)
  to   space 1792K,   0% used [0x06210000, 0x06210000, 0x063d0000)
 tenured generation   total 35920K, used 29276K [0x0a950000, 0x0cc64000, 0x15400000)
   the space 35920K,  81% used [0x0a950000, 0x0c5e7120, 0x0c5e7200, 0x0cc64000)
 Metaspace       used 19356K, capacity 19748K, committed 19968K, reserved 20864K
}

