# JRE version: OpenJDK Runtime Environment Temurin-11.0.21+9 (11.0.21+9) (build 11.0.21+9)
# Java VM: OpenJDK Client VM Temurin-11.0.21+9 (11.0.21+9, mixed mode, serial gc, windows-x86)
Heap:
 def new generation   total 63936K, used 11619K [0x05000000, 0x09560000, 0x0a550000)
  eden space 56832K,  17% used [0x05000000, 0x059f38c8, 0x08780000)
  from space 7104K,  20% used [0x08780000, 0x088e5600, 0x08e70000)
  to   space 7104K,   0% used [0x08e70000, 0x08e70000, 0x09560000)
 tenured generation   total 142008K, used 103379K [0x0a550000, 0x12ffe000, 0x15000000)
   the space 142008K,  72% used [0x0a550000, 0x10a44ef8, 0x10a45000, 0x12ffe000)
 Metaspace       used 21231K, capacity 21718K, committed 21888K, reserved 21888K
GC Heap History (20 events):
Event: 4.274 GC heap before
{Heap before GC invocations=14 (full 2):
 def new generation   total 9728K, used 9152K [0x05000000, 0x05a80000, 0x0a550000)
  eden space 8704K,  97% used [0x05000000, 0x0583fcd8, 0x05880000)
  from space 1024K,  68% used [0x05980000, 0x05a30468, 0x05a80000)
  to   space 1024K,   0% used [0x05880000, 0x05880000, 0x05980000)
 tenured generation   total 21480K, used 17803K [0x0a550000, 0x0ba4a000, 0x15000000)
   the space 21480K,  82% used [0x0a550000, 0x0b6b2de0, 0x0b6b2e00, 0x0ba4a000)
 Metaspace       used 15080K, capacity 15269K, committed 15360K, reserved 15744K
}
Event: 4.294 GC heap after
{Heap after GC invocations=15 (full 3):
 def new generation   total 17664K, used 912K [0x05000000, 0x06320000, 0x0a550000)
  eden space 15744K,   5% used [0x05000000, 0x050e4390, 0x05f60000)
  from space 1920K,   0% used [0x05f60000, 0x05f60000, 0x06140000)
  to   space 1920K,   0% used [0x06140000, 0x06140000, 0x06320000)
 tenured generation   total 39040K, used 23423K [0x0a550000, 0x0cb70000, 0x15000000)
   the space 39040K,  59% used [0x0a550000, 0x0bc2ff98, 0x0bc30000, 0x0cb70000)
 Metaspace       used 15080K, capacity 15269K, committed 15360K, reserved 15744K
}
Event: 6.405 GC heap before
{Heap before GC invocations=15 (full 3):
 def new generation   total 17664K, used 15680K [0x05000000, 0x06320000, 0x0a550000)
  eden space 15744K,  99% used [0x05000000, 0x05f501b8, 0x05f60000)
  from space 1920K,   0% used [0x05f60000, 0x05f60000, 0x06140000)
  to   space 1920K,   0% used [0x06140000, 0x06140000, 0x06320000)
 tenured generation   total 39040K, used 23423K [0x0a550000, 0x0cb70000, 0x15000000)
   the space 39040K,  59% used [0x0a550000, 0x0bc2ff98, 0x0bc30000, 0x0cb70000)
 Metaspace       used 16719K, capacity 16971K, committed 17024K, reserved 17792K
}
Event: 6.417 GC heap after
{Heap after GC invocations=16 (full 3):
 def new generation   total 17664K, used 1919K [0x05000000, 0x06320000, 0x0a550000)
  eden space 15744K,   0% used [0x05000000, 0x05000000, 0x05f60000)
  from space 1920K,  99% used [0x06140000, 0x0631fff8, 0x06320000)
  to   space 1920K,   0% used [0x05f60000, 0x05f60000, 0x06140000)
 tenured generation   total 39040K, used 25176K [0x0a550000, 0x0cb70000, 0x15000000)
   the space 39040K,  64% used [0x0a550000, 0x0bde6390, 0x0bde6400, 0x0cb70000)
 Metaspace       used 16719K, capacity 16971K, committed 17024K, reserved 17792K
}
Event: 13.551 GC heap before
{Heap before GC invocations=16 (full 3):
 def new generation   total 17664K, used 17663K [0x05000000, 0x06320000, 0x0a550000)
  eden space 15744K, 100% used [0x05000000, 0x05f60000, 0x05f60000)
  from space 1920K,  99% used [0x06140000, 0x0631fff8, 0x06320000)
  to   space 1920K,   0% used [0x05f60000, 0x05f60000, 0x06140000)
 tenured generation   total 39040K, used 25176K [0x0a550000, 0x0cb70000, 0x15000000)
   the space 39040K,  64% used [0x0a550000, 0x0bde6390, 0x0bde6400, 0x0cb70000)
 Metaspace       used 17907K, capacity 18209K, committed 18304K, reserved 18816K
}
Event: 13.561 GC heap after
{Heap after GC invocations=17 (full 3):
 def new generation   total 17664K, used 1920K [0x05000000, 0x06320000, 0x0a550000)
  eden space 15744K,   0% used [0x05000000, 0x05000000, 0x05f60000)
  from space 1920K, 100% used [0x05f60000, 0x06140000, 0x06140000)
  to   space 1920K,   0% used [0x06140000, 0x06140000, 0x06320000)
 tenured generation   total 39040K, used 30259K [0x0a550000, 0x0cb70000, 0x15000000)
   the space 39040K,  77% used [0x0a550000, 0x0c2dcc90, 0x0c2dce00, 0x0cb70000)
 Metaspace       used 17907K, capacity 18209K, committed 18304K, reserved 18816K
}
Event: 24.215 GC heap before
{Heap before GC invocations=17 (full 3):
 def new generation   total 17664K, used 17664K [0x05000000, 0x06320000, 0x0a550000)
  eden space 15744K, 100% used [0x05000000, 0x05f60000, 0x05f60000)
  from space 1920K, 100% used [0x05f60000, 0x06140000, 0x06140000)
  to   space 1920K,   0% used [0x06140000, 0x06140000, 0x06320000)
 tenured generation   total 39040K, used 30259K [0x0a550000, 0x0cb70000, 0x15000000)
   the space 39040K,  77% used [0x0a550000, 0x0c2dcc90, 0x0c2dce00, 0x0cb70000)
 Metaspace       used 19629K, capacity 20064K, committed 20096K, reserved 20864K
}
Event: 24.223 GC heap after
{Heap after GC invocations=18 (full 3):
 def new generation   total 17664K, used 1724K [0x05000000, 0x06320000, 0x0a550000)
  eden space 15744K,   0% used [0x05000000, 0x05000000, 0x05f60000)
  from space 1920K,  89% used [0x06140000, 0x062ef2d8, 0x06320000)
  to   space 1920K,   0% used [0x05f60000, 0x05f60000, 0x06140000)
 tenured generation   total 39040K, used 32169K [0x0a550000, 0x0cb70000, 0x15000000)
   the space 39040K,  82% used [0x0a550000, 0x0c4ba6c0, 0x0c4ba800, 0x0cb70000)
 Metaspace       used 19629K, capacity 20064K, committed 20096K, reserved 20864K
}
Event: 30.315 GC heap before
{Heap before GC invocations=18 (full 3):
 def new generation   total 17664K, used 17370K [0x05000000, 0x06320000, 0x0a550000)
  eden space 15744K,  99% used [0x05000000, 0x05f47650, 0x05f60000)
  from space 1920K,  89% used [0x06140000, 0x062ef2d8, 0x06320000)
  to   space 1920K,   0% used [0x05f60000, 0x05f60000, 0x06140000)
 tenured generation   total 39040K, used 32169K [0x0a550000, 0x0cb70000, 0x15000000)
   the space 39040K,  82% used [0x0a550000, 0x0c4ba6c0, 0x0c4ba800, 0x0cb70000)
 Metaspace       used 20305K, capacity 20806K, committed 20864K, reserved 20864K
}
Event: 30.327 GC heap after
{Heap after GC invocations=19 (full 3):
 def new generation   total 17664K, used 1920K [0x05000000, 0x06320000, 0x0a550000)
  eden space 15744K,   0% used [0x05000000, 0x05000000, 0x05f60000)
  from space 1920K, 100% used [0x05f60000, 0x06140000, 0x06140000)
  to   space 1920K,   0% used [0x06140000, 0x06140000, 0x06320000)
 tenured generation   total 39040K, used 37335K [0x0a550000, 0x0cb70000, 0x15000000)
   the space 39040K,  95% used [0x0a550000, 0x0c9c5e38, 0x0c9c6000, 0x0cb70000)
 Metaspace       used 20305K, capacity 20806K, committed 20864K, reserved 20864K
}
Event: 31.155 GC heap before
{Heap before GC invocations=19 (full 3):
 def new generation   total 17664K, used 17664K [0x05000000, 0x06320000, 0x0a550000)
  eden space 15744K, 100% used [0x05000000, 0x05f60000, 0x05f60000)
  from space 1920K, 100% used [0x05f60000, 0x06140000, 0x06140000)
  to   space 1920K,   0% used [0x06140000, 0x06140000, 0x06320000)
 tenured generation   total 39040K, used 37335K [0x0a550000, 0x0cb70000, 0x15000000)
   the space 39040K,  95% used [0x0a550000, 0x0c9c5e38, 0x0c9c6000, 0x0cb70000)
 Metaspace       used 20305K, capacity 20806K, committed 20864K, reserved 20864K
}
Event: 31.209 GC heap after
{Heap after GC invocations=20 (full 4):
 def new generation   total 36096K, used 0K [0x05000000, 0x07720000, 0x0a550000)
  eden space 32128K,   0% used [0x05000000, 0x05000000, 0x06f60000)
  from space 3968K,   0% used [0x06f60000, 0x06f60000, 0x07340000)
  to   space 3968K,   0% used [0x07340000, 0x07340000, 0x07720000)
 tenured generation   total 80088K, used 48050K [0x0a550000, 0x0f386000, 0x15000000)
   the space 80088K,  59% used [0x0a550000, 0x0d43caa0, 0x0d43cc00, 0x0f386000)
 Metaspace       used 20078K, capacity 20528K, committed 20864K, reserved 20864K
}
Event: 33.653 GC heap before
{Heap before GC invocations=20 (full 4):
 def new generation   total 36096K, used 32042K [0x05000000, 0x07720000, 0x0a550000)
  eden space 32128K,  99% used [0x05000000, 0x06f4ab38, 0x06f60000)
  from space 3968K,   0% used [0x06f60000, 0x06f60000, 0x07340000)
  to   space 3968K,   0% used [0x07340000, 0x07340000, 0x07720000)
 tenured generation   total 80088K, used 48050K [0x0a550000, 0x0f386000, 0x15000000)
   the space 80088K,  59% used [0x0a550000, 0x0d43caa0, 0x0d43cc00, 0x0f386000)
 Metaspace       used 20086K, capacity 20531K, committed 20864K, reserved 20864K
}
Event: 33.667 GC heap after
{Heap after GC invocations=21 (full 4):
 def new generation   total 36096K, used 3968K [0x05000000, 0x07720000, 0x0a550000)
  eden space 32128K,   0% used [0x05000000, 0x05000000, 0x06f60000)
  from space 3968K, 100% used [0x07340000, 0x07720000, 0x07720000)
  to   space 3968K,   0% used [0x06f60000, 0x06f60000, 0x07340000)
 tenured generation   total 80088K, used 66240K [0x0a550000, 0x0f386000, 0x15000000)
   the space 80088K,  82% used [0x0a550000, 0x0e6002c0, 0x0e600400, 0x0f386000)
 Metaspace       used 20086K, capacity 20531K, committed 20864K, reserved 20864K
}
Event: 46.124 GC heap before
{Heap before GC invocations=21 (full 4):
 def new generation   total 36096K, used 35667K [0x05000000, 0x07720000, 0x0a550000)
  eden space 32128K,  98% used [0x05000000, 0x06ef4ef8, 0x06f60000)
  from space 3968K, 100% used [0x07340000, 0x07720000, 0x07720000)
  to   space 3968K,   0% used [0x06f60000, 0x06f60000, 0x07340000)
 tenured generation   total 80088K, used 66240K [0x0a550000, 0x0f386000, 0x15000000)
   the space 80088K,  82% used [0x0a550000, 0x0e6002c0, 0x0e600400, 0x0f386000)
 Metaspace       used 20210K, capacity 20664K, committed 20992K, reserved 21888K
}
Event: 46.159 GC heap after
{Heap after GC invocations=22 (full 5):
 def new generation   total 63936K, used 3794K [0x05000000, 0x09560000, 0x0a550000)
  eden space 56832K,   6% used [0x05000000, 0x053b48e0, 0x08780000)
  from space 7104K,   0% used [0x08780000, 0x08780000, 0x08e70000)
  to   space 7104K,   0% used [0x08e70000, 0x08e70000, 0x09560000)
 tenured generation   total 142008K, used 85203K [0x0a550000, 0x12ffe000, 0x15000000)
   the space 142008K,  59% used [0x0a550000, 0x0f884fc0, 0x0f885000, 0x12ffe000)
 Metaspace       used 20028K, capacity 20439K, committed 20992K, reserved 21888K
}
Event: 70.466 GC heap before
{Heap before GC invocations=22 (full 5):
 def new generation   total 63936K, used 56073K [0x05000000, 0x09560000, 0x0a550000)
  eden space 56832K,  98% used [0x05000000, 0x086c27c8, 0x08780000)
  from space 7104K,   0% used [0x08780000, 0x08780000, 0x08e70000)
  to   space 7104K,   0% used [0x08e70000, 0x08e70000, 0x09560000)
 tenured generation   total 142008K, used 85203K [0x0a550000, 0x12ffe000, 0x15000000)
   the space 142008K,  59% used [0x0a550000, 0x0f884fc0, 0x0f885000, 0x12ffe000)
 Metaspace       used 21187K, capacity 21645K, committed 21888K, reserved 21888K
}
Event: 70.488 GC heap after
{Heap after GC invocations=23 (full 5):
 def new generation   total 63936K, used 7104K [0x05000000, 0x09560000, 0x0a550000)
  eden space 56832K,   0% used [0x05000000, 0x05000000, 0x08780000)
  from space 7104K, 100% used [0x08e70000, 0x09560000, 0x09560000)
  to   space 7104K,   0% used [0x08780000, 0x08780000, 0x08e70000)
 tenured generation   total 142008K, used 96317K [0x0a550000, 0x12ffe000, 0x15000000)
   the space 142008K,  67% used [0x0a550000, 0x1035f590, 0x1035f600, 0x12ffe000)
 Metaspace       used 21187K, capacity 21645K, committed 21888K, reserved 21888K
}
Event: 170.958 GC heap before
{Heap before GC invocations=23 (full 5):
 def new generation   total 63936K, used 63592K [0x05000000, 0x09560000, 0x0a550000)
  eden space 56832K,  99% used [0x05000000, 0x0872a348, 0x08780000)
  from space 7104K, 100% used [0x08e70000, 0x09560000, 0x09560000)
  to   space 7104K,   0% used [0x08780000, 0x08780000, 0x08e70000)
 tenured generation   total 142008K, used 96317K [0x0a550000, 0x12ffe000, 0x15000000)
   the space 142008K,  67% used [0x0a550000, 0x1035f590, 0x1035f600, 0x12ffe000)
 Metaspace       used 21220K, capacity 21682K, committed 21888K, reserved 21888K
}
Event: 171.037 GC heap after
{Heap after GC invocations=24 (full 5):
 def new generation   total 63936K, used 1429K [0x05000000, 0x09560000, 0x0a550000)
  eden space 56832K,   0% used [0x05000000, 0x05000000, 0x08780000)
  from space 7104K,  20% used [0x08780000, 0x088e5600, 0x08e70000)
  to   space 7104K,   0% used [0x08e70000, 0x08e70000, 0x09560000)
 tenured generation   total 142008K, used 103379K [0x0a550000, 0x12ffe000, 0x15000000)
   the space 142008K,  72% used [0x0a550000, 0x10a44ef8, 0x10a45000, 0x12ffe000)
 Metaspace       used 21220K, capacity 21682K, committed 21888K, reserved 21888K
}

