# JRE version: OpenJDK Runtime Environment Temurin-11.0.21+9 (11.0.21+9) (build 11.0.21+9)
# Java VM: OpenJDK Client VM Temurin-11.0.21+9 (11.0.21+9, mixed mode, serial gc, windows-x86)
Heap:
 def new generation   total 70656K, used 41333K [0x05800000, 0x0a4a0000, 0x0ad50000)
  eden space 62848K,  65% used [0x05800000, 0x0805d620, 0x09560000)
  from space 7808K,   0% used [0x09560000, 0x09560000, 0x09d00000)
  to   space 7808K,   0% used [0x09d00000, 0x09d00000, 0x0a4a0000)
 tenured generation   total 156888K, used 94132K [0x0ad50000, 0x14686000, 0x15800000)
   the space 156888K,  59% used [0x0ad50000, 0x1093d2f0, 0x1093d400, 0x14686000)
 Metaspace       used 19041K, capacity 19338K, committed 19456K, reserved 19840K
GC Heap History (20 events):
Event: 8.599 GC heap before
{Heap before GC invocations=13 (full 1):
 def new generation   total 4992K, used 4637K [0x05800000, 0x05d60000, 0x0ad50000)
  eden space 4480K,  96% used [0x05800000, 0x05c3e098, 0x05c60000)
  from space 512K,  57% used [0x05ce0000, 0x05d29440, 0x05d60000)
  to   space 512K,   0% used [0x05c60000, 0x05c60000, 0x05ce0000)
 tenured generation   total 10944K, used 10011K [0x0ad50000, 0x0b800000, 0x15800000)
   the space 10944K,  91% used [0x0ad50000, 0x0b716e18, 0x0b717000, 0x0b800000)
 Metaspace       used 15079K, capacity 15269K, committed 15360K, reserved 15744K
}
Event: 8.613 GC heap after
{Heap after GC invocations=14 (full 2):
 def new generation   total 9792K, used 177K [0x05800000, 0x06290000, 0x0ad50000)
  eden space 8768K,   2% used [0x05800000, 0x0582c5d0, 0x06090000)
  from space 1024K,   0% used [0x06090000, 0x06090000, 0x06190000)
  to   space 1024K,   0% used [0x06190000, 0x06190000, 0x06290000)
 tenured generation   total 21492K, used 12892K [0x0ad50000, 0x0c24d000, 0x15800000)
   the space 21492K,  59% used [0x0ad50000, 0x0b9e73f8, 0x0b9e7400, 0x0c24d000)
 Metaspace       used 15079K, capacity 15269K, committed 15360K, reserved 15744K
}
Event: 12.714 GC heap before
{Heap before GC invocations=14 (full 2):
 def new generation   total 9792K, used 8753K [0x05800000, 0x06290000, 0x0ad50000)
  eden space 8768K,  99% used [0x05800000, 0x0608c530, 0x06090000)
  from space 1024K,   0% used [0x06090000, 0x06090000, 0x06190000)
  to   space 1024K,   0% used [0x06190000, 0x06190000, 0x06290000)
 tenured generation   total 21492K, used 12892K [0x0ad50000, 0x0c24d000, 0x15800000)
   the space 21492K,  59% used [0x0ad50000, 0x0b9e73f8, 0x0b9e7400, 0x0c24d000)
 Metaspace       used 15079K, capacity 15269K, committed 15360K, reserved 15744K
}
Event: 12.722 GC heap after
{Heap after GC invocations=15 (full 2):
 def new generation   total 9792K, used 882K [0x05800000, 0x06290000, 0x0ad50000)
  eden space 8768K,   0% used [0x05800000, 0x05800000, 0x06090000)
  from space 1024K,  86% used [0x06190000, 0x0626cb78, 0x06290000)
  to   space 1024K,   0% used [0x06090000, 0x06090000, 0x06190000)
 tenured generation   total 21492K, used 17808K [0x0ad50000, 0x0c24d000, 0x15800000)
   the space 21492K,  82% used [0x0ad50000, 0x0beb43a0, 0x0beb4400, 0x0c24d000)
 Metaspace       used 15079K, capacity 15269K, committed 15360K, reserved 15744K
}
Event: 18.367 GC heap before
{Heap before GC invocations=15 (full 2):
 def new generation   total 9792K, used 9442K [0x05800000, 0x06290000, 0x0ad50000)
  eden space 8768K,  97% used [0x05800000, 0x0605bf70, 0x06090000)
  from space 1024K,  86% used [0x06190000, 0x0626cb78, 0x06290000)
  to   space 1024K,   0% used [0x06090000, 0x06090000, 0x06190000)
 tenured generation   total 21492K, used 17808K [0x0ad50000, 0x0c24d000, 0x15800000)
   the space 21492K,  82% used [0x0ad50000, 0x0beb43a0, 0x0beb4400, 0x0c24d000)
 Metaspace       used 15079K, capacity 15269K, committed 15360K, reserved 15744K
}
Event: 18.389 GC heap after
{Heap after GC invocations=16 (full 3):
 def new generation   total 17664K, used 879K [0x05800000, 0x06b20000, 0x0ad50000)
  eden space 15744K,   5% used [0x05800000, 0x058dbf60, 0x06760000)
  from space 1920K,   0% used [0x06760000, 0x06760000, 0x06940000)
  to   space 1920K,   0% used [0x06940000, 0x06940000, 0x06b20000)
 tenured generation   total 39056K, used 23431K [0x0ad50000, 0x0d374000, 0x15800000)
   the space 39056K,  59% used [0x0ad50000, 0x0c431e18, 0x0c432000, 0x0d374000)
 Metaspace       used 14846K, capacity 14984K, committed 15360K, reserved 15744K
}
Event: 20.330 GC heap before
{Heap before GC invocations=16 (full 3):
 def new generation   total 17664K, used 15744K [0x05800000, 0x06b20000, 0x0ad50000)
  eden space 15744K, 100% used [0x05800000, 0x06760000, 0x06760000)
  from space 1920K,   0% used [0x06760000, 0x06760000, 0x06940000)
  to   space 1920K,   0% used [0x06940000, 0x06940000, 0x06b20000)
 tenured generation   total 39056K, used 23431K [0x0ad50000, 0x0d374000, 0x15800000)
   the space 39056K,  59% used [0x0ad50000, 0x0c431e18, 0x0c432000, 0x0d374000)
 Metaspace       used 16450K, capacity 16662K, committed 16768K, reserved 16768K
}
Event: 20.338 GC heap after
{Heap after GC invocations=17 (full 3):
 def new generation   total 17664K, used 1920K [0x05800000, 0x06b20000, 0x0ad50000)
  eden space 15744K,   0% used [0x05800000, 0x05800000, 0x06760000)
  from space 1920K, 100% used [0x06940000, 0x06b20000, 0x06b20000)
  to   space 1920K,   0% used [0x06760000, 0x06760000, 0x06940000)
 tenured generation   total 39056K, used 25110K [0x0ad50000, 0x0d374000, 0x15800000)
   the space 39056K,  64% used [0x0ad50000, 0x0c5d5bc0, 0x0c5d5c00, 0x0d374000)
 Metaspace       used 16450K, capacity 16662K, committed 16768K, reserved 16768K
}
Event: 26.649 GC heap before
{Heap before GC invocations=17 (full 3):
 def new generation   total 17664K, used 17664K [0x05800000, 0x06b20000, 0x0ad50000)
  eden space 15744K, 100% used [0x05800000, 0x06760000, 0x06760000)
  from space 1920K, 100% used [0x06940000, 0x06b20000, 0x06b20000)
  to   space 1920K,   0% used [0x06760000, 0x06760000, 0x06940000)
 tenured generation   total 39056K, used 25110K [0x0ad50000, 0x0d374000, 0x15800000)
   the space 39056K,  64% used [0x0ad50000, 0x0c5d5bc0, 0x0c5d5c00, 0x0d374000)
 Metaspace       used 17582K, capacity 17816K, committed 17920K, reserved 18816K
}
Event: 26.656 GC heap after
{Heap after GC invocations=18 (full 3):
 def new generation   total 17664K, used 1920K [0x05800000, 0x06b20000, 0x0ad50000)
  eden space 15744K,   0% used [0x05800000, 0x05800000, 0x06760000)
  from space 1920K, 100% used [0x06760000, 0x06940000, 0x06940000)
  to   space 1920K,   0% used [0x06940000, 0x06940000, 0x06b20000)
 tenured generation   total 39056K, used 31003K [0x0ad50000, 0x0d374000, 0x15800000)
   the space 39056K,  79% used [0x0ad50000, 0x0cb96d18, 0x0cb96e00, 0x0d374000)
 Metaspace       used 17582K, capacity 17816K, committed 17920K, reserved 18816K
}
Event: 27.375 GC heap before
{Heap before GC invocations=18 (full 3):
 def new generation   total 17664K, used 17240K [0x05800000, 0x06b20000, 0x0ad50000)
  eden space 15744K,  97% used [0x05800000, 0x066f6280, 0x06760000)
  from space 1920K, 100% used [0x06760000, 0x06940000, 0x06940000)
  to   space 1920K,   0% used [0x06940000, 0x06940000, 0x06b20000)
 tenured generation   total 39056K, used 31003K [0x0ad50000, 0x0d374000, 0x15800000)
   the space 39056K,  79% used [0x0ad50000, 0x0cb96d18, 0x0cb96e00, 0x0d374000)
 Metaspace       used 17582K, capacity 17816K, committed 17920K, reserved 18816K
}
Event: 27.408 GC heap after
{Heap after GC invocations=19 (full 4):
 def new generation   total 31296K, used 443K [0x05800000, 0x079f0000, 0x0ad50000)
  eden space 27840K,   1% used [0x05800000, 0x0586ee90, 0x07330000)
  from space 3456K,   0% used [0x07330000, 0x07330000, 0x07690000)
  to   space 3456K,   0% used [0x07690000, 0x07690000, 0x079f0000)
 tenured generation   total 69412K, used 41646K [0x0ad50000, 0x0f119000, 0x15800000)
   the space 69412K,  59% used [0x0ad50000, 0x0d5fbb68, 0x0d5fbc00, 0x0f119000)
 Metaspace       used 17548K, capacity 17774K, committed 17920K, reserved 18816K
}
Event: 29.430 GC heap before
{Heap before GC invocations=19 (full 4):
 def new generation   total 31296K, used 27840K [0x05800000, 0x079f0000, 0x0ad50000)
  eden space 27840K, 100% used [0x05800000, 0x07330000, 0x07330000)
  from space 3456K,   0% used [0x07330000, 0x07330000, 0x07690000)
  to   space 3456K,   0% used [0x07690000, 0x07690000, 0x079f0000)
 tenured generation   total 69412K, used 41646K [0x0ad50000, 0x0f119000, 0x15800000)
   the space 69412K,  59% used [0x0ad50000, 0x0d5fbb68, 0x0d5fbc00, 0x0f119000)
 Metaspace       used 17566K, capacity 17806K, committed 17920K, reserved 18816K
}
Event: 29.447 GC heap after
{Heap after GC invocations=20 (full 4):
 def new generation   total 31296K, used 3227K [0x05800000, 0x079f0000, 0x0ad50000)
  eden space 27840K,   0% used [0x05800000, 0x05800000, 0x07330000)
  from space 3456K,  93% used [0x07690000, 0x079b6e58, 0x079f0000)
  to   space 3456K,   0% used [0x07330000, 0x07330000, 0x07690000)
 tenured generation   total 69412K, used 58037K [0x0ad50000, 0x0f119000, 0x15800000)
   the space 69412K,  83% used [0x0ad50000, 0x0e5fd518, 0x0e5fd600, 0x0f119000)
 Metaspace       used 17566K, capacity 17806K, committed 17920K, reserved 18816K
}
Event: 63.225 GC heap before
{Heap before GC invocations=20 (full 4):
 def new generation   total 31296K, used 31067K [0x05800000, 0x079f0000, 0x0ad50000)
  eden space 27840K, 100% used [0x05800000, 0x07330000, 0x07330000)
  from space 3456K,  93% used [0x07690000, 0x079b6e58, 0x079f0000)
  to   space 3456K,   0% used [0x07330000, 0x07330000, 0x07690000)
 tenured generation   total 69412K, used 58037K [0x0ad50000, 0x0f119000, 0x15800000)
   the space 69412K,  83% used [0x0ad50000, 0x0e5fd518, 0x0e5fd600, 0x0f119000)
 Metaspace       used 18996K, capacity 19311K, committed 19328K, reserved 19840K
}
Event: 63.235 GC heap after
{Heap after GC invocations=21 (full 4):
 def new generation   total 31296K, used 3456K [0x05800000, 0x079f0000, 0x0ad50000)
  eden space 27840K,   0% used [0x05800000, 0x05800000, 0x07330000)
  from space 3456K, 100% used [0x07330000, 0x07690000, 0x07690000)
  to   space 3456K,   0% used [0x07690000, 0x07690000, 0x079f0000)
 tenured generation   total 69412K, used 63896K [0x0ad50000, 0x0f119000, 0x15800000)
   the space 69412K,  92% used [0x0ad50000, 0x0ebb63d0, 0x0ebb6400, 0x0f119000)
 Metaspace       used 18996K, capacity 19311K, committed 19328K, reserved 19840K
}
Event: 84.421 GC heap before
{Heap before GC invocations=21 (full 4):
 def new generation   total 31296K, used 15630K [0x05800000, 0x079f0000, 0x0ad50000)
  eden space 27840K,  43% used [0x05800000, 0x063e3930, 0x07330000)
  from space 3456K, 100% used [0x07330000, 0x07690000, 0x07690000)
  to   space 3456K,   0% used [0x07690000, 0x07690000, 0x079f0000)
 tenured generation   total 69412K, used 63896K [0x0ad50000, 0x0f119000, 0x15800000)
   the space 69412K,  92% used [0x0ad50000, 0x0ebb63d0, 0x0ebb6400, 0x0f119000)
 Metaspace       used 19001K, capacity 19313K, committed 19328K, reserved 19840K
}
Event: 84.429 GC heap after
{Heap after GC invocations=22 (full 4):
 def new generation   total 31296K, used 1775K [0x05800000, 0x079f0000, 0x0ad50000)
  eden space 27840K,   0% used [0x05800000, 0x05800000, 0x07330000)
  from space 3456K,  51% used [0x07690000, 0x0784bc00, 0x079f0000)
  to   space 3456K,   0% used [0x07330000, 0x07330000, 0x07690000)
 tenured generation   total 69412K, used 68668K [0x0ad50000, 0x0f119000, 0x15800000)
   the space 69412K,  98% used [0x0ad50000, 0x0f05f068, 0x0f05f200, 0x0f119000)
 Metaspace       used 19001K, capacity 19313K, committed 19328K, reserved 19840K
}
Event: 85.341 GC heap before
{Heap before GC invocations=22 (full 4):
 def new generation   total 31296K, used 27225K [0x05800000, 0x079f0000, 0x0ad50000)
  eden space 27840K,  91% used [0x05800000, 0x070dab20, 0x07330000)
  from space 3456K,  51% used [0x07690000, 0x0784bc00, 0x079f0000)
  to   space 3456K,   0% used [0x07330000, 0x07330000, 0x07690000)
 tenured generation   total 69412K, used 68668K [0x0ad50000, 0x0f119000, 0x15800000)
   the space 69412K,  98% used [0x0ad50000, 0x0f05f068, 0x0f05f200, 0x0f119000)
 Metaspace       used 19007K, capacity 19321K, committed 19328K, reserved 19840K
}
Event: 85.370 GC heap after
{Heap after GC invocations=23 (full 5):
 def new generation   total 70656K, used 930K [0x05800000, 0x0a4a0000, 0x0ad50000)
  eden space 62848K,   1% used [0x05800000, 0x058e8b80, 0x09560000)
  from space 7808K,   0% used [0x09560000, 0x09560000, 0x09d00000)
  to   space 7808K,   0% used [0x09d00000, 0x09d00000, 0x0a4a0000)
 tenured generation   total 156888K, used 94132K [0x0ad50000, 0x14686000, 0x15800000)
   the space 156888K,  59% used [0x0ad50000, 0x1093d2f0, 0x1093d400, 0x14686000)
 Metaspace       used 18874K, capacity 19156K, committed 19328K, reserved 19840K
}

