# JRE version: OpenJDK Runtime Environment Temurin-11.0.21+9 (11.0.21+9) (build 11.0.21+9)
# Java VM: OpenJDK Client VM Temurin-11.0.21+9 (11.0.21+9, mixed mode, serial gc, windows-x86)
Heap:
 def new generation   total 78656K, used 62821K [0x05200000, 0x0a750000, 0x0a750000)
  eden space 69952K,  83% used [0x05200000, 0x08ad8c00, 0x09650000)
  from space 8704K,  52% used [0x09650000, 0x09ad08c8, 0x09ed0000)
  to   space 8704K,   0% used [0x09ed0000, 0x09ed0000, 0x0a750000)
 tenured generation   total 174784K, used 108892K [0x0a750000, 0x15200000, 0x15200000)
   the space 174784K,  62% used [0x0a750000, 0x111a72a8, 0x111a7400, 0x15200000)
 Metaspace       used 21788K, capacity 22279K, committed 22400K, reserved 22912K
GC Heap History (20 events):
Event: 47.816 GC heap before
{Heap before GC invocations=20 (full 4):
 def new generation   total 33536K, used 33536K [0x05200000, 0x07660000, 0x0a750000)
  eden space 29824K, 100% used [0x05200000, 0x06f20000, 0x06f20000)
  from space 3712K, 100% used [0x072c0000, 0x07660000, 0x07660000)
  to   space 3712K,   0% used [0x06f20000, 0x06f20000, 0x072c0000)
 tenured generation   total 74468K, used 61527K [0x0a750000, 0x0f009000, 0x15200000)
   the space 74468K,  82% used [0x0a750000, 0x0e365f90, 0x0e366000, 0x0f009000)
 Metaspace       used 20273K, capacity 20720K, committed 20736K, reserved 20864K
}
Event: 47.827 GC heap after
{Heap after GC invocations=21 (full 4):
 def new generation   total 33536K, used 3712K [0x05200000, 0x07660000, 0x0a750000)
  eden space 29824K,   0% used [0x05200000, 0x05200000, 0x06f20000)
  from space 3712K, 100% used [0x06f20000, 0x072c0000, 0x072c0000)
  to   space 3712K,   0% used [0x072c0000, 0x072c0000, 0x07660000)
 tenured generation   total 74468K, used 67412K [0x0a750000, 0x0f009000, 0x15200000)
   the space 74468K,  90% used [0x0a750000, 0x0e925258, 0x0e925400, 0x0f009000)
 Metaspace       used 20273K, capacity 20720K, committed 20736K, reserved 20864K
}
Event: 72.652 GC heap before
{Heap before GC invocations=21 (full 4):
 def new generation   total 33536K, used 33406K [0x05200000, 0x07660000, 0x0a750000)
  eden space 29824K,  99% used [0x05200000, 0x06eff9e0, 0x06f20000)
  from space 3712K, 100% used [0x06f20000, 0x072c0000, 0x072c0000)
  to   space 3712K,   0% used [0x072c0000, 0x072c0000, 0x07660000)
 tenured generation   total 74468K, used 67412K [0x0a750000, 0x0f009000, 0x15200000)
   the space 74468K,  90% used [0x0a750000, 0x0e925258, 0x0e925400, 0x0f009000)
 Metaspace       used 20500K, capacity 21012K, committed 21120K, reserved 21888K
}
Event: 72.709 GC heap after
{Heap after GC invocations=22 (full 5):
 def new generation   total 59456K, used 3365K [0x05200000, 0x09280000, 0x0a750000)
  eden space 52864K,   6% used [0x05200000, 0x055494c0, 0x085a0000)
  from space 6592K,   0% used [0x085a0000, 0x085a0000, 0x08c10000)
  to   space 6592K,   0% used [0x08c10000, 0x08c10000, 0x09280000)
 tenured generation   total 131952K, used 79170K [0x0a750000, 0x1282c000, 0x15200000)
   the space 131952K,  59% used [0x0a750000, 0x0f4a0b70, 0x0f4a0c00, 0x1282c000)
 Metaspace       used 20127K, capacity 20553K, committed 21120K, reserved 21888K
}
Event: 76.466 GC heap before
{Heap before GC invocations=22 (full 5):
 def new generation   total 59456K, used 52714K [0x05200000, 0x09280000, 0x0a750000)
  eden space 52864K,  99% used [0x05200000, 0x0857a828, 0x085a0000)
  from space 6592K,   0% used [0x085a0000, 0x085a0000, 0x08c10000)
  to   space 6592K,   0% used [0x08c10000, 0x08c10000, 0x09280000)
 tenured generation   total 131952K, used 79170K [0x0a750000, 0x1282c000, 0x15200000)
   the space 131952K,  59% used [0x0a750000, 0x0f4a0b70, 0x0f4a0c00, 0x1282c000)
 Metaspace       used 20129K, capacity 20555K, committed 21120K, reserved 21888K
}
Event: 76.521 GC heap after
{Heap after GC invocations=23 (full 5):
 def new generation   total 59456K, used 6592K [0x05200000, 0x09280000, 0x0a750000)
  eden space 52864K,   0% used [0x05200000, 0x05200000, 0x085a0000)
  from space 6592K, 100% used [0x08c10000, 0x09280000, 0x09280000)
  to   space 6592K,   0% used [0x085a0000, 0x085a0000, 0x08c10000)
 tenured generation   total 131952K, used 108496K [0x0a750000, 0x1282c000, 0x15200000)
   the space 131952K,  82% used [0x0a750000, 0x11144298, 0x11144400, 0x1282c000)
 Metaspace       used 20129K, capacity 20555K, committed 21120K, reserved 21888K
}
Event: 106.753 GC heap before
{Heap before GC invocations=23 (full 5):
 def new generation   total 59456K, used 59456K [0x05200000, 0x09280000, 0x0a750000)
  eden space 52864K, 100% used [0x05200000, 0x085a0000, 0x085a0000)
  from space 6592K, 100% used [0x08c10000, 0x09280000, 0x09280000)
  to   space 6592K,   0% used [0x085a0000, 0x085a0000, 0x08c10000)
 tenured generation   total 131952K, used 108496K [0x0a750000, 0x1282c000, 0x15200000)
   the space 131952K,  82% used [0x0a750000, 0x11144298, 0x11144400, 0x1282c000)
 Metaspace       used 20667K, capacity 21109K, committed 21504K, reserved 21888K
}
Event: 106.777 GC heap after
{Heap after GC invocations=24 (full 5):
 def new generation   total 59456K, used 6592K [0x05200000, 0x09280000, 0x0a750000)
  eden space 52864K,   0% used [0x05200000, 0x05200000, 0x085a0000)
  from space 6592K, 100% used [0x085a0000, 0x08c10000, 0x08c10000)
  to   space 6592K,   0% used [0x08c10000, 0x08c10000, 0x09280000)
 tenured generation   total 131952K, used 128346K [0x0a750000, 0x1282c000, 0x15200000)
   the space 131952K,  97% used [0x0a750000, 0x124a6848, 0x124a6a00, 0x1282c000)
 Metaspace       used 20667K, capacity 21109K, committed 21504K, reserved 21888K
}
Event: 134.340 GC heap before
{Heap before GC invocations=24 (full 5):
 def new generation   total 59456K, used 59456K [0x05200000, 0x09280000, 0x0a750000)
  eden space 52864K, 100% used [0x05200000, 0x085a0000, 0x085a0000)
  from space 6592K, 100% used [0x085a0000, 0x08c10000, 0x08c10000)
  to   space 6592K,   0% used [0x08c10000, 0x08c10000, 0x09280000)
 tenured generation   total 131952K, used 128346K [0x0a750000, 0x1282c000, 0x15200000)
   the space 131952K,  97% used [0x0a750000, 0x124a6848, 0x124a6a00, 0x1282c000)
 Metaspace       used 21279K, capacity 21756K, committed 21888K, reserved 21888K
}
Event: 134.413 GC heap after
{Heap after GC invocations=25 (full 6):
 def new generation   total 78656K, used 6406K [0x05200000, 0x0a750000, 0x0a750000)
  eden space 69952K,   9% used [0x05200000, 0x05841b18, 0x09650000)
  from space 8704K,   0% used [0x09650000, 0x09650000, 0x09ed0000)
  to   space 8704K,   0% used [0x09ed0000, 0x09ed0000, 0x0a750000)
 tenured generation   total 174784K, used 133855K [0x0a750000, 0x15200000, 0x15200000)
   the space 174784K,  76% used [0x0a750000, 0x12a07fd0, 0x12a08000, 0x15200000)
 Metaspace       used 21251K, capacity 21722K, committed 21888K, reserved 21888K
}
Event: 164.472 GC heap before
{Heap before GC invocations=25 (full 6):
 def new generation   total 78656K, used 49271K [0x05200000, 0x0a750000, 0x0a750000)
  eden space 69952K,  70% used [0x05200000, 0x0821dc60, 0x09650000)
  from space 8704K,   0% used [0x09650000, 0x09650000, 0x09ed0000)
  to   space 8704K,   0% used [0x09ed0000, 0x09ed0000, 0x0a750000)
 tenured generation   total 174784K, used 133855K [0x0a750000, 0x15200000, 0x15200000)
   the space 174784K,  76% used [0x0a750000, 0x12a07fd0, 0x12a08000, 0x15200000)
 Metaspace       used 21272K, capacity 21765K, committed 22016K, reserved 22912K
}
Event: 164.508 GC heap after
{Heap after GC invocations=26 (full 6):
 def new generation   total 78656K, used 8704K [0x05200000, 0x0a750000, 0x0a750000)
  eden space 69952K,   0% used [0x05200000, 0x05200000, 0x09650000)
  from space 8704K, 100% used [0x09ed0000, 0x0a750000, 0x0a750000)
  to   space 8704K,   0% used [0x09650000, 0x09650000, 0x09ed0000)
 tenured generation   total 174784K, used 144262K [0x0a750000, 0x15200000, 0x15200000)
   the space 174784K,  82% used [0x0a750000, 0x13431b80, 0x13431c00, 0x15200000)
 Metaspace       used 21272K, capacity 21765K, committed 22016K, reserved 22912K
}
Event: 181.389 GC heap before
{Heap before GC invocations=26 (full 6):
 def new generation   total 78656K, used 78656K [0x05200000, 0x0a750000, 0x0a750000)
  eden space 69952K, 100% used [0x05200000, 0x09650000, 0x09650000)
  from space 8704K, 100% used [0x09ed0000, 0x0a750000, 0x0a750000)
  to   space 8704K,   0% used [0x09650000, 0x09650000, 0x09ed0000)
 tenured generation   total 174784K, used 144262K [0x0a750000, 0x15200000, 0x15200000)
   the space 174784K,  82% used [0x0a750000, 0x13431b80, 0x13431c00, 0x15200000)
 Metaspace       used 21305K, capacity 21796K, committed 22016K, reserved 22912K
}
Event: 181.404 GC heap after
{Heap after GC invocations=27 (full 6):
 def new generation   total 78656K, used 1468K [0x05200000, 0x0a750000, 0x0a750000)
  eden space 69952K,   0% used [0x05200000, 0x05200000, 0x09650000)
  from space 8704K,  16% used [0x09650000, 0x097bf2e0, 0x09ed0000)
  to   space 8704K,   0% used [0x09ed0000, 0x09ed0000, 0x0a750000)
 tenured generation   total 174784K, used 151632K [0x0a750000, 0x15200000, 0x15200000)
   the space 174784K,  86% used [0x0a750000, 0x13b641e8, 0x13b64200, 0x15200000)
 Metaspace       used 21305K, capacity 21796K, committed 22016K, reserved 22912K
}
Event: 224.086 GC heap before
{Heap before GC invocations=27 (full 6):
 def new generation   total 78656K, used 71037K [0x05200000, 0x0a750000, 0x0a750000)
  eden space 69952K,  99% used [0x05200000, 0x095f02a0, 0x09650000)
  from space 8704K,  16% used [0x09650000, 0x097bf2e0, 0x09ed0000)
  to   space 8704K,   0% used [0x09ed0000, 0x09ed0000, 0x0a750000)
 tenured generation   total 174784K, used 151632K [0x0a750000, 0x15200000, 0x15200000)
   the space 174784K,  86% used [0x0a750000, 0x13b641e8, 0x13b64200, 0x15200000)
 Metaspace       used 21428K, capacity 21912K, committed 22016K, reserved 22912K
}
Event: 224.104 GC heap after
{Heap after GC invocations=28 (full 6):
 def new generation   total 78656K, used 8704K [0x05200000, 0x0a750000, 0x0a750000)
  eden space 69952K,   0% used [0x05200000, 0x05200000, 0x09650000)
  from space 8704K, 100% used [0x09ed0000, 0x0a750000, 0x0a750000)
  to   space 8704K,   0% used [0x09650000, 0x09650000, 0x09ed0000)
 tenured generation   total 174784K, used 157608K [0x0a750000, 0x15200000, 0x15200000)
   the space 174784K,  90% used [0x0a750000, 0x1413a198, 0x1413a200, 0x15200000)
 Metaspace       used 21428K, capacity 21912K, committed 22016K, reserved 22912K
}
Event: 259.075 GC heap before
{Heap before GC invocations=28 (full 6):
 def new generation   total 78656K, used 78656K [0x05200000, 0x0a750000, 0x0a750000)
  eden space 69952K, 100% used [0x05200000, 0x09650000, 0x09650000)
  from space 8704K, 100% used [0x09ed0000, 0x0a750000, 0x0a750000)
  to   space 8704K,   0% used [0x09650000, 0x09650000, 0x09ed0000)
 tenured generation   total 174784K, used 157608K [0x0a750000, 0x15200000, 0x15200000)
   the space 174784K,  90% used [0x0a750000, 0x1413a198, 0x1413a200, 0x15200000)
 Metaspace       used 21779K, capacity 22283K, committed 22400K, reserved 22912K
}
Event: 259.165 GC heap after
{Heap after GC invocations=29 (full 7):
 def new generation   total 78656K, used 0K [0x05200000, 0x0a750000, 0x0a750000)
  eden space 69952K,   0% used [0x05200000, 0x05200000, 0x09650000)
  from space 8704K,   0% used [0x09ed0000, 0x09ed0000, 0x0a750000)
  to   space 8704K,   0% used [0x09650000, 0x09650000, 0x09ed0000)
 tenured generation   total 174784K, used 108892K [0x0a750000, 0x15200000, 0x15200000)
   the space 174784K,  62% used [0x0a750000, 0x111a72a8, 0x111a7400, 0x15200000)
 Metaspace       used 21732K, capacity 22225K, committed 22400K, reserved 22912K
}
Event: 281.029 GC heap before
{Heap before GC invocations=29 (full 7):
 def new generation   total 78656K, used 68415K [0x05200000, 0x0a750000, 0x0a750000)
  eden space 69952K,  97% used [0x05200000, 0x094cfee0, 0x09650000)
  from space 8704K,   0% used [0x09ed0000, 0x09ed0000, 0x0a750000)
  to   space 8704K,   0% used [0x09650000, 0x09650000, 0x09ed0000)
 tenured generation   total 174784K, used 108892K [0x0a750000, 0x15200000, 0x15200000)
   the space 174784K,  62% used [0x0a750000, 0x111a72a8, 0x111a7400, 0x15200000)
 Metaspace       used 21748K, capacity 22240K, committed 22400K, reserved 22912K
}
Event: 281.035 GC heap after
{Heap after GC invocations=30 (full 7):
 def new generation   total 78656K, used 4610K [0x05200000, 0x0a750000, 0x0a750000)
  eden space 69952K,   0% used [0x05200000, 0x05200000, 0x09650000)
  from space 8704K,  52% used [0x09650000, 0x09ad08c8, 0x09ed0000)
  to   space 8704K,   0% used [0x09ed0000, 0x09ed0000, 0x0a750000)
 tenured generation   total 174784K, used 108892K [0x0a750000, 0x15200000, 0x15200000)
   the space 174784K,  62% used [0x0a750000, 0x111a72a8, 0x111a7400, 0x15200000)
 Metaspace       used 21748K, capacity 22240K, committed 22400K, reserved 22912K
}

