# JRE version: OpenJDK Runtime Environment Temurin-11.0.21+9 (11.0.21+9) (build 11.0.21+9)
# Java VM: OpenJDK Client VM Temurin-11.0.21+9 (11.0.21+9, mixed mode, serial gc, windows-x86)
Heap:
 def new generation   total 60096K, used 10556K [0x04c00000, 0x08d30000, 0x0a150000)
  eden space 53440K,  19% used [0x04c00000, 0x0564f1d8, 0x08030000)
  from space 6656K,   0% used [0x08030000, 0x08030000, 0x086b0000)
  to   space 6656K,   0% used [0x086b0000, 0x086b0000, 0x08d30000)
 tenured generation   total 133464K, used 80076K [0x0a150000, 0x123a6000, 0x14c00000)
   the space 133464K,  59% used [0x0a150000, 0x0ef83058, 0x0ef83200, 0x123a6000)
 Metaspace       used 18680K, capacity 18956K, committed 19072K, reserved 19840K
GC Heap History (20 events):
Event: 7.668 GC heap before
{Heap before GC invocations=11 (full 1):
 def new generation   total 4992K, used 4840K [0x04c00000, 0x05160000, 0x0a150000)
  eden space 4480K,  96% used [0x04c00000, 0x0503a090, 0x05060000)
  from space 512K, 100% used [0x05060000, 0x050e0000, 0x050e0000)
  to   space 512K,   0% used [0x050e0000, 0x050e0000, 0x05160000)
 tenured generation   total 10944K, used 7500K [0x0a150000, 0x0ac00000, 0x14c00000)
   the space 10944K,  68% used [0x0a150000, 0x0a8a3398, 0x0a8a3400, 0x0ac00000)
 Metaspace       used 15076K, capacity 15269K, committed 15360K, reserved 15744K
}
Event: 7.672 GC heap after
{Heap after GC invocations=12 (full 1):
 def new generation   total 4992K, used 74K [0x04c00000, 0x05160000, 0x0a150000)
  eden space 4480K,   0% used [0x04c00000, 0x04c00000, 0x05060000)
  from space 512K,  14% used [0x050e0000, 0x050f2910, 0x05160000)
  to   space 512K,   0% used [0x05060000, 0x05060000, 0x050e0000)
 tenured generation   total 10944K, used 10046K [0x0a150000, 0x0ac00000, 0x14c00000)
   the space 10944K,  91% used [0x0a150000, 0x0ab1f8b0, 0x0ab1fa00, 0x0ac00000)
 Metaspace       used 15076K, capacity 15269K, committed 15360K, reserved 15744K
}
Event: 8.761 GC heap before
{Heap before GC invocations=12 (full 1):
 def new generation   total 4992K, used 4454K [0x04c00000, 0x05160000, 0x0a150000)
  eden space 4480K,  97% used [0x04c00000, 0x050470f0, 0x05060000)
  from space 512K,  14% used [0x050e0000, 0x050f2910, 0x05160000)
  to   space 512K,   0% used [0x05060000, 0x05060000, 0x050e0000)
 tenured generation   total 10944K, used 10046K [0x0a150000, 0x0ac00000, 0x14c00000)
   the space 10944K,  91% used [0x0a150000, 0x0ab1f8b0, 0x0ab1fa00, 0x0ac00000)
 Metaspace       used 15076K, capacity 15269K, committed 15360K, reserved 15744K
}
Event: 8.788 GC heap after
{Heap after GC invocations=13 (full 2):
 def new generation   total 9792K, used 0K [0x04c00000, 0x05690000, 0x0a150000)
  eden space 8768K,   0% used [0x04c00000, 0x04c00000, 0x05490000)
  from space 1024K,   0% used [0x05490000, 0x05490000, 0x05590000)
  to   space 1024K,   0% used [0x05590000, 0x05590000, 0x05690000)
 tenured generation   total 21536K, used 12920K [0x0a150000, 0x0b658000, 0x14c00000)
   the space 21536K,  59% used [0x0a150000, 0x0adee108, 0x0adee200, 0x0b658000)
 Metaspace       used 15076K, capacity 15269K, committed 15360K, reserved 15744K
}
Event: 10.926 GC heap before
{Heap before GC invocations=13 (full 2):
 def new generation   total 9792K, used 8756K [0x04c00000, 0x05690000, 0x0a150000)
  eden space 8768K,  99% used [0x04c00000, 0x0548d380, 0x05490000)
  from space 1024K,   0% used [0x05490000, 0x05490000, 0x05590000)
  to   space 1024K,   0% used [0x05590000, 0x05590000, 0x05690000)
 tenured generation   total 21536K, used 12920K [0x0a150000, 0x0b658000, 0x14c00000)
   the space 21536K,  59% used [0x0a150000, 0x0adee108, 0x0adee200, 0x0b658000)
 Metaspace       used 15076K, capacity 15269K, committed 15360K, reserved 15744K
}
Event: 10.930 GC heap after
{Heap after GC invocations=14 (full 2):
 def new generation   total 9792K, used 881K [0x04c00000, 0x05690000, 0x0a150000)
  eden space 8768K,   0% used [0x04c00000, 0x04c00000, 0x05490000)
  from space 1024K,  86% used [0x05590000, 0x0566c568, 0x05690000)
  to   space 1024K,   0% used [0x05490000, 0x05490000, 0x05590000)
 tenured generation   total 21536K, used 17836K [0x0a150000, 0x0b658000, 0x14c00000)
   the space 21536K,  82% used [0x0a150000, 0x0b2bb0b0, 0x0b2bb200, 0x0b658000)
 Metaspace       used 15076K, capacity 15269K, committed 15360K, reserved 15744K
}
Event: 13.914 GC heap before
{Heap before GC invocations=14 (full 2):
 def new generation   total 9792K, used 9640K [0x04c00000, 0x05690000, 0x0a150000)
  eden space 8768K,  99% used [0x04c00000, 0x0548ddf8, 0x05490000)
  from space 1024K,  86% used [0x05590000, 0x0566c568, 0x05690000)
  to   space 1024K,   0% used [0x05490000, 0x05490000, 0x05590000)
 tenured generation   total 21536K, used 17836K [0x0a150000, 0x0b658000, 0x14c00000)
   the space 21536K,  82% used [0x0a150000, 0x0b2bb0b0, 0x0b2bb200, 0x0b658000)
 Metaspace       used 15076K, capacity 15269K, committed 15360K, reserved 15744K
}
Event: 13.971 GC heap after
{Heap after GC invocations=15 (full 3):
 def new generation   total 17792K, used 703K [0x04c00000, 0x05f40000, 0x0a150000)
  eden space 15872K,   4% used [0x04c00000, 0x04cafc98, 0x05b80000)
  from space 1920K,   0% used [0x05b80000, 0x05b80000, 0x05d60000)
  to   space 1920K,   0% used [0x05d60000, 0x05d60000, 0x05f40000)
 tenured generation   total 39392K, used 23634K [0x0a150000, 0x0c7c8000, 0x14c00000)
   the space 39392K,  59% used [0x0a150000, 0x0b8648b8, 0x0b864a00, 0x0c7c8000)
 Metaspace       used 14843K, capacity 14984K, committed 15360K, reserved 15744K
}
Event: 18.376 GC heap before
{Heap before GC invocations=15 (full 3):
 def new generation   total 17792K, used 15872K [0x04c00000, 0x05f40000, 0x0a150000)
  eden space 15872K, 100% used [0x04c00000, 0x05b80000, 0x05b80000)
  from space 1920K,   0% used [0x05b80000, 0x05b80000, 0x05d60000)
  to   space 1920K,   0% used [0x05d60000, 0x05d60000, 0x05f40000)
 tenured generation   total 39392K, used 23634K [0x0a150000, 0x0c7c8000, 0x14c00000)
   the space 39392K,  59% used [0x0a150000, 0x0b8648b8, 0x0b864a00, 0x0c7c8000)
 Metaspace       used 16456K, capacity 16664K, committed 16768K, reserved 16768K
}
Event: 18.383 GC heap after
{Heap after GC invocations=16 (full 3):
 def new generation   total 17792K, used 1920K [0x04c00000, 0x05f40000, 0x0a150000)
  eden space 15872K,   0% used [0x04c00000, 0x04c00000, 0x05b80000)
  from space 1920K, 100% used [0x05d60000, 0x05f40000, 0x05f40000)
  to   space 1920K,   0% used [0x05b80000, 0x05b80000, 0x05d60000)
 tenured generation   total 39392K, used 25337K [0x0a150000, 0x0c7c8000, 0x14c00000)
   the space 39392K,  64% used [0x0a150000, 0x0ba0e678, 0x0ba0e800, 0x0c7c8000)
 Metaspace       used 16456K, capacity 16664K, committed 16768K, reserved 16768K
}
Event: 77.142 GC heap before
{Heap before GC invocations=16 (full 3):
 def new generation   total 17792K, used 17792K [0x04c00000, 0x05f40000, 0x0a150000)
  eden space 15872K, 100% used [0x04c00000, 0x05b80000, 0x05b80000)
  from space 1920K, 100% used [0x05d60000, 0x05f40000, 0x05f40000)
  to   space 1920K,   0% used [0x05b80000, 0x05b80000, 0x05d60000)
 tenured generation   total 39392K, used 25337K [0x0a150000, 0x0c7c8000, 0x14c00000)
   the space 39392K,  64% used [0x0a150000, 0x0ba0e678, 0x0ba0e800, 0x0c7c8000)
 Metaspace       used 17611K, capacity 17864K, committed 17920K, reserved 18816K
}
Event: 77.146 GC heap after
{Heap after GC invocations=17 (full 3):
 def new generation   total 17792K, used 1920K [0x04c00000, 0x05f40000, 0x0a150000)
  eden space 15872K,   0% used [0x04c00000, 0x04c00000, 0x05b80000)
  from space 1920K, 100% used [0x05b80000, 0x05d60000, 0x05d60000)
  to   space 1920K,   0% used [0x05d60000, 0x05d60000, 0x05f40000)
 tenured generation   total 39392K, used 28273K [0x0a150000, 0x0c7c8000, 0x14c00000)
   the space 39392K,  71% used [0x0a150000, 0x0bcec400, 0x0bcec400, 0x0c7c8000)
 Metaspace       used 17611K, capacity 17864K, committed 17920K, reserved 18816K
}
Event: 90.724 GC heap before
{Heap before GC invocations=17 (full 3):
 def new generation   total 17792K, used 17450K [0x04c00000, 0x05f40000, 0x0a150000)
  eden space 15872K,  97% used [0x04c00000, 0x05b2a9c0, 0x05b80000)
  from space 1920K, 100% used [0x05b80000, 0x05d60000, 0x05d60000)
  to   space 1920K,   0% used [0x05d60000, 0x05d60000, 0x05f40000)
 tenured generation   total 39392K, used 28273K [0x0a150000, 0x0c7c8000, 0x14c00000)
   the space 39392K,  71% used [0x0a150000, 0x0bcec400, 0x0bcec400, 0x0c7c8000)
 Metaspace       used 17674K, capacity 17919K, committed 17920K, reserved 18816K
}
Event: 90.731 GC heap after
{Heap after GC invocations=18 (full 3):
 def new generation   total 17792K, used 1692K [0x04c00000, 0x05f40000, 0x0a150000)
  eden space 15872K,   0% used [0x04c00000, 0x04c00000, 0x05b80000)
  from space 1920K,  88% used [0x05d60000, 0x05f07268, 0x05f40000)
  to   space 1920K,   0% used [0x05b80000, 0x05b80000, 0x05d60000)
 tenured generation   total 39392K, used 37681K [0x0a150000, 0x0c7c8000, 0x14c00000)
   the space 39392K,  95% used [0x0a150000, 0x0c61c418, 0x0c61c600, 0x0c7c8000)
 Metaspace       used 17674K, capacity 17919K, committed 17920K, reserved 18816K
}
Event: 92.656 GC heap before
{Heap before GC invocations=18 (full 3):
 def new generation   total 17792K, used 17456K [0x04c00000, 0x05f40000, 0x0a150000)
  eden space 15872K,  99% used [0x04c00000, 0x05b64f20, 0x05b80000)
  from space 1920K,  88% used [0x05d60000, 0x05f07268, 0x05f40000)
  to   space 1920K,   0% used [0x05b80000, 0x05b80000, 0x05d60000)
 tenured generation   total 39392K, used 37681K [0x0a150000, 0x0c7c8000, 0x14c00000)
   the space 39392K,  95% used [0x0a150000, 0x0c61c418, 0x0c61c600, 0x0c7c8000)
 Metaspace       used 17674K, capacity 17919K, committed 17920K, reserved 18816K
}
Event: 92.705 GC heap after
{Heap after GC invocations=19 (full 4):
 def new generation   total 35968K, used 0K [0x04c00000, 0x07300000, 0x0a150000)
  eden space 32000K,   0% used [0x04c00000, 0x04c00000, 0x06b40000)
  from space 3968K,   0% used [0x06b40000, 0x06b40000, 0x06f20000)
  to   space 3968K,   0% used [0x06f20000, 0x06f20000, 0x07300000)
 tenured generation   total 79816K, used 47887K [0x0a150000, 0x0ef42000, 0x14c00000)
   the space 79816K,  59% used [0x0a150000, 0x0d013d48, 0x0d013e00, 0x0ef42000)
 Metaspace       used 17541K, capacity 17756K, committed 17920K, reserved 18816K
}
Event: 103.102 GC heap before
{Heap before GC invocations=19 (full 4):
 def new generation   total 35968K, used 32000K [0x04c00000, 0x07300000, 0x0a150000)
  eden space 32000K, 100% used [0x04c00000, 0x06b40000, 0x06b40000)
  from space 3968K,   0% used [0x06b40000, 0x06b40000, 0x06f20000)
  to   space 3968K,   0% used [0x06f20000, 0x06f20000, 0x07300000)
 tenured generation   total 79816K, used 47887K [0x0a150000, 0x0ef42000, 0x14c00000)
   the space 79816K,  59% used [0x0a150000, 0x0d013d48, 0x0d013e00, 0x0ef42000)
 Metaspace       used 18377K, capacity 18660K, committed 18688K, reserved 18816K
}
Event: 103.111 GC heap after
{Heap after GC invocations=20 (full 4):
 def new generation   total 35968K, used 3968K [0x04c00000, 0x07300000, 0x0a150000)
  eden space 32000K,   0% used [0x04c00000, 0x04c00000, 0x06b40000)
  from space 3968K, 100% used [0x06f20000, 0x07300000, 0x07300000)
  to   space 3968K,   0% used [0x06b40000, 0x06b40000, 0x06f20000)
 tenured generation   total 79816K, used 61334K [0x0a150000, 0x0ef42000, 0x14c00000)
   the space 79816K,  76% used [0x0a150000, 0x0dd35880, 0x0dd35a00, 0x0ef42000)
 Metaspace       used 18377K, capacity 18660K, committed 18688K, reserved 18816K
}
Event: 109.090 GC heap before
{Heap before GC invocations=20 (full 4):
 def new generation   total 35968K, used 35968K [0x04c00000, 0x07300000, 0x0a150000)
  eden space 32000K, 100% used [0x04c00000, 0x06b40000, 0x06b40000)
  from space 3968K, 100% used [0x06f20000, 0x07300000, 0x07300000)
  to   space 3968K,   0% used [0x06b40000, 0x06b40000, 0x06f20000)
 tenured generation   total 79816K, used 61334K [0x0a150000, 0x0ef42000, 0x14c00000)
   the space 79816K,  76% used [0x0a150000, 0x0dd35880, 0x0dd35a00, 0x0ef42000)
 Metaspace       used 18402K, capacity 18689K, committed 18816K, reserved 18816K
}
Event: 109.129 GC heap after
{Heap after GC invocations=21 (full 5):
 def new generation   total 60096K, used 3665K [0x04c00000, 0x08d30000, 0x0a150000)
  eden space 53440K,   6% used [0x04c00000, 0x04f94698, 0x08030000)
  from space 6656K,   0% used [0x08030000, 0x08030000, 0x086b0000)
  to   space 6656K,   0% used [0x086b0000, 0x086b0000, 0x08d30000)
 tenured generation   total 133464K, used 80076K [0x0a150000, 0x123a6000, 0x14c00000)
   the space 133464K,  59% used [0x0a150000, 0x0ef83058, 0x0ef83200, 0x123a6000)
 Metaspace       used 18402K, capacity 18689K, committed 18816K, reserved 18816K
}

