# JRE version: OpenJDK Runtime Environment Temurin-11.0.21+9 (11.0.21+9) (build 11.0.21+9)
# Java VM: OpenJDK Client VM Temurin-11.0.21+9 (11.0.21+9, mixed mode, serial gc, windows-x86)
Heap:
 def new generation   total 33600K, used 20045K [0x05000000, 0x07470000, 0x0a550000)
  eden space 29888K,  54% used [0x05000000, 0x05ff3668, 0x06d30000)
  from space 3712K, 100% used [0x06d30000, 0x070d0000, 0x070d0000)
  to   space 3712K,   0% used [0x070d0000, 0x070d0000, 0x07470000)
 tenured generation   total 74476K, used 72690K [0x0a550000, 0x0ee0b000, 0x15000000)
   the space 74476K,  97% used [0x0a550000, 0x0ec4c9d8, 0x0ec4ca00, 0x0ee0b000)
 Metaspace       used 18879K, capacity 19183K, committed 19200K, reserved 19840K
GC Heap History (20 events):
Event: 4.084 GC heap before
{Heap before GC invocations=11 (full 1):
 def new generation   total 4992K, used 4963K [0x05000000, 0x05560000, 0x0a550000)
  eden space 4480K,  99% used [0x05000000, 0x05458f40, 0x05460000)
  from space 512K,  99% used [0x054e0000, 0x0555fff8, 0x05560000)
  to   space 512K,   0% used [0x05460000, 0x05460000, 0x054e0000)
 tenured generation   total 10944K, used 6573K [0x0a550000, 0x0b000000, 0x15000000)
   the space 10944K,  60% used [0x0a550000, 0x0abbb468, 0x0abbb600, 0x0b000000)
 Metaspace       used 14963K, capacity 15170K, committed 15232K, reserved 15744K
}
Event: 4.087 GC heap after
{Heap after GC invocations=12 (full 1):
 def new generation   total 4992K, used 512K [0x05000000, 0x05560000, 0x0a550000)
  eden space 4480K,   0% used [0x05000000, 0x05000000, 0x05460000)
  from space 512K, 100% used [0x05460000, 0x054e0000, 0x054e0000)
  to   space 512K,   0% used [0x054e0000, 0x054e0000, 0x05560000)
 tenured generation   total 10944K, used 7485K [0x0a550000, 0x0b000000, 0x15000000)
   the space 10944K,  68% used [0x0a550000, 0x0ac9f5b8, 0x0ac9f600, 0x0b000000)
 Metaspace       used 14963K, capacity 15170K, committed 15232K, reserved 15744K
}
Event: 4.781 GC heap before
{Heap before GC invocations=12 (full 1):
 def new generation   total 4992K, used 4992K [0x05000000, 0x05560000, 0x0a550000)
  eden space 4480K, 100% used [0x05000000, 0x05460000, 0x05460000)
  from space 512K, 100% used [0x05460000, 0x054e0000, 0x054e0000)
  to   space 512K,   0% used [0x054e0000, 0x054e0000, 0x05560000)
 tenured generation   total 10944K, used 7485K [0x0a550000, 0x0b000000, 0x15000000)
   the space 10944K,  68% used [0x0a550000, 0x0ac9f5b8, 0x0ac9f600, 0x0b000000)
 Metaspace       used 15079K, capacity 15269K, committed 15360K, reserved 15744K
}
Event: 4.789 GC heap after
{Heap after GC invocations=13 (full 1):
 def new generation   total 4992K, used 293K [0x05000000, 0x05560000, 0x0a550000)
  eden space 4480K,   0% used [0x05000000, 0x05000000, 0x05460000)
  from space 512K,  57% used [0x054e0000, 0x05529440, 0x05560000)
  to   space 512K,   0% used [0x05460000, 0x05460000, 0x054e0000)
 tenured generation   total 10944K, used 10021K [0x0a550000, 0x0b000000, 0x15000000)
   the space 10944K,  91% used [0x0a550000, 0x0af19420, 0x0af19600, 0x0b000000)
 Metaspace       used 15079K, capacity 15269K, committed 15360K, reserved 15744K
}
Event: 5.034 GC heap before
{Heap before GC invocations=13 (full 1):
 def new generation   total 4992K, used 4624K [0x05000000, 0x05560000, 0x0a550000)
  eden space 4480K,  96% used [0x05000000, 0x0543ac38, 0x05460000)
  from space 512K,  57% used [0x054e0000, 0x05529440, 0x05560000)
  to   space 512K,   0% used [0x05460000, 0x05460000, 0x054e0000)
 tenured generation   total 10944K, used 10021K [0x0a550000, 0x0b000000, 0x15000000)
   the space 10944K,  91% used [0x0a550000, 0x0af19420, 0x0af19600, 0x0b000000)
 Metaspace       used 15079K, capacity 15269K, committed 15360K, reserved 15744K
}
Event: 5.058 GC heap after
{Heap after GC invocations=14 (full 2):
 def new generation   total 9792K, used 177K [0x05000000, 0x05a90000, 0x0a550000)
  eden space 8768K,   2% used [0x05000000, 0x0502c5d0, 0x05890000)
  from space 1024K,   0% used [0x05890000, 0x05890000, 0x05990000)
  to   space 1024K,   0% used [0x05990000, 0x05990000, 0x05a90000)
 tenured generation   total 21508K, used 12902K [0x0a550000, 0x0ba51000, 0x15000000)
   the space 21508K,  59% used [0x0a550000, 0x0b1e9a00, 0x0b1e9a00, 0x0ba51000)
 Metaspace       used 15079K, capacity 15269K, committed 15360K, reserved 15744K
}
Event: 5.434 GC heap before
{Heap before GC invocations=14 (full 2):
 def new generation   total 9792K, used 8758K [0x05000000, 0x05a90000, 0x0a550000)
  eden space 8768K,  99% used [0x05000000, 0x0588db88, 0x05890000)
  from space 1024K,   0% used [0x05890000, 0x05890000, 0x05990000)
  to   space 1024K,   0% used [0x05990000, 0x05990000, 0x05a90000)
 tenured generation   total 21508K, used 12902K [0x0a550000, 0x0ba51000, 0x15000000)
   the space 21508K,  59% used [0x0a550000, 0x0b1e9a00, 0x0b1e9a00, 0x0ba51000)
 Metaspace       used 15079K, capacity 15269K, committed 15360K, reserved 15744K
}
Event: 5.443 GC heap after
{Heap after GC invocations=15 (full 2):
 def new generation   total 9792K, used 882K [0x05000000, 0x05a90000, 0x0a550000)
  eden space 8768K,   0% used [0x05000000, 0x05000000, 0x05890000)
  from space 1024K,  86% used [0x05990000, 0x05a6cb78, 0x05a90000)
  to   space 1024K,   0% used [0x05890000, 0x05890000, 0x05990000)
 tenured generation   total 21508K, used 17818K [0x0a550000, 0x0ba51000, 0x15000000)
   the space 21508K,  82% used [0x0a550000, 0x0b6b69a8, 0x0b6b6a00, 0x0ba51000)
 Metaspace       used 15079K, capacity 15269K, committed 15360K, reserved 15744K
}
Event: 5.619 GC heap before
{Heap before GC invocations=15 (full 2):
 def new generation   total 9792K, used 9650K [0x05000000, 0x05a90000, 0x0a550000)
  eden space 8768K,  99% used [0x05000000, 0x0588ff68, 0x05890000)
  from space 1024K,  86% used [0x05990000, 0x05a6cb78, 0x05a90000)
  to   space 1024K,   0% used [0x05890000, 0x05890000, 0x05990000)
 tenured generation   total 21508K, used 17818K [0x0a550000, 0x0ba51000, 0x15000000)
   the space 21508K,  82% used [0x0a550000, 0x0b6b69a8, 0x0b6b6a00, 0x0ba51000)
 Metaspace       used 15079K, capacity 15269K, committed 15360K, reserved 15744K
}
Event: 5.644 GC heap after
{Heap after GC invocations=16 (full 3):
 def new generation   total 18176K, used 703K [0x05000000, 0x063b0000, 0x0a550000)
  eden space 16192K,   4% used [0x05000000, 0x050afd20, 0x05fd0000)
  from space 1984K,   0% used [0x05fd0000, 0x05fd0000, 0x061c0000)
  to   space 1984K,   0% used [0x061c0000, 0x061c0000, 0x063b0000)
 tenured generation   total 40296K, used 24176K [0x0a550000, 0x0ccaa000, 0x15000000)
   the space 40296K,  59% used [0x0a550000, 0x0bcec2a8, 0x0bcec400, 0x0ccaa000)
 Metaspace       used 15028K, capacity 15206K, committed 15360K, reserved 15744K
}
Event: 8.496 GC heap before
{Heap before GC invocations=16 (full 3):
 def new generation   total 18176K, used 16124K [0x05000000, 0x063b0000, 0x0a550000)
  eden space 16192K,  99% used [0x05000000, 0x05fbf050, 0x05fd0000)
  from space 1984K,   0% used [0x05fd0000, 0x05fd0000, 0x061c0000)
  to   space 1984K,   0% used [0x061c0000, 0x061c0000, 0x063b0000)
 tenured generation   total 40296K, used 24176K [0x0a550000, 0x0ccaa000, 0x15000000)
   the space 40296K,  59% used [0x0a550000, 0x0bcec2a8, 0x0bcec400, 0x0ccaa000)
 Metaspace       used 16747K, capacity 16975K, committed 17024K, reserved 17792K
}
Event: 8.504 GC heap after
{Heap after GC invocations=17 (full 3):
 def new generation   total 18176K, used 1984K [0x05000000, 0x063b0000, 0x0a550000)
  eden space 16192K,   0% used [0x05000000, 0x05000000, 0x05fd0000)
  from space 1984K, 100% used [0x061c0000, 0x063b0000, 0x063b0000)
  to   space 1984K,   0% used [0x05fd0000, 0x05fd0000, 0x061c0000)
 tenured generation   total 40296K, used 25691K [0x0a550000, 0x0ccaa000, 0x15000000)
   the space 40296K,  63% used [0x0a550000, 0x0be66e98, 0x0be67000, 0x0ccaa000)
 Metaspace       used 16747K, capacity 16975K, committed 17024K, reserved 17792K
}
Event: 10.556 GC heap before
{Heap before GC invocations=17 (full 3):
 def new generation   total 18176K, used 18176K [0x05000000, 0x063b0000, 0x0a550000)
  eden space 16192K, 100% used [0x05000000, 0x05fd0000, 0x05fd0000)
  from space 1984K, 100% used [0x061c0000, 0x063b0000, 0x063b0000)
  to   space 1984K,   0% used [0x05fd0000, 0x05fd0000, 0x061c0000)
 tenured generation   total 40296K, used 25691K [0x0a550000, 0x0ccaa000, 0x15000000)
   the space 40296K,  63% used [0x0a550000, 0x0be66e98, 0x0be67000, 0x0ccaa000)
 Metaspace       used 17659K, capacity 17913K, committed 17920K, reserved 18816K
}
Event: 10.573 GC heap after
{Heap after GC invocations=18 (full 3):
 def new generation   total 18176K, used 1984K [0x05000000, 0x063b0000, 0x0a550000)
  eden space 16192K,   0% used [0x05000000, 0x05000000, 0x05fd0000)
  from space 1984K, 100% used [0x05fd0000, 0x061c0000, 0x061c0000)
  to   space 1984K,   0% used [0x061c0000, 0x061c0000, 0x063b0000)
 tenured generation   total 40296K, used 33496K [0x0a550000, 0x0ccaa000, 0x15000000)
   the space 40296K,  83% used [0x0a550000, 0x0c606278, 0x0c606400, 0x0ccaa000)
 Metaspace       used 17659K, capacity 17913K, committed 17920K, reserved 18816K
}
Event: 10.754 GC heap before
{Heap before GC invocations=18 (full 3):
 def new generation   total 18176K, used 18026K [0x05000000, 0x063b0000, 0x0a550000)
  eden space 16192K,  99% used [0x05000000, 0x05faaac8, 0x05fd0000)
  from space 1984K, 100% used [0x05fd0000, 0x061c0000, 0x061c0000)
  to   space 1984K,   0% used [0x061c0000, 0x061c0000, 0x063b0000)
 tenured generation   total 40296K, used 33496K [0x0a550000, 0x0ccaa000, 0x15000000)
   the space 40296K,  83% used [0x0a550000, 0x0c606278, 0x0c606400, 0x0ccaa000)
 Metaspace       used 17659K, capacity 17913K, committed 17920K, reserved 18816K
}
Event: 10.792 GC heap after
{Heap after GC invocations=19 (full 4):
 def new generation   total 33600K, used 886K [0x05000000, 0x07470000, 0x0a550000)
  eden space 29888K,   2% used [0x05000000, 0x050ddac0, 0x06d30000)
  from space 3712K,   0% used [0x06d30000, 0x06d30000, 0x070d0000)
  to   space 3712K,   0% used [0x070d0000, 0x070d0000, 0x07470000)
 tenured generation   total 74476K, used 44683K [0x0a550000, 0x0ee0b000, 0x15000000)
   the space 74476K,  59% used [0x0a550000, 0x0d0f2d10, 0x0d0f2e00, 0x0ee0b000)
 Metaspace       used 17659K, capacity 17913K, committed 17920K, reserved 18816K
}
Event: 11.118 GC heap before
{Heap before GC invocations=19 (full 4):
 def new generation   total 33600K, used 29888K [0x05000000, 0x07470000, 0x0a550000)
  eden space 29888K, 100% used [0x05000000, 0x06d30000, 0x06d30000)
  from space 3712K,   0% used [0x06d30000, 0x06d30000, 0x070d0000)
  to   space 3712K,   0% used [0x070d0000, 0x070d0000, 0x07470000)
 tenured generation   total 74476K, used 44683K [0x0a550000, 0x0ee0b000, 0x15000000)
   the space 74476K,  59% used [0x0a550000, 0x0d0f2d10, 0x0d0f2e00, 0x0ee0b000)
 Metaspace       used 17854K, capacity 18118K, committed 18176K, reserved 18816K
}
Event: 11.131 GC heap after
{Heap after GC invocations=20 (full 4):
 def new generation   total 33600K, used 3686K [0x05000000, 0x07470000, 0x0a550000)
  eden space 29888K,   0% used [0x05000000, 0x05000000, 0x06d30000)
  from space 3712K,  99% used [0x070d0000, 0x07469bc8, 0x07470000)
  to   space 3712K,   0% used [0x06d30000, 0x06d30000, 0x070d0000)
 tenured generation   total 74476K, used 61516K [0x0a550000, 0x0ee0b000, 0x15000000)
   the space 74476K,  82% used [0x0a550000, 0x0e1632b0, 0x0e163400, 0x0ee0b000)
 Metaspace       used 17854K, capacity 18118K, committed 18176K, reserved 18816K
}
Event: 45.429 GC heap before
{Heap before GC invocations=20 (full 4):
 def new generation   total 33600K, used 33574K [0x05000000, 0x07470000, 0x0a550000)
  eden space 29888K, 100% used [0x05000000, 0x06d30000, 0x06d30000)
  from space 3712K,  99% used [0x070d0000, 0x07469bc8, 0x07470000)
  to   space 3712K,   0% used [0x06d30000, 0x06d30000, 0x070d0000)
 tenured generation   total 74476K, used 61516K [0x0a550000, 0x0ee0b000, 0x15000000)
   the space 74476K,  82% used [0x0a550000, 0x0e1632b0, 0x0e163400, 0x0ee0b000)
 Metaspace       used 18622K, capacity 18941K, committed 18944K, reserved 19840K
}
Event: 45.444 GC heap after
{Heap after GC invocations=21 (full 4):
 def new generation   total 33600K, used 3712K [0x05000000, 0x07470000, 0x0a550000)
  eden space 29888K,   0% used [0x05000000, 0x05000000, 0x06d30000)
  from space 3712K, 100% used [0x06d30000, 0x070d0000, 0x070d0000)
  to   space 3712K,   0% used [0x070d0000, 0x070d0000, 0x07470000)
 tenured generation   total 74476K, used 72690K [0x0a550000, 0x0ee0b000, 0x15000000)
   the space 74476K,  97% used [0x0a550000, 0x0ec4c9d8, 0x0ec4ca00, 0x0ee0b000)
 Metaspace       used 18622K, capacity 18941K, committed 18944K, reserved 19840K
}

