# JRE version: OpenJDK Runtime Environment Temurin-11.0.21+9 (11.0.21+9) (build 11.0.21+9)
# Java VM: OpenJDK Client VM Temurin-11.0.21+9 (11.0.21+9, mixed mode, serial gc, windows-x86)
Heap:
 def new generation   total 50688K, used 35017K [0x04e00000, 0x084f0000, 0x0a350000)
  eden space 45120K,  77% used [0x04e00000, 0x070324e0, 0x07a10000)
  from space 5568K,   0% used [0x07a10000, 0x07a10000, 0x07f80000)
  to   space 5568K,   0% used [0x07f80000, 0x07f80000, 0x084f0000)
 tenured generation   total 112456K, used 67471K [0x0a350000, 0x11122000, 0x14e00000)
   the space 112456K,  59% used [0x0a350000, 0x0e533fe0, 0x0e534000, 0x11122000)
 Metaspace       used 18754K, capacity 19040K, committed 19072K, reserved 19840K
GC Heap History (20 events):
Event: 2.688 GC heap before
{Heap before GC invocations=10 (full 1):
 def new generation   total 4992K, used 4992K [0x04e00000, 0x05360000, 0x0a350000)
  eden space 4480K, 100% used [0x04e00000, 0x05260000, 0x05260000)
  from space 512K, 100% used [0x052e0000, 0x05360000, 0x05360000)
  to   space 512K,   0% used [0x05260000, 0x05260000, 0x052e0000)
 tenured generation   total 10944K, used 6717K [0x0a350000, 0x0ae00000, 0x14e00000)
   the space 10944K,  61% used [0x0a350000, 0x0a9df490, 0x0a9df600, 0x0ae00000)
 Metaspace       used 14962K, capacity 15170K, committed 15232K, reserved 15744K
}
Event: 2.692 GC heap after
{Heap after GC invocations=11 (full 1):
 def new generation   total 4992K, used 512K [0x04e00000, 0x05360000, 0x0a350000)
  eden space 4480K,   0% used [0x04e00000, 0x04e00000, 0x05260000)
  from space 512K, 100% used [0x05260000, 0x052e0000, 0x052e0000)
  to   space 512K,   0% used [0x052e0000, 0x052e0000, 0x05360000)
 tenured generation   total 10944K, used 7615K [0x0a350000, 0x0ae00000, 0x14e00000)
   the space 10944K,  69% used [0x0a350000, 0x0aabfc08, 0x0aabfe00, 0x0ae00000)
 Metaspace       used 14962K, capacity 15170K, committed 15232K, reserved 15744K
}
Event: 3.259 GC heap before
{Heap before GC invocations=11 (full 1):
 def new generation   total 4992K, used 4943K [0x04e00000, 0x05360000, 0x0a350000)
  eden space 4480K,  98% used [0x04e00000, 0x05253df8, 0x05260000)
  from space 512K, 100% used [0x05260000, 0x052e0000, 0x052e0000)
  to   space 512K,   0% used [0x052e0000, 0x052e0000, 0x05360000)
 tenured generation   total 10944K, used 7615K [0x0a350000, 0x0ae00000, 0x14e00000)
   the space 10944K,  69% used [0x0a350000, 0x0aabfc08, 0x0aabfe00, 0x0ae00000)
 Metaspace       used 15077K, capacity 15269K, committed 15360K, reserved 15744K
}
Event: 3.263 GC heap after
{Heap after GC invocations=12 (full 1):
 def new generation   total 4992K, used 72K [0x04e00000, 0x05360000, 0x0a350000)
  eden space 4480K,   0% used [0x04e00000, 0x04e00000, 0x05260000)
  from space 512K,  14% used [0x052e0000, 0x052f2390, 0x05360000)
  to   space 512K,   0% used [0x05260000, 0x05260000, 0x052e0000)
 tenured generation   total 10944K, used 10186K [0x0a350000, 0x0ae00000, 0x14e00000)
   the space 10944K,  93% used [0x0a350000, 0x0ad42948, 0x0ad42a00, 0x0ae00000)
 Metaspace       used 15077K, capacity 15269K, committed 15360K, reserved 15744K
}
Event: 3.806 GC heap before
{Heap before GC invocations=12 (full 1):
 def new generation   total 4992K, used 4453K [0x04e00000, 0x05360000, 0x0a350000)
  eden space 4480K,  97% used [0x04e00000, 0x052472b0, 0x05260000)
  from space 512K,  14% used [0x052e0000, 0x052f2390, 0x05360000)
  to   space 512K,   0% used [0x05260000, 0x05260000, 0x052e0000)
 tenured generation   total 10944K, used 10186K [0x0a350000, 0x0ae00000, 0x14e00000)
   the space 10944K,  93% used [0x0a350000, 0x0ad42948, 0x0ad42a00, 0x0ae00000)
 Metaspace       used 15077K, capacity 15269K, committed 15360K, reserved 15744K
}
Event: 3.826 GC heap after
{Heap after GC invocations=13 (full 2):
 def new generation   total 9856K, used 10K [0x04e00000, 0x058b0000, 0x0a350000)
  eden space 8768K,   0% used [0x04e00000, 0x04e02a20, 0x05690000)
  from space 1088K,   0% used [0x05690000, 0x05690000, 0x057a0000)
  to   space 1088K,   0% used [0x057a0000, 0x057a0000, 0x058b0000)
 tenured generation   total 21752K, used 13049K [0x0a350000, 0x0b88e000, 0x14e00000)
   the space 21752K,  59% used [0x0a350000, 0x0b00e780, 0x0b00e800, 0x0b88e000)
 Metaspace       used 15077K, capacity 15269K, committed 15360K, reserved 15744K
}
Event: 5.683 GC heap before
{Heap before GC invocations=13 (full 2):
 def new generation   total 9856K, used 8765K [0x04e00000, 0x058b0000, 0x0a350000)
  eden space 8768K,  99% used [0x04e00000, 0x0568f498, 0x05690000)
  from space 1088K,   0% used [0x05690000, 0x05690000, 0x057a0000)
  to   space 1088K,   0% used [0x057a0000, 0x057a0000, 0x058b0000)
 tenured generation   total 21752K, used 13049K [0x0a350000, 0x0b88e000, 0x14e00000)
   the space 21752K,  59% used [0x0a350000, 0x0b00e780, 0x0b00e800, 0x0b88e000)
 Metaspace       used 15077K, capacity 15269K, committed 15360K, reserved 15744K
}
Event: 5.696 GC heap after
{Heap after GC invocations=14 (full 2):
 def new generation   total 9856K, used 891K [0x04e00000, 0x058b0000, 0x0a350000)
  eden space 8768K,   0% used [0x04e00000, 0x04e00000, 0x05690000)
  from space 1088K,  81% used [0x057a0000, 0x0587ed40, 0x058b0000)
  to   space 1088K,   0% used [0x05690000, 0x05690000, 0x057a0000)
 tenured generation   total 21752K, used 17965K [0x0a350000, 0x0b88e000, 0x14e00000)
   the space 21752K,  82% used [0x0a350000, 0x0b4db728, 0x0b4db800, 0x0b88e000)
 Metaspace       used 15077K, capacity 15269K, committed 15360K, reserved 15744K
}
Event: 8.246 GC heap before
{Heap before GC invocations=14 (full 2):
 def new generation   total 9856K, used 9160K [0x04e00000, 0x058b0000, 0x0a350000)
  eden space 8768K,  94% used [0x04e00000, 0x056134c8, 0x05690000)
  from space 1088K,  81% used [0x057a0000, 0x0587ed40, 0x058b0000)
  to   space 1088K,   0% used [0x05690000, 0x05690000, 0x057a0000)
 tenured generation   total 21752K, used 17965K [0x0a350000, 0x0b88e000, 0x14e00000)
   the space 21752K,  82% used [0x0a350000, 0x0b4db728, 0x0b4db800, 0x0b88e000)
 Metaspace       used 15077K, capacity 15269K, committed 15360K, reserved 15744K
}
Event: 8.265 GC heap after
{Heap after GC invocations=15 (full 3):
 def new generation   total 17920K, used 703K [0x04e00000, 0x06170000, 0x0a350000)
  eden space 15936K,   4% used [0x04e00000, 0x04eafc98, 0x05d90000)
  from space 1984K,   0% used [0x05d90000, 0x05d90000, 0x05f80000)
  to   space 1984K,   0% used [0x05f80000, 0x05f80000, 0x06170000)
 tenured generation   total 39680K, used 23805K [0x0a350000, 0x0ca10000, 0x14e00000)
   the space 39680K,  59% used [0x0a350000, 0x0ba8f7b0, 0x0ba8f800, 0x0ca10000)
 Metaspace       used 14844K, capacity 14984K, committed 15360K, reserved 15744K
}
Event: 9.336 GC heap before
{Heap before GC invocations=15 (full 3):
 def new generation   total 17920K, used 15936K [0x04e00000, 0x06170000, 0x0a350000)
  eden space 15936K, 100% used [0x04e00000, 0x05d90000, 0x05d90000)
  from space 1984K,   0% used [0x05d90000, 0x05d90000, 0x05f80000)
  to   space 1984K,   0% used [0x05f80000, 0x05f80000, 0x06170000)
 tenured generation   total 39680K, used 23805K [0x0a350000, 0x0ca10000, 0x14e00000)
   the space 39680K,  59% used [0x0a350000, 0x0ba8f7b0, 0x0ba8f800, 0x0ca10000)
 Metaspace       used 16458K, capacity 16664K, committed 16768K, reserved 16768K
}
Event: 9.344 GC heap after
{Heap after GC invocations=16 (full 3):
 def new generation   total 17920K, used 1984K [0x04e00000, 0x06170000, 0x0a350000)
  eden space 15936K,   0% used [0x04e00000, 0x04e00000, 0x05d90000)
  from space 1984K, 100% used [0x05f80000, 0x06170000, 0x06170000)
  to   space 1984K,   0% used [0x05d90000, 0x05d90000, 0x05f80000)
 tenured generation   total 39680K, used 25461K [0x0a350000, 0x0ca10000, 0x14e00000)
   the space 39680K,  64% used [0x0a350000, 0x0bc2d510, 0x0bc2d600, 0x0ca10000)
 Metaspace       used 16458K, capacity 16664K, committed 16768K, reserved 16768K
}
Event: 18.079 GC heap before
{Heap before GC invocations=16 (full 3):
 def new generation   total 17920K, used 17619K [0x04e00000, 0x06170000, 0x0a350000)
  eden space 15936K,  98% used [0x04e00000, 0x05d44c78, 0x05d90000)
  from space 1984K, 100% used [0x05f80000, 0x06170000, 0x06170000)
  to   space 1984K,   0% used [0x05d90000, 0x05d90000, 0x05f80000)
 tenured generation   total 39680K, used 25461K [0x0a350000, 0x0ca10000, 0x14e00000)
   the space 39680K,  64% used [0x0a350000, 0x0bc2d510, 0x0bc2d600, 0x0ca10000)
 Metaspace       used 17777K, capacity 18038K, committed 18048K, reserved 18816K
}
Event: 18.092 GC heap after
{Heap after GC invocations=17 (full 3):
 def new generation   total 17920K, used 1984K [0x04e00000, 0x06170000, 0x0a350000)
  eden space 15936K,   0% used [0x04e00000, 0x04e00000, 0x05d90000)
  from space 1984K, 100% used [0x05d90000, 0x05f80000, 0x05f80000)
  to   space 1984K,   0% used [0x05f80000, 0x05f80000, 0x06170000)
 tenured generation   total 39680K, used 28686K [0x0a350000, 0x0ca10000, 0x14e00000)
   the space 39680K,  72% used [0x0a350000, 0x0bf53970, 0x0bf53a00, 0x0ca10000)
 Metaspace       used 17777K, capacity 18038K, committed 18048K, reserved 18816K
}
Event: 19.064 GC heap before
{Heap before GC invocations=17 (full 3):
 def new generation   total 17920K, used 17583K [0x04e00000, 0x06170000, 0x0a350000)
  eden space 15936K,  97% used [0x04e00000, 0x05d3bf28, 0x05d90000)
  from space 1984K, 100% used [0x05d90000, 0x05f80000, 0x05f80000)
  to   space 1984K,   0% used [0x05f80000, 0x05f80000, 0x06170000)
 tenured generation   total 39680K, used 28686K [0x0a350000, 0x0ca10000, 0x14e00000)
   the space 39680K,  72% used [0x0a350000, 0x0bf53970, 0x0bf53a00, 0x0ca10000)
 Metaspace       used 17777K, capacity 18038K, committed 18048K, reserved 18816K
}
Event: 19.113 GC heap after
{Heap after GC invocations=18 (full 4):
 def new generation   total 29376K, used 0K [0x04e00000, 0x06de0000, 0x0a350000)
  eden space 26112K,   0% used [0x04e00000, 0x04e00000, 0x06780000)
  from space 3264K,   0% used [0x06780000, 0x06780000, 0x06ab0000)
  to   space 3264K,   0% used [0x06ab0000, 0x06ab0000, 0x06de0000)
 tenured generation   total 65252K, used 39150K [0x0a350000, 0x0e309000, 0x14e00000)
   the space 65252K,  59% used [0x0a350000, 0x0c98b888, 0x0c98ba00, 0x0e309000)
 Metaspace       used 17632K, capacity 17860K, committed 18048K, reserved 18816K
}
Event: 20.600 GC heap before
{Heap before GC invocations=18 (full 4):
 def new generation   total 29376K, used 26092K [0x04e00000, 0x06de0000, 0x0a350000)
  eden space 26112K,  99% used [0x04e00000, 0x0677b2c8, 0x06780000)
  from space 3264K,   0% used [0x06780000, 0x06780000, 0x06ab0000)
  to   space 3264K,   0% used [0x06ab0000, 0x06ab0000, 0x06de0000)
 tenured generation   total 65252K, used 39150K [0x0a350000, 0x0e309000, 0x14e00000)
   the space 65252K,  59% used [0x0a350000, 0x0c98b888, 0x0c98ba00, 0x0e309000)
 Metaspace       used 17633K, capacity 17860K, committed 18048K, reserved 18816K
}
Event: 20.616 GC heap after
{Heap after GC invocations=19 (full 4):
 def new generation   total 29376K, used 3109K [0x04e00000, 0x06de0000, 0x0a350000)
  eden space 26112K,   0% used [0x04e00000, 0x04e00000, 0x06780000)
  from space 3264K,  95% used [0x06ab0000, 0x06db9528, 0x06de0000)
  to   space 3264K,   0% used [0x06780000, 0x06780000, 0x06ab0000)
 tenured generation   total 65252K, used 54654K [0x0a350000, 0x0e309000, 0x14e00000)
   the space 65252K,  83% used [0x0a350000, 0x0d8afa58, 0x0d8afc00, 0x0e309000)
 Metaspace       used 17633K, capacity 17860K, committed 18048K, reserved 18816K
}
Event: 28.350 GC heap before
{Heap before GC invocations=19 (full 4):
 def new generation   total 29376K, used 29221K [0x04e00000, 0x06de0000, 0x0a350000)
  eden space 26112K, 100% used [0x04e00000, 0x06780000, 0x06780000)
  from space 3264K,  95% used [0x06ab0000, 0x06db9528, 0x06de0000)
  to   space 3264K,   0% used [0x06780000, 0x06780000, 0x06ab0000)
 tenured generation   total 65252K, used 54654K [0x0a350000, 0x0e309000, 0x14e00000)
   the space 65252K,  83% used [0x0a350000, 0x0d8afa58, 0x0d8afc00, 0x0e309000)
 Metaspace       used 18467K, capacity 18731K, committed 18816K, reserved 18816K
}
Event: 28.398 GC heap after
{Heap after GC invocations=20 (full 5):
 def new generation   total 50688K, used 3236K [0x04e00000, 0x084f0000, 0x0a350000)
  eden space 45120K,   7% used [0x04e00000, 0x051292e8, 0x07a10000)
  from space 5568K,   0% used [0x07a10000, 0x07a10000, 0x07f80000)
  to   space 5568K,   0% used [0x07f80000, 0x07f80000, 0x084f0000)
 tenured generation   total 112456K, used 67471K [0x0a350000, 0x11122000, 0x14e00000)
   the space 112456K,  59% used [0x0a350000, 0x0e533fe0, 0x0e534000, 0x11122000)
 Metaspace       used 18467K, capacity 18731K, committed 18816K, reserved 18816K
}

