# JRE version: OpenJDK Runtime Environment Temurin-11.0.21+9 (11.0.21+9) (build 11.0.21+9)
# Java VM: OpenJDK Client VM Temurin-11.0.21+9 (11.0.21+9, mixed mode, serial gc, windows-x86)
Heap:
 def new generation   total 32512K, used 18997K [0x04e00000, 0x07140000, 0x0a350000)
  eden space 28928K,  54% used [0x04e00000, 0x05d67178, 0x06a40000)
  from space 3584K,  89% used [0x06dc0000, 0x070e6328, 0x07140000)
  to   space 3584K,   0% used [0x06a40000, 0x06a40000, 0x06dc0000)
 tenured generation   total 72064K, used 60070K [0x0a350000, 0x0e9b0000, 0x14e00000)
   the space 72064K,  83% used [0x0a350000, 0x0ddf9898, 0x0ddf9a00, 0x0e9b0000)
 Metaspace       used 18477K, capacity 18767K, committed 18816K, reserved 18816K
GC Heap History (20 events):
Event: 1.519 GC heap before
{Heap before GC invocations=10 (full 1):
 def new generation   total 4992K, used 4480K [0x04e00000, 0x05360000, 0x0a350000)
  eden space 4480K, 100% used [0x04e00000, 0x05260000, 0x05260000)
  from space 512K,   0% used [0x05260000, 0x05260000, 0x052e0000)
  to   space 512K,   0% used [0x052e0000, 0x052e0000, 0x05360000)
 tenured generation   total 10944K, used 6081K [0x0a350000, 0x0ae00000, 0x14e00000)
   the space 10944K,  55% used [0x0a350000, 0x0a9405f8, 0x0a940600, 0x0ae00000)
 Metaspace       used 12886K, capacity 13096K, committed 13184K, reserved 13696K
}
Event: 1.522 GC heap after
{Heap after GC invocations=11 (full 1):
 def new generation   total 4992K, used 512K [0x04e00000, 0x05360000, 0x0a350000)
  eden space 4480K,   0% used [0x04e00000, 0x04e00000, 0x05260000)
  from space 512K, 100% used [0x052e0000, 0x05360000, 0x05360000)
  to   space 512K,   0% used [0x05260000, 0x05260000, 0x052e0000)
 tenured generation   total 10944K, used 6571K [0x0a350000, 0x0ae00000, 0x14e00000)
   the space 10944K,  60% used [0x0a350000, 0x0a9bad98, 0x0a9bae00, 0x0ae00000)
 Metaspace       used 12886K, capacity 13096K, committed 13184K, reserved 13696K
}
Event: 2.401 GC heap before
{Heap before GC invocations=11 (full 1):
 def new generation   total 4992K, used 4956K [0x04e00000, 0x05360000, 0x0a350000)
  eden space 4480K,  99% used [0x04e00000, 0x05257018, 0x05260000)
  from space 512K, 100% used [0x052e0000, 0x05360000, 0x05360000)
  to   space 512K,   0% used [0x05260000, 0x05260000, 0x052e0000)
 tenured generation   total 10944K, used 6571K [0x0a350000, 0x0ae00000, 0x14e00000)
   the space 10944K,  60% used [0x0a350000, 0x0a9bad98, 0x0a9bae00, 0x0ae00000)
 Metaspace       used 14964K, capacity 15170K, committed 15232K, reserved 15744K
}
Event: 2.404 GC heap after
{Heap after GC invocations=12 (full 1):
 def new generation   total 4992K, used 512K [0x04e00000, 0x05360000, 0x0a350000)
  eden space 4480K,   0% used [0x04e00000, 0x04e00000, 0x05260000)
  from space 512K, 100% used [0x05260000, 0x052e0000, 0x052e0000)
  to   space 512K,   0% used [0x052e0000, 0x052e0000, 0x05360000)
 tenured generation   total 10944K, used 7442K [0x0a350000, 0x0ae00000, 0x14e00000)
   the space 10944K,  68% used [0x0a350000, 0x0aa94a70, 0x0aa94c00, 0x0ae00000)
 Metaspace       used 14964K, capacity 15170K, committed 15232K, reserved 15744K
}
Event: 2.837 GC heap before
{Heap before GC invocations=12 (full 1):
 def new generation   total 4992K, used 4928K [0x04e00000, 0x05360000, 0x0a350000)
  eden space 4480K,  98% used [0x04e00000, 0x05250108, 0x05260000)
  from space 512K, 100% used [0x05260000, 0x052e0000, 0x052e0000)
  to   space 512K,   0% used [0x052e0000, 0x052e0000, 0x05360000)
 tenured generation   total 10944K, used 7442K [0x0a350000, 0x0ae00000, 0x14e00000)
   the space 10944K,  68% used [0x0a350000, 0x0aa94a70, 0x0aa94c00, 0x0ae00000)
 Metaspace       used 15079K, capacity 15269K, committed 15360K, reserved 15744K
}
Event: 2.841 GC heap after
{Heap after GC invocations=13 (full 1):
 def new generation   total 4992K, used 72K [0x04e00000, 0x05360000, 0x0a350000)
  eden space 4480K,   0% used [0x04e00000, 0x04e00000, 0x05260000)
  from space 512K,  14% used [0x052e0000, 0x052f2390, 0x05360000)
  to   space 512K,   0% used [0x05260000, 0x05260000, 0x052e0000)
 tenured generation   total 10944K, used 10011K [0x0a350000, 0x0ae00000, 0x14e00000)
   the space 10944K,  91% used [0x0a350000, 0x0ad16f88, 0x0ad17000, 0x0ae00000)
 Metaspace       used 15079K, capacity 15269K, committed 15360K, reserved 15744K
}
Event: 3.280 GC heap before
{Heap before GC invocations=13 (full 1):
 def new generation   total 4992K, used 4389K [0x04e00000, 0x05360000, 0x0a350000)
  eden space 4480K,  96% used [0x04e00000, 0x052373b8, 0x05260000)
  from space 512K,  14% used [0x052e0000, 0x052f2390, 0x05360000)
  to   space 512K,   0% used [0x05260000, 0x05260000, 0x052e0000)
 tenured generation   total 10944K, used 10011K [0x0a350000, 0x0ae00000, 0x14e00000)
   the space 10944K,  91% used [0x0a350000, 0x0ad16f88, 0x0ad17000, 0x0ae00000)
 Metaspace       used 15079K, capacity 15269K, committed 15360K, reserved 15744K
}
Event: 3.306 GC heap after
{Heap after GC invocations=14 (full 2):
 def new generation   total 9728K, used 0K [0x04e00000, 0x05880000, 0x0a350000)
  eden space 8704K,   0% used [0x04e00000, 0x04e00000, 0x05680000)
  from space 1024K,   0% used [0x05680000, 0x05680000, 0x05780000)
  to   space 1024K,   0% used [0x05780000, 0x05780000, 0x05880000)
 tenured generation   total 21480K, used 12885K [0x0a350000, 0x0b84a000, 0x14e00000)
   the space 21480K,  59% used [0x0a350000, 0x0afe57e0, 0x0afe5800, 0x0b84a000)
 Metaspace       used 15079K, capacity 15269K, committed 15360K, reserved 15744K
}
Event: 3.887 GC heap before
{Heap before GC invocations=14 (full 2):
 def new generation   total 9728K, used 8583K [0x04e00000, 0x05880000, 0x0a350000)
  eden space 8704K,  98% used [0x04e00000, 0x05661e80, 0x05680000)
  from space 1024K,   0% used [0x05680000, 0x05680000, 0x05780000)
  to   space 1024K,   0% used [0x05780000, 0x05780000, 0x05880000)
 tenured generation   total 21480K, used 12885K [0x0a350000, 0x0b84a000, 0x14e00000)
   the space 21480K,  59% used [0x0a350000, 0x0afe57e0, 0x0afe5800, 0x0b84a000)
 Metaspace       used 15079K, capacity 15269K, committed 15360K, reserved 15744K
}
Event: 3.892 GC heap after
{Heap after GC invocations=15 (full 2):
 def new generation   total 9728K, used 705K [0x04e00000, 0x05880000, 0x0a350000)
  eden space 8704K,   0% used [0x04e00000, 0x04e00000, 0x05680000)
  from space 1024K,  68% used [0x05780000, 0x05830468, 0x05880000)
  to   space 1024K,   0% used [0x05680000, 0x05680000, 0x05780000)
 tenured generation   total 21480K, used 17801K [0x0a350000, 0x0b84a000, 0x14e00000)
   the space 21480K,  82% used [0x0a350000, 0x0b4b2788, 0x0b4b2800, 0x0b84a000)
 Metaspace       used 15079K, capacity 15269K, committed 15360K, reserved 15744K
}
Event: 4.696 GC heap before
{Heap before GC invocations=15 (full 2):
 def new generation   total 9728K, used 9216K [0x04e00000, 0x05880000, 0x0a350000)
  eden space 8704K,  97% used [0x04e00000, 0x0564fc08, 0x05680000)
  from space 1024K,  68% used [0x05780000, 0x05830468, 0x05880000)
  to   space 1024K,   0% used [0x05680000, 0x05680000, 0x05780000)
 tenured generation   total 21480K, used 17801K [0x0a350000, 0x0b84a000, 0x14e00000)
   the space 21480K,  82% used [0x0a350000, 0x0b4b2788, 0x0b4b2800, 0x0b84a000)
 Metaspace       used 15079K, capacity 15269K, committed 15360K, reserved 15744K
}
Event: 4.726 GC heap after
{Heap after GC invocations=16 (full 3):
 def new generation   total 17664K, used 912K [0x04e00000, 0x06120000, 0x0a350000)
  eden space 15744K,   5% used [0x04e00000, 0x04ee4390, 0x05d60000)
  from space 1920K,   0% used [0x05d60000, 0x05d60000, 0x05f40000)
  to   space 1920K,   0% used [0x05f40000, 0x05f40000, 0x06120000)
 tenured generation   total 39040K, used 23422K [0x0a350000, 0x0c970000, 0x14e00000)
   the space 39040K,  59% used [0x0a350000, 0x0ba2f940, 0x0ba2fa00, 0x0c970000)
 Metaspace       used 15079K, capacity 15269K, committed 15360K, reserved 15744K
}
Event: 5.533 GC heap before
{Heap before GC invocations=16 (full 3):
 def new generation   total 17664K, used 15656K [0x04e00000, 0x06120000, 0x0a350000)
  eden space 15744K,  99% used [0x04e00000, 0x05d4a388, 0x05d60000)
  from space 1920K,   0% used [0x05d60000, 0x05d60000, 0x05f40000)
  to   space 1920K,   0% used [0x05f40000, 0x05f40000, 0x06120000)
 tenured generation   total 39040K, used 23422K [0x0a350000, 0x0c970000, 0x14e00000)
   the space 39040K,  59% used [0x0a350000, 0x0ba2f940, 0x0ba2fa00, 0x0c970000)
 Metaspace       used 16718K, capacity 16971K, committed 17024K, reserved 17792K
}
Event: 5.543 GC heap after
{Heap after GC invocations=17 (full 3):
 def new generation   total 17664K, used 1919K [0x04e00000, 0x06120000, 0x0a350000)
  eden space 15744K,   0% used [0x04e00000, 0x04e00000, 0x05d60000)
  from space 1920K,  99% used [0x05f40000, 0x0611fff8, 0x06120000)
  to   space 1920K,   0% used [0x05d60000, 0x05d60000, 0x05f40000)
 tenured generation   total 39040K, used 25175K [0x0a350000, 0x0c970000, 0x14e00000)
   the space 39040K,  64% used [0x0a350000, 0x0bbe5d38, 0x0bbe5e00, 0x0c970000)
 Metaspace       used 16718K, capacity 16971K, committed 17024K, reserved 17792K
}
Event: 9.610 GC heap before
{Heap before GC invocations=17 (full 3):
 def new generation   total 17664K, used 17489K [0x04e00000, 0x06120000, 0x0a350000)
  eden space 15744K,  98% used [0x04e00000, 0x05d34620, 0x05d60000)
  from space 1920K,  99% used [0x05f40000, 0x0611fff8, 0x06120000)
  to   space 1920K,   0% used [0x05d60000, 0x05d60000, 0x05f40000)
 tenured generation   total 39040K, used 25175K [0x0a350000, 0x0c970000, 0x14e00000)
   the space 39040K,  64% used [0x0a350000, 0x0bbe5d38, 0x0bbe5e00, 0x0c970000)
 Metaspace       used 17705K, capacity 17962K, committed 18048K, reserved 18816K
}
Event: 9.617 GC heap after
{Heap after GC invocations=18 (full 3):
 def new generation   total 17664K, used 1920K [0x04e00000, 0x06120000, 0x0a350000)
  eden space 15744K,   0% used [0x04e00000, 0x04e00000, 0x05d60000)
  from space 1920K, 100% used [0x05d60000, 0x05f40000, 0x05f40000)
  to   space 1920K,   0% used [0x05f40000, 0x05f40000, 0x06120000)
 tenured generation   total 39040K, used 32115K [0x0a350000, 0x0c970000, 0x14e00000)
   the space 39040K,  82% used [0x0a350000, 0x0c2ace38, 0x0c2ad000, 0x0c970000)
 Metaspace       used 17705K, capacity 17962K, committed 18048K, reserved 18816K
}
Event: 10.166 GC heap before
{Heap before GC invocations=18 (full 3):
 def new generation   total 17664K, used 17580K [0x04e00000, 0x06120000, 0x0a350000)
  eden space 15744K,  99% used [0x04e00000, 0x05d4b1f0, 0x05d60000)
  from space 1920K, 100% used [0x05d60000, 0x05f40000, 0x05f40000)
  to   space 1920K,   0% used [0x05f40000, 0x05f40000, 0x06120000)
 tenured generation   total 39040K, used 32115K [0x0a350000, 0x0c970000, 0x14e00000)
   the space 39040K,  82% used [0x0a350000, 0x0c2ace38, 0x0c2ad000, 0x0c970000)
 Metaspace       used 17705K, capacity 17962K, committed 18048K, reserved 18816K
}
Event: 10.210 GC heap after
{Heap after GC invocations=19 (full 4):
 def new generation   total 32512K, used 443K [0x04e00000, 0x07140000, 0x0a350000)
  eden space 28928K,   1% used [0x04e00000, 0x04e6eeb0, 0x06a40000)
  from space 3584K,   0% used [0x06a40000, 0x06a40000, 0x06dc0000)
  to   space 3584K,   0% used [0x06dc0000, 0x06dc0000, 0x07140000)
 tenured generation   total 72064K, used 43236K [0x0a350000, 0x0e9b0000, 0x14e00000)
   the space 72064K,  59% used [0x0a350000, 0x0cd892f8, 0x0cd89400, 0x0e9b0000)
 Metaspace       used 17551K, capacity 17774K, committed 18048K, reserved 18816K
}
Event: 10.957 GC heap before
{Heap before GC invocations=19 (full 4):
 def new generation   total 32512K, used 28632K [0x04e00000, 0x07140000, 0x0a350000)
  eden space 28928K,  98% used [0x04e00000, 0x069f63c8, 0x06a40000)
  from space 3584K,   0% used [0x06a40000, 0x06a40000, 0x06dc0000)
  to   space 3584K,   0% used [0x06dc0000, 0x06dc0000, 0x07140000)
 tenured generation   total 72064K, used 43236K [0x0a350000, 0x0e9b0000, 0x14e00000)
   the space 72064K,  59% used [0x0a350000, 0x0cd892f8, 0x0cd89400, 0x0e9b0000)
 Metaspace       used 17552K, capacity 17774K, committed 18048K, reserved 18816K
}
Event: 10.980 GC heap after
{Heap after GC invocations=20 (full 4):
 def new generation   total 32512K, used 3224K [0x04e00000, 0x07140000, 0x0a350000)
  eden space 28928K,   0% used [0x04e00000, 0x04e00000, 0x06a40000)
  from space 3584K,  89% used [0x06dc0000, 0x070e6328, 0x07140000)
  to   space 3584K,   0% used [0x06a40000, 0x06a40000, 0x06dc0000)
 tenured generation   total 72064K, used 60070K [0x0a350000, 0x0e9b0000, 0x14e00000)
   the space 72064K,  83% used [0x0a350000, 0x0ddf9898, 0x0ddf9a00, 0x0e9b0000)
 Metaspace       used 17552K, capacity 17774K, committed 18048K, reserved 18816K
}

