# JRE version: OpenJDK Runtime Environment Temurin-11.0.21+9 (11.0.21+9) (build 11.0.21+9)
# Java VM: OpenJDK Client VM Temurin-11.0.21+9 (11.0.21+9, mixed mode, serial gc, windows-x86)
Heap:
 def new generation   total 55680K, used 17869K [0x05600000, 0x09260000, 0x0ab50000)
  eden space 49536K,  36% used [0x05600000, 0x06773540, 0x08660000)
  from space 6144K,   0% used [0x08660000, 0x08660000, 0x08c60000)
  to   space 6144K,   0% used [0x08c60000, 0x08c60000, 0x09260000)
 tenured generation   total 123560K, used 74133K [0x0ab50000, 0x123fa000, 0x15600000)
   the space 123560K,  59% used [0x0ab50000, 0x0f3b5720, 0x0f3b5800, 0x123fa000)
 Metaspace       used 18714K, capacity 18989K, committed 19200K, reserved 19840K
GC Heap History (20 events):
Event: 2.520 GC heap before
{Heap before GC invocations=11 (full 1):
 def new generation   total 4992K, used 4916K [0x05600000, 0x05b60000, 0x0ab50000)
  eden space 4480K,  98% used [0x05600000, 0x05a4d2b8, 0x05a60000)
  from space 512K, 100% used [0x05ae0000, 0x05b60000, 0x05b60000)
  to   space 512K,   0% used [0x05a60000, 0x05a60000, 0x05ae0000)
 tenured generation   total 10944K, used 6607K [0x0ab50000, 0x0b600000, 0x15600000)
   the space 10944K,  60% used [0x0ab50000, 0x0b1c3c30, 0x0b1c3e00, 0x0b600000)
 Metaspace       used 14963K, capacity 15170K, committed 15232K, reserved 15744K
}
Event: 2.523 GC heap after
{Heap after GC invocations=12 (full 1):
 def new generation   total 4992K, used 512K [0x05600000, 0x05b60000, 0x0ab50000)
  eden space 4480K,   0% used [0x05600000, 0x05600000, 0x05a60000)
  from space 512K, 100% used [0x05a60000, 0x05ae0000, 0x05ae0000)
  to   space 512K,   0% used [0x05ae0000, 0x05ae0000, 0x05b60000)
 tenured generation   total 10944K, used 7474K [0x0ab50000, 0x0b600000, 0x15600000)
   the space 10944K,  68% used [0x0ab50000, 0x0b29caf0, 0x0b29cc00, 0x0b600000)
 Metaspace       used 14963K, capacity 15170K, committed 15232K, reserved 15744K
}
Event: 3.218 GC heap before
{Heap before GC invocations=12 (full 1):
 def new generation   total 4992K, used 4992K [0x05600000, 0x05b60000, 0x0ab50000)
  eden space 4480K, 100% used [0x05600000, 0x05a60000, 0x05a60000)
  from space 512K, 100% used [0x05a60000, 0x05ae0000, 0x05ae0000)
  to   space 512K,   0% used [0x05ae0000, 0x05ae0000, 0x05b60000)
 tenured generation   total 10944K, used 7474K [0x0ab50000, 0x0b600000, 0x15600000)
   the space 10944K,  68% used [0x0ab50000, 0x0b29caf0, 0x0b29cc00, 0x0b600000)
 Metaspace       used 15079K, capacity 15269K, committed 15360K, reserved 15744K
}
Event: 3.225 GC heap after
{Heap after GC invocations=13 (full 1):
 def new generation   total 4992K, used 294K [0x05600000, 0x05b60000, 0x0ab50000)
  eden space 4480K,   0% used [0x05600000, 0x05600000, 0x05a60000)
  from space 512K,  57% used [0x05ae0000, 0x05b299b0, 0x05b60000)
  to   space 512K,   0% used [0x05a60000, 0x05a60000, 0x05ae0000)
 tenured generation   total 10944K, used 9994K [0x0ab50000, 0x0b600000, 0x15600000)
   the space 10944K,  91% used [0x0ab50000, 0x0b512910, 0x0b512a00, 0x0b600000)
 Metaspace       used 15079K, capacity 15269K, committed 15360K, reserved 15744K
}
Event: 3.497 GC heap before
{Heap before GC invocations=13 (full 1):
 def new generation   total 4992K, used 4610K [0x05600000, 0x05b60000, 0x0ab50000)
  eden space 4480K,  96% used [0x05600000, 0x05a36f88, 0x05a60000)
  from space 512K,  57% used [0x05ae0000, 0x05b299b0, 0x05b60000)
  to   space 512K,   0% used [0x05a60000, 0x05a60000, 0x05ae0000)
 tenured generation   total 10944K, used 9994K [0x0ab50000, 0x0b600000, 0x15600000)
   the space 10944K,  91% used [0x0ab50000, 0x0b512910, 0x0b512a00, 0x0b600000)
 Metaspace       used 15079K, capacity 15269K, committed 15360K, reserved 15744K
}
Event: 3.522 GC heap after
{Heap after GC invocations=14 (full 2):
 def new generation   total 9856K, used 0K [0x05600000, 0x060b0000, 0x0ab50000)
  eden space 8768K,   0% used [0x05600000, 0x05600000, 0x05e90000)
  from space 1088K,   0% used [0x05e90000, 0x05e90000, 0x05fa0000)
  to   space 1088K,   0% used [0x05fa0000, 0x05fa0000, 0x060b0000)
 tenured generation   total 21756K, used 13053K [0x0ab50000, 0x0c08f000, 0x15600000)
   the space 21756K,  59% used [0x0ab50000, 0x0b80f4c0, 0x0b80f600, 0x0c08f000)
 Metaspace       used 15079K, capacity 15269K, committed 15360K, reserved 15744K
}
Event: 3.958 GC heap before
{Heap before GC invocations=14 (full 2):
 def new generation   total 9856K, used 8588K [0x05600000, 0x060b0000, 0x0ab50000)
  eden space 8768K,  97% used [0x05600000, 0x05e631a0, 0x05e90000)
  from space 1088K,   0% used [0x05e90000, 0x05e90000, 0x05fa0000)
  to   space 1088K,   0% used [0x05fa0000, 0x05fa0000, 0x060b0000)
 tenured generation   total 21756K, used 13053K [0x0ab50000, 0x0c08f000, 0x15600000)
   the space 21756K,  59% used [0x0ab50000, 0x0b80f4c0, 0x0b80f600, 0x0c08f000)
 Metaspace       used 15079K, capacity 15269K, committed 15360K, reserved 15744K
}
Event: 3.961 GC heap after
{Heap after GC invocations=15 (full 2):
 def new generation   total 9856K, used 881K [0x05600000, 0x060b0000, 0x0ab50000)
  eden space 8768K,   0% used [0x05600000, 0x05600000, 0x05e90000)
  from space 1088K,  81% used [0x05fa0000, 0x0607c640, 0x060b0000)
  to   space 1088K,   0% used [0x05e90000, 0x05e90000, 0x05fa0000)
 tenured generation   total 21756K, used 17969K [0x0ab50000, 0x0c08f000, 0x15600000)
   the space 21756K,  82% used [0x0ab50000, 0x0bcdc468, 0x0bcdc600, 0x0c08f000)
 Metaspace       used 15079K, capacity 15269K, committed 15360K, reserved 15744K
}
Event: 4.505 GC heap before
{Heap before GC invocations=15 (full 2):
 def new generation   total 9856K, used 9022K [0x05600000, 0x060b0000, 0x0ab50000)
  eden space 8768K,  92% used [0x05600000, 0x05df3458, 0x05e90000)
  from space 1088K,  81% used [0x05fa0000, 0x0607c640, 0x060b0000)
  to   space 1088K,   0% used [0x05e90000, 0x05e90000, 0x05fa0000)
 tenured generation   total 21756K, used 17969K [0x0ab50000, 0x0c08f000, 0x15600000)
   the space 21756K,  82% used [0x0ab50000, 0x0bcdc468, 0x0bcdc600, 0x0c08f000)
 Metaspace       used 15079K, capacity 15269K, committed 15360K, reserved 15744K
}
Event: 4.536 GC heap after
{Heap after GC invocations=16 (full 3):
 def new generation   total 17920K, used 703K [0x05600000, 0x06970000, 0x0ab50000)
  eden space 15936K,   4% used [0x05600000, 0x056afc98, 0x06590000)
  from space 1984K,   0% used [0x06590000, 0x06590000, 0x06780000)
  to   space 1984K,   0% used [0x06780000, 0x06780000, 0x06970000)
 tenured generation   total 39668K, used 23799K [0x0ab50000, 0x0d20d000, 0x15600000)
   the space 39668K,  59% used [0x0ab50000, 0x0c28dd18, 0x0c28de00, 0x0d20d000)
 Metaspace       used 15052K, capacity 15236K, committed 15360K, reserved 15744K
}
Event: 5.349 GC heap before
{Heap before GC invocations=16 (full 3):
 def new generation   total 17920K, used 15936K [0x05600000, 0x06970000, 0x0ab50000)
  eden space 15936K, 100% used [0x05600000, 0x06590000, 0x06590000)
  from space 1984K,   0% used [0x06590000, 0x06590000, 0x06780000)
  to   space 1984K,   0% used [0x06780000, 0x06780000, 0x06970000)
 tenured generation   total 39668K, used 23799K [0x0ab50000, 0x0d20d000, 0x15600000)
   the space 39668K,  59% used [0x0ab50000, 0x0c28dd18, 0x0c28de00, 0x0d20d000)
 Metaspace       used 16750K, capacity 17003K, committed 17024K, reserved 17792K
}
Event: 5.359 GC heap after
{Heap after GC invocations=17 (full 3):
 def new generation   total 17920K, used 1984K [0x05600000, 0x06970000, 0x0ab50000)
  eden space 15936K,   0% used [0x05600000, 0x05600000, 0x06590000)
  from space 1984K, 100% used [0x06780000, 0x06970000, 0x06970000)
  to   space 1984K,   0% used [0x06590000, 0x06590000, 0x06780000)
 tenured generation   total 39668K, used 25485K [0x0ab50000, 0x0d20d000, 0x15600000)
   the space 39668K,  64% used [0x0ab50000, 0x0c4337f0, 0x0c433800, 0x0d20d000)
 Metaspace       used 16750K, capacity 17003K, committed 17024K, reserved 17792K
}
Event: 9.071 GC heap before
{Heap before GC invocations=17 (full 3):
 def new generation   total 17920K, used 17620K [0x05600000, 0x06970000, 0x0ab50000)
  eden space 15936K,  98% used [0x05600000, 0x06545088, 0x06590000)
  from space 1984K, 100% used [0x06780000, 0x06970000, 0x06970000)
  to   space 1984K,   0% used [0x06590000, 0x06590000, 0x06780000)
 tenured generation   total 39668K, used 25485K [0x0ab50000, 0x0d20d000, 0x15600000)
   the space 39668K,  64% used [0x0ab50000, 0x0c4337f0, 0x0c433800, 0x0d20d000)
 Metaspace       used 17673K, capacity 17929K, committed 18048K, reserved 18816K
}
Event: 9.080 GC heap after
{Heap after GC invocations=18 (full 3):
 def new generation   total 17920K, used 1984K [0x05600000, 0x06970000, 0x0ab50000)
  eden space 15936K,   0% used [0x05600000, 0x05600000, 0x06590000)
  from space 1984K, 100% used [0x06590000, 0x06780000, 0x06780000)
  to   space 1984K,   0% used [0x06780000, 0x06780000, 0x06970000)
 tenured generation   total 39668K, used 32927K [0x0ab50000, 0x0d20d000, 0x15600000)
   the space 39668K,  83% used [0x0ab50000, 0x0cb77d40, 0x0cb77e00, 0x0d20d000)
 Metaspace       used 17673K, capacity 17929K, committed 18048K, reserved 18816K
}
Event: 9.440 GC heap before
{Heap before GC invocations=18 (full 3):
 def new generation   total 17920K, used 17723K [0x05600000, 0x06970000, 0x0ab50000)
  eden space 15936K,  98% used [0x05600000, 0x0655ef40, 0x06590000)
  from space 1984K, 100% used [0x06590000, 0x06780000, 0x06780000)
  to   space 1984K,   0% used [0x06780000, 0x06780000, 0x06970000)
 tenured generation   total 39668K, used 32927K [0x0ab50000, 0x0d20d000, 0x15600000)
   the space 39668K,  83% used [0x0ab50000, 0x0cb77d40, 0x0cb77e00, 0x0d20d000)
 Metaspace       used 17673K, capacity 17929K, committed 18048K, reserved 18816K
}
Event: 9.487 GC heap after
{Heap after GC invocations=19 (full 4):
 def new generation   total 32896K, used 886K [0x05600000, 0x079b0000, 0x0ab50000)
  eden space 29248K,   3% used [0x05600000, 0x056ddac0, 0x07290000)
  from space 3648K,   0% used [0x07290000, 0x07290000, 0x07620000)
  to   space 3648K,   0% used [0x07620000, 0x07620000, 0x079b0000)
 tenured generation   total 73028K, used 43814K [0x0ab50000, 0x0f2a1000, 0x15600000)
   the space 73028K,  59% used [0x0ab50000, 0x0d619b78, 0x0d619c00, 0x0f2a1000)
 Metaspace       used 17673K, capacity 17929K, committed 18048K, reserved 18816K
}
Event: 9.844 GC heap before
{Heap before GC invocations=19 (full 4):
 def new generation   total 32896K, used 29248K [0x05600000, 0x079b0000, 0x0ab50000)
  eden space 29248K, 100% used [0x05600000, 0x07290000, 0x07290000)
  from space 3648K,   0% used [0x07290000, 0x07290000, 0x07620000)
  to   space 3648K,   0% used [0x07620000, 0x07620000, 0x079b0000)
 tenured generation   total 73028K, used 43814K [0x0ab50000, 0x0f2a1000, 0x15600000)
   the space 73028K,  59% used [0x0ab50000, 0x0d619b78, 0x0d619c00, 0x0f2a1000)
 Metaspace       used 17674K, capacity 17929K, committed 18048K, reserved 18816K
}
Event: 9.858 GC heap after
{Heap after GC invocations=20 (full 4):
 def new generation   total 32896K, used 3224K [0x05600000, 0x079b0000, 0x0ab50000)
  eden space 29248K,   0% used [0x05600000, 0x05600000, 0x07290000)
  from space 3648K,  88% used [0x07620000, 0x07946358, 0x079b0000)
  to   space 3648K,   0% used [0x07290000, 0x07290000, 0x07620000)
 tenured generation   total 73028K, used 61091K [0x0ab50000, 0x0f2a1000, 0x15600000)
   the space 73028K,  83% used [0x0ab50000, 0x0e6f8d08, 0x0e6f8e00, 0x0f2a1000)
 Metaspace       used 17674K, capacity 17929K, committed 18048K, reserved 18816K
}
Event: 23.818 GC heap before
{Heap before GC invocations=20 (full 4):
 def new generation   total 32896K, used 32472K [0x05600000, 0x079b0000, 0x0ab50000)
  eden space 29248K, 100% used [0x05600000, 0x07290000, 0x07290000)
  from space 3648K,  88% used [0x07620000, 0x07946358, 0x079b0000)
  to   space 3648K,   0% used [0x07290000, 0x07290000, 0x07620000)
 tenured generation   total 73028K, used 61091K [0x0ab50000, 0x0f2a1000, 0x15600000)
   the space 73028K,  83% used [0x0ab50000, 0x0e6f8d08, 0x0e6f8e00, 0x0f2a1000)
 Metaspace       used 18628K, capacity 18957K, committed 19072K, reserved 19840K
}
Event: 23.863 GC heap after
{Heap after GC invocations=21 (full 5):
 def new generation   total 55680K, used 3600K [0x05600000, 0x09260000, 0x0ab50000)
  eden space 49536K,   7% used [0x05600000, 0x05984110, 0x08660000)
  from space 6144K,   0% used [0x08660000, 0x08660000, 0x08c60000)
  to   space 6144K,   0% used [0x08c60000, 0x08c60000, 0x09260000)
 tenured generation   total 123560K, used 74133K [0x0ab50000, 0x123fa000, 0x15600000)
   the space 123560K,  59% used [0x0ab50000, 0x0f3b5720, 0x0f3b5800, 0x123fa000)
 Metaspace       used 18440K, capacity 18726K, committed 19072K, reserved 19840K
}

