# JRE version: OpenJDK Runtime Environment Temurin-11.0.21+9 (11.0.21+9) (build 11.0.21+9)
# Java VM: OpenJDK Client VM Temurin-11.0.21+9 (11.0.21+9, mixed mode, serial gc, windows-x86)
Heap:
 def new generation   total 33472K, used 12356K [0x05400000, 0x07850000, 0x0a950000)
  eden space 29760K,  41% used [0x05400000, 0x06011378, 0x07110000)
  from space 3712K,   0% used [0x07110000, 0x07110000, 0x074b0000)
  to   space 3712K,   0% used [0x074b0000, 0x074b0000, 0x07850000)
 tenured generation   total 74280K, used 44566K [0x0a950000, 0x0f1da000, 0x15400000)
   the space 74280K,  59% used [0x0a950000, 0x0d4d5b10, 0x0d4d5c00, 0x0f1da000)
 Metaspace       used 19572K, capacity 19995K, committed 20096K, reserved 20864K
GC Heap History (20 events):
Event: 10.831 GC heap before
{Heap before GC invocations=10 (full 1):
 def new generation   total 4992K, used 4992K [0x05400000, 0x05960000, 0x0a950000)
  eden space 4480K, 100% used [0x05400000, 0x05860000, 0x05860000)
  from space 512K, 100% used [0x058e0000, 0x05960000, 0x05960000)
  to   space 512K,   0% used [0x05860000, 0x05860000, 0x058e0000)
 tenured generation   total 10944K, used 6879K [0x0a950000, 0x0b400000, 0x15400000)
   the space 10944K,  62% used [0x0a950000, 0x0b007d98, 0x0b007e00, 0x0b400000)
 Metaspace       used 14963K, capacity 15170K, committed 15232K, reserved 15744K
}
Event: 10.833 GC heap after
{Heap after GC invocations=11 (full 1):
 def new generation   total 4992K, used 512K [0x05400000, 0x05960000, 0x0a950000)
  eden space 4480K,   0% used [0x05400000, 0x05400000, 0x05860000)
  from space 512K, 100% used [0x05860000, 0x058e0000, 0x058e0000)
  to   space 512K,   0% used [0x058e0000, 0x058e0000, 0x05960000)
 tenured generation   total 10944K, used 7748K [0x0a950000, 0x0b400000, 0x15400000)
   the space 10944K,  70% used [0x0a950000, 0x0b0e1380, 0x0b0e1400, 0x0b400000)
 Metaspace       used 14963K, capacity 15170K, committed 15232K, reserved 15744K
}
Event: 11.704 GC heap before
{Heap before GC invocations=11 (full 1):
 def new generation   total 4992K, used 4927K [0x05400000, 0x05960000, 0x0a950000)
  eden space 4480K,  98% used [0x05400000, 0x0584fff8, 0x05860000)
  from space 512K, 100% used [0x05860000, 0x058e0000, 0x058e0000)
  to   space 512K,   0% used [0x058e0000, 0x058e0000, 0x05960000)
 tenured generation   total 10944K, used 7748K [0x0a950000, 0x0b400000, 0x15400000)
   the space 10944K,  70% used [0x0a950000, 0x0b0e1380, 0x0b0e1400, 0x0b400000)
 Metaspace       used 15078K, capacity 15269K, committed 15360K, reserved 15744K
}
Event: 11.706 GC heap after
{Heap after GC invocations=12 (full 1):
 def new generation   total 4992K, used 72K [0x05400000, 0x05960000, 0x0a950000)
  eden space 4480K,   0% used [0x05400000, 0x05400000, 0x05860000)
  from space 512K,  14% used [0x058e0000, 0x058f2390, 0x05960000)
  to   space 512K,   0% used [0x05860000, 0x05860000, 0x058e0000)
 tenured generation   total 10944K, used 10319K [0x0a950000, 0x0b400000, 0x15400000)
   the space 10944K,  94% used [0x0a950000, 0x0b363d10, 0x0b363e00, 0x0b400000)
 Metaspace       used 15078K, capacity 15269K, committed 15360K, reserved 15744K
}
Event: 12.523 GC heap before
{Heap before GC invocations=12 (full 1):
 def new generation   total 4992K, used 4453K [0x05400000, 0x05960000, 0x0a950000)
  eden space 4480K,  97% used [0x05400000, 0x05847258, 0x05860000)
  from space 512K,  14% used [0x058e0000, 0x058f2390, 0x05960000)
  to   space 512K,   0% used [0x05860000, 0x05860000, 0x058e0000)
 tenured generation   total 10944K, used 10319K [0x0a950000, 0x0b400000, 0x15400000)
   the space 10944K,  94% used [0x0a950000, 0x0b363d10, 0x0b363e00, 0x0b400000)
 Metaspace       used 15078K, capacity 15269K, committed 15360K, reserved 15744K
}
Event: 12.539 GC heap after
{Heap after GC invocations=13 (full 2):
 def new generation   total 9792K, used 0K [0x05400000, 0x05ea0000, 0x0a950000)
  eden space 8704K,   0% used [0x05400000, 0x05400000, 0x05c80000)
  from space 1088K,   0% used [0x05c80000, 0x05c80000, 0x05d90000)
  to   space 1088K,   0% used [0x05d90000, 0x05d90000, 0x05ea0000)
 tenured generation   total 21648K, used 12986K [0x0a950000, 0x0be74000, 0x15400000)
   the space 21648K,  59% used [0x0a950000, 0x0b5feb58, 0x0b5fec00, 0x0be74000)
 Metaspace       used 14849K, capacity 14989K, committed 15360K, reserved 15744K
}
Event: 14.633 GC heap before
{Heap before GC invocations=13 (full 2):
 def new generation   total 9792K, used 8579K [0x05400000, 0x05ea0000, 0x0a950000)
  eden space 8704K,  98% used [0x05400000, 0x05c60f20, 0x05c80000)
  from space 1088K,   0% used [0x05c80000, 0x05c80000, 0x05d90000)
  to   space 1088K,   0% used [0x05d90000, 0x05d90000, 0x05ea0000)
 tenured generation   total 21648K, used 12986K [0x0a950000, 0x0be74000, 0x15400000)
   the space 21648K,  59% used [0x0a950000, 0x0b5feb58, 0x0b5fec00, 0x0be74000)
 Metaspace       used 14849K, capacity 14989K, committed 15360K, reserved 15744K
}
Event: 14.639 GC heap after
{Heap after GC invocations=14 (full 2):
 def new generation   total 9792K, used 705K [0x05400000, 0x05ea0000, 0x0a950000)
  eden space 8704K,   0% used [0x05400000, 0x05400000, 0x05c80000)
  from space 1088K,  64% used [0x05d90000, 0x05e40468, 0x05ea0000)
  to   space 1088K,   0% used [0x05c80000, 0x05c80000, 0x05d90000)
 tenured generation   total 21648K, used 17902K [0x0a950000, 0x0be74000, 0x15400000)
   the space 21648K,  82% used [0x0a950000, 0x0bacbb00, 0x0bacbc00, 0x0be74000)
 Metaspace       used 14849K, capacity 14989K, committed 15360K, reserved 15744K
}
Event: 20.365 GC heap before
{Heap before GC invocations=14 (full 2):
 def new generation   total 9792K, used 9152K [0x05400000, 0x05ea0000, 0x0a950000)
  eden space 8704K,  97% used [0x05400000, 0x05c3fca8, 0x05c80000)
  from space 1088K,  64% used [0x05d90000, 0x05e40468, 0x05ea0000)
  to   space 1088K,   0% used [0x05c80000, 0x05c80000, 0x05d90000)
 tenured generation   total 21648K, used 17902K [0x0a950000, 0x0be74000, 0x15400000)
   the space 21648K,  82% used [0x0a950000, 0x0bacbb00, 0x0bacbc00, 0x0be74000)
 Metaspace       used 14849K, capacity 14989K, committed 15360K, reserved 15744K
}
Event: 20.382 GC heap after
{Heap after GC invocations=15 (full 3):
 def new generation   total 17856K, used 703K [0x05400000, 0x06760000, 0x0a950000)
  eden space 15872K,   4% used [0x05400000, 0x054afc98, 0x06380000)
  from space 1984K,   0% used [0x06380000, 0x06380000, 0x06570000)
  to   space 1984K,   0% used [0x06570000, 0x06570000, 0x06760000)
 tenured generation   total 39556K, used 23732K [0x0a950000, 0x0cff1000, 0x15400000)
   the space 39556K,  59% used [0x0a950000, 0x0c07d3b0, 0x0c07d400, 0x0cff1000)
 Metaspace       used 14845K, capacity 14984K, committed 15360K, reserved 15744K
}
Event: 22.997 GC heap before
{Heap before GC invocations=15 (full 3):
 def new generation   total 17856K, used 15872K [0x05400000, 0x06760000, 0x0a950000)
  eden space 15872K, 100% used [0x05400000, 0x06380000, 0x06380000)
  from space 1984K,   0% used [0x06380000, 0x06380000, 0x06570000)
  to   space 1984K,   0% used [0x06570000, 0x06570000, 0x06760000)
 tenured generation   total 39556K, used 23732K [0x0a950000, 0x0cff1000, 0x15400000)
   the space 39556K,  59% used [0x0a950000, 0x0c07d3b0, 0x0c07d400, 0x0cff1000)
 Metaspace       used 16459K, capacity 16664K, committed 16768K, reserved 16768K
}
Event: 23.003 GC heap after
{Heap after GC invocations=16 (full 3):
 def new generation   total 17856K, used 1984K [0x05400000, 0x06760000, 0x0a950000)
  eden space 15872K,   0% used [0x05400000, 0x05400000, 0x06380000)
  from space 1984K, 100% used [0x06570000, 0x06760000, 0x06760000)
  to   space 1984K,   0% used [0x06380000, 0x06380000, 0x06570000)
 tenured generation   total 39556K, used 25381K [0x0a950000, 0x0cff1000, 0x15400000)
   the space 39556K,  64% used [0x0a950000, 0x0c2195c8, 0x0c219600, 0x0cff1000)
 Metaspace       used 16459K, capacity 16664K, committed 16768K, reserved 16768K
}
Event: 104.346 GC heap before
{Heap before GC invocations=16 (full 3):
 def new generation   total 17856K, used 17856K [0x05400000, 0x06760000, 0x0a950000)
  eden space 15872K, 100% used [0x05400000, 0x06380000, 0x06380000)
  from space 1984K, 100% used [0x06570000, 0x06760000, 0x06760000)
  to   space 1984K,   0% used [0x06380000, 0x06380000, 0x06570000)
 tenured generation   total 39556K, used 25381K [0x0a950000, 0x0cff1000, 0x15400000)
   the space 39556K,  64% used [0x0a950000, 0x0c2195c8, 0x0c219600, 0x0cff1000)
 Metaspace       used 17381K, capacity 17615K, committed 17664K, reserved 17792K
}
Event: 104.365 GC heap after
{Heap after GC invocations=17 (full 3):
 def new generation   total 17856K, used 1984K [0x05400000, 0x06760000, 0x0a950000)
  eden space 15872K,   0% used [0x05400000, 0x05400000, 0x06380000)
  from space 1984K, 100% used [0x06380000, 0x06570000, 0x06570000)
  to   space 1984K,   0% used [0x06570000, 0x06570000, 0x06760000)
 tenured generation   total 39556K, used 27756K [0x0a950000, 0x0cff1000, 0x15400000)
   the space 39556K,  70% used [0x0a950000, 0x0c46b0f8, 0x0c46b200, 0x0cff1000)
 Metaspace       used 17381K, capacity 17615K, committed 17664K, reserved 17792K
}
Event: 130.511 GC heap before
{Heap before GC invocations=17 (full 3):
 def new generation   total 17856K, used 17856K [0x05400000, 0x06760000, 0x0a950000)
  eden space 15872K, 100% used [0x05400000, 0x06380000, 0x06380000)
  from space 1984K, 100% used [0x06380000, 0x06570000, 0x06570000)
  to   space 1984K,   0% used [0x06570000, 0x06570000, 0x06760000)
 tenured generation   total 39556K, used 27756K [0x0a950000, 0x0cff1000, 0x15400000)
   the space 39556K,  70% used [0x0a950000, 0x0c46b0f8, 0x0c46b200, 0x0cff1000)
 Metaspace       used 18080K, capacity 18351K, committed 18432K, reserved 18816K
}
Event: 130.518 GC heap after
{Heap after GC invocations=18 (full 3):
 def new generation   total 17856K, used 1089K [0x05400000, 0x06760000, 0x0a950000)
  eden space 15872K,   0% used [0x05400000, 0x05400000, 0x06380000)
  from space 1984K,  54% used [0x06570000, 0x06680658, 0x06760000)
  to   space 1984K,   0% used [0x06380000, 0x06380000, 0x06570000)
 tenured generation   total 39556K, used 32152K [0x0a950000, 0x0cff1000, 0x15400000)
   the space 39556K,  81% used [0x0a950000, 0x0c8b62b8, 0x0c8b6400, 0x0cff1000)
 Metaspace       used 18080K, capacity 18351K, committed 18432K, reserved 18816K
}
Event: 135.188 GC heap before
{Heap before GC invocations=18 (full 3):
 def new generation   total 17856K, used 16817K [0x05400000, 0x06760000, 0x0a950000)
  eden space 15872K,  99% used [0x05400000, 0x0635bf98, 0x06380000)
  from space 1984K,  54% used [0x06570000, 0x06680658, 0x06760000)
  to   space 1984K,   0% used [0x06380000, 0x06380000, 0x06570000)
 tenured generation   total 39556K, used 32152K [0x0a950000, 0x0cff1000, 0x15400000)
   the space 39556K,  81% used [0x0a950000, 0x0c8b62b8, 0x0c8b6400, 0x0cff1000)
 Metaspace       used 19482K, capacity 19907K, committed 19968K, reserved 20864K
}
Event: 135.198 GC heap after
{Heap after GC invocations=19 (full 3):
 def new generation   total 17856K, used 1984K [0x05400000, 0x06760000, 0x0a950000)
  eden space 15872K,   0% used [0x05400000, 0x05400000, 0x06380000)
  from space 1984K, 100% used [0x06380000, 0x06570000, 0x06570000)
  to   space 1984K,   0% used [0x06570000, 0x06570000, 0x06760000)
 tenured generation   total 39556K, used 35359K [0x0a950000, 0x0cff1000, 0x15400000)
   the space 39556K,  89% used [0x0a950000, 0x0cbd7e10, 0x0cbd8000, 0x0cff1000)
 Metaspace       used 19482K, capacity 19907K, committed 19968K, reserved 20864K
}
Event: 156.666 GC heap before
{Heap before GC invocations=19 (full 3):
 def new generation   total 17856K, used 17548K [0x05400000, 0x06760000, 0x0a950000)
  eden space 15872K,  98% used [0x05400000, 0x063330e8, 0x06380000)
  from space 1984K, 100% used [0x06380000, 0x06570000, 0x06570000)
  to   space 1984K,   0% used [0x06570000, 0x06570000, 0x06760000)
 tenured generation   total 39556K, used 35359K [0x0a950000, 0x0cff1000, 0x15400000)
   the space 39556K,  89% used [0x0a950000, 0x0cbd7e10, 0x0cbd8000, 0x0cff1000)
 Metaspace       used 19482K, capacity 19907K, committed 19968K, reserved 20864K
}
Event: 156.841 GC heap after
{Heap after GC invocations=20 (full 4):
 def new generation   total 33472K, used 0K [0x05400000, 0x07850000, 0x0a950000)
  eden space 29760K,   0% used [0x05400000, 0x05400000, 0x07110000)
  from space 3712K,   0% used [0x07110000, 0x07110000, 0x074b0000)
  to   space 3712K,   0% used [0x074b0000, 0x074b0000, 0x07850000)
 tenured generation   total 74280K, used 44566K [0x0a950000, 0x0f1da000, 0x15400000)
   the space 74280K,  59% used [0x0a950000, 0x0d4d5b10, 0x0d4d5c00, 0x0f1da000)
 Metaspace       used 19339K, capacity 19732K, committed 19968K, reserved 20864K
}

