# JRE version: OpenJDK Runtime Environment Temurin-11.0.21+9 (11.0.21+9) (build 11.0.21+9)
# Java VM: OpenJDK Client VM Temurin-11.0.21+9 (11.0.21+9, mixed mode, serial gc, windows-x86)
Heap:
 def new generation   total 34560K, used 2505K [0x05200000, 0x07780000, 0x0a750000)
  eden space 30720K,   8% used [0x05200000, 0x054725f0, 0x07000000)
  from space 3840K,   0% used [0x07000000, 0x07000000, 0x073c0000)
  to   space 3840K,   0% used [0x073c0000, 0x073c0000, 0x07780000)
 tenured generation   total 76728K, used 46036K [0x0a750000, 0x0f23e000, 0x15200000)
   the space 76728K,  59% used [0x0a750000, 0x0d4451d0, 0x0d445200, 0x0f23e000)
 Metaspace       used 18670K, capacity 18940K, committed 19072K, reserved 19840K
GC Heap History (20 events):
Event: 1.988 GC heap before
{Heap before GC invocations=9 (full 1):
 def new generation   total 4992K, used 4480K [0x05200000, 0x05760000, 0x0a750000)
  eden space 4480K, 100% used [0x05200000, 0x05660000, 0x05660000)
  from space 512K,   0% used [0x05660000, 0x05660000, 0x056e0000)
  to   space 512K,   0% used [0x056e0000, 0x056e0000, 0x05760000)
 tenured generation   total 10944K, used 6100K [0x0a750000, 0x0b200000, 0x15200000)
   the space 10944K,  55% used [0x0a750000, 0x0ad453c8, 0x0ad45400, 0x0b200000)
 Metaspace       used 12881K, capacity 13064K, committed 13184K, reserved 13696K
}
Event: 1.991 GC heap after
{Heap after GC invocations=10 (full 1):
 def new generation   total 4992K, used 512K [0x05200000, 0x05760000, 0x0a750000)
  eden space 4480K,   0% used [0x05200000, 0x05200000, 0x05660000)
  from space 512K, 100% used [0x056e0000, 0x05760000, 0x05760000)
  to   space 512K,   0% used [0x05660000, 0x05660000, 0x056e0000)
 tenured generation   total 10944K, used 6593K [0x0a750000, 0x0b200000, 0x15200000)
   the space 10944K,  60% used [0x0a750000, 0x0adc07a8, 0x0adc0800, 0x0b200000)
 Metaspace       used 12881K, capacity 13064K, committed 13184K, reserved 13696K
}
Event: 4.938 GC heap before
{Heap before GC invocations=10 (full 1):
 def new generation   total 4992K, used 4992K [0x05200000, 0x05760000, 0x0a750000)
  eden space 4480K, 100% used [0x05200000, 0x05660000, 0x05660000)
  from space 512K, 100% used [0x056e0000, 0x05760000, 0x05760000)
  to   space 512K,   0% used [0x05660000, 0x05660000, 0x056e0000)
 tenured generation   total 10944K, used 6593K [0x0a750000, 0x0b200000, 0x15200000)
   the space 10944K,  60% used [0x0a750000, 0x0adc07a8, 0x0adc0800, 0x0b200000)
 Metaspace       used 14963K, capacity 15170K, committed 15232K, reserved 15744K
}
Event: 4.941 GC heap after
{Heap after GC invocations=11 (full 1):
 def new generation   total 4992K, used 512K [0x05200000, 0x05760000, 0x0a750000)
  eden space 4480K,   0% used [0x05200000, 0x05200000, 0x05660000)
  from space 512K, 100% used [0x05660000, 0x056e0000, 0x056e0000)
  to   space 512K,   0% used [0x056e0000, 0x056e0000, 0x05760000)
 tenured generation   total 10944K, used 7466K [0x0a750000, 0x0b200000, 0x15200000)
   the space 10944K,  68% used [0x0a750000, 0x0ae9a840, 0x0ae9aa00, 0x0b200000)
 Metaspace       used 14963K, capacity 15170K, committed 15232K, reserved 15744K
}
Event: 5.236 GC heap before
{Heap before GC invocations=11 (full 1):
 def new generation   total 4992K, used 4933K [0x05200000, 0x05760000, 0x0a750000)
  eden space 4480K,  98% used [0x05200000, 0x05651798, 0x05660000)
  from space 512K, 100% used [0x05660000, 0x056e0000, 0x056e0000)
  to   space 512K,   0% used [0x056e0000, 0x056e0000, 0x05760000)
 tenured generation   total 10944K, used 7466K [0x0a750000, 0x0b200000, 0x15200000)
   the space 10944K,  68% used [0x0a750000, 0x0ae9a840, 0x0ae9aa00, 0x0b200000)
 Metaspace       used 15078K, capacity 15269K, committed 15360K, reserved 15744K
}
Event: 5.239 GC heap after
{Heap after GC invocations=12 (full 1):
 def new generation   total 4992K, used 72K [0x05200000, 0x05760000, 0x0a750000)
  eden space 4480K,   0% used [0x05200000, 0x05200000, 0x05660000)
  from space 512K,  14% used [0x056e0000, 0x056f2390, 0x05760000)
  to   space 512K,   0% used [0x05660000, 0x05660000, 0x056e0000)
 tenured generation   total 10944K, used 10035K [0x0a750000, 0x0b200000, 0x15200000)
   the space 10944K,  91% used [0x0a750000, 0x0b11cd38, 0x0b11ce00, 0x0b200000)
 Metaspace       used 15078K, capacity 15269K, committed 15360K, reserved 15744K
}
Event: 5.667 GC heap before
{Heap before GC invocations=12 (full 1):
 def new generation   total 4992K, used 4391K [0x05200000, 0x05760000, 0x0a750000)
  eden space 4480K,  96% used [0x05200000, 0x05637948, 0x05660000)
  from space 512K,  14% used [0x056e0000, 0x056f2390, 0x05760000)
  to   space 512K,   0% used [0x05660000, 0x05660000, 0x056e0000)
 tenured generation   total 10944K, used 10035K [0x0a750000, 0x0b200000, 0x15200000)
   the space 10944K,  91% used [0x0a750000, 0x0b11cd38, 0x0b11ce00, 0x0b200000)
 Metaspace       used 15078K, capacity 15269K, committed 15360K, reserved 15744K
}
Event: 5.792 GC heap after
{Heap after GC invocations=13 (full 2):
 def new generation   total 9792K, used 0K [0x05200000, 0x05c90000, 0x0a750000)
  eden space 8768K,   0% used [0x05200000, 0x05200000, 0x05a90000)
  from space 1024K,   0% used [0x05a90000, 0x05a90000, 0x05b90000)
  to   space 1024K,   0% used [0x05b90000, 0x05b90000, 0x05c90000)
 tenured generation   total 21516K, used 12909K [0x0a750000, 0x0bc53000, 0x15200000)
   the space 21516K,  59% used [0x0a750000, 0x0b3eb590, 0x0b3eb600, 0x0bc53000)
 Metaspace       used 15078K, capacity 15269K, committed 15360K, reserved 15744K
}
Event: 6.184 GC heap before
{Heap before GC invocations=13 (full 2):
 def new generation   total 9792K, used 8768K [0x05200000, 0x05c90000, 0x0a750000)
  eden space 8768K, 100% used [0x05200000, 0x05a90000, 0x05a90000)
  from space 1024K,   0% used [0x05a90000, 0x05a90000, 0x05b90000)
  to   space 1024K,   0% used [0x05b90000, 0x05b90000, 0x05c90000)
 tenured generation   total 21516K, used 12909K [0x0a750000, 0x0bc53000, 0x15200000)
   the space 21516K,  59% used [0x0a750000, 0x0b3eb590, 0x0b3eb600, 0x0bc53000)
 Metaspace       used 15078K, capacity 15269K, committed 15360K, reserved 15744K
}
Event: 6.188 GC heap after
{Heap after GC invocations=14 (full 2):
 def new generation   total 9792K, used 905K [0x05200000, 0x05c90000, 0x0a750000)
  eden space 8768K,   0% used [0x05200000, 0x05200000, 0x05a90000)
  from space 1024K,  88% used [0x05b90000, 0x05c72448, 0x05c90000)
  to   space 1024K,   0% used [0x05a90000, 0x05a90000, 0x05b90000)
 tenured generation   total 21516K, used 17825K [0x0a750000, 0x0bc53000, 0x15200000)
   the space 21516K,  82% used [0x0a750000, 0x0b8b8538, 0x0b8b8600, 0x0bc53000)
 Metaspace       used 15078K, capacity 15269K, committed 15360K, reserved 15744K
}
Event: 6.667 GC heap before
{Heap before GC invocations=14 (full 2):
 def new generation   total 9792K, used 9234K [0x05200000, 0x05c90000, 0x0a750000)
  eden space 8768K,  94% used [0x05200000, 0x05a224c8, 0x05a90000)
  from space 1024K,  88% used [0x05b90000, 0x05c72448, 0x05c90000)
  to   space 1024K,   0% used [0x05a90000, 0x05a90000, 0x05b90000)
 tenured generation   total 21516K, used 17825K [0x0a750000, 0x0bc53000, 0x15200000)
   the space 21516K,  82% used [0x0a750000, 0x0b8b8538, 0x0b8b8600, 0x0bc53000)
 Metaspace       used 15078K, capacity 15269K, committed 15360K, reserved 15744K
}
Event: 6.705 GC heap after
{Heap after GC invocations=15 (full 3):
 def new generation   total 17792K, used 735K [0x05200000, 0x06540000, 0x0a750000)
  eden space 15872K,   4% used [0x05200000, 0x052b7ce0, 0x06180000)
  from space 1920K,   0% used [0x06180000, 0x06180000, 0x06360000)
  to   space 1920K,   0% used [0x06360000, 0x06360000, 0x06540000)
 tenured generation   total 39376K, used 23623K [0x0a750000, 0x0cdc4000, 0x15200000)
   the space 39376K,  59% used [0x0a750000, 0x0be61da0, 0x0be61e00, 0x0cdc4000)
 Metaspace       used 14895K, capacity 15043K, committed 15360K, reserved 15744K
}
Event: 10.543 GC heap before
{Heap before GC invocations=15 (full 3):
 def new generation   total 17792K, used 15872K [0x05200000, 0x06540000, 0x0a750000)
  eden space 15872K, 100% used [0x05200000, 0x06180000, 0x06180000)
  from space 1920K,   0% used [0x06180000, 0x06180000, 0x06360000)
  to   space 1920K,   0% used [0x06360000, 0x06360000, 0x06540000)
 tenured generation   total 39376K, used 23623K [0x0a750000, 0x0cdc4000, 0x15200000)
   the space 39376K,  59% used [0x0a750000, 0x0be61da0, 0x0be61e00, 0x0cdc4000)
 Metaspace       used 16504K, capacity 16717K, committed 16768K, reserved 16768K
}
Event: 10.555 GC heap after
{Heap after GC invocations=16 (full 3):
 def new generation   total 17792K, used 1920K [0x05200000, 0x06540000, 0x0a750000)
  eden space 15872K,   0% used [0x05200000, 0x05200000, 0x06180000)
  from space 1920K, 100% used [0x06360000, 0x06540000, 0x06540000)
  to   space 1920K,   0% used [0x06180000, 0x06180000, 0x06360000)
 tenured generation   total 39376K, used 25355K [0x0a750000, 0x0cdc4000, 0x15200000)
   the space 39376K,  64% used [0x0a750000, 0x0c012d10, 0x0c012e00, 0x0cdc4000)
 Metaspace       used 16504K, capacity 16717K, committed 16768K, reserved 16768K
}
Event: 36.846 GC heap before
{Heap before GC invocations=16 (full 3):
 def new generation   total 17792K, used 17792K [0x05200000, 0x06540000, 0x0a750000)
  eden space 15872K, 100% used [0x05200000, 0x06180000, 0x06180000)
  from space 1920K, 100% used [0x06360000, 0x06540000, 0x06540000)
  to   space 1920K,   0% used [0x06180000, 0x06180000, 0x06360000)
 tenured generation   total 39376K, used 25355K [0x0a750000, 0x0cdc4000, 0x15200000)
   the space 39376K,  64% used [0x0a750000, 0x0c012d10, 0x0c012e00, 0x0cdc4000)
 Metaspace       used 18247K, capacity 18550K, committed 18560K, reserved 18816K
}
Event: 36.853 GC heap after
{Heap after GC invocations=17 (full 3):
 def new generation   total 17792K, used 1920K [0x05200000, 0x06540000, 0x0a750000)
  eden space 15872K,   0% used [0x05200000, 0x05200000, 0x06180000)
  from space 1920K, 100% used [0x06180000, 0x06360000, 0x06360000)
  to   space 1920K,   0% used [0x06360000, 0x06360000, 0x06540000)
 tenured generation   total 39376K, used 28634K [0x0a750000, 0x0cdc4000, 0x15200000)
   the space 39376K,  72% used [0x0a750000, 0x0c346808, 0x0c346a00, 0x0cdc4000)
 Metaspace       used 18247K, capacity 18550K, committed 18560K, reserved 18816K
}
Event: 40.067 GC heap before
{Heap before GC invocations=17 (full 3):
 def new generation   total 17792K, used 17231K [0x05200000, 0x06540000, 0x0a750000)
  eden space 15872K,  96% used [0x05200000, 0x060f3ef0, 0x06180000)
  from space 1920K, 100% used [0x06180000, 0x06360000, 0x06360000)
  to   space 1920K,   0% used [0x06360000, 0x06360000, 0x06540000)
 tenured generation   total 39376K, used 28634K [0x0a750000, 0x0cdc4000, 0x15200000)
   the space 39376K,  72% used [0x0a750000, 0x0c346808, 0x0c346a00, 0x0cdc4000)
 Metaspace       used 18533K, capacity 18840K, committed 18944K, reserved 19840K
}
Event: 40.076 GC heap after
{Heap after GC invocations=18 (full 3):
 def new generation   total 17792K, used 1920K [0x05200000, 0x06540000, 0x0a750000)
  eden space 15872K,   0% used [0x05200000, 0x05200000, 0x06180000)
  from space 1920K, 100% used [0x06360000, 0x06540000, 0x06540000)
  to   space 1920K,   0% used [0x06180000, 0x06180000, 0x06360000)
 tenured generation   total 39376K, used 36973K [0x0a750000, 0x0cdc4000, 0x15200000)
   the space 39376K,  93% used [0x0a750000, 0x0cb6b460, 0x0cb6b600, 0x0cdc4000)
 Metaspace       used 18533K, capacity 18840K, committed 18944K, reserved 19840K
}
Event: 42.615 GC heap before
{Heap before GC invocations=18 (full 3):
 def new generation   total 17792K, used 17792K [0x05200000, 0x06540000, 0x0a750000)
  eden space 15872K, 100% used [0x05200000, 0x06180000, 0x06180000)
  from space 1920K, 100% used [0x06360000, 0x06540000, 0x06540000)
  to   space 1920K,   0% used [0x06180000, 0x06180000, 0x06360000)
 tenured generation   total 39376K, used 36973K [0x0a750000, 0x0cdc4000, 0x15200000)
   the space 39376K,  93% used [0x0a750000, 0x0cb6b460, 0x0cb6b600, 0x0cdc4000)
 Metaspace       used 18574K, capacity 18874K, committed 18944K, reserved 19840K
}
Event: 42.673 GC heap after
{Heap after GC invocations=19 (full 4):
 def new generation   total 34560K, used 0K [0x05200000, 0x07780000, 0x0a750000)
  eden space 30720K,   0% used [0x05200000, 0x05200000, 0x07000000)
  from space 3840K,   0% used [0x07000000, 0x07000000, 0x073c0000)
  to   space 3840K,   0% used [0x073c0000, 0x073c0000, 0x07780000)
 tenured generation   total 76728K, used 46036K [0x0a750000, 0x0f23e000, 0x15200000)
   the space 76728K,  59% used [0x0a750000, 0x0d4451d0, 0x0d445200, 0x0f23e000)
 Metaspace       used 18428K, capacity 18696K, committed 18944K, reserved 19840K
}

