# JRE version: OpenJDK Runtime Environment Temurin-11.0.21+9 (11.0.21+9) (build 11.0.21+9)
# Java VM: OpenJDK Client VM Temurin-11.0.21+9 (11.0.21+9, mixed mode, serial gc, windows-x86)
Heap:
 def new generation   total 31616K, used 20638K [0x04c00000, 0x06e40000, 0x0a150000)
  eden space 28160K,  62% used [0x04c00000, 0x05d1d048, 0x06780000)
  from space 3456K,  90% used [0x06ae0000, 0x06dea830, 0x06e40000)
  to   space 3456K,   0% used [0x06780000, 0x06780000, 0x06ae0000)
 tenured generation   total 70104K, used 58894K [0x0a150000, 0x0e5c6000, 0x14c00000)
   the space 70104K,  84% used [0x0a150000, 0x0dad3b18, 0x0dad3c00, 0x0e5c6000)
 Metaspace       used 18625K, capacity 18945K, committed 19072K, reserved 19840K
GC Heap History (20 events):
Event: 1.421 GC heap before
{Heap before GC invocations=9 (full 1):
 def new generation   total 4992K, used 4480K [0x04c00000, 0x05160000, 0x0a150000)
  eden space 4480K, 100% used [0x04c00000, 0x05060000, 0x05060000)
  from space 512K,   0% used [0x05060000, 0x05060000, 0x050e0000)
  to   space 512K,   0% used [0x050e0000, 0x050e0000, 0x05160000)
 tenured generation   total 10944K, used 5976K [0x0a150000, 0x0ac00000, 0x14c00000)
   the space 10944K,  54% used [0x0a150000, 0x0a7260f0, 0x0a726200, 0x0ac00000)
 Metaspace       used 12882K, capacity 13064K, committed 13184K, reserved 13696K
}
Event: 1.424 GC heap after
{Heap after GC invocations=10 (full 1):
 def new generation   total 4992K, used 512K [0x04c00000, 0x05160000, 0x0a150000)
  eden space 4480K,   0% used [0x04c00000, 0x04c00000, 0x05060000)
  from space 512K, 100% used [0x050e0000, 0x05160000, 0x05160000)
  to   space 512K,   0% used [0x05060000, 0x05060000, 0x050e0000)
 tenured generation   total 10944K, used 6533K [0x0a150000, 0x0ac00000, 0x14c00000)
   the space 10944K,  59% used [0x0a150000, 0x0a7b1548, 0x0a7b1600, 0x0ac00000)
 Metaspace       used 12882K, capacity 13064K, committed 13184K, reserved 13696K
}
Event: 2.083 GC heap before
{Heap before GC invocations=10 (full 1):
 def new generation   total 4992K, used 4992K [0x04c00000, 0x05160000, 0x0a150000)
  eden space 4480K, 100% used [0x04c00000, 0x05060000, 0x05060000)
  from space 512K, 100% used [0x050e0000, 0x05160000, 0x05160000)
  to   space 512K,   0% used [0x05060000, 0x05060000, 0x050e0000)
 tenured generation   total 10944K, used 6533K [0x0a150000, 0x0ac00000, 0x14c00000)
   the space 10944K,  59% used [0x0a150000, 0x0a7b1548, 0x0a7b1600, 0x0ac00000)
 Metaspace       used 14963K, capacity 15170K, committed 15232K, reserved 15744K
}
Event: 2.086 GC heap after
{Heap after GC invocations=11 (full 1):
 def new generation   total 4992K, used 512K [0x04c00000, 0x05160000, 0x0a150000)
  eden space 4480K,   0% used [0x04c00000, 0x04c00000, 0x05060000)
  from space 512K, 100% used [0x05060000, 0x050e0000, 0x050e0000)
  to   space 512K,   0% used [0x050e0000, 0x050e0000, 0x05160000)
 tenured generation   total 10944K, used 7413K [0x0a150000, 0x0ac00000, 0x14c00000)
   the space 10944K,  67% used [0x0a150000, 0x0a88d660, 0x0a88d800, 0x0ac00000)
 Metaspace       used 14963K, capacity 15170K, committed 15232K, reserved 15744K
}
Event: 2.496 GC heap before
{Heap before GC invocations=11 (full 1):
 def new generation   total 4992K, used 4427K [0x04c00000, 0x05160000, 0x0a150000)
  eden space 4480K,  87% used [0x04c00000, 0x04fd2db8, 0x05060000)
  from space 512K, 100% used [0x05060000, 0x050e0000, 0x050e0000)
  to   space 512K,   0% used [0x050e0000, 0x050e0000, 0x05160000)
 tenured generation   total 10944K, used 7413K [0x0a150000, 0x0ac00000, 0x14c00000)
   the space 10944K,  67% used [0x0a150000, 0x0a88d660, 0x0a88d800, 0x0ac00000)
 Metaspace       used 15078K, capacity 15269K, committed 15360K, reserved 15744K
}
Event: 2.500 GC heap after
{Heap after GC invocations=12 (full 1):
 def new generation   total 4992K, used 248K [0x04c00000, 0x05160000, 0x0a150000)
  eden space 4480K,   0% used [0x04c00000, 0x04c00000, 0x05060000)
  from space 512K,  48% used [0x050e0000, 0x0511e130, 0x05160000)
  to   space 512K,   0% used [0x05060000, 0x05060000, 0x050e0000)
 tenured generation   total 10944K, used 9291K [0x0a150000, 0x0ac00000, 0x14c00000)
   the space 10944K,  84% used [0x0a150000, 0x0aa62c60, 0x0aa62e00, 0x0ac00000)
 Metaspace       used 15078K, capacity 15269K, committed 15360K, reserved 15744K
}
Event: 2.703 GC heap before
{Heap before GC invocations=12 (full 1):
 def new generation   total 4992K, used 4544K [0x04c00000, 0x05160000, 0x0a150000)
  eden space 4480K,  95% used [0x04c00000, 0x050322b8, 0x05060000)
  from space 512K,  48% used [0x050e0000, 0x0511e130, 0x05160000)
  to   space 512K,   0% used [0x05060000, 0x05060000, 0x050e0000)
 tenured generation   total 10944K, used 9291K [0x0a150000, 0x0ac00000, 0x14c00000)
   the space 10944K,  84% used [0x0a150000, 0x0aa62c60, 0x0aa62e00, 0x0ac00000)
 Metaspace       used 15078K, capacity 15269K, committed 15360K, reserved 15744K
}
Event: 2.728 GC heap after
{Heap after GC invocations=13 (full 2):
 def new generation   total 9280K, used 0K [0x04c00000, 0x05610000, 0x0a150000)
  eden space 8256K,   0% used [0x04c00000, 0x04c00000, 0x05410000)
  from space 1024K,   0% used [0x05410000, 0x05410000, 0x05510000)
  to   space 1024K,   0% used [0x05510000, 0x05510000, 0x05610000)
 tenured generation   total 20568K, used 12340K [0x0a150000, 0x0b566000, 0x14c00000)
   the space 20568K,  59% used [0x0a150000, 0x0ad5d258, 0x0ad5d400, 0x0b566000)
 Metaspace       used 15078K, capacity 15269K, committed 15360K, reserved 15744K
}
Event: 3.021 GC heap before
{Heap before GC invocations=13 (full 2):
 def new generation   total 9280K, used 8210K [0x04c00000, 0x05610000, 0x0a150000)
  eden space 8256K,  99% used [0x04c00000, 0x05404838, 0x05410000)
  from space 1024K,   0% used [0x05410000, 0x05410000, 0x05510000)
  to   space 1024K,   0% used [0x05510000, 0x05510000, 0x05610000)
 tenured generation   total 20568K, used 12340K [0x0a150000, 0x0b566000, 0x14c00000)
   the space 20568K,  59% used [0x0a150000, 0x0ad5d258, 0x0ad5d400, 0x0b566000)
 Metaspace       used 15078K, capacity 15269K, committed 15360K, reserved 15744K
}
Event: 3.024 GC heap after
{Heap after GC invocations=14 (full 2):
 def new generation   total 9280K, used 705K [0x04c00000, 0x05610000, 0x0a150000)
  eden space 8256K,   0% used [0x04c00000, 0x04c00000, 0x05410000)
  from space 1024K,  68% used [0x05510000, 0x055c0468, 0x05610000)
  to   space 1024K,   0% used [0x05410000, 0x05410000, 0x05510000)
 tenured generation   total 20568K, used 17256K [0x0a150000, 0x0b566000, 0x14c00000)
   the space 20568K,  83% used [0x0a150000, 0x0b22a200, 0x0b22a200, 0x0b566000)
 Metaspace       used 15078K, capacity 15269K, committed 15360K, reserved 15744K
}
Event: 3.211 GC heap before
{Heap before GC invocations=14 (full 2):
 def new generation   total 9280K, used 8959K [0x04c00000, 0x05610000, 0x0a150000)
  eden space 8256K,  99% used [0x04c00000, 0x0540f7f8, 0x05410000)
  from space 1024K,  68% used [0x05510000, 0x055c0468, 0x05610000)
  to   space 1024K,   0% used [0x05410000, 0x05410000, 0x05510000)
 tenured generation   total 20568K, used 17256K [0x0a150000, 0x0b566000, 0x14c00000)
   the space 20568K,  83% used [0x0a150000, 0x0b22a200, 0x0b22a200, 0x0b566000)
 Metaspace       used 15078K, capacity 15269K, committed 15360K, reserved 15744K
}
Event: 3.241 GC heap after
{Heap after GC invocations=15 (full 3):
 def new generation   total 17280K, used 703K [0x04c00000, 0x05eb0000, 0x0a150000)
  eden space 15424K,   4% used [0x04c00000, 0x04cafc98, 0x05b10000)
  from space 1856K,   0% used [0x05b10000, 0x05b10000, 0x05ce0000)
  to   space 1856K,   0% used [0x05ce0000, 0x05ce0000, 0x05eb0000)
 tenured generation   total 38188K, used 22911K [0x0a150000, 0x0c69b000, 0x14c00000)
   the space 38188K,  59% used [0x0a150000, 0x0b7afc60, 0x0b7afe00, 0x0c69b000)
 Metaspace       used 15078K, capacity 15269K, committed 15360K, reserved 15744K
}
Event: 4.065 GC heap before
{Heap before GC invocations=15 (full 3):
 def new generation   total 17280K, used 15424K [0x04c00000, 0x05eb0000, 0x0a150000)
  eden space 15424K, 100% used [0x04c00000, 0x05b10000, 0x05b10000)
  from space 1856K,   0% used [0x05b10000, 0x05b10000, 0x05ce0000)
  to   space 1856K,   0% used [0x05ce0000, 0x05ce0000, 0x05eb0000)
 tenured generation   total 38188K, used 22911K [0x0a150000, 0x0c69b000, 0x14c00000)
   the space 38188K,  59% used [0x0a150000, 0x0b7afc60, 0x0b7afe00, 0x0c69b000)
 Metaspace       used 16516K, capacity 16737K, committed 16768K, reserved 16768K
}
Event: 4.075 GC heap after
{Heap after GC invocations=16 (full 3):
 def new generation   total 17280K, used 1856K [0x04c00000, 0x05eb0000, 0x0a150000)
  eden space 15424K,   0% used [0x04c00000, 0x04c00000, 0x05b10000)
  from space 1856K, 100% used [0x05ce0000, 0x05eb0000, 0x05eb0000)
  to   space 1856K,   0% used [0x05b10000, 0x05b10000, 0x05ce0000)
 tenured generation   total 38188K, used 25253K [0x0a150000, 0x0c69b000, 0x14c00000)
   the space 38188K,  66% used [0x0a150000, 0x0b9f96f0, 0x0b9f9800, 0x0c69b000)
 Metaspace       used 16516K, capacity 16737K, committed 16768K, reserved 16768K
}
Event: 7.746 GC heap before
{Heap before GC invocations=16 (full 3):
 def new generation   total 17280K, used 17172K [0x04c00000, 0x05eb0000, 0x0a150000)
  eden space 15424K,  99% used [0x04c00000, 0x05af53c0, 0x05b10000)
  from space 1856K, 100% used [0x05ce0000, 0x05eb0000, 0x05eb0000)
  to   space 1856K,   0% used [0x05b10000, 0x05b10000, 0x05ce0000)
 tenured generation   total 38188K, used 25253K [0x0a150000, 0x0c69b000, 0x14c00000)
   the space 38188K,  66% used [0x0a150000, 0x0b9f96f0, 0x0b9f9800, 0x0c69b000)
 Metaspace       used 17699K, capacity 17962K, committed 18048K, reserved 18816K
}
Event: 7.761 GC heap after
{Heap after GC invocations=17 (full 3):
 def new generation   total 17280K, used 1856K [0x04c00000, 0x05eb0000, 0x0a150000)
  eden space 15424K,   0% used [0x04c00000, 0x04c00000, 0x05b10000)
  from space 1856K, 100% used [0x05b10000, 0x05ce0000, 0x05ce0000)
  to   space 1856K,   0% used [0x05ce0000, 0x05ce0000, 0x05eb0000)
 tenured generation   total 38188K, used 31095K [0x0a150000, 0x0c69b000, 0x14c00000)
   the space 38188K,  81% used [0x0a150000, 0x0bfadf20, 0x0bfae000, 0x0c69b000)
 Metaspace       used 17699K, capacity 17962K, committed 18048K, reserved 18816K
}
Event: 8.193 GC heap before
{Heap before GC invocations=17 (full 3):
 def new generation   total 17280K, used 17152K [0x04c00000, 0x05eb0000, 0x0a150000)
  eden space 15424K,  99% used [0x04c00000, 0x05af0380, 0x05b10000)
  from space 1856K, 100% used [0x05b10000, 0x05ce0000, 0x05ce0000)
  to   space 1856K,   0% used [0x05ce0000, 0x05ce0000, 0x05eb0000)
 tenured generation   total 38188K, used 31095K [0x0a150000, 0x0c69b000, 0x14c00000)
   the space 38188K,  81% used [0x0a150000, 0x0bfadf20, 0x0bfae000, 0x0c69b000)
 Metaspace       used 17699K, capacity 17962K, committed 18048K, reserved 18816K
}
Event: 8.241 GC heap after
{Heap after GC invocations=18 (full 4):
 def new generation   total 31616K, used 443K [0x04c00000, 0x06e40000, 0x0a150000)
  eden space 28160K,   1% used [0x04c00000, 0x04c6eeb0, 0x06780000)
  from space 3456K,   0% used [0x06780000, 0x06780000, 0x06ae0000)
  to   space 3456K,   0% used [0x06ae0000, 0x06ae0000, 0x06e40000)
 tenured generation   total 70104K, used 42061K [0x0a150000, 0x0e5c6000, 0x14c00000)
   the space 70104K,  59% used [0x0a150000, 0x0ca63578, 0x0ca63600, 0x0e5c6000)
 Metaspace       used 17691K, capacity 17952K, committed 18048K, reserved 18816K
}
Event: 8.366 GC heap before
{Heap before GC invocations=18 (full 4):
 def new generation   total 31616K, used 28160K [0x04c00000, 0x06e40000, 0x0a150000)
  eden space 28160K, 100% used [0x04c00000, 0x06780000, 0x06780000)
  from space 3456K,   0% used [0x06780000, 0x06780000, 0x06ae0000)
  to   space 3456K,   0% used [0x06ae0000, 0x06ae0000, 0x06e40000)
 tenured generation   total 70104K, used 42061K [0x0a150000, 0x0e5c6000, 0x14c00000)
   the space 70104K,  59% used [0x0a150000, 0x0ca63578, 0x0ca63600, 0x0e5c6000)
 Metaspace       used 17692K, capacity 17952K, committed 18048K, reserved 18816K
}
Event: 8.378 GC heap after
{Heap after GC invocations=19 (full 4):
 def new generation   total 31616K, used 3114K [0x04c00000, 0x06e40000, 0x0a150000)
  eden space 28160K,   0% used [0x04c00000, 0x04c00000, 0x06780000)
  from space 3456K,  90% used [0x06ae0000, 0x06dea830, 0x06e40000)
  to   space 3456K,   0% used [0x06780000, 0x06780000, 0x06ae0000)
 tenured generation   total 70104K, used 58894K [0x0a150000, 0x0e5c6000, 0x14c00000)
   the space 70104K,  84% used [0x0a150000, 0x0dad3b18, 0x0dad3c00, 0x0e5c6000)
 Metaspace       used 17692K, capacity 17952K, committed 18048K, reserved 18816K
}

