# JRE version: OpenJDK Runtime Environment Temurin-11.0.21+9 (11.0.21+9) (build 11.0.21+9)
# Java VM: OpenJDK Client VM Temurin-11.0.21+9 (11.0.21+9, mixed mode, serial gc, windows-x86)
Heap:
 def new generation   total 52992K, used 37217K [0x04c00000, 0x08570000, 0x0a150000)
  eden space 47168K,  66% used [0x04c00000, 0x06aa85e0, 0x07a10000)
  from space 5824K, 100% used [0x07fc0000, 0x08570000, 0x08570000)
  to   space 5824K,   0% used [0x07a10000, 0x07a10000, 0x07fc0000)
 tenured generation   total 117488K, used 89878K [0x0a150000, 0x1140c000, 0x14c00000)
   the space 117488K,  76% used [0x0a150000, 0x0f915810, 0x0f915a00, 0x1140c000)
 Metaspace       used 20713K, capacity 21125K, committed 21248K, reserved 21888K
GC Heap History (20 events):
Event: 3.975 GC heap before
{Heap before GC invocations=11 (full 1):
 def new generation   total 4992K, used 4929K [0x04c00000, 0x05160000, 0x0a150000)
  eden space 4480K,  98% used [0x04c00000, 0x05050600, 0x05060000)
  from space 512K, 100% used [0x05060000, 0x050e0000, 0x050e0000)
  to   space 512K,   0% used [0x050e0000, 0x050e0000, 0x05160000)
 tenured generation   total 10944K, used 7447K [0x0a150000, 0x0ac00000, 0x14c00000)
   the space 10944K,  68% used [0x0a150000, 0x0a895ca0, 0x0a895e00, 0x0ac00000)
 Metaspace       used 15076K, capacity 15269K, committed 15360K, reserved 15744K
}
Event: 3.981 GC heap after
{Heap after GC invocations=12 (full 1):
 def new generation   total 4992K, used 72K [0x04c00000, 0x05160000, 0x0a150000)
  eden space 4480K,   0% used [0x04c00000, 0x04c00000, 0x05060000)
  from space 512K,  14% used [0x050e0000, 0x050f2358, 0x05160000)
  to   space 512K,   0% used [0x05060000, 0x05060000, 0x050e0000)
 tenured generation   total 10944K, used 10017K [0x0a150000, 0x0ac00000, 0x14c00000)
   the space 10944K,  91% used [0x0a150000, 0x0ab18600, 0x0ab18600, 0x0ac00000)
 Metaspace       used 15076K, capacity 15269K, committed 15360K, reserved 15744K
}
Event: 7.167 GC heap before
{Heap before GC invocations=12 (full 1):
 def new generation   total 4992K, used 4387K [0x04c00000, 0x05160000, 0x0a150000)
  eden space 4480K,  96% used [0x04c00000, 0x05036a98, 0x05060000)
  from space 512K,  14% used [0x050e0000, 0x050f2358, 0x05160000)
  to   space 512K,   0% used [0x05060000, 0x05060000, 0x050e0000)
 tenured generation   total 10944K, used 10017K [0x0a150000, 0x0ac00000, 0x14c00000)
   the space 10944K,  91% used [0x0a150000, 0x0ab18600, 0x0ab18600, 0x0ac00000)
 Metaspace       used 15076K, capacity 15269K, committed 15360K, reserved 15744K
}
Event: 7.201 GC heap after
{Heap after GC invocations=13 (full 2):
 def new generation   total 9792K, used 0K [0x04c00000, 0x05690000, 0x0a150000)
  eden space 8768K,   0% used [0x04c00000, 0x04c00000, 0x05490000)
  from space 1024K,   0% used [0x05490000, 0x05490000, 0x05590000)
  to   space 1024K,   0% used [0x05590000, 0x05590000, 0x05690000)
 tenured generation   total 21488K, used 12891K [0x0a150000, 0x0b64c000, 0x14c00000)
   the space 21488K,  59% used [0x0a150000, 0x0ade6e58, 0x0ade7000, 0x0b64c000)
 Metaspace       used 15076K, capacity 15269K, committed 15360K, reserved 15744K
}
Event: 13.145 GC heap before
{Heap before GC invocations=13 (full 2):
 def new generation   total 9792K, used 8768K [0x04c00000, 0x05690000, 0x0a150000)
  eden space 8768K, 100% used [0x04c00000, 0x05490000, 0x05490000)
  from space 1024K,   0% used [0x05490000, 0x05490000, 0x05590000)
  to   space 1024K,   0% used [0x05590000, 0x05590000, 0x05690000)
 tenured generation   total 21488K, used 12891K [0x0a150000, 0x0b64c000, 0x14c00000)
   the space 21488K,  59% used [0x0a150000, 0x0ade6e58, 0x0ade7000, 0x0b64c000)
 Metaspace       used 15076K, capacity 15269K, committed 15360K, reserved 15744K
}
Event: 13.150 GC heap after
{Heap after GC invocations=14 (full 2):
 def new generation   total 9792K, used 905K [0x04c00000, 0x05690000, 0x0a150000)
  eden space 8768K,   0% used [0x04c00000, 0x04c00000, 0x05490000)
  from space 1024K,  88% used [0x05590000, 0x05672598, 0x05690000)
  to   space 1024K,   0% used [0x05490000, 0x05490000, 0x05590000)
 tenured generation   total 21488K, used 17807K [0x0a150000, 0x0b64c000, 0x14c00000)
   the space 21488K,  82% used [0x0a150000, 0x0b2b3e00, 0x0b2b3e00, 0x0b64c000)
 Metaspace       used 15076K, capacity 15269K, committed 15360K, reserved 15744K
}
Event: 20.777 GC heap before
{Heap before GC invocations=14 (full 2):
 def new generation   total 9792K, used 9197K [0x04c00000, 0x05690000, 0x0a150000)
  eden space 8768K,  94% used [0x04c00000, 0x054190b8, 0x05490000)
  from space 1024K,  88% used [0x05590000, 0x05672598, 0x05690000)
  to   space 1024K,   0% used [0x05490000, 0x05490000, 0x05590000)
 tenured generation   total 21488K, used 17807K [0x0a150000, 0x0b64c000, 0x14c00000)
   the space 21488K,  82% used [0x0a150000, 0x0b2b3e00, 0x0b2b3e00, 0x0b64c000)
 Metaspace       used 15076K, capacity 15269K, committed 15360K, reserved 15744K
}
Event: 20.830 GC heap after
{Heap after GC invocations=15 (full 3):
 def new generation   total 17664K, used 912K [0x04c00000, 0x05f20000, 0x0a150000)
  eden space 15744K,   5% used [0x04c00000, 0x04ce4240, 0x05b60000)
  from space 1920K,   0% used [0x05b60000, 0x05b60000, 0x05d40000)
  to   space 1920K,   0% used [0x05d40000, 0x05d40000, 0x05f20000)
 tenured generation   total 39048K, used 23428K [0x0a150000, 0x0c772000, 0x14c00000)
   the space 39048K,  59% used [0x0a150000, 0x0b831108, 0x0b831200, 0x0c772000)
 Metaspace       used 14843K, capacity 14984K, committed 15360K, reserved 15744K
}
Event: 22.543 GC heap before
{Heap before GC invocations=15 (full 3):
 def new generation   total 17664K, used 15744K [0x04c00000, 0x05f20000, 0x0a150000)
  eden space 15744K, 100% used [0x04c00000, 0x05b60000, 0x05b60000)
  from space 1920K,   0% used [0x05b60000, 0x05b60000, 0x05d40000)
  to   space 1920K,   0% used [0x05d40000, 0x05d40000, 0x05f20000)
 tenured generation   total 39048K, used 23428K [0x0a150000, 0x0c772000, 0x14c00000)
   the space 39048K,  59% used [0x0a150000, 0x0b831108, 0x0b831200, 0x0c772000)
 Metaspace       used 16452K, capacity 16662K, committed 16768K, reserved 16768K
}
Event: 22.556 GC heap after
{Heap after GC invocations=16 (full 3):
 def new generation   total 17664K, used 1920K [0x04c00000, 0x05f20000, 0x0a150000)
  eden space 15744K,   0% used [0x04c00000, 0x04c00000, 0x05b60000)
  from space 1920K, 100% used [0x05d40000, 0x05f20000, 0x05f20000)
  to   space 1920K,   0% used [0x05b60000, 0x05b60000, 0x05d40000)
 tenured generation   total 39048K, used 25139K [0x0a150000, 0x0c772000, 0x14c00000)
   the space 39048K,  64% used [0x0a150000, 0x0b9dce08, 0x0b9dd000, 0x0c772000)
 Metaspace       used 16452K, capacity 16662K, committed 16768K, reserved 16768K
}
Event: 30.714 GC heap before
{Heap before GC invocations=16 (full 3):
 def new generation   total 17664K, used 17291K [0x04c00000, 0x05f20000, 0x0a150000)
  eden space 15744K,  97% used [0x04c00000, 0x05b02f58, 0x05b60000)
  from space 1920K, 100% used [0x05d40000, 0x05f20000, 0x05f20000)
  to   space 1920K,   0% used [0x05b60000, 0x05b60000, 0x05d40000)
 tenured generation   total 39048K, used 25139K [0x0a150000, 0x0c772000, 0x14c00000)
   the space 39048K,  64% used [0x0a150000, 0x0b9dce08, 0x0b9dd000, 0x0c772000)
 Metaspace       used 17598K, capacity 17848K, committed 17920K, reserved 18816K
}
Event: 30.721 GC heap after
{Heap after GC invocations=17 (full 3):
 def new generation   total 17664K, used 1920K [0x04c00000, 0x05f20000, 0x0a150000)
  eden space 15744K,   0% used [0x04c00000, 0x04c00000, 0x05b60000)
  from space 1920K, 100% used [0x05b60000, 0x05d40000, 0x05d40000)
  to   space 1920K,   0% used [0x05d40000, 0x05d40000, 0x05f20000)
 tenured generation   total 39048K, used 30596K [0x0a150000, 0x0c772000, 0x14c00000)
   the space 39048K,  78% used [0x0a150000, 0x0bf31190, 0x0bf31200, 0x0c772000)
 Metaspace       used 17598K, capacity 17848K, committed 17920K, reserved 18816K
}
Event: 34.365 GC heap before
{Heap before GC invocations=17 (full 3):
 def new generation   total 17664K, used 17653K [0x04c00000, 0x05f20000, 0x0a150000)
  eden space 15744K,  99% used [0x04c00000, 0x05b5d5c8, 0x05b60000)
  from space 1920K, 100% used [0x05b60000, 0x05d40000, 0x05d40000)
  to   space 1920K,   0% used [0x05d40000, 0x05d40000, 0x05f20000)
 tenured generation   total 39048K, used 30596K [0x0a150000, 0x0c772000, 0x14c00000)
   the space 39048K,  78% used [0x0a150000, 0x0bf31190, 0x0bf31200, 0x0c772000)
 Metaspace       used 17598K, capacity 17848K, committed 17920K, reserved 18816K
}
Event: 34.518 GC heap after
{Heap after GC invocations=18 (full 4):
 def new generation   total 31296K, used 0K [0x04c00000, 0x06df0000, 0x0a150000)
  eden space 27840K,   0% used [0x04c00000, 0x04c00000, 0x06730000)
  from space 3456K,   0% used [0x06730000, 0x06730000, 0x06a90000)
  to   space 3456K,   0% used [0x06a90000, 0x06a90000, 0x06df0000)
 tenured generation   total 69412K, used 41646K [0x0a150000, 0x0e519000, 0x14c00000)
   the space 69412K,  59% used [0x0a150000, 0x0c9fb878, 0x0c9fba00, 0x0e519000)
 Metaspace       used 17489K, capacity 17714K, committed 17920K, reserved 18816K
}
Event: 40.454 GC heap before
{Heap before GC invocations=18 (full 4):
 def new generation   total 31296K, used 27440K [0x04c00000, 0x06df0000, 0x0a150000)
  eden space 27840K,  98% used [0x04c00000, 0x066cc060, 0x06730000)
  from space 3456K,   0% used [0x06730000, 0x06730000, 0x06a90000)
  to   space 3456K,   0% used [0x06a90000, 0x06a90000, 0x06df0000)
 tenured generation   total 69412K, used 41646K [0x0a150000, 0x0e519000, 0x14c00000)
   the space 69412K,  59% used [0x0a150000, 0x0c9fb878, 0x0c9fba00, 0x0e519000)
 Metaspace       used 17489K, capacity 17714K, committed 17920K, reserved 18816K
}
Event: 40.465 GC heap after
{Heap after GC invocations=19 (full 4):
 def new generation   total 31296K, used 3252K [0x04c00000, 0x06df0000, 0x0a150000)
  eden space 27840K,   0% used [0x04c00000, 0x04c00000, 0x06730000)
  from space 3456K,  94% used [0x06a90000, 0x06dbd0a8, 0x06df0000)
  to   space 3456K,   0% used [0x06730000, 0x06730000, 0x06a90000)
 tenured generation   total 69412K, used 57593K [0x0a150000, 0x0e519000, 0x14c00000)
   the space 69412K,  82% used [0x0a150000, 0x0d98e638, 0x0d98e800, 0x0e519000)
 Metaspace       used 17489K, capacity 17714K, committed 17920K, reserved 18816K
}
Event: 51.206 GC heap before
{Heap before GC invocations=19 (full 4):
 def new generation   total 31296K, used 31092K [0x04c00000, 0x06df0000, 0x0a150000)
  eden space 27840K, 100% used [0x04c00000, 0x06730000, 0x06730000)
  from space 3456K,  94% used [0x06a90000, 0x06dbd0a8, 0x06df0000)
  to   space 3456K,   0% used [0x06730000, 0x06730000, 0x06a90000)
 tenured generation   total 69412K, used 57593K [0x0a150000, 0x0e519000, 0x14c00000)
   the space 69412K,  82% used [0x0a150000, 0x0d98e638, 0x0d98e800, 0x0e519000)
 Metaspace       used 18624K, capacity 18897K, committed 18944K, reserved 19840K
}
Event: 51.234 GC heap after
{Heap after GC invocations=20 (full 5):
 def new generation   total 52992K, used 3365K [0x04c00000, 0x08570000, 0x0a150000)
  eden space 47168K,   7% used [0x04c00000, 0x04f49428, 0x07a10000)
  from space 5824K,   0% used [0x07a10000, 0x07a10000, 0x07fc0000)
  to   space 5824K,   0% used [0x07fc0000, 0x07fc0000, 0x08570000)
 tenured generation   total 117488K, used 70491K [0x0a150000, 0x1140c000, 0x14c00000)
   the space 117488K,  59% used [0x0a150000, 0x0e626fe0, 0x0e627000, 0x1140c000)
 Metaspace       used 18624K, capacity 18897K, committed 18944K, reserved 19840K
}
Event: 56.467 GC heap before
{Heap before GC invocations=20 (full 5):
 def new generation   total 52992K, used 46670K [0x04c00000, 0x08570000, 0x0a150000)
  eden space 47168K,  98% used [0x04c00000, 0x07993ba8, 0x07a10000)
  from space 5824K,   0% used [0x07a10000, 0x07a10000, 0x07fc0000)
  to   space 5824K,   0% used [0x07fc0000, 0x07fc0000, 0x08570000)
 tenured generation   total 117488K, used 70491K [0x0a150000, 0x1140c000, 0x14c00000)
   the space 117488K,  59% used [0x0a150000, 0x0e626fe0, 0x0e627000, 0x1140c000)
 Metaspace       used 19777K, capacity 20130K, committed 20224K, reserved 20864K
}
Event: 56.491 GC heap after
{Heap after GC invocations=21 (full 5):
 def new generation   total 52992K, used 5824K [0x04c00000, 0x08570000, 0x0a150000)
  eden space 47168K,   0% used [0x04c00000, 0x04c00000, 0x07a10000)
  from space 5824K, 100% used [0x07fc0000, 0x08570000, 0x08570000)
  to   space 5824K,   0% used [0x07a10000, 0x07a10000, 0x07fc0000)
 tenured generation   total 117488K, used 89878K [0x0a150000, 0x1140c000, 0x14c00000)
   the space 117488K,  76% used [0x0a150000, 0x0f915810, 0x0f915a00, 0x1140c000)
 Metaspace       used 19777K, capacity 20130K, committed 20224K, reserved 20864K
}

