# JRE version: OpenJDK Runtime Environment Temurin-11.0.21+9 (11.0.21+9) (build 11.0.21+9)
# Java VM: OpenJDK Client VM Temurin-11.0.21+9 (11.0.21+9, mixed mode, serial gc, windows-x86)
Heap:
 def new generation   total 31872K, used 14053K [0x04c00000, 0x06e90000, 0x0a150000)
  eden space 28352K,  49% used [0x04c00000, 0x059b9490, 0x067b0000)
  from space 3520K,   0% used [0x067b0000, 0x067b0000, 0x06b20000)
  to   space 3520K,   0% used [0x06b20000, 0x06b20000, 0x06e90000)
 tenured generation   total 70732K, used 42438K [0x0a150000, 0x0e663000, 0x14c00000)
   the space 70732K,  59% used [0x0a150000, 0x0cac19f8, 0x0cac1a00, 0x0e663000)
 Metaspace       used 19612K, capacity 20011K, committed 20224K, reserved 20864K
GC Heap History (20 events):
Event: 2.136 GC heap before
{Heap before GC invocations=9 (full 1):
 def new generation   total 4992K, used 4480K [0x04c00000, 0x05160000, 0x0a150000)
  eden space 4480K, 100% used [0x04c00000, 0x05060000, 0x05060000)
  from space 512K,   0% used [0x05060000, 0x05060000, 0x050e0000)
  to   space 512K,   0% used [0x050e0000, 0x050e0000, 0x05160000)
 tenured generation   total 10944K, used 6229K [0x0a150000, 0x0ac00000, 0x14c00000)
   the space 10944K,  56% used [0x0a150000, 0x0a765680, 0x0a765800, 0x0ac00000)
 Metaspace       used 12881K, capacity 13096K, committed 13184K, reserved 13696K
}
Event: 2.138 GC heap after
{Heap after GC invocations=10 (full 1):
 def new generation   total 4992K, used 512K [0x04c00000, 0x05160000, 0x0a150000)
  eden space 4480K,   0% used [0x04c00000, 0x04c00000, 0x05060000)
  from space 512K, 100% used [0x050e0000, 0x05160000, 0x05160000)
  to   space 512K,   0% used [0x05060000, 0x05060000, 0x050e0000)
 tenured generation   total 10944K, used 6726K [0x0a150000, 0x0ac00000, 0x14c00000)
   the space 10944K,  61% used [0x0a150000, 0x0a7e19c0, 0x0a7e1a00, 0x0ac00000)
 Metaspace       used 12881K, capacity 13096K, committed 13184K, reserved 13696K
}
Event: 3.318 GC heap before
{Heap before GC invocations=10 (full 1):
 def new generation   total 4992K, used 4992K [0x04c00000, 0x05160000, 0x0a150000)
  eden space 4480K, 100% used [0x04c00000, 0x05060000, 0x05060000)
  from space 512K, 100% used [0x050e0000, 0x05160000, 0x05160000)
  to   space 512K,   0% used [0x05060000, 0x05060000, 0x050e0000)
 tenured generation   total 10944K, used 6726K [0x0a150000, 0x0ac00000, 0x14c00000)
   the space 10944K,  61% used [0x0a150000, 0x0a7e19c0, 0x0a7e1a00, 0x0ac00000)
 Metaspace       used 14961K, capacity 15170K, committed 15232K, reserved 15744K
}
Event: 3.321 GC heap after
{Heap after GC invocations=11 (full 1):
 def new generation   total 4992K, used 512K [0x04c00000, 0x05160000, 0x0a150000)
  eden space 4480K,   0% used [0x04c00000, 0x04c00000, 0x05060000)
  from space 512K, 100% used [0x05060000, 0x050e0000, 0x050e0000)
  to   space 512K,   0% used [0x050e0000, 0x050e0000, 0x05160000)
 tenured generation   total 10944K, used 7594K [0x0a150000, 0x0ac00000, 0x14c00000)
   the space 10944K,  69% used [0x0a150000, 0x0a8ba968, 0x0a8baa00, 0x0ac00000)
 Metaspace       used 14961K, capacity 15170K, committed 15232K, reserved 15744K
}
Event: 3.705 GC heap before
{Heap before GC invocations=11 (full 1):
 def new generation   total 4992K, used 4922K [0x04c00000, 0x05160000, 0x0a150000)
  eden space 4480K,  98% used [0x04c00000, 0x0504e9a0, 0x05060000)
  from space 512K, 100% used [0x05060000, 0x050e0000, 0x050e0000)
  to   space 512K,   0% used [0x050e0000, 0x050e0000, 0x05160000)
 tenured generation   total 10944K, used 7594K [0x0a150000, 0x0ac00000, 0x14c00000)
   the space 10944K,  69% used [0x0a150000, 0x0a8ba968, 0x0a8baa00, 0x0ac00000)
 Metaspace       used 15076K, capacity 15269K, committed 15360K, reserved 15744K
}
Event: 3.707 GC heap after
{Heap after GC invocations=12 (full 1):
 def new generation   total 4992K, used 72K [0x04c00000, 0x05160000, 0x0a150000)
  eden space 4480K,   0% used [0x04c00000, 0x04c00000, 0x05060000)
  from space 512K,  14% used [0x050e0000, 0x050f2390, 0x05160000)
  to   space 512K,   0% used [0x05060000, 0x05060000, 0x050e0000)
 tenured generation   total 10944K, used 10164K [0x0a150000, 0x0ac00000, 0x14c00000)
   the space 10944K,  92% used [0x0a150000, 0x0ab3d2f0, 0x0ab3d400, 0x0ac00000)
 Metaspace       used 15076K, capacity 15269K, committed 15360K, reserved 15744K
}
Event: 3.949 GC heap before
{Heap before GC invocations=12 (full 1):
 def new generation   total 4992K, used 4452K [0x04c00000, 0x05160000, 0x0a150000)
  eden space 4480K,  97% used [0x04c00000, 0x05047060, 0x05060000)
  from space 512K,  14% used [0x050e0000, 0x050f2390, 0x05160000)
  to   space 512K,   0% used [0x05060000, 0x05060000, 0x050e0000)
 tenured generation   total 10944K, used 10164K [0x0a150000, 0x0ac00000, 0x14c00000)
   the space 10944K,  92% used [0x0a150000, 0x0ab3d2f0, 0x0ab3d400, 0x0ac00000)
 Metaspace       used 15076K, capacity 15269K, committed 15360K, reserved 15744K
}
Event: 3.968 GC heap after
{Heap after GC invocations=13 (full 2):
 def new generation   total 9792K, used 0K [0x04c00000, 0x056a0000, 0x0a150000)
  eden space 8704K,   0% used [0x04c00000, 0x04c00000, 0x05480000)
  from space 1088K,   0% used [0x05480000, 0x05480000, 0x05590000)
  to   space 1088K,   0% used [0x05590000, 0x05590000, 0x056a0000)
 tenured generation   total 21732K, used 13038K [0x0a150000, 0x0b689000, 0x14c00000)
   the space 21732K,  59% used [0x0a150000, 0x0ae0bb48, 0x0ae0bc00, 0x0b689000)
 Metaspace       used 15076K, capacity 15269K, committed 15360K, reserved 15744K
}
Event: 4.251 GC heap before
{Heap before GC invocations=13 (full 2):
 def new generation   total 9792K, used 8579K [0x04c00000, 0x056a0000, 0x0a150000)
  eden space 8704K,  98% used [0x04c00000, 0x05460f98, 0x05480000)
  from space 1088K,   0% used [0x05480000, 0x05480000, 0x05590000)
  to   space 1088K,   0% used [0x05590000, 0x05590000, 0x056a0000)
 tenured generation   total 21732K, used 13038K [0x0a150000, 0x0b689000, 0x14c00000)
   the space 21732K,  59% used [0x0a150000, 0x0ae0bb48, 0x0ae0bc00, 0x0b689000)
 Metaspace       used 15076K, capacity 15269K, committed 15360K, reserved 15744K
}
Event: 4.253 GC heap after
{Heap after GC invocations=14 (full 2):
 def new generation   total 9792K, used 705K [0x04c00000, 0x056a0000, 0x0a150000)
  eden space 8704K,   0% used [0x04c00000, 0x04c00000, 0x05480000)
  from space 1088K,  64% used [0x05590000, 0x05640468, 0x056a0000)
  to   space 1088K,   0% used [0x05480000, 0x05480000, 0x05590000)
 tenured generation   total 21732K, used 17954K [0x0a150000, 0x0b689000, 0x14c00000)
   the space 21732K,  82% used [0x0a150000, 0x0b2d8af0, 0x0b2d8c00, 0x0b689000)
 Metaspace       used 15076K, capacity 15269K, committed 15360K, reserved 15744K
}
Event: 4.947 GC heap before
{Heap before GC invocations=14 (full 2):
 def new generation   total 9792K, used 9152K [0x04c00000, 0x056a0000, 0x0a150000)
  eden space 8704K,  97% used [0x04c00000, 0x0543fd08, 0x05480000)
  from space 1088K,  64% used [0x05590000, 0x05640468, 0x056a0000)
  to   space 1088K,   0% used [0x05480000, 0x05480000, 0x05590000)
 tenured generation   total 21732K, used 17954K [0x0a150000, 0x0b689000, 0x14c00000)
   the space 21732K,  82% used [0x0a150000, 0x0b2d8af0, 0x0b2d8c00, 0x0b689000)
 Metaspace       used 15076K, capacity 15269K, committed 15360K, reserved 15744K
}
Event: 4.964 GC heap after
{Heap after GC invocations=15 (full 3):
 def new generation   total 17856K, used 703K [0x04c00000, 0x05f60000, 0x0a150000)
  eden space 15872K,   4% used [0x04c00000, 0x04cafc98, 0x05b80000)
  from space 1984K,   0% used [0x05b80000, 0x05b80000, 0x05d70000)
  to   space 1984K,   0% used [0x05d70000, 0x05d70000, 0x05f60000)
 tenured generation   total 39644K, used 23784K [0x0a150000, 0x0c807000, 0x14c00000)
   the space 39644K,  59% used [0x0a150000, 0x0b88a3a0, 0x0b88a400, 0x0c807000)
 Metaspace       used 15025K, capacity 15206K, committed 15360K, reserved 15744K
}
Event: 6.200 GC heap before
{Heap before GC invocations=15 (full 3):
 def new generation   total 17856K, used 15872K [0x04c00000, 0x05f60000, 0x0a150000)
  eden space 15872K, 100% used [0x04c00000, 0x05b80000, 0x05b80000)
  from space 1984K,   0% used [0x05b80000, 0x05b80000, 0x05d70000)
  to   space 1984K,   0% used [0x05d70000, 0x05d70000, 0x05f60000)
 tenured generation   total 39644K, used 23784K [0x0a150000, 0x0c807000, 0x14c00000)
   the space 39644K,  59% used [0x0a150000, 0x0b88a3a0, 0x0b88a400, 0x0c807000)
 Metaspace       used 16718K, capacity 16941K, committed 17024K, reserved 17792K
}
Event: 6.207 GC heap after
{Heap after GC invocations=16 (full 3):
 def new generation   total 17856K, used 1984K [0x04c00000, 0x05f60000, 0x0a150000)
  eden space 15872K,   0% used [0x04c00000, 0x04c00000, 0x05b80000)
  from space 1984K, 100% used [0x05d70000, 0x05f60000, 0x05f60000)
  to   space 1984K,   0% used [0x05b80000, 0x05b80000, 0x05d70000)
 tenured generation   total 39644K, used 25453K [0x0a150000, 0x0c807000, 0x14c00000)
   the space 39644K,  64% used [0x0a150000, 0x0ba2b400, 0x0ba2b400, 0x0c807000)
 Metaspace       used 16718K, capacity 16941K, committed 17024K, reserved 17792K
}
Event: 9.297 GC heap before
{Heap before GC invocations=16 (full 3):
 def new generation   total 17856K, used 17856K [0x04c00000, 0x05f60000, 0x0a150000)
  eden space 15872K, 100% used [0x04c00000, 0x05b80000, 0x05b80000)
  from space 1984K, 100% used [0x05d70000, 0x05f60000, 0x05f60000)
  to   space 1984K,   0% used [0x05b80000, 0x05b80000, 0x05d70000)
 tenured generation   total 39644K, used 25453K [0x0a150000, 0x0c807000, 0x14c00000)
   the space 39644K,  64% used [0x0a150000, 0x0ba2b400, 0x0ba2b400, 0x0c807000)
 Metaspace       used 17932K, capacity 18193K, committed 18304K, reserved 18816K
}
Event: 9.307 GC heap after
{Heap after GC invocations=17 (full 3):
 def new generation   total 17856K, used 1984K [0x04c00000, 0x05f60000, 0x0a150000)
  eden space 15872K,   0% used [0x04c00000, 0x04c00000, 0x05b80000)
  from space 1984K, 100% used [0x05b80000, 0x05d70000, 0x05d70000)
  to   space 1984K,   0% used [0x05d70000, 0x05d70000, 0x05f60000)
 tenured generation   total 39644K, used 30598K [0x0a150000, 0x0c807000, 0x14c00000)
   the space 39644K,  77% used [0x0a150000, 0x0bf31a40, 0x0bf31c00, 0x0c807000)
 Metaspace       used 17932K, capacity 18193K, committed 18304K, reserved 18816K
}
Event: 22.515 GC heap before
{Heap before GC invocations=17 (full 3):
 def new generation   total 17856K, used 17531K [0x04c00000, 0x05f60000, 0x0a150000)
  eden space 15872K,  97% used [0x04c00000, 0x05b2ec68, 0x05b80000)
  from space 1984K, 100% used [0x05b80000, 0x05d70000, 0x05d70000)
  to   space 1984K,   0% used [0x05d70000, 0x05d70000, 0x05f60000)
 tenured generation   total 39644K, used 30598K [0x0a150000, 0x0c807000, 0x14c00000)
   the space 39644K,  77% used [0x0a150000, 0x0bf31a40, 0x0bf31c00, 0x0c807000)
 Metaspace       used 19606K, capacity 20062K, committed 20096K, reserved 20864K
}
Event: 22.524 GC heap after
{Heap after GC invocations=18 (full 3):
 def new generation   total 17856K, used 1758K [0x04c00000, 0x05f60000, 0x0a150000)
  eden space 15872K,   0% used [0x04c00000, 0x04c00000, 0x05b80000)
  from space 1984K,  88% used [0x05d70000, 0x05f27b38, 0x05f60000)
  to   space 1984K,   0% used [0x05b80000, 0x05b80000, 0x05d70000)
 tenured generation   total 39644K, used 32571K [0x0a150000, 0x0c807000, 0x14c00000)
   the space 39644K,  82% used [0x0a150000, 0x0c11ee90, 0x0c11f000, 0x0c807000)
 Metaspace       used 19606K, capacity 20062K, committed 20096K, reserved 20864K
}
Event: 24.568 GC heap before
{Heap before GC invocations=18 (full 3):
 def new generation   total 17856K, used 17622K [0x04c00000, 0x05f60000, 0x0a150000)
  eden space 15872K,  99% used [0x04c00000, 0x05b7dff0, 0x05b80000)
  from space 1984K,  88% used [0x05d70000, 0x05f27b38, 0x05f60000)
  to   space 1984K,   0% used [0x05b80000, 0x05b80000, 0x05d70000)
 tenured generation   total 39644K, used 32571K [0x0a150000, 0x0c807000, 0x14c00000)
   the space 39644K,  82% used [0x0a150000, 0x0c11ee90, 0x0c11f000, 0x0c807000)
 Metaspace       used 19606K, capacity 20062K, committed 20096K, reserved 20864K
}
Event: 24.607 GC heap after
{Heap after GC invocations=19 (full 4):
 def new generation   total 31872K, used 0K [0x04c00000, 0x06e90000, 0x0a150000)
  eden space 28352K,   0% used [0x04c00000, 0x04c00000, 0x067b0000)
  from space 3520K,   0% used [0x067b0000, 0x067b0000, 0x06b20000)
  to   space 3520K,   0% used [0x06b20000, 0x06b20000, 0x06e90000)
 tenured generation   total 70732K, used 42438K [0x0a150000, 0x0e663000, 0x14c00000)
   the space 70732K,  59% used [0x0a150000, 0x0cac19f8, 0x0cac1a00, 0x0e663000)
 Metaspace       used 19376K, capacity 19780K, committed 20096K, reserved 20864K
}

