# JRE version: OpenJDK Runtime Environment Temurin-11.0.21+9 (11.0.21+9) (build 11.0.21+9)
# Java VM: OpenJDK Client VM Temurin-11.0.21+9 (11.0.21+9, mixed mode, serial gc, windows-x86)
Heap:
 def new generation   total 55488K, used 18340K [0x05a00000, 0x09630000, 0x0af50000)
  eden space 49344K,  37% used [0x05a00000, 0x06be9310, 0x08a30000)
  from space 6144K,   0% used [0x08a30000, 0x08a30000, 0x09030000)
  to   space 6144K,   0% used [0x09030000, 0x09030000, 0x09630000)
 tenured generation   total 123220K, used 73931K [0x0af50000, 0x127a5000, 0x15a00000)
   the space 123220K,  59% used [0x0af50000, 0x0f782fd8, 0x0f783000, 0x127a5000)
 Metaspace       used 18714K, capacity 18989K, committed 19072K, reserved 19840K
GC Heap History (20 events):
Event: 2.215 GC heap before
{Heap before GC invocations=11 (full 1):
 def new generation   total 4992K, used 4991K [0x05a00000, 0x05f60000, 0x0af50000)
  eden space 4480K, 100% used [0x05a00000, 0x05e60000, 0x05e60000)
  from space 512K,  99% used [0x05ee0000, 0x05f5fff8, 0x05f60000)
  to   space 512K,   0% used [0x05e60000, 0x05e60000, 0x05ee0000)
 tenured generation   total 10944K, used 6572K [0x0af50000, 0x0ba00000, 0x15a00000)
   the space 10944K,  60% used [0x0af50000, 0x0b5bb198, 0x0b5bb200, 0x0ba00000)
 Metaspace       used 14969K, capacity 15170K, committed 15232K, reserved 15744K
}
Event: 2.219 GC heap after
{Heap after GC invocations=12 (full 1):
 def new generation   total 4992K, used 512K [0x05a00000, 0x05f60000, 0x0af50000)
  eden space 4480K,   0% used [0x05a00000, 0x05a00000, 0x05e60000)
  from space 512K, 100% used [0x05e60000, 0x05ee0000, 0x05ee0000)
  to   space 512K,   0% used [0x05ee0000, 0x05ee0000, 0x05f60000)
 tenured generation   total 10944K, used 7481K [0x0af50000, 0x0ba00000, 0x15a00000)
   the space 10944K,  68% used [0x0af50000, 0x0b69e610, 0x0b69e800, 0x0ba00000)
 Metaspace       used 14969K, capacity 15170K, committed 15232K, reserved 15744K
}
Event: 2.668 GC heap before
{Heap before GC invocations=12 (full 1):
 def new generation   total 4992K, used 4992K [0x05a00000, 0x05f60000, 0x0af50000)
  eden space 4480K, 100% used [0x05a00000, 0x05e60000, 0x05e60000)
  from space 512K, 100% used [0x05e60000, 0x05ee0000, 0x05ee0000)
  to   space 512K,   0% used [0x05ee0000, 0x05ee0000, 0x05f60000)
 tenured generation   total 10944K, used 7481K [0x0af50000, 0x0ba00000, 0x15a00000)
   the space 10944K,  68% used [0x0af50000, 0x0b69e610, 0x0b69e800, 0x0ba00000)
 Metaspace       used 15084K, capacity 15269K, committed 15360K, reserved 15744K
}
Event: 2.671 GC heap after
{Heap after GC invocations=13 (full 1):
 def new generation   total 4992K, used 294K [0x05a00000, 0x05f60000, 0x0af50000)
  eden space 4480K,   0% used [0x05a00000, 0x05a00000, 0x05e60000)
  from space 512K,  57% used [0x05ee0000, 0x05f299d0, 0x05f60000)
  to   space 512K,   0% used [0x05e60000, 0x05e60000, 0x05ee0000)
 tenured generation   total 10944K, used 10019K [0x0af50000, 0x0ba00000, 0x15a00000)
   the space 10944K,  91% used [0x0af50000, 0x0b918c48, 0x0b918e00, 0x0ba00000)
 Metaspace       used 15084K, capacity 15269K, committed 15360K, reserved 15744K
}
Event: 2.861 GC heap before
{Heap before GC invocations=13 (full 1):
 def new generation   total 4992K, used 4695K [0x05a00000, 0x05f60000, 0x0af50000)
  eden space 4480K,  98% used [0x05a00000, 0x05e4c418, 0x05e60000)
  from space 512K,  57% used [0x05ee0000, 0x05f299d0, 0x05f60000)
  to   space 512K,   0% used [0x05e60000, 0x05e60000, 0x05ee0000)
 tenured generation   total 10944K, used 10019K [0x0af50000, 0x0ba00000, 0x15a00000)
   the space 10944K,  91% used [0x0af50000, 0x0b918c48, 0x0b918e00, 0x0ba00000)
 Metaspace       used 15084K, capacity 15269K, committed 15360K, reserved 15744K
}
Event: 2.885 GC heap after
{Heap after GC invocations=14 (full 2):
 def new generation   total 9792K, used 177K [0x05a00000, 0x06490000, 0x0af50000)
  eden space 8768K,   2% used [0x05a00000, 0x05a2c5d0, 0x06290000)
  from space 1024K,   0% used [0x06290000, 0x06290000, 0x06390000)
  to   space 1024K,   0% used [0x06390000, 0x06390000, 0x06490000)
 tenured generation   total 21504K, used 12900K [0x0af50000, 0x0c450000, 0x15a00000)
   the space 21504K,  59% used [0x0af50000, 0x0bbe9228, 0x0bbe9400, 0x0c450000)
 Metaspace       used 15084K, capacity 15269K, committed 15360K, reserved 15744K
}
Event: 3.138 GC heap before
{Heap before GC invocations=14 (full 2):
 def new generation   total 9792K, used 8759K [0x05a00000, 0x06490000, 0x0af50000)
  eden space 8768K,  99% used [0x05a00000, 0x0628dc30, 0x06290000)
  from space 1024K,   0% used [0x06290000, 0x06290000, 0x06390000)
  to   space 1024K,   0% used [0x06390000, 0x06390000, 0x06490000)
 tenured generation   total 21504K, used 12900K [0x0af50000, 0x0c450000, 0x15a00000)
   the space 21504K,  59% used [0x0af50000, 0x0bbe9228, 0x0bbe9400, 0x0c450000)
 Metaspace       used 15084K, capacity 15269K, committed 15360K, reserved 15744K
}
Event: 3.144 GC heap after
{Heap after GC invocations=15 (full 2):
 def new generation   total 9792K, used 882K [0x05a00000, 0x06490000, 0x0af50000)
  eden space 8768K,   0% used [0x05a00000, 0x05a00000, 0x06290000)
  from space 1024K,  86% used [0x06390000, 0x0646cb78, 0x06490000)
  to   space 1024K,   0% used [0x06290000, 0x06290000, 0x06390000)
 tenured generation   total 21504K, used 17816K [0x0af50000, 0x0c450000, 0x15a00000)
   the space 21504K,  82% used [0x0af50000, 0x0c0b61d0, 0x0c0b6200, 0x0c450000)
 Metaspace       used 15084K, capacity 15269K, committed 15360K, reserved 15744K
}
Event: 3.273 GC heap before
{Heap before GC invocations=15 (full 2):
 def new generation   total 9792K, used 8951K [0x05a00000, 0x06490000, 0x0af50000)
  eden space 8768K,  92% used [0x05a00000, 0x061e1160, 0x06290000)
  from space 1024K,  86% used [0x06390000, 0x0646cb78, 0x06490000)
  to   space 1024K,   0% used [0x06290000, 0x06290000, 0x06390000)
 tenured generation   total 21504K, used 17816K [0x0af50000, 0x0c450000, 0x15a00000)
   the space 21504K,  82% used [0x0af50000, 0x0c0b61d0, 0x0c0b6200, 0x0c450000)
 Metaspace       used 15084K, capacity 15269K, committed 15360K, reserved 15744K
}
Event: 3.293 GC heap after
{Heap after GC invocations=16 (full 3):
 def new generation   total 17792K, used 735K [0x05a00000, 0x06d40000, 0x0af50000)
  eden space 15872K,   4% used [0x05a00000, 0x05ab7ce0, 0x06980000)
  from space 1920K,   0% used [0x06980000, 0x06980000, 0x06b60000)
  to   space 1920K,   0% used [0x06b60000, 0x06b60000, 0x06d40000)
 tenured generation   total 39360K, used 23615K [0x0af50000, 0x0d5c0000, 0x15a00000)
   the space 39360K,  59% used [0x0af50000, 0x0c65ff70, 0x0c660000, 0x0d5c0000)
 Metaspace       used 15084K, capacity 15269K, committed 15360K, reserved 15744K
}
Event: 6.338 GC heap before
{Heap before GC invocations=16 (full 3):
 def new generation   total 17792K, used 15872K [0x05a00000, 0x06d40000, 0x0af50000)
  eden space 15872K, 100% used [0x05a00000, 0x06980000, 0x06980000)
  from space 1920K,   0% used [0x06980000, 0x06980000, 0x06b60000)
  to   space 1920K,   0% used [0x06b60000, 0x06b60000, 0x06d40000)
 tenured generation   total 39360K, used 23615K [0x0af50000, 0x0d5c0000, 0x15a00000)
   the space 39360K,  59% used [0x0af50000, 0x0c65ff70, 0x0c660000, 0x0d5c0000)
 Metaspace       used 16770K, capacity 17003K, committed 17024K, reserved 17792K
}
Event: 6.346 GC heap after
{Heap after GC invocations=17 (full 3):
 def new generation   total 17792K, used 1920K [0x05a00000, 0x06d40000, 0x0af50000)
  eden space 15872K,   0% used [0x05a00000, 0x05a00000, 0x06980000)
  from space 1920K, 100% used [0x06b60000, 0x06d40000, 0x06d40000)
  to   space 1920K,   0% used [0x06980000, 0x06980000, 0x06b60000)
 tenured generation   total 39360K, used 25378K [0x0af50000, 0x0d5c0000, 0x15a00000)
   the space 39360K,  64% used [0x0af50000, 0x0c8189d8, 0x0c818a00, 0x0d5c0000)
 Metaspace       used 16770K, capacity 17003K, committed 17024K, reserved 17792K
}
Event: 9.871 GC heap before
{Heap before GC invocations=17 (full 3):
 def new generation   total 17792K, used 17792K [0x05a00000, 0x06d40000, 0x0af50000)
  eden space 15872K, 100% used [0x05a00000, 0x06980000, 0x06980000)
  from space 1920K, 100% used [0x06b60000, 0x06d40000, 0x06d40000)
  to   space 1920K,   0% used [0x06980000, 0x06980000, 0x06b60000)
 tenured generation   total 39360K, used 25378K [0x0af50000, 0x0d5c0000, 0x15a00000)
   the space 39360K,  64% used [0x0af50000, 0x0c8189d8, 0x0c818a00, 0x0d5c0000)
 Metaspace       used 17727K, capacity 17994K, committed 18048K, reserved 18816K
}
Event: 9.886 GC heap after
{Heap after GC invocations=18 (full 3):
 def new generation   total 17792K, used 1920K [0x05a00000, 0x06d40000, 0x0af50000)
  eden space 15872K,   0% used [0x05a00000, 0x05a00000, 0x06980000)
  from space 1920K, 100% used [0x06980000, 0x06b60000, 0x06b60000)
  to   space 1920K,   0% used [0x06b60000, 0x06b60000, 0x06d40000)
 tenured generation   total 39360K, used 32439K [0x0af50000, 0x0d5c0000, 0x15a00000)
   the space 39360K,  82% used [0x0af50000, 0x0cefdd10, 0x0cefde00, 0x0d5c0000)
 Metaspace       used 17727K, capacity 17994K, committed 18048K, reserved 18816K
}
Event: 10.390 GC heap before
{Heap before GC invocations=18 (full 3):
 def new generation   total 17792K, used 17792K [0x05a00000, 0x06d40000, 0x0af50000)
  eden space 15872K, 100% used [0x05a00000, 0x06980000, 0x06980000)
  from space 1920K, 100% used [0x06980000, 0x06b60000, 0x06b60000)
  to   space 1920K,   0% used [0x06b60000, 0x06b60000, 0x06d40000)
 tenured generation   total 39360K, used 32439K [0x0af50000, 0x0d5c0000, 0x15a00000)
   the space 39360K,  82% used [0x0af50000, 0x0cefdd10, 0x0cefde00, 0x0d5c0000)
 Metaspace       used 17727K, capacity 17994K, committed 18048K, reserved 18816K
}
Event: 10.432 GC heap after
{Heap after GC invocations=19 (full 4):
 def new generation   total 32704K, used 443K [0x05a00000, 0x07d70000, 0x0af50000)
  eden space 29120K,   1% used [0x05a00000, 0x05a6eeb0, 0x07670000)
  from space 3584K,   0% used [0x07670000, 0x07670000, 0x079f0000)
  to   space 3584K,   0% used [0x079f0000, 0x079f0000, 0x07d70000)
 tenured generation   total 72472K, used 43483K [0x0af50000, 0x0f616000, 0x15a00000)
   the space 72472K,  59% used [0x0af50000, 0x0d9c6ca8, 0x0d9c6e00, 0x0f616000)
 Metaspace       used 17573K, capacity 17806K, committed 18048K, reserved 18816K
}
Event: 11.016 GC heap before
{Heap before GC invocations=19 (full 4):
 def new generation   total 32704K, used 29120K [0x05a00000, 0x07d70000, 0x0af50000)
  eden space 29120K, 100% used [0x05a00000, 0x07670000, 0x07670000)
  from space 3584K,   0% used [0x07670000, 0x07670000, 0x079f0000)
  to   space 3584K,   0% used [0x079f0000, 0x079f0000, 0x07d70000)
 tenured generation   total 72472K, used 43483K [0x0af50000, 0x0f616000, 0x15a00000)
   the space 72472K,  59% used [0x0af50000, 0x0d9c6ca8, 0x0d9c6e00, 0x0f616000)
 Metaspace       used 17573K, capacity 17806K, committed 18048K, reserved 18816K
}
Event: 11.038 GC heap after
{Heap after GC invocations=20 (full 4):
 def new generation   total 32704K, used 3257K [0x05a00000, 0x07d70000, 0x0af50000)
  eden space 29120K,   0% used [0x05a00000, 0x05a00000, 0x07670000)
  from space 3584K,  90% used [0x079f0000, 0x07d1e480, 0x07d70000)
  to   space 3584K,   0% used [0x07670000, 0x07670000, 0x079f0000)
 tenured generation   total 72472K, used 60759K [0x0af50000, 0x0f616000, 0x15a00000)
   the space 72472K,  83% used [0x0af50000, 0x0eaa5e38, 0x0eaa6000, 0x0f616000)
 Metaspace       used 17573K, capacity 17806K, committed 18048K, reserved 18816K
}
Event: 25.338 GC heap before
{Heap before GC invocations=20 (full 4):
 def new generation   total 32704K, used 32377K [0x05a00000, 0x07d70000, 0x0af50000)
  eden space 29120K, 100% used [0x05a00000, 0x07670000, 0x07670000)
  from space 3584K,  90% used [0x079f0000, 0x07d1e480, 0x07d70000)
  to   space 3584K,   0% used [0x07670000, 0x07670000, 0x079f0000)
 tenured generation   total 72472K, used 60759K [0x0af50000, 0x0f616000, 0x15a00000)
   the space 72472K,  83% used [0x0af50000, 0x0eaa5e38, 0x0eaa6000, 0x0f616000)
 Metaspace       used 18500K, capacity 18802K, committed 18816K, reserved 18816K
}
Event: 25.382 GC heap after
{Heap after GC invocations=21 (full 5):
 def new generation   total 55488K, used 3560K [0x05a00000, 0x09630000, 0x0af50000)
  eden space 49344K,   7% used [0x05a00000, 0x05d7a0b0, 0x08a30000)
  from space 6144K,   0% used [0x08a30000, 0x08a30000, 0x09030000)
  to   space 6144K,   0% used [0x09030000, 0x09030000, 0x09630000)
 tenured generation   total 123220K, used 73931K [0x0af50000, 0x127a5000, 0x15a00000)
   the space 123220K,  59% used [0x0af50000, 0x0f782fd8, 0x0f783000, 0x127a5000)
 Metaspace       used 18439K, capacity 18726K, committed 18816K, reserved 18816K
}

