# JRE version: OpenJDK Runtime Environment Temurin-11.0.21+9 (11.0.21+9) (build 11.0.21+9)
# Java VM: OpenJDK Client VM Temurin-11.0.21+9 (11.0.21+9, mixed mode, serial gc, windows-x86)
Heap:
 def new generation   total 37440K, used 10395K [0x05600000, 0x07e90000, 0x0ab50000)
  eden space 33344K,  31% used [0x05600000, 0x06026f38, 0x07690000)
  from space 4096K,   0% used [0x07690000, 0x07690000, 0x07a90000)
  to   space 4096K,   0% used [0x07a90000, 0x07a90000, 0x07e90000)
 tenured generation   total 83040K, used 49823K [0x0ab50000, 0x0fc68000, 0x15600000)
   the space 83040K,  59% used [0x0ab50000, 0x0dbf7d78, 0x0dbf7e00, 0x0fc68000)
 Metaspace       used 20204K, capacity 20675K, committed 20992K, reserved 21888K
GC Heap History (20 events):
Event: 1.839 GC heap before
{Heap before GC invocations=11 (full 1):
 def new generation   total 4992K, used 4992K [0x05600000, 0x05b60000, 0x0ab50000)
  eden space 4480K, 100% used [0x05600000, 0x05a60000, 0x05a60000)
  from space 512K, 100% used [0x05ae0000, 0x05b60000, 0x05b60000)
  to   space 512K,   0% used [0x05a60000, 0x05a60000, 0x05ae0000)
 tenured generation   total 10944K, used 6724K [0x0ab50000, 0x0b600000, 0x15600000)
   the space 10944K,  61% used [0x0ab50000, 0x0b1e10c8, 0x0b1e1200, 0x0b600000)
 Metaspace       used 14964K, capacity 15170K, committed 15232K, reserved 15744K
}
Event: 1.842 GC heap after
{Heap after GC invocations=12 (full 1):
 def new generation   total 4992K, used 512K [0x05600000, 0x05b60000, 0x0ab50000)
  eden space 4480K,   0% used [0x05600000, 0x05600000, 0x05a60000)
  from space 512K, 100% used [0x05a60000, 0x05ae0000, 0x05ae0000)
  to   space 512K,   0% used [0x05ae0000, 0x05ae0000, 0x05b60000)
 tenured generation   total 10944K, used 7626K [0x0ab50000, 0x0b600000, 0x15600000)
   the space 10944K,  69% used [0x0ab50000, 0x0b2c2bf8, 0x0b2c2c00, 0x0b600000)
 Metaspace       used 14964K, capacity 15170K, committed 15232K, reserved 15744K
}
Event: 2.086 GC heap before
{Heap before GC invocations=12 (full 1):
 def new generation   total 4992K, used 4992K [0x05600000, 0x05b60000, 0x0ab50000)
  eden space 4480K, 100% used [0x05600000, 0x05a60000, 0x05a60000)
  from space 512K, 100% used [0x05a60000, 0x05ae0000, 0x05ae0000)
  to   space 512K,   0% used [0x05ae0000, 0x05ae0000, 0x05b60000)
 tenured generation   total 10944K, used 7626K [0x0ab50000, 0x0b600000, 0x15600000)
   the space 10944K,  69% used [0x0ab50000, 0x0b2c2bf8, 0x0b2c2c00, 0x0b600000)
 Metaspace       used 15080K, capacity 15269K, committed 15360K, reserved 15744K
}
Event: 2.089 GC heap after
{Heap after GC invocations=13 (full 1):
 def new generation   total 4992K, used 293K [0x05600000, 0x05b60000, 0x0ab50000)
  eden space 4480K,   0% used [0x05600000, 0x05600000, 0x05a60000)
  from space 512K,  57% used [0x05ae0000, 0x05b29440, 0x05b60000)
  to   space 512K,   0% used [0x05a60000, 0x05a60000, 0x05ae0000)
 tenured generation   total 10944K, used 10163K [0x0ab50000, 0x0b600000, 0x15600000)
   the space 10944K,  92% used [0x0ab50000, 0x0b53cf40, 0x0b53d000, 0x0b600000)
 Metaspace       used 15080K, capacity 15269K, committed 15360K, reserved 15744K
}
Event: 2.340 GC heap before
{Heap before GC invocations=13 (full 1):
 def new generation   total 4992K, used 4694K [0x05600000, 0x05b60000, 0x0ab50000)
  eden space 4480K,  98% used [0x05600000, 0x05a4c740, 0x05a60000)
  from space 512K,  57% used [0x05ae0000, 0x05b29440, 0x05b60000)
  to   space 512K,   0% used [0x05a60000, 0x05a60000, 0x05ae0000)
 tenured generation   total 10944K, used 10163K [0x0ab50000, 0x0b600000, 0x15600000)
   the space 10944K,  92% used [0x0ab50000, 0x0b53cf40, 0x0b53d000, 0x0b600000)
 Metaspace       used 15080K, capacity 15269K, committed 15360K, reserved 15744K
}
Event: 2.355 GC heap after
{Heap after GC invocations=14 (full 2):
 def new generation   total 9856K, used 177K [0x05600000, 0x060b0000, 0x0ab50000)
  eden space 8768K,   2% used [0x05600000, 0x0562c5d0, 0x05e90000)
  from space 1088K,   0% used [0x05e90000, 0x05e90000, 0x05fa0000)
  to   space 1088K,   0% used [0x05fa0000, 0x05fa0000, 0x060b0000)
 tenured generation   total 21744K, used 13045K [0x0ab50000, 0x0c08c000, 0x15600000)
   the space 21744K,  59% used [0x0ab50000, 0x0b80d520, 0x0b80d600, 0x0c08c000)
 Metaspace       used 15080K, capacity 15269K, committed 15360K, reserved 15744K
}
Event: 2.542 GC heap before
{Heap before GC invocations=14 (full 2):
 def new generation   total 9856K, used 8758K [0x05600000, 0x060b0000, 0x0ab50000)
  eden space 8768K,  99% used [0x05600000, 0x05e8db88, 0x05e90000)
  from space 1088K,   0% used [0x05e90000, 0x05e90000, 0x05fa0000)
  to   space 1088K,   0% used [0x05fa0000, 0x05fa0000, 0x060b0000)
 tenured generation   total 21744K, used 13045K [0x0ab50000, 0x0c08c000, 0x15600000)
   the space 21744K,  59% used [0x0ab50000, 0x0b80d520, 0x0b80d600, 0x0c08c000)
 Metaspace       used 15080K, capacity 15269K, committed 15360K, reserved 15744K
}
Event: 2.547 GC heap after
{Heap after GC invocations=15 (full 2):
 def new generation   total 9856K, used 882K [0x05600000, 0x060b0000, 0x0ab50000)
  eden space 8768K,   0% used [0x05600000, 0x05600000, 0x05e90000)
  from space 1088K,  81% used [0x05fa0000, 0x0607cb78, 0x060b0000)
  to   space 1088K,   0% used [0x05e90000, 0x05e90000, 0x05fa0000)
 tenured generation   total 21744K, used 17961K [0x0ab50000, 0x0c08c000, 0x15600000)
   the space 21744K,  82% used [0x0ab50000, 0x0bcda4c8, 0x0bcda600, 0x0c08c000)
 Metaspace       used 15080K, capacity 15269K, committed 15360K, reserved 15744K
}
Event: 2.914 GC heap before
{Heap before GC invocations=15 (full 2):
 def new generation   total 9856K, used 9650K [0x05600000, 0x060b0000, 0x0ab50000)
  eden space 8768K,  99% used [0x05600000, 0x05e8fe78, 0x05e90000)
  from space 1088K,  81% used [0x05fa0000, 0x0607cb78, 0x060b0000)
  to   space 1088K,   0% used [0x05e90000, 0x05e90000, 0x05fa0000)
 tenured generation   total 21744K, used 17961K [0x0ab50000, 0x0c08c000, 0x15600000)
   the space 21744K,  82% used [0x0ab50000, 0x0bcda4c8, 0x0bcda600, 0x0c08c000)
 Metaspace       used 15080K, capacity 15269K, committed 15360K, reserved 15744K
}
Event: 2.928 GC heap after
{Heap after GC invocations=16 (full 3):
 def new generation   total 18304K, used 703K [0x05600000, 0x069d0000, 0x0ab50000)
  eden space 16320K,   4% used [0x05600000, 0x056afd20, 0x065f0000)
  from space 1984K,   0% used [0x065f0000, 0x065f0000, 0x067e0000)
  to   space 1984K,   0% used [0x067e0000, 0x067e0000, 0x069d0000)
 tenured generation   total 40536K, used 24319K [0x0ab50000, 0x0d2e6000, 0x15600000)
   the space 40536K,  59% used [0x0ab50000, 0x0c30fdc8, 0x0c30fe00, 0x0d2e6000)
 Metaspace       used 15080K, capacity 15269K, committed 15360K, reserved 15744K
}
Event: 3.458 GC heap before
{Heap before GC invocations=16 (full 3):
 def new generation   total 18304K, used 16266K [0x05600000, 0x069d0000, 0x0ab50000)
  eden space 16320K,  99% used [0x05600000, 0x065e2be8, 0x065f0000)
  from space 1984K,   0% used [0x065f0000, 0x065f0000, 0x067e0000)
  to   space 1984K,   0% used [0x067e0000, 0x067e0000, 0x069d0000)
 tenured generation   total 40536K, used 24319K [0x0ab50000, 0x0d2e6000, 0x15600000)
   the space 40536K,  59% used [0x0ab50000, 0x0c30fdc8, 0x0c30fe00, 0x0d2e6000)
 Metaspace       used 16798K, capacity 17038K, committed 17152K, reserved 17792K
}
Event: 3.465 GC heap after
{Heap after GC invocations=17 (full 3):
 def new generation   total 18304K, used 1984K [0x05600000, 0x069d0000, 0x0ab50000)
  eden space 16320K,   0% used [0x05600000, 0x05600000, 0x065f0000)
  from space 1984K, 100% used [0x067e0000, 0x069d0000, 0x069d0000)
  to   space 1984K,   0% used [0x065f0000, 0x065f0000, 0x067e0000)
 tenured generation   total 40536K, used 25944K [0x0ab50000, 0x0d2e6000, 0x15600000)
   the space 40536K,  64% used [0x0ab50000, 0x0c4a6020, 0x0c4a6200, 0x0d2e6000)
 Metaspace       used 16798K, capacity 17038K, committed 17152K, reserved 17792K
}
Event: 7.603 GC heap before
{Heap before GC invocations=17 (full 3):
 def new generation   total 18304K, used 18304K [0x05600000, 0x069d0000, 0x0ab50000)
  eden space 16320K, 100% used [0x05600000, 0x065f0000, 0x065f0000)
  from space 1984K, 100% used [0x067e0000, 0x069d0000, 0x069d0000)
  to   space 1984K,   0% used [0x065f0000, 0x065f0000, 0x067e0000)
 tenured generation   total 40536K, used 25944K [0x0ab50000, 0x0d2e6000, 0x15600000)
   the space 40536K,  64% used [0x0ab50000, 0x0c4a6020, 0x0c4a6200, 0x0d2e6000)
 Metaspace       used 18150K, capacity 18448K, committed 18560K, reserved 18816K
}
Event: 7.610 GC heap after
{Heap after GC invocations=18 (full 3):
 def new generation   total 18304K, used 1984K [0x05600000, 0x069d0000, 0x0ab50000)
  eden space 16320K,   0% used [0x05600000, 0x05600000, 0x065f0000)
  from space 1984K, 100% used [0x065f0000, 0x067e0000, 0x067e0000)
  to   space 1984K,   0% used [0x067e0000, 0x067e0000, 0x069d0000)
 tenured generation   total 40536K, used 30862K [0x0ab50000, 0x0d2e6000, 0x15600000)
   the space 40536K,  76% used [0x0ab50000, 0x0c973bc0, 0x0c973c00, 0x0d2e6000)
 Metaspace       used 18150K, capacity 18448K, committed 18560K, reserved 18816K
}
Event: 26.115 GC heap before
{Heap before GC invocations=18 (full 3):
 def new generation   total 18304K, used 18284K [0x05600000, 0x069d0000, 0x0ab50000)
  eden space 16320K,  99% used [0x05600000, 0x065eb130, 0x065f0000)
  from space 1984K, 100% used [0x065f0000, 0x067e0000, 0x067e0000)
  to   space 1984K,   0% used [0x067e0000, 0x067e0000, 0x069d0000)
 tenured generation   total 40536K, used 30862K [0x0ab50000, 0x0d2e6000, 0x15600000)
   the space 40536K,  76% used [0x0ab50000, 0x0c973bc0, 0x0c973c00, 0x0d2e6000)
 Metaspace       used 19727K, capacity 20173K, committed 20224K, reserved 20864K
}
Event: 26.122 GC heap after
{Heap after GC invocations=19 (full 3):
 def new generation   total 18304K, used 1507K [0x05600000, 0x069d0000, 0x0ab50000)
  eden space 16320K,   0% used [0x05600000, 0x05600000, 0x065f0000)
  from space 1984K,  76% used [0x067e0000, 0x06958f98, 0x069d0000)
  to   space 1984K,   0% used [0x065f0000, 0x065f0000, 0x067e0000)
 tenured generation   total 40536K, used 32831K [0x0ab50000, 0x0d2e6000, 0x15600000)
   the space 40536K,  80% used [0x0ab50000, 0x0cb5fd80, 0x0cb5fe00, 0x0d2e6000)
 Metaspace       used 19727K, capacity 20173K, committed 20224K, reserved 20864K
}
Event: 33.709 GC heap before
{Heap before GC invocations=19 (full 3):
 def new generation   total 18304K, used 17827K [0x05600000, 0x069d0000, 0x0ab50000)
  eden space 16320K, 100% used [0x05600000, 0x065f0000, 0x065f0000)
  from space 1984K,  76% used [0x067e0000, 0x06958f98, 0x069d0000)
  to   space 1984K,   0% used [0x065f0000, 0x065f0000, 0x067e0000)
 tenured generation   total 40536K, used 32831K [0x0ab50000, 0x0d2e6000, 0x15600000)
   the space 40536K,  80% used [0x0ab50000, 0x0cb5fd80, 0x0cb5fe00, 0x0d2e6000)
 Metaspace       used 20305K, capacity 20774K, committed 20864K, reserved 20864K
}
Event: 33.717 GC heap after
{Heap after GC invocations=20 (full 3):
 def new generation   total 18304K, used 1984K [0x05600000, 0x069d0000, 0x0ab50000)
  eden space 16320K,   0% used [0x05600000, 0x05600000, 0x065f0000)
  from space 1984K, 100% used [0x065f0000, 0x067e0000, 0x067e0000)
  to   space 1984K,   0% used [0x067e0000, 0x067e0000, 0x069d0000)
 tenured generation   total 40536K, used 38840K [0x0ab50000, 0x0d2e6000, 0x15600000)
   the space 40536K,  95% used [0x0ab50000, 0x0d13e260, 0x0d13e400, 0x0d2e6000)
 Metaspace       used 20305K, capacity 20774K, committed 20864K, reserved 20864K
}
Event: 35.052 GC heap before
{Heap before GC invocations=20 (full 3):
 def new generation   total 18304K, used 17746K [0x05600000, 0x069d0000, 0x0ab50000)
  eden space 16320K,  96% used [0x05600000, 0x06564b98, 0x065f0000)
  from space 1984K, 100% used [0x065f0000, 0x067e0000, 0x067e0000)
  to   space 1984K,   0% used [0x067e0000, 0x067e0000, 0x069d0000)
 tenured generation   total 40536K, used 38840K [0x0ab50000, 0x0d2e6000, 0x15600000)
   the space 40536K,  95% used [0x0ab50000, 0x0d13e260, 0x0d13e400, 0x0d2e6000)
 Metaspace       used 20305K, capacity 20774K, committed 20864K, reserved 20864K
}
Event: 35.093 GC heap after
{Heap after GC invocations=21 (full 4):
 def new generation   total 37440K, used 0K [0x05600000, 0x07e90000, 0x0ab50000)
  eden space 33344K,   0% used [0x05600000, 0x05600000, 0x07690000)
  from space 4096K,   0% used [0x07690000, 0x07690000, 0x07a90000)
  to   space 4096K,   0% used [0x07a90000, 0x07a90000, 0x07e90000)
 tenured generation   total 83040K, used 49823K [0x0ab50000, 0x0fc68000, 0x15600000)
   the space 83040K,  59% used [0x0ab50000, 0x0dbf7d78, 0x0dbf7e00, 0x0fc68000)
 Metaspace       used 20078K, capacity 20496K, committed 20864K, reserved 20864K
}

