# JRE version: OpenJDK Runtime Environment Temurin-11.0.21+9 (11.0.21+9) (build 11.0.21+9)
# Java VM: OpenJDK Client VM Temurin-11.0.21+9 (11.0.21+9, mixed mode, serial gc, windows-x86)
Heap:
 def new generation   total 32640K, used 31561K [0x05000000, 0x07360000, 0x0a550000)
  eden space 29056K,  96% used [0x05000000, 0x06b52768, 0x06c60000)
  from space 3584K, 100% used [0x06c60000, 0x06fe0000, 0x06fe0000)
  to   space 3584K,   0% used [0x06fe0000, 0x06fe0000, 0x07360000)
 tenured generation   total 72336K, used 71232K [0x0a550000, 0x0ebf4000, 0x15000000)
   the space 72336K,  98% used [0x0a550000, 0x0eae0328, 0x0eae0400, 0x0ebf4000)
 Metaspace       used 18777K, capacity 19087K, committed 19200K, reserved 19840K
GC Heap History (20 events):
Event: 2.229 GC heap before
{Heap before GC invocations=11 (full 1):
 def new generation   total 4992K, used 4991K [0x05000000, 0x05560000, 0x0a550000)
  eden space 4480K, 100% used [0x05000000, 0x05460000, 0x05460000)
  from space 512K,  99% used [0x054e0000, 0x0555fff8, 0x05560000)
  to   space 512K,   0% used [0x05460000, 0x05460000, 0x054e0000)
 tenured generation   total 10944K, used 6555K [0x0a550000, 0x0b000000, 0x15000000)
   the space 10944K,  59% used [0x0a550000, 0x0abb6e00, 0x0abb6e00, 0x0b000000)
 Metaspace       used 14964K, capacity 15170K, committed 15232K, reserved 15744K
}
Event: 2.232 GC heap after
{Heap after GC invocations=12 (full 1):
 def new generation   total 4992K, used 512K [0x05000000, 0x05560000, 0x0a550000)
  eden space 4480K,   0% used [0x05000000, 0x05000000, 0x05460000)
  from space 512K, 100% used [0x05460000, 0x054e0000, 0x054e0000)
  to   space 512K,   0% used [0x054e0000, 0x054e0000, 0x05560000)
 tenured generation   total 10944K, used 7457K [0x0a550000, 0x0b000000, 0x15000000)
   the space 10944K,  68% used [0x0a550000, 0x0ac98608, 0x0ac98800, 0x0b000000)
 Metaspace       used 14964K, capacity 15170K, committed 15232K, reserved 15744K
}
Event: 2.680 GC heap before
{Heap before GC invocations=12 (full 1):
 def new generation   total 4992K, used 4943K [0x05000000, 0x05560000, 0x0a550000)
  eden space 4480K,  98% used [0x05000000, 0x05453f18, 0x05460000)
  from space 512K, 100% used [0x05460000, 0x054e0000, 0x054e0000)
  to   space 512K,   0% used [0x054e0000, 0x054e0000, 0x05560000)
 tenured generation   total 10944K, used 7457K [0x0a550000, 0x0b000000, 0x15000000)
   the space 10944K,  68% used [0x0a550000, 0x0ac98608, 0x0ac98800, 0x0b000000)
 Metaspace       used 15078K, capacity 15269K, committed 15360K, reserved 15744K
}
Event: 2.683 GC heap after
{Heap after GC invocations=13 (full 1):
 def new generation   total 4992K, used 72K [0x05000000, 0x05560000, 0x0a550000)
  eden space 4480K,   0% used [0x05000000, 0x05000000, 0x05460000)
  from space 512K,  14% used [0x054e0000, 0x054f2390, 0x05560000)
  to   space 512K,   0% used [0x05460000, 0x05460000, 0x054e0000)
 tenured generation   total 10944K, used 10034K [0x0a550000, 0x0b000000, 0x15000000)
   the space 10944K,  91% used [0x0a550000, 0x0af1cb50, 0x0af1cc00, 0x0b000000)
 Metaspace       used 15078K, capacity 15269K, committed 15360K, reserved 15744K
}
Event: 2.904 GC heap before
{Heap before GC invocations=13 (full 1):
 def new generation   total 4992K, used 4454K [0x05000000, 0x05560000, 0x0a550000)
  eden space 4480K,  97% used [0x05000000, 0x054474c0, 0x05460000)
  from space 512K,  14% used [0x054e0000, 0x054f2390, 0x05560000)
  to   space 512K,   0% used [0x05460000, 0x05460000, 0x054e0000)
 tenured generation   total 10944K, used 10034K [0x0a550000, 0x0b000000, 0x15000000)
   the space 10944K,  91% used [0x0a550000, 0x0af1cb50, 0x0af1cc00, 0x0b000000)
 Metaspace       used 15078K, capacity 15269K, committed 15360K, reserved 15744K
}
Event: 2.925 GC heap after
{Heap after GC invocations=14 (full 2):
 def new generation   total 9792K, used 0K [0x05000000, 0x05a90000, 0x0a550000)
  eden space 8768K,   0% used [0x05000000, 0x05000000, 0x05890000)
  from space 1024K,   0% used [0x05890000, 0x05890000, 0x05990000)
  to   space 1024K,   0% used [0x05990000, 0x05990000, 0x05a90000)
 tenured generation   total 21516K, used 12908K [0x0a550000, 0x0ba53000, 0x15000000)
   the space 21516K,  59% used [0x0a550000, 0x0b1eb3a8, 0x0b1eb400, 0x0ba53000)
 Metaspace       used 15078K, capacity 15269K, committed 15360K, reserved 15744K
}
Event: 3.323 GC heap before
{Heap before GC invocations=14 (full 2):
 def new generation   total 9792K, used 8768K [0x05000000, 0x05a90000, 0x0a550000)
  eden space 8768K, 100% used [0x05000000, 0x05890000, 0x05890000)
  from space 1024K,   0% used [0x05890000, 0x05890000, 0x05990000)
  to   space 1024K,   0% used [0x05990000, 0x05990000, 0x05a90000)
 tenured generation   total 21516K, used 12908K [0x0a550000, 0x0ba53000, 0x15000000)
   the space 21516K,  59% used [0x0a550000, 0x0b1eb3a8, 0x0b1eb400, 0x0ba53000)
 Metaspace       used 15078K, capacity 15269K, committed 15360K, reserved 15744K
}
Event: 3.328 GC heap after
{Heap after GC invocations=15 (full 2):
 def new generation   total 9792K, used 905K [0x05000000, 0x05a90000, 0x0a550000)
  eden space 8768K,   0% used [0x05000000, 0x05000000, 0x05890000)
  from space 1024K,  88% used [0x05990000, 0x05a72448, 0x05a90000)
  to   space 1024K,   0% used [0x05890000, 0x05890000, 0x05990000)
 tenured generation   total 21516K, used 17824K [0x0a550000, 0x0ba53000, 0x15000000)
   the space 21516K,  82% used [0x0a550000, 0x0b6b8350, 0x0b6b8400, 0x0ba53000)
 Metaspace       used 15078K, capacity 15269K, committed 15360K, reserved 15744K
}
Event: 3.916 GC heap before
{Heap before GC invocations=15 (full 2):
 def new generation   total 9792K, used 9237K [0x05000000, 0x05a90000, 0x0a550000)
  eden space 8768K,  95% used [0x05000000, 0x058231f0, 0x05890000)
  from space 1024K,  88% used [0x05990000, 0x05a72448, 0x05a90000)
  to   space 1024K,   0% used [0x05890000, 0x05890000, 0x05990000)
 tenured generation   total 21516K, used 17824K [0x0a550000, 0x0ba53000, 0x15000000)
   the space 21516K,  82% used [0x0a550000, 0x0b6b8350, 0x0b6b8400, 0x0ba53000)
 Metaspace       used 15078K, capacity 15269K, committed 15360K, reserved 15744K
}
Event: 3.936 GC heap after
{Heap after GC invocations=16 (full 3):
 def new generation   total 17792K, used 735K [0x05000000, 0x06340000, 0x0a550000)
  eden space 15872K,   4% used [0x05000000, 0x050b7ce0, 0x05f80000)
  from space 1920K,   0% used [0x05f80000, 0x05f80000, 0x06160000)
  to   space 1920K,   0% used [0x06160000, 0x06160000, 0x06340000)
 tenured generation   total 39372K, used 23622K [0x0a550000, 0x0cbc3000, 0x15000000)
   the space 39372K,  59% used [0x0a550000, 0x0bc61bb8, 0x0bc61c00, 0x0cbc3000)
 Metaspace       used 15078K, capacity 15269K, committed 15360K, reserved 15744K
}
Event: 4.762 GC heap before
{Heap before GC invocations=16 (full 3):
 def new generation   total 17792K, used 15872K [0x05000000, 0x06340000, 0x0a550000)
  eden space 15872K, 100% used [0x05000000, 0x05f80000, 0x05f80000)
  from space 1920K,   0% used [0x05f80000, 0x05f80000, 0x06160000)
  to   space 1920K,   0% used [0x06160000, 0x06160000, 0x06340000)
 tenured generation   total 39372K, used 23622K [0x0a550000, 0x0cbc3000, 0x15000000)
   the space 39372K,  59% used [0x0a550000, 0x0bc61bb8, 0x0bc61c00, 0x0cbc3000)
 Metaspace       used 16769K, capacity 17003K, committed 17024K, reserved 17792K
}
Event: 4.770 GC heap after
{Heap after GC invocations=17 (full 3):
 def new generation   total 17792K, used 1920K [0x05000000, 0x06340000, 0x0a550000)
  eden space 15872K,   0% used [0x05000000, 0x05000000, 0x05f80000)
  from space 1920K, 100% used [0x06160000, 0x06340000, 0x06340000)
  to   space 1920K,   0% used [0x05f80000, 0x05f80000, 0x06160000)
 tenured generation   total 39372K, used 25385K [0x0a550000, 0x0cbc3000, 0x15000000)
   the space 39372K,  64% used [0x0a550000, 0x0be1a638, 0x0be1a800, 0x0cbc3000)
 Metaspace       used 16769K, capacity 17003K, committed 17024K, reserved 17792K
}
Event: 10.557 GC heap before
{Heap before GC invocations=17 (full 3):
 def new generation   total 17792K, used 17792K [0x05000000, 0x06340000, 0x0a550000)
  eden space 15872K, 100% used [0x05000000, 0x05f80000, 0x05f80000)
  from space 1920K, 100% used [0x06160000, 0x06340000, 0x06340000)
  to   space 1920K,   0% used [0x05f80000, 0x05f80000, 0x06160000)
 tenured generation   total 39372K, used 25385K [0x0a550000, 0x0cbc3000, 0x15000000)
   the space 39372K,  64% used [0x0a550000, 0x0be1a638, 0x0be1a800, 0x0cbc3000)
 Metaspace       used 17731K, capacity 17994K, committed 18048K, reserved 18816K
}
Event: 10.565 GC heap after
{Heap after GC invocations=18 (full 3):
 def new generation   total 17792K, used 1920K [0x05000000, 0x06340000, 0x0a550000)
  eden space 15872K,   0% used [0x05000000, 0x05000000, 0x05f80000)
  from space 1920K, 100% used [0x05f80000, 0x06160000, 0x06160000)
  to   space 1920K,   0% used [0x06160000, 0x06160000, 0x06340000)
 tenured generation   total 39372K, used 32362K [0x0a550000, 0x0cbc3000, 0x15000000)
   the space 39372K,  82% used [0x0a550000, 0x0c4ea9b8, 0x0c4eaa00, 0x0cbc3000)
 Metaspace       used 17731K, capacity 17994K, committed 18048K, reserved 18816K
}
Event: 10.883 GC heap before
{Heap before GC invocations=18 (full 3):
 def new generation   total 17792K, used 17792K [0x05000000, 0x06340000, 0x0a550000)
  eden space 15872K, 100% used [0x05000000, 0x05f80000, 0x05f80000)
  from space 1920K, 100% used [0x05f80000, 0x06160000, 0x06160000)
  to   space 1920K,   0% used [0x06160000, 0x06160000, 0x06340000)
 tenured generation   total 39372K, used 32362K [0x0a550000, 0x0cbc3000, 0x15000000)
   the space 39372K,  82% used [0x0a550000, 0x0c4ea9b8, 0x0c4eaa00, 0x0cbc3000)
 Metaspace       used 17731K, capacity 17994K, committed 18048K, reserved 18816K
}
Event: 10.922 GC heap after
{Heap after GC invocations=19 (full 4):
 def new generation   total 32640K, used 443K [0x05000000, 0x07360000, 0x0a550000)
  eden space 29056K,   1% used [0x05000000, 0x0506eeb0, 0x06c60000)
  from space 3584K,   0% used [0x06c60000, 0x06c60000, 0x06fe0000)
  to   space 3584K,   0% used [0x06fe0000, 0x06fe0000, 0x07360000)
 tenured generation   total 72336K, used 43401K [0x0a550000, 0x0ebf4000, 0x15000000)
   the space 72336K,  59% used [0x0a550000, 0x0cfb2620, 0x0cfb2800, 0x0ebf4000)
 Metaspace       used 17578K, capacity 17806K, committed 18048K, reserved 18816K
}
Event: 11.165 GC heap before
{Heap before GC invocations=19 (full 4):
 def new generation   total 32640K, used 28816K [0x05000000, 0x07360000, 0x0a550000)
  eden space 29056K,  99% used [0x05000000, 0x06c24050, 0x06c60000)
  from space 3584K,   0% used [0x06c60000, 0x06c60000, 0x06fe0000)
  to   space 3584K,   0% used [0x06fe0000, 0x06fe0000, 0x07360000)
 tenured generation   total 72336K, used 43401K [0x0a550000, 0x0ebf4000, 0x15000000)
   the space 72336K,  59% used [0x0a550000, 0x0cfb2620, 0x0cfb2800, 0x0ebf4000)
 Metaspace       used 17578K, capacity 17806K, committed 18048K, reserved 18816K
}
Event: 11.180 GC heap after
{Heap after GC invocations=20 (full 4):
 def new generation   total 32640K, used 3257K [0x05000000, 0x07360000, 0x0a550000)
  eden space 29056K,   0% used [0x05000000, 0x05000000, 0x06c60000)
  from space 3584K,  90% used [0x06fe0000, 0x0730e480, 0x07360000)
  to   space 3584K,   0% used [0x06c60000, 0x06c60000, 0x06fe0000)
 tenured generation   total 72336K, used 60677K [0x0a550000, 0x0ebf4000, 0x15000000)
   the space 72336K,  83% used [0x0a550000, 0x0e0917b0, 0x0e091800, 0x0ebf4000)
 Metaspace       used 17578K, capacity 17806K, committed 18048K, reserved 18816K
}
Event: 36.752 GC heap before
{Heap before GC invocations=20 (full 4):
 def new generation   total 32640K, used 32040K [0x05000000, 0x07360000, 0x0a550000)
  eden space 29056K,  99% used [0x05000000, 0x06c1bca8, 0x06c60000)
  from space 3584K,  90% used [0x06fe0000, 0x0730e480, 0x07360000)
  to   space 3584K,   0% used [0x06c60000, 0x06c60000, 0x06fe0000)
 tenured generation   total 72336K, used 60677K [0x0a550000, 0x0ebf4000, 0x15000000)
   the space 72336K,  83% used [0x0a550000, 0x0e0917b0, 0x0e091800, 0x0ebf4000)
 Metaspace       used 18520K, capacity 18813K, committed 18816K, reserved 18816K
}
Event: 36.761 GC heap after
{Heap after GC invocations=21 (full 4):
 def new generation   total 32640K, used 3584K [0x05000000, 0x07360000, 0x0a550000)
  eden space 29056K,   0% used [0x05000000, 0x05000000, 0x06c60000)
  from space 3584K, 100% used [0x06c60000, 0x06fe0000, 0x06fe0000)
  to   space 3584K,   0% used [0x06fe0000, 0x06fe0000, 0x07360000)
 tenured generation   total 72336K, used 71232K [0x0a550000, 0x0ebf4000, 0x15000000)
   the space 72336K,  98% used [0x0a550000, 0x0eae0328, 0x0eae0400, 0x0ebf4000)
 Metaspace       used 18520K, capacity 18813K, committed 18816K, reserved 18816K
}

