# JRE version: OpenJDK Runtime Environment Temurin-11.0.21+9 (11.0.21+9) (build 11.0.21+9)
# Java VM: OpenJDK Client VM Temurin-11.0.21+9 (11.0.21+9, mixed mode, serial gc, windows-x86)
Heap:
 def new generation   total 52096K, used 23654K [0x05800000, 0x09080000, 0x0ad50000)
  eden space 46336K,  51% used [0x05800000, 0x06f199a8, 0x08540000)
  from space 5760K,   0% used [0x08540000, 0x08540000, 0x08ae0000)
  to   space 5760K,   0% used [0x08ae0000, 0x08ae0000, 0x09080000)
 tenured generation   total 115640K, used 69383K [0x0ad50000, 0x11e3e000, 0x15800000)
   the space 115640K,  59% used [0x0ad50000, 0x0f111fb0, 0x0f112000, 0x11e3e000)
 Metaspace       used 18668K, capacity 18946K, committed 19072K, reserved 19840K
GC Heap History (20 events):
Event: 4.631 GC heap before
{Heap before GC invocations=11 (full 1):
 def new generation   total 4992K, used 4991K [0x05800000, 0x05d60000, 0x0ad50000)
  eden space 4480K, 100% used [0x05800000, 0x05c60000, 0x05c60000)
  from space 512K,  99% used [0x05ce0000, 0x05d5fff8, 0x05d60000)
  to   space 512K,   0% used [0x05c60000, 0x05c60000, 0x05ce0000)
 tenured generation   total 10944K, used 6598K [0x0ad50000, 0x0b800000, 0x15800000)
   the space 10944K,  60% used [0x0ad50000, 0x0b3c1bd8, 0x0b3c1c00, 0x0b800000)
 Metaspace       used 14963K, capacity 15170K, committed 15232K, reserved 15744K
}
Event: 4.634 GC heap after
{Heap after GC invocations=12 (full 1):
 def new generation   total 4992K, used 512K [0x05800000, 0x05d60000, 0x0ad50000)
  eden space 4480K,   0% used [0x05800000, 0x05800000, 0x05c60000)
  from space 512K, 100% used [0x05c60000, 0x05ce0000, 0x05ce0000)
  to   space 512K,   0% used [0x05ce0000, 0x05ce0000, 0x05d60000)
 tenured generation   total 10944K, used 7505K [0x0ad50000, 0x0b800000, 0x15800000)
   the space 10944K,  68% used [0x0ad50000, 0x0b4a4748, 0x0b4a4800, 0x0b800000)
 Metaspace       used 14963K, capacity 15170K, committed 15232K, reserved 15744K
}
Event: 5.676 GC heap before
{Heap before GC invocations=12 (full 1):
 def new generation   total 4992K, used 4992K [0x05800000, 0x05d60000, 0x0ad50000)
  eden space 4480K, 100% used [0x05800000, 0x05c60000, 0x05c60000)
  from space 512K, 100% used [0x05c60000, 0x05ce0000, 0x05ce0000)
  to   space 512K,   0% used [0x05ce0000, 0x05ce0000, 0x05d60000)
 tenured generation   total 10944K, used 7505K [0x0ad50000, 0x0b800000, 0x15800000)
   the space 10944K,  68% used [0x0ad50000, 0x0b4a4748, 0x0b4a4800, 0x0b800000)
 Metaspace       used 15077K, capacity 15269K, committed 15360K, reserved 15744K
}
Event: 5.683 GC heap after
{Heap after GC invocations=13 (full 1):
 def new generation   total 4992K, used 293K [0x05800000, 0x05d60000, 0x0ad50000)
  eden space 4480K,   0% used [0x05800000, 0x05800000, 0x05c60000)
  from space 512K,  57% used [0x05ce0000, 0x05d29428, 0x05d60000)
  to   space 512K,   0% used [0x05c60000, 0x05c60000, 0x05ce0000)
 tenured generation   total 10944K, used 10041K [0x0ad50000, 0x0b800000, 0x15800000)
   the space 10944K,  91% used [0x0ad50000, 0x0b71e4a0, 0x0b71e600, 0x0b800000)
 Metaspace       used 15077K, capacity 15269K, committed 15360K, reserved 15744K
}
Event: 6.252 GC heap before
{Heap before GC invocations=13 (full 1):
 def new generation   total 4992K, used 4711K [0x05800000, 0x05d60000, 0x0ad50000)
  eden space 4480K,  98% used [0x05800000, 0x05c509f8, 0x05c60000)
  from space 512K,  57% used [0x05ce0000, 0x05d29428, 0x05d60000)
  to   space 512K,   0% used [0x05c60000, 0x05c60000, 0x05ce0000)
 tenured generation   total 10944K, used 10041K [0x0ad50000, 0x0b800000, 0x15800000)
   the space 10944K,  91% used [0x0ad50000, 0x0b71e4a0, 0x0b71e600, 0x0b800000)
 Metaspace       used 15077K, capacity 15269K, committed 15360K, reserved 15744K
}
Event: 6.278 GC heap after
{Heap after GC invocations=14 (full 2):
 def new generation   total 9792K, used 177K [0x05800000, 0x06290000, 0x0ad50000)
  eden space 8768K,   2% used [0x05800000, 0x0582c5d0, 0x06090000)
  from space 1024K,   0% used [0x06090000, 0x06090000, 0x06190000)
  to   space 1024K,   0% used [0x06190000, 0x06190000, 0x06290000)
 tenured generation   total 21540K, used 12922K [0x0ad50000, 0x0c259000, 0x15800000)
   the space 21540K,  59% used [0x0ad50000, 0x0b9eea80, 0x0b9eec00, 0x0c259000)
 Metaspace       used 15077K, capacity 15269K, committed 15360K, reserved 15744K
}
Event: 7.437 GC heap before
{Heap before GC invocations=14 (full 2):
 def new generation   total 9792K, used 8760K [0x05800000, 0x06290000, 0x0ad50000)
  eden space 8768K,  99% used [0x05800000, 0x0608e260, 0x06090000)
  from space 1024K,   0% used [0x06090000, 0x06090000, 0x06190000)
  to   space 1024K,   0% used [0x06190000, 0x06190000, 0x06290000)
 tenured generation   total 21540K, used 12922K [0x0ad50000, 0x0c259000, 0x15800000)
   the space 21540K,  59% used [0x0ad50000, 0x0b9eea80, 0x0b9eec00, 0x0c259000)
 Metaspace       used 15077K, capacity 15269K, committed 15360K, reserved 15744K
}
Event: 7.447 GC heap after
{Heap after GC invocations=15 (full 2):
 def new generation   total 9792K, used 882K [0x05800000, 0x06290000, 0x0ad50000)
  eden space 8768K,   0% used [0x05800000, 0x05800000, 0x06090000)
  from space 1024K,  86% used [0x06190000, 0x0626cb78, 0x06290000)
  to   space 1024K,   0% used [0x06090000, 0x06090000, 0x06190000)
 tenured generation   total 21540K, used 17838K [0x0ad50000, 0x0c259000, 0x15800000)
   the space 21540K,  82% used [0x0ad50000, 0x0bebba28, 0x0bebbc00, 0x0c259000)
 Metaspace       used 15077K, capacity 15269K, committed 15360K, reserved 15744K
}
Event: 8.631 GC heap before
{Heap before GC invocations=15 (full 2):
 def new generation   total 9792K, used 9030K [0x05800000, 0x06290000, 0x0ad50000)
  eden space 8768K,  92% used [0x05800000, 0x05ff4d18, 0x06090000)
  from space 1024K,  86% used [0x06190000, 0x0626cb78, 0x06290000)
  to   space 1024K,   0% used [0x06090000, 0x06090000, 0x06190000)
 tenured generation   total 21540K, used 17838K [0x0ad50000, 0x0c259000, 0x15800000)
   the space 21540K,  82% used [0x0ad50000, 0x0bebba28, 0x0bebbc00, 0x0c259000)
 Metaspace       used 15077K, capacity 15269K, committed 15360K, reserved 15744K
}
Event: 8.661 GC heap after
{Heap after GC invocations=16 (full 3):
 def new generation   total 17792K, used 735K [0x05800000, 0x06b40000, 0x0ad50000)
  eden space 15872K,   4% used [0x05800000, 0x058b7ce0, 0x06780000)
  from space 1920K,   0% used [0x06780000, 0x06780000, 0x06960000)
  to   space 1920K,   0% used [0x06960000, 0x06960000, 0x06b40000)
 tenured generation   total 39400K, used 23637K [0x0ad50000, 0x0d3ca000, 0x15800000)
   the space 39400K,  59% used [0x0ad50000, 0x0c4657c8, 0x0c465800, 0x0d3ca000)
 Metaspace       used 14844K, capacity 14984K, committed 15360K, reserved 15744K
}
Event: 9.195 GC heap before
{Heap before GC invocations=16 (full 3):
 def new generation   total 17792K, used 15872K [0x05800000, 0x06b40000, 0x0ad50000)
  eden space 15872K, 100% used [0x05800000, 0x06780000, 0x06780000)
  from space 1920K,   0% used [0x06780000, 0x06780000, 0x06960000)
  to   space 1920K,   0% used [0x06960000, 0x06960000, 0x06b40000)
 tenured generation   total 39400K, used 23637K [0x0ad50000, 0x0d3ca000, 0x15800000)
   the space 39400K,  59% used [0x0ad50000, 0x0c4657c8, 0x0c465800, 0x0d3ca000)
 Metaspace       used 16458K, capacity 16664K, committed 16768K, reserved 16768K
}
Event: 9.202 GC heap after
{Heap after GC invocations=17 (full 3):
 def new generation   total 17792K, used 1920K [0x05800000, 0x06b40000, 0x0ad50000)
  eden space 15872K,   0% used [0x05800000, 0x05800000, 0x06780000)
  from space 1920K, 100% used [0x06960000, 0x06b40000, 0x06b40000)
  to   space 1920K,   0% used [0x06780000, 0x06780000, 0x06960000)
 tenured generation   total 39400K, used 25381K [0x0ad50000, 0x0d3ca000, 0x15800000)
   the space 39400K,  64% used [0x0ad50000, 0x0c619748, 0x0c619800, 0x0d3ca000)
 Metaspace       used 16458K, capacity 16664K, committed 16768K, reserved 16768K
}
Event: 19.431 GC heap before
{Heap before GC invocations=17 (full 3):
 def new generation   total 17792K, used 17551K [0x05800000, 0x06b40000, 0x0ad50000)
  eden space 15872K,  98% used [0x05800000, 0x06743d40, 0x06780000)
  from space 1920K, 100% used [0x06960000, 0x06b40000, 0x06b40000)
  to   space 1920K,   0% used [0x06780000, 0x06780000, 0x06960000)
 tenured generation   total 39400K, used 25381K [0x0ad50000, 0x0d3ca000, 0x15800000)
   the space 39400K,  64% used [0x0ad50000, 0x0c619748, 0x0c619800, 0x0d3ca000)
 Metaspace       used 17670K, capacity 17919K, committed 17920K, reserved 18816K
}
Event: 19.447 GC heap after
{Heap after GC invocations=18 (full 3):
 def new generation   total 17792K, used 1920K [0x05800000, 0x06b40000, 0x0ad50000)
  eden space 15872K,   0% used [0x05800000, 0x05800000, 0x06780000)
  from space 1920K, 100% used [0x06780000, 0x06960000, 0x06960000)
  to   space 1920K,   0% used [0x06960000, 0x06960000, 0x06b40000)
 tenured generation   total 39400K, used 30037K [0x0ad50000, 0x0d3ca000, 0x15800000)
   the space 39400K,  76% used [0x0ad50000, 0x0caa5650, 0x0caa5800, 0x0d3ca000)
 Metaspace       used 17670K, capacity 17919K, committed 17920K, reserved 18816K
}
Event: 19.935 GC heap before
{Heap before GC invocations=18 (full 3):
 def new generation   total 17792K, used 17792K [0x05800000, 0x06b40000, 0x0ad50000)
  eden space 15872K, 100% used [0x05800000, 0x06780000, 0x06780000)
  from space 1920K, 100% used [0x06780000, 0x06960000, 0x06960000)
  to   space 1920K,   0% used [0x06960000, 0x06960000, 0x06b40000)
 tenured generation   total 39400K, used 30037K [0x0ad50000, 0x0d3ca000, 0x15800000)
   the space 39400K,  76% used [0x0ad50000, 0x0caa5650, 0x0caa5800, 0x0d3ca000)
 Metaspace       used 17670K, capacity 17919K, committed 17920K, reserved 18816K
}
Event: 19.985 GC heap after
{Heap after GC invocations=19 (full 4):
 def new generation   total 30656K, used 0K [0x05800000, 0x07940000, 0x0ad50000)
  eden space 27264K,   0% used [0x05800000, 0x05800000, 0x072a0000)
  from space 3392K,   0% used [0x072a0000, 0x072a0000, 0x075f0000)
  to   space 3392K,   0% used [0x075f0000, 0x075f0000, 0x07940000)
 tenured generation   total 68052K, used 40830K [0x0ad50000, 0x0efc5000, 0x15800000)
   the space 68052K,  59% used [0x0ad50000, 0x0d52f8d8, 0x0d52fa00, 0x0efc5000)
 Metaspace       used 17537K, capacity 17756K, committed 17920K, reserved 18816K
}
Event: 20.557 GC heap before
{Heap before GC invocations=19 (full 4):
 def new generation   total 30656K, used 27135K [0x05800000, 0x07940000, 0x0ad50000)
  eden space 27264K,  99% used [0x05800000, 0x0727fc90, 0x072a0000)
  from space 3392K,   0% used [0x072a0000, 0x072a0000, 0x075f0000)
  to   space 3392K,   0% used [0x075f0000, 0x075f0000, 0x07940000)
 tenured generation   total 68052K, used 40830K [0x0ad50000, 0x0efc5000, 0x15800000)
   the space 68052K,  59% used [0x0ad50000, 0x0d52f8d8, 0x0d52fa00, 0x0efc5000)
 Metaspace       used 17537K, capacity 17756K, committed 17920K, reserved 18816K
}
Event: 20.573 GC heap after
{Heap after GC invocations=20 (full 4):
 def new generation   total 30656K, used 3221K [0x05800000, 0x07940000, 0x0ad50000)
  eden space 27264K,   0% used [0x05800000, 0x05800000, 0x072a0000)
  from space 3392K,  94% used [0x075f0000, 0x07915400, 0x07940000)
  to   space 3392K,   0% used [0x072a0000, 0x072a0000, 0x075f0000)
 tenured generation   total 68052K, used 56777K [0x0ad50000, 0x0efc5000, 0x15800000)
   the space 68052K,  83% used [0x0ad50000, 0x0e4c2698, 0x0e4c2800, 0x0efc5000)
 Metaspace       used 17537K, capacity 17756K, committed 17920K, reserved 18816K
}
Event: 26.134 GC heap before
{Heap before GC invocations=20 (full 4):
 def new generation   total 30656K, used 29849K [0x05800000, 0x07940000, 0x0ad50000)
  eden space 27264K,  97% used [0x05800000, 0x072010c0, 0x072a0000)
  from space 3392K,  94% used [0x075f0000, 0x07915400, 0x07940000)
  to   space 3392K,   0% used [0x072a0000, 0x072a0000, 0x075f0000)
 tenured generation   total 68052K, used 56777K [0x0ad50000, 0x0efc5000, 0x15800000)
   the space 68052K,  83% used [0x0ad50000, 0x0e4c2698, 0x0e4c2800, 0x0efc5000)
 Metaspace       used 18390K, capacity 18680K, committed 18688K, reserved 18816K
}
Event: 26.163 GC heap after
{Heap after GC invocations=21 (full 5):
 def new generation   total 52096K, used 3362K [0x05800000, 0x09080000, 0x0ad50000)
  eden space 46336K,   7% used [0x05800000, 0x05b48a68, 0x08540000)
  from space 5760K,   0% used [0x08540000, 0x08540000, 0x08ae0000)
  to   space 5760K,   0% used [0x08ae0000, 0x08ae0000, 0x09080000)
 tenured generation   total 115640K, used 69383K [0x0ad50000, 0x11e3e000, 0x15800000)
   the space 115640K,  59% used [0x0ad50000, 0x0f111fb0, 0x0f112000, 0x11e3e000)
 Metaspace       used 18390K, capacity 18680K, committed 18688K, reserved 18816K
}

