# JRE version: OpenJDK Runtime Environment Temurin-11.0.21+9 (11.0.21+9) (build 11.0.21+9)
# Java VM: OpenJDK Client VM Temurin-11.0.21+9 (11.0.21+9, mixed mode, serial gc, windows-x86)
Heap:
 def new generation   total 22144K, used 15421K [0x05000000, 0x06800000, 0x0a550000)
  eden space 19712K,  78% used [0x05000000, 0x05f0f768, 0x06340000)
  from space 2432K,   0% used [0x06340000, 0x06340000, 0x065a0000)
  to   space 2432K,   0% used [0x065a0000, 0x065a0000, 0x06800000)
 tenured generation   total 49072K, used 29442K [0x0a550000, 0x0d53c000, 0x15000000)
   the space 49072K,  59% used [0x0a550000, 0x0c2109b8, 0x0c210a00, 0x0d53c000)
 Metaspace       used 20015K, capacity 20434K, committed 20736K, reserved 20864K
GC Heap History (20 events):
Event: 25.112 GC heap before
{Heap before GC invocations=14 (full 1):
 def new generation   total 4992K, used 4992K [0x05000000, 0x05560000, 0x0a550000)
  eden space 4480K, 100% used [0x05000000, 0x05460000, 0x05460000)
  from space 512K, 100% used [0x05460000, 0x054e0000, 0x054e0000)
  to   space 512K,   0% used [0x054e0000, 0x054e0000, 0x05560000)
 tenured generation   total 10944K, used 8239K [0x0a550000, 0x0b000000, 0x15000000)
   the space 10944K,  75% used [0x0a550000, 0x0ad5bd28, 0x0ad5be00, 0x0b000000)
 Metaspace       used 15440K, capacity 15674K, committed 15744K, reserved 15744K
}
Event: 25.117 GC heap after
{Heap after GC invocations=15 (full 1):
 def new generation   total 4992K, used 512K [0x05000000, 0x05560000, 0x0a550000)
  eden space 4480K,   0% used [0x05000000, 0x05000000, 0x05460000)
  from space 512K, 100% used [0x054e0000, 0x05560000, 0x05560000)
  to   space 512K,   0% used [0x05460000, 0x05460000, 0x054e0000)
 tenured generation   total 10944K, used 9222K [0x0a550000, 0x0b000000, 0x15000000)
   the space 10944K,  84% used [0x0a550000, 0x0ae51888, 0x0ae51a00, 0x0b000000)
 Metaspace       used 15440K, capacity 15674K, committed 15744K, reserved 15744K
}
Event: 592.031 GC heap before
{Heap before GC invocations=15 (full 1):
 def new generation   total 4992K, used 4992K [0x05000000, 0x05560000, 0x0a550000)
  eden space 4480K, 100% used [0x05000000, 0x05460000, 0x05460000)
  from space 512K, 100% used [0x054e0000, 0x05560000, 0x05560000)
  to   space 512K,   0% used [0x05460000, 0x05460000, 0x054e0000)
 tenured generation   total 10944K, used 9222K [0x0a550000, 0x0b000000, 0x15000000)
   the space 10944K,  84% used [0x0a550000, 0x0ae51888, 0x0ae51a00, 0x0b000000)
 Metaspace       used 15961K, capacity 16222K, committed 16256K, reserved 16768K
}
Event: 592.108 GC heap after
{Heap after GC invocations=16 (full 2):
 def new generation   total 8064K, used 0K [0x05000000, 0x058b0000, 0x0a550000)
  eden space 7232K,   0% used [0x05000000, 0x05000000, 0x05710000)
  from space 832K,   0% used [0x05710000, 0x05710000, 0x057e0000)
  to   space 832K,   0% used [0x057e0000, 0x057e0000, 0x058b0000)
 tenured generation   total 17716K, used 10629K [0x0a550000, 0x0b69d000, 0x15000000)
   the space 17716K,  59% used [0x0a550000, 0x0afb1538, 0x0afb1600, 0x0b69d000)
 Metaspace       used 15700K, capacity 15903K, committed 16256K, reserved 16768K
}
Event: 593.279 GC heap before
{Heap before GC invocations=16 (full 2):
 def new generation   total 8064K, used 7047K [0x05000000, 0x058b0000, 0x0a550000)
  eden space 7232K,  97% used [0x05000000, 0x056e1fc8, 0x05710000)
  from space 832K,   0% used [0x05710000, 0x05710000, 0x057e0000)
  to   space 832K,   0% used [0x057e0000, 0x057e0000, 0x058b0000)
 tenured generation   total 17716K, used 10629K [0x0a550000, 0x0b69d000, 0x15000000)
   the space 17716K,  59% used [0x0a550000, 0x0afb1538, 0x0afb1600, 0x0b69d000)
 Metaspace       used 17457K, capacity 17671K, committed 17920K, reserved 18816K
}
Event: 593.282 GC heap after
{Heap after GC invocations=17 (full 2):
 def new generation   total 8064K, used 832K [0x05000000, 0x058b0000, 0x0a550000)
  eden space 7232K,   0% used [0x05000000, 0x05000000, 0x05710000)
  from space 832K, 100% used [0x057e0000, 0x058b0000, 0x058b0000)
  to   space 832K,   0% used [0x05710000, 0x05710000, 0x057e0000)
 tenured generation   total 17716K, used 11937K [0x0a550000, 0x0b69d000, 0x15000000)
   the space 17716K,  67% used [0x0a550000, 0x0b0f87e0, 0x0b0f8800, 0x0b69d000)
 Metaspace       used 17457K, capacity 17671K, committed 17920K, reserved 18816K
}
Event: 593.677 GC heap before
{Heap before GC invocations=17 (full 2):
 def new generation   total 8064K, used 8064K [0x05000000, 0x058b0000, 0x0a550000)
  eden space 7232K, 100% used [0x05000000, 0x05710000, 0x05710000)
  from space 832K, 100% used [0x057e0000, 0x058b0000, 0x058b0000)
  to   space 832K,   0% used [0x05710000, 0x05710000, 0x057e0000)
 tenured generation   total 17716K, used 11937K [0x0a550000, 0x0b69d000, 0x15000000)
   the space 17716K,  67% used [0x0a550000, 0x0b0f87e0, 0x0b0f8800, 0x0b69d000)
 Metaspace       used 17971K, capacity 18242K, committed 18304K, reserved 18816K
}
Event: 593.683 GC heap after
{Heap after GC invocations=18 (full 2):
 def new generation   total 8064K, used 282K [0x05000000, 0x058b0000, 0x0a550000)
  eden space 7232K,   0% used [0x05000000, 0x05000000, 0x05710000)
  from space 832K,  33% used [0x05710000, 0x05756b70, 0x057e0000)
  to   space 832K,   0% used [0x057e0000, 0x057e0000, 0x058b0000)
 tenured generation   total 17716K, used 15173K [0x0a550000, 0x0b69d000, 0x15000000)
   the space 17716K,  85% used [0x0a550000, 0x0b421438, 0x0b421600, 0x0b69d000)
 Metaspace       used 17971K, capacity 18242K, committed 18304K, reserved 18816K
}
Event: 593.797 GC heap before
{Heap before GC invocations=18 (full 2):
 def new generation   total 8064K, used 7514K [0x05000000, 0x058b0000, 0x0a550000)
  eden space 7232K, 100% used [0x05000000, 0x05710000, 0x05710000)
  from space 832K,  33% used [0x05710000, 0x05756b70, 0x057e0000)
  to   space 832K,   0% used [0x057e0000, 0x057e0000, 0x058b0000)
 tenured generation   total 17716K, used 15173K [0x0a550000, 0x0b69d000, 0x15000000)
   the space 17716K,  85% used [0x0a550000, 0x0b421438, 0x0b421600, 0x0b69d000)
 Metaspace       used 19005K, capacity 19374K, committed 19456K, reserved 19840K
}
Event: 593.799 GC heap after
{Heap after GC invocations=19 (full 2):
 def new generation   total 8064K, used 831K [0x05000000, 0x058b0000, 0x0a550000)
  eden space 7232K,   0% used [0x05000000, 0x05000000, 0x05710000)
  from space 832K,  99% used [0x057e0000, 0x058afff8, 0x058b0000)
  to   space 832K,   0% used [0x05710000, 0x05710000, 0x057e0000)
 tenured generation   total 17716K, used 15296K [0x0a550000, 0x0b69d000, 0x15000000)
   the space 17716K,  86% used [0x0a550000, 0x0b440030, 0x0b440200, 0x0b69d000)
 Metaspace       used 19005K, capacity 19374K, committed 19456K, reserved 19840K
}
Event: 612.009 GC heap before
{Heap before GC invocations=19 (full 2):
 def new generation   total 8064K, used 8063K [0x05000000, 0x058b0000, 0x0a550000)
  eden space 7232K, 100% used [0x05000000, 0x05710000, 0x05710000)
  from space 832K,  99% used [0x057e0000, 0x058afff8, 0x058b0000)
  to   space 832K,   0% used [0x05710000, 0x05710000, 0x057e0000)
 tenured generation   total 17716K, used 15296K [0x0a550000, 0x0b69d000, 0x15000000)
   the space 17716K,  86% used [0x0a550000, 0x0b440030, 0x0b440200, 0x0b69d000)
 Metaspace       used 19397K, capacity 19771K, committed 19840K, reserved 19840K
}
Event: 612.015 GC heap after
{Heap after GC invocations=20 (full 2):
 def new generation   total 8064K, used 832K [0x05000000, 0x058b0000, 0x0a550000)
  eden space 7232K,   0% used [0x05000000, 0x05000000, 0x05710000)
  from space 832K, 100% used [0x05710000, 0x057e0000, 0x057e0000)
  to   space 832K,   0% used [0x057e0000, 0x057e0000, 0x058b0000)
 tenured generation   total 17716K, used 16682K [0x0a550000, 0x0b69d000, 0x15000000)
   the space 17716K,  94% used [0x0a550000, 0x0b59aa10, 0x0b59ac00, 0x0b69d000)
 Metaspace       used 19397K, capacity 19771K, committed 19840K, reserved 19840K
}
Event: 615.992 GC heap before
{Heap before GC invocations=20 (full 2):
 def new generation   total 8064K, used 8064K [0x05000000, 0x058b0000, 0x0a550000)
  eden space 7232K, 100% used [0x05000000, 0x05710000, 0x05710000)
  from space 832K, 100% used [0x05710000, 0x057e0000, 0x057e0000)
  to   space 832K,   0% used [0x057e0000, 0x057e0000, 0x058b0000)
 tenured generation   total 17716K, used 16682K [0x0a550000, 0x0b69d000, 0x15000000)
   the space 17716K,  94% used [0x0a550000, 0x0b59aa10, 0x0b59ac00, 0x0b69d000)
 Metaspace       used 20025K, capacity 20472K, committed 20480K, reserved 20864K
}
Event: 615.996 GC heap after
{Heap after GC invocations=21 (full 2):
 def new generation   total 8064K, used 724K [0x05000000, 0x058b0000, 0x0a550000)
  eden space 7232K,   0% used [0x05000000, 0x05000000, 0x05710000)
  from space 832K,  87% used [0x057e0000, 0x058952e0, 0x058b0000)
  to   space 832K,   0% used [0x05710000, 0x05710000, 0x057e0000)
 tenured generation   total 17716K, used 17474K [0x0a550000, 0x0b69d000, 0x15000000)
   the space 17716K,  98% used [0x0a550000, 0x0b660ad0, 0x0b660c00, 0x0b69d000)
 Metaspace       used 20025K, capacity 20472K, committed 20480K, reserved 20864K
}
Event: 658.106 GC heap before
{Heap before GC invocations=21 (full 2):
 def new generation   total 8064K, used 7704K [0x05000000, 0x058b0000, 0x0a550000)
  eden space 7232K,  96% used [0x05000000, 0x056d0ec8, 0x05710000)
  from space 832K,  87% used [0x057e0000, 0x058952e0, 0x058b0000)
  to   space 832K,   0% used [0x05710000, 0x05710000, 0x057e0000)
 tenured generation   total 17716K, used 17474K [0x0a550000, 0x0b69d000, 0x15000000)
   the space 17716K,  98% used [0x0a550000, 0x0b660ad0, 0x0b660c00, 0x0b69d000)
 Metaspace       used 20135K, capacity 20582K, committed 20608K, reserved 20864K
}
Event: 658.133 GC heap after
{Heap after GC invocations=22 (full 3):
 def new generation   total 13440K, used 0K [0x05000000, 0x05e90000, 0x0a550000)
  eden space 11968K,   0% used [0x05000000, 0x05000000, 0x05bb0000)
  from space 1472K,   0% used [0x05bb0000, 0x05bb0000, 0x05d20000)
  to   space 1472K,   0% used [0x05d20000, 0x05d20000, 0x05e90000)
 tenured generation   total 29724K, used 17833K [0x0a550000, 0x0c257000, 0x15000000)
   the space 29724K,  59% used [0x0a550000, 0x0b6ba798, 0x0b6ba800, 0x0c257000)
 Metaspace       used 19901K, capacity 20293K, committed 20608K, reserved 20864K
}
Event: 661.290 GC heap before
{Heap before GC invocations=22 (full 3):
 def new generation   total 13440K, used 11511K [0x05000000, 0x05e90000, 0x0a550000)
  eden space 11968K,  96% used [0x05000000, 0x05b3dd10, 0x05bb0000)
  from space 1472K,   0% used [0x05bb0000, 0x05bb0000, 0x05d20000)
  to   space 1472K,   0% used [0x05d20000, 0x05d20000, 0x05e90000)
 tenured generation   total 29724K, used 17833K [0x0a550000, 0x0c257000, 0x15000000)
   the space 29724K,  59% used [0x0a550000, 0x0b6ba798, 0x0b6ba800, 0x0c257000)
 Metaspace       used 19933K, capacity 20332K, committed 20608K, reserved 20864K
}
Event: 661.294 GC heap after
{Heap after GC invocations=23 (full 3):
 def new generation   total 13440K, used 1472K [0x05000000, 0x05e90000, 0x0a550000)
  eden space 11968K,   0% used [0x05000000, 0x05000000, 0x05bb0000)
  from space 1472K, 100% used [0x05d20000, 0x05e90000, 0x05e90000)
  to   space 1472K,   0% used [0x05bb0000, 0x05bb0000, 0x05d20000)
 tenured generation   total 29724K, used 22552K [0x0a550000, 0x0c257000, 0x15000000)
   the space 29724K,  75% used [0x0a550000, 0x0bb56340, 0x0bb56400, 0x0c257000)
 Metaspace       used 19933K, capacity 20332K, committed 20608K, reserved 20864K
}
Event: 662.084 GC heap before
{Heap before GC invocations=23 (full 3):
 def new generation   total 13440K, used 13440K [0x05000000, 0x05e90000, 0x0a550000)
  eden space 11968K, 100% used [0x05000000, 0x05bb0000, 0x05bb0000)
  from space 1472K, 100% used [0x05d20000, 0x05e90000, 0x05e90000)
  to   space 1472K,   0% used [0x05bb0000, 0x05bb0000, 0x05d20000)
 tenured generation   total 29724K, used 22552K [0x0a550000, 0x0c257000, 0x15000000)
   the space 29724K,  75% used [0x0a550000, 0x0bb56340, 0x0bb56400, 0x0c257000)
 Metaspace       used 19933K, capacity 20332K, committed 20608K, reserved 20864K
}
Event: 662.116 GC heap after
{Heap after GC invocations=24 (full 4):
 def new generation   total 22144K, used 0K [0x05000000, 0x06800000, 0x0a550000)
  eden space 19712K,   0% used [0x05000000, 0x05000000, 0x06340000)
  from space 2432K,   0% used [0x06340000, 0x06340000, 0x065a0000)
  to   space 2432K,   0% used [0x065a0000, 0x065a0000, 0x06800000)
 tenured generation   total 49072K, used 29442K [0x0a550000, 0x0d53c000, 0x15000000)
   the space 49072K,  59% used [0x0a550000, 0x0c2109b8, 0x0c210a00, 0x0d53c000)
 Metaspace       used 19933K, capacity 20332K, committed 20608K, reserved 20864K
}

