# JRE version: OpenJDK Runtime Environment Temurin-11.0.21+9 (11.0.21+9) (build 11.0.21+9)
# Java VM: OpenJDK Client VM Temurin-11.0.21+9 (11.0.21+9, mixed mode, serial gc, windows-x86)
Heap:
 def new generation   total 29760K, used 16100K [0x05200000, 0x07240000, 0x0a750000)
  eden space 26496K,  48% used [0x05200000, 0x05e89058, 0x06be0000)
  from space 3264K, 100% used [0x06f10000, 0x07240000, 0x07240000)
  to   space 3264K,   0% used [0x06be0000, 0x06be0000, 0x06f10000)
 tenured generation   total 65924K, used 55057K [0x0a750000, 0x0e7b1000, 0x15200000)
   the space 65924K,  83% used [0x0a750000, 0x0dd14698, 0x0dd14800, 0x0e7b1000)
 Metaspace       used 19346K, capacity 19716K, committed 19840K, reserved 19840K
GC Heap History (20 events):
Event: 11.445 GC heap before
{Heap before GC invocations=10 (full 1):
 def new generation   total 4992K, used 4992K [0x05200000, 0x05760000, 0x0a750000)
  eden space 4480K, 100% used [0x05200000, 0x05660000, 0x05660000)
  from space 512K, 100% used [0x056e0000, 0x05760000, 0x05760000)
  to   space 512K,   0% used [0x05660000, 0x05660000, 0x056e0000)
 tenured generation   total 10944K, used 6652K [0x0a750000, 0x0b200000, 0x15200000)
   the space 10944K,  60% used [0x0a750000, 0x0adcf0a0, 0x0adcf200, 0x0b200000)
 Metaspace       used 14965K, capacity 15170K, committed 15232K, reserved 15744K
}
Event: 11.453 GC heap after
{Heap after GC invocations=11 (full 1):
 def new generation   total 4992K, used 512K [0x05200000, 0x05760000, 0x0a750000)
  eden space 4480K,   0% used [0x05200000, 0x05200000, 0x05660000)
  from space 512K, 100% used [0x05660000, 0x056e0000, 0x056e0000)
  to   space 512K,   0% used [0x056e0000, 0x056e0000, 0x05760000)
 tenured generation   total 10944K, used 7529K [0x0a750000, 0x0b200000, 0x15200000)
   the space 10944K,  68% used [0x0a750000, 0x0aeaa760, 0x0aeaa800, 0x0b200000)
 Metaspace       used 14965K, capacity 15170K, committed 15232K, reserved 15744K
}
Event: 12.241 GC heap before
{Heap before GC invocations=11 (full 1):
 def new generation   total 4992K, used 4936K [0x05200000, 0x05760000, 0x0a750000)
  eden space 4480K,  98% used [0x05200000, 0x056522f8, 0x05660000)
  from space 512K, 100% used [0x05660000, 0x056e0000, 0x056e0000)
  to   space 512K,   0% used [0x056e0000, 0x056e0000, 0x05760000)
 tenured generation   total 10944K, used 7529K [0x0a750000, 0x0b200000, 0x15200000)
   the space 10944K,  68% used [0x0a750000, 0x0aeaa760, 0x0aeaa800, 0x0b200000)
 Metaspace       used 15080K, capacity 15269K, committed 15360K, reserved 15744K
}
Event: 12.245 GC heap after
{Heap after GC invocations=12 (full 1):
 def new generation   total 4992K, used 72K [0x05200000, 0x05760000, 0x0a750000)
  eden space 4480K,   0% used [0x05200000, 0x05200000, 0x05660000)
  from space 512K,  14% used [0x056e0000, 0x056f2388, 0x05760000)
  to   space 512K,   0% used [0x05660000, 0x05660000, 0x056e0000)
 tenured generation   total 10944K, used 10101K [0x0a750000, 0x0b200000, 0x15200000)
   the space 10944K,  92% used [0x0a750000, 0x0b12d4a8, 0x0b12d600, 0x0b200000)
 Metaspace       used 15080K, capacity 15269K, committed 15360K, reserved 15744K
}
Event: 12.768 GC heap before
{Heap before GC invocations=12 (full 1):
 def new generation   total 4992K, used 4453K [0x05200000, 0x05760000, 0x0a750000)
  eden space 4480K,  97% used [0x05200000, 0x056470f0, 0x05660000)
  from space 512K,  14% used [0x056e0000, 0x056f2388, 0x05760000)
  to   space 512K,   0% used [0x05660000, 0x05660000, 0x056e0000)
 tenured generation   total 10944K, used 10101K [0x0a750000, 0x0b200000, 0x15200000)
   the space 10944K,  92% used [0x0a750000, 0x0b12d4a8, 0x0b12d600, 0x0b200000)
 Metaspace       used 15080K, capacity 15269K, committed 15360K, reserved 15744K
}
Event: 12.793 GC heap after
{Heap after GC invocations=13 (full 2):
 def new generation   total 9792K, used 0K [0x05200000, 0x05ca0000, 0x0a750000)
  eden space 8704K,   0% used [0x05200000, 0x05200000, 0x05a80000)
  from space 1088K,   0% used [0x05a80000, 0x05a80000, 0x05b90000)
  to   space 1088K,   0% used [0x05b90000, 0x05b90000, 0x05ca0000)
 tenured generation   total 21628K, used 12975K [0x0a750000, 0x0bc6f000, 0x15200000)
   the space 21628K,  59% used [0x0a750000, 0x0b3fbcf8, 0x0b3fbe00, 0x0bc6f000)
 Metaspace       used 14876K, capacity 15019K, committed 15360K, reserved 15744K
}
Event: 13.941 GC heap before
{Heap before GC invocations=13 (full 2):
 def new generation   total 9792K, used 8582K [0x05200000, 0x05ca0000, 0x0a750000)
  eden space 8704K,  98% used [0x05200000, 0x05a61860, 0x05a80000)
  from space 1088K,   0% used [0x05a80000, 0x05a80000, 0x05b90000)
  to   space 1088K,   0% used [0x05b90000, 0x05b90000, 0x05ca0000)
 tenured generation   total 21628K, used 12975K [0x0a750000, 0x0bc6f000, 0x15200000)
   the space 21628K,  59% used [0x0a750000, 0x0b3fbcf8, 0x0b3fbe00, 0x0bc6f000)
 Metaspace       used 14876K, capacity 15019K, committed 15360K, reserved 15744K
}
Event: 13.945 GC heap after
{Heap after GC invocations=14 (full 2):
 def new generation   total 9792K, used 705K [0x05200000, 0x05ca0000, 0x0a750000)
  eden space 8704K,   0% used [0x05200000, 0x05200000, 0x05a80000)
  from space 1088K,  64% used [0x05b90000, 0x05c40468, 0x05ca0000)
  to   space 1088K,   0% used [0x05a80000, 0x05a80000, 0x05b90000)
 tenured generation   total 21628K, used 17891K [0x0a750000, 0x0bc6f000, 0x15200000)
   the space 21628K,  82% used [0x0a750000, 0x0b8c8ca0, 0x0b8c8e00, 0x0bc6f000)
 Metaspace       used 14876K, capacity 15019K, committed 15360K, reserved 15744K
}
Event: 14.711 GC heap before
{Heap before GC invocations=14 (full 2):
 def new generation   total 9792K, used 9135K [0x05200000, 0x05ca0000, 0x0a750000)
  eden space 8704K,  96% used [0x05200000, 0x05a3baf8, 0x05a80000)
  from space 1088K,  64% used [0x05b90000, 0x05c40468, 0x05ca0000)
  to   space 1088K,   0% used [0x05a80000, 0x05a80000, 0x05b90000)
 tenured generation   total 21628K, used 17891K [0x0a750000, 0x0bc6f000, 0x15200000)
   the space 21628K,  82% used [0x0a750000, 0x0b8c8ca0, 0x0b8c8e00, 0x0bc6f000)
 Metaspace       used 14876K, capacity 15019K, committed 15360K, reserved 15744K
}
Event: 14.734 GC heap after
{Heap after GC invocations=15 (full 3):
 def new generation   total 17856K, used 703K [0x05200000, 0x06560000, 0x0a750000)
  eden space 15872K,   4% used [0x05200000, 0x052afc98, 0x06180000)
  from space 1984K,   0% used [0x06180000, 0x06180000, 0x06370000)
  to   space 1984K,   0% used [0x06370000, 0x06370000, 0x06560000)
 tenured generation   total 39536K, used 23721K [0x0a750000, 0x0cdec000, 0x15200000)
   the space 39536K,  59% used [0x0a750000, 0x0be7a550, 0x0be7a600, 0x0cdec000)
 Metaspace       used 14851K, capacity 14989K, committed 15360K, reserved 15744K
}
Event: 16.358 GC heap before
{Heap before GC invocations=15 (full 3):
 def new generation   total 17856K, used 15872K [0x05200000, 0x06560000, 0x0a750000)
  eden space 15872K, 100% used [0x05200000, 0x06180000, 0x06180000)
  from space 1984K,   0% used [0x06180000, 0x06180000, 0x06370000)
  to   space 1984K,   0% used [0x06370000, 0x06370000, 0x06560000)
 tenured generation   total 39536K, used 23721K [0x0a750000, 0x0cdec000, 0x15200000)
   the space 39536K,  59% used [0x0a750000, 0x0be7a550, 0x0be7a600, 0x0cdec000)
 Metaspace       used 16464K, capacity 16669K, committed 16768K, reserved 16768K
}
Event: 16.368 GC heap after
{Heap after GC invocations=16 (full 3):
 def new generation   total 17856K, used 1984K [0x05200000, 0x06560000, 0x0a750000)
  eden space 15872K,   0% used [0x05200000, 0x05200000, 0x06180000)
  from space 1984K, 100% used [0x06370000, 0x06560000, 0x06560000)
  to   space 1984K,   0% used [0x06180000, 0x06180000, 0x06370000)
 tenured generation   total 39536K, used 25370K [0x0a750000, 0x0cdec000, 0x15200000)
   the space 39536K,  64% used [0x0a750000, 0x0c016880, 0x0c016a00, 0x0cdec000)
 Metaspace       used 16464K, capacity 16669K, committed 16768K, reserved 16768K
}
Event: 26.083 GC heap before
{Heap before GC invocations=16 (full 3):
 def new generation   total 17856K, used 17489K [0x05200000, 0x06560000, 0x0a750000)
  eden space 15872K,  97% used [0x05200000, 0x061246f8, 0x06180000)
  from space 1984K, 100% used [0x06370000, 0x06560000, 0x06560000)
  to   space 1984K,   0% used [0x06180000, 0x06180000, 0x06370000)
 tenured generation   total 39536K, used 25370K [0x0a750000, 0x0cdec000, 0x15200000)
   the space 39536K,  64% used [0x0a750000, 0x0c016880, 0x0c016a00, 0x0cdec000)
 Metaspace       used 17731K, capacity 17989K, committed 18048K, reserved 18816K
}
Event: 26.096 GC heap after
{Heap after GC invocations=17 (full 3):
 def new generation   total 17856K, used 1984K [0x05200000, 0x06560000, 0x0a750000)
  eden space 15872K,   0% used [0x05200000, 0x05200000, 0x06180000)
  from space 1984K, 100% used [0x06180000, 0x06370000, 0x06370000)
  to   space 1984K,   0% used [0x06370000, 0x06370000, 0x06560000)
 tenured generation   total 39536K, used 31247K [0x0a750000, 0x0cdec000, 0x15200000)
   the space 39536K,  79% used [0x0a750000, 0x0c5d3c78, 0x0c5d3e00, 0x0cdec000)
 Metaspace       used 17731K, capacity 17989K, committed 18048K, reserved 18816K
}
Event: 34.316 GC heap before
{Heap before GC invocations=17 (full 3):
 def new generation   total 17856K, used 17682K [0x05200000, 0x06560000, 0x0a750000)
  eden space 15872K,  98% used [0x05200000, 0x06154820, 0x06180000)
  from space 1984K, 100% used [0x06180000, 0x06370000, 0x06370000)
  to   space 1984K,   0% used [0x06370000, 0x06370000, 0x06560000)
 tenured generation   total 39536K, used 31247K [0x0a750000, 0x0cdec000, 0x15200000)
   the space 39536K,  79% used [0x0a750000, 0x0c5d3c78, 0x0c5d3e00, 0x0cdec000)
 Metaspace       used 19432K, capacity 19825K, committed 19840K, reserved 19840K
}
Event: 34.332 GC heap after
{Heap after GC invocations=18 (full 3):
 def new generation   total 17856K, used 1303K [0x05200000, 0x06560000, 0x0a750000)
  eden space 15872K,   0% used [0x05200000, 0x05200000, 0x06180000)
  from space 1984K,  65% used [0x06370000, 0x064b5fc0, 0x06560000)
  to   space 1984K,   0% used [0x06180000, 0x06180000, 0x06370000)
 tenured generation   total 39536K, used 32891K [0x0a750000, 0x0cdec000, 0x15200000)
   the space 39536K,  83% used [0x0a750000, 0x0c76ef10, 0x0c76f000, 0x0cdec000)
 Metaspace       used 19432K, capacity 19825K, committed 19840K, reserved 19840K
}
Event: 35.357 GC heap before
{Heap before GC invocations=18 (full 3):
 def new generation   total 17856K, used 17155K [0x05200000, 0x06560000, 0x0a750000)
  eden space 15872K,  99% used [0x05200000, 0x0617b018, 0x06180000)
  from space 1984K,  65% used [0x06370000, 0x064b5fc0, 0x06560000)
  to   space 1984K,   0% used [0x06180000, 0x06180000, 0x06370000)
 tenured generation   total 39536K, used 32891K [0x0a750000, 0x0cdec000, 0x15200000)
   the space 39536K,  83% used [0x0a750000, 0x0c76ef10, 0x0c76f000, 0x0cdec000)
 Metaspace       used 19432K, capacity 19825K, committed 19840K, reserved 19840K
}
Event: 35.428 GC heap after
{Heap after GC invocations=19 (full 4):
 def new generation   total 29760K, used 0K [0x05200000, 0x07240000, 0x0a750000)
  eden space 26496K,   0% used [0x05200000, 0x05200000, 0x06be0000)
  from space 3264K,   0% used [0x06be0000, 0x06be0000, 0x06f10000)
  to   space 3264K,   0% used [0x06f10000, 0x06f10000, 0x07240000)
 tenured generation   total 65924K, used 39552K [0x0a750000, 0x0e7b1000, 0x15200000)
   the space 65924K,  59% used [0x0a750000, 0x0cdf01c8, 0x0cdf0200, 0x0e7b1000)
 Metaspace       used 19321K, capacity 19689K, committed 19840K, reserved 19840K
}
Event: 37.316 GC heap before
{Heap before GC invocations=19 (full 4):
 def new generation   total 29760K, used 26496K [0x05200000, 0x07240000, 0x0a750000)
  eden space 26496K, 100% used [0x05200000, 0x06be0000, 0x06be0000)
  from space 3264K,   0% used [0x06be0000, 0x06be0000, 0x06f10000)
  to   space 3264K,   0% used [0x06f10000, 0x06f10000, 0x07240000)
 tenured generation   total 65924K, used 39552K [0x0a750000, 0x0e7b1000, 0x15200000)
   the space 65924K,  59% used [0x0a750000, 0x0cdf01c8, 0x0cdf0200, 0x0e7b1000)
 Metaspace       used 19321K, capacity 19689K, committed 19840K, reserved 19840K
}
Event: 37.332 GC heap after
{Heap after GC invocations=20 (full 4):
 def new generation   total 29760K, used 3264K [0x05200000, 0x07240000, 0x0a750000)
  eden space 26496K,   0% used [0x05200000, 0x05200000, 0x06be0000)
  from space 3264K, 100% used [0x06f10000, 0x07240000, 0x07240000)
  to   space 3264K,   0% used [0x06be0000, 0x06be0000, 0x06f10000)
 tenured generation   total 65924K, used 55057K [0x0a750000, 0x0e7b1000, 0x15200000)
   the space 65924K,  83% used [0x0a750000, 0x0dd14698, 0x0dd14800, 0x0e7b1000)
 Metaspace       used 19321K, capacity 19689K, committed 19840K, reserved 19840K
}

