# JRE version: OpenJDK Runtime Environment Temurin-11.0.21+9 (11.0.21+9) (build 11.0.21+9)
# Java VM: OpenJDK Client VM Temurin-11.0.21+9 (11.0.21+9, mixed mode, serial gc, windows-x86)
Heap:
 def new generation   total 56320K, used 46193K [0x05000000, 0x08d10000, 0x0a550000)
  eden space 50112K,  79% used [0x05000000, 0x07715da8, 0x080f0000)
  from space 6208K,  99% used [0x080f0000, 0x086f6818, 0x08700000)
  to   space 6208K,   0% used [0x08700000, 0x08700000, 0x08d10000)
 tenured generation   total 125012K, used 118912K [0x0a550000, 0x11f65000, 0x15000000)
   the space 125012K,  95% used [0x0a550000, 0x119700f0, 0x11970200, 0x11f65000)
 Metaspace       used 20078K, capacity 20508K, committed 20608K, reserved 20864K
GC Heap History (20 events):
Event: 2.872 GC heap before
{Heap before GC invocations=12 (full 1):
 def new generation   total 4992K, used 4453K [0x05000000, 0x05560000, 0x0a550000)
  eden space 4480K,  97% used [0x05000000, 0x05447300, 0x05460000)
  from space 512K,  14% used [0x054e0000, 0x054f2390, 0x05560000)
  to   space 512K,   0% used [0x05460000, 0x05460000, 0x054e0000)
 tenured generation   total 10944K, used 10031K [0x0a550000, 0x0b000000, 0x15000000)
   the space 10944K,  91% used [0x0a550000, 0x0af1bfc8, 0x0af1c000, 0x0b000000)
 Metaspace       used 15080K, capacity 15269K, committed 15360K, reserved 15744K
}
Event: 2.890 GC heap after
{Heap after GC invocations=13 (full 2):
 def new generation   total 9792K, used 0K [0x05000000, 0x05a90000, 0x0a550000)
  eden space 8768K,   0% used [0x05000000, 0x05000000, 0x05890000)
  from space 1024K,   0% used [0x05890000, 0x05890000, 0x05990000)
  to   space 1024K,   0% used [0x05990000, 0x05990000, 0x05a90000)
 tenured generation   total 21512K, used 12906K [0x0a550000, 0x0ba52000, 0x15000000)
   the space 21512K,  59% used [0x0a550000, 0x0b1ea820, 0x0b1eaa00, 0x0ba52000)
 Metaspace       used 15080K, capacity 15269K, committed 15360K, reserved 15744K
}
Event: 3.105 GC heap before
{Heap before GC invocations=13 (full 2):
 def new generation   total 9792K, used 8768K [0x05000000, 0x05a90000, 0x0a550000)
  eden space 8768K, 100% used [0x05000000, 0x05890000, 0x05890000)
  from space 1024K,   0% used [0x05890000, 0x05890000, 0x05990000)
  to   space 1024K,   0% used [0x05990000, 0x05990000, 0x05a90000)
 tenured generation   total 21512K, used 12906K [0x0a550000, 0x0ba52000, 0x15000000)
   the space 21512K,  59% used [0x0a550000, 0x0b1ea820, 0x0b1eaa00, 0x0ba52000)
 Metaspace       used 15080K, capacity 15269K, committed 15360K, reserved 15744K
}
Event: 3.108 GC heap after
{Heap after GC invocations=14 (full 2):
 def new generation   total 9792K, used 905K [0x05000000, 0x05a90000, 0x0a550000)
  eden space 8768K,   0% used [0x05000000, 0x05000000, 0x05890000)
  from space 1024K,  88% used [0x05990000, 0x05a72448, 0x05a90000)
  to   space 1024K,   0% used [0x05890000, 0x05890000, 0x05990000)
 tenured generation   total 21512K, used 17821K [0x0a550000, 0x0ba52000, 0x15000000)
   the space 21512K,  82% used [0x0a550000, 0x0b6b77c8, 0x0b6b7800, 0x0ba52000)
 Metaspace       used 15080K, capacity 15269K, committed 15360K, reserved 15744K
}
Event: 3.364 GC heap before
{Heap before GC invocations=14 (full 2):
 def new generation   total 9792K, used 9237K [0x05000000, 0x05a90000, 0x0a550000)
  eden space 8768K,  95% used [0x05000000, 0x058231c0, 0x05890000)
  from space 1024K,  88% used [0x05990000, 0x05a72448, 0x05a90000)
  to   space 1024K,   0% used [0x05890000, 0x05890000, 0x05990000)
 tenured generation   total 21512K, used 17821K [0x0a550000, 0x0ba52000, 0x15000000)
   the space 21512K,  82% used [0x0a550000, 0x0b6b77c8, 0x0b6b7800, 0x0ba52000)
 Metaspace       used 15080K, capacity 15269K, committed 15360K, reserved 15744K
}
Event: 3.394 GC heap after
{Heap after GC invocations=15 (full 3):
 def new generation   total 17792K, used 735K [0x05000000, 0x06340000, 0x0a550000)
  eden space 15872K,   4% used [0x05000000, 0x050b7ce0, 0x05f80000)
  from space 1920K,   0% used [0x05f80000, 0x05f80000, 0x06160000)
  to   space 1920K,   0% used [0x06160000, 0x06160000, 0x06340000)
 tenured generation   total 39368K, used 23620K [0x0a550000, 0x0cbc2000, 0x15000000)
   the space 39368K,  59% used [0x0a550000, 0x0bc61030, 0x0bc61200, 0x0cbc2000)
 Metaspace       used 15080K, capacity 15269K, committed 15360K, reserved 15744K
}
Event: 4.162 GC heap before
{Heap before GC invocations=15 (full 3):
 def new generation   total 17792K, used 15872K [0x05000000, 0x06340000, 0x0a550000)
  eden space 15872K, 100% used [0x05000000, 0x05f80000, 0x05f80000)
  from space 1920K,   0% used [0x05f80000, 0x05f80000, 0x06160000)
  to   space 1920K,   0% used [0x06160000, 0x06160000, 0x06340000)
 tenured generation   total 39368K, used 23620K [0x0a550000, 0x0cbc2000, 0x15000000)
   the space 39368K,  59% used [0x0a550000, 0x0bc61030, 0x0bc61200, 0x0cbc2000)
 Metaspace       used 16773K, capacity 17003K, committed 17024K, reserved 17792K
}
Event: 4.173 GC heap after
{Heap after GC invocations=16 (full 3):
 def new generation   total 17792K, used 1919K [0x05000000, 0x06340000, 0x0a550000)
  eden space 15872K,   0% used [0x05000000, 0x05000000, 0x05f80000)
  from space 1920K,  99% used [0x06160000, 0x0633fff8, 0x06340000)
  to   space 1920K,   0% used [0x05f80000, 0x05f80000, 0x06160000)
 tenured generation   total 39368K, used 25382K [0x0a550000, 0x0cbc2000, 0x15000000)
   the space 39368K,  64% used [0x0a550000, 0x0be19978, 0x0be19a00, 0x0cbc2000)
 Metaspace       used 16773K, capacity 17003K, committed 17024K, reserved 17792K
}
Event: 6.904 GC heap before
{Heap before GC invocations=16 (full 3):
 def new generation   total 17792K, used 17504K [0x05000000, 0x06340000, 0x0a550000)
  eden space 15872K,  98% used [0x05000000, 0x05f382b8, 0x05f80000)
  from space 1920K,  99% used [0x06160000, 0x0633fff8, 0x06340000)
  to   space 1920K,   0% used [0x05f80000, 0x05f80000, 0x06160000)
 tenured generation   total 39368K, used 25382K [0x0a550000, 0x0cbc2000, 0x15000000)
   the space 39368K,  64% used [0x0a550000, 0x0be19978, 0x0be19a00, 0x0cbc2000)
 Metaspace       used 17707K, capacity 17962K, committed 18048K, reserved 18816K
}
Event: 6.919 GC heap after
{Heap after GC invocations=17 (full 3):
 def new generation   total 17792K, used 1920K [0x05000000, 0x06340000, 0x0a550000)
  eden space 15872K,   0% used [0x05000000, 0x05000000, 0x05f80000)
  from space 1920K, 100% used [0x05f80000, 0x06160000, 0x06160000)
  to   space 1920K,   0% used [0x06160000, 0x06160000, 0x06340000)
 tenured generation   total 39368K, used 32751K [0x0a550000, 0x0cbc2000, 0x15000000)
   the space 39368K,  83% used [0x0a550000, 0x0c54bdd0, 0x0c54be00, 0x0cbc2000)
 Metaspace       used 17707K, capacity 17962K, committed 18048K, reserved 18816K
}
Event: 7.155 GC heap before
{Heap before GC invocations=17 (full 3):
 def new generation   total 17792K, used 17792K [0x05000000, 0x06340000, 0x0a550000)
  eden space 15872K, 100% used [0x05000000, 0x05f80000, 0x05f80000)
  from space 1920K, 100% used [0x05f80000, 0x06160000, 0x06160000)
  to   space 1920K,   0% used [0x06160000, 0x06160000, 0x06340000)
 tenured generation   total 39368K, used 32751K [0x0a550000, 0x0cbc2000, 0x15000000)
   the space 39368K,  83% used [0x0a550000, 0x0c54bdd0, 0x0c54be00, 0x0cbc2000)
 Metaspace       used 17707K, capacity 17962K, committed 18048K, reserved 18816K
}
Event: 7.187 GC heap after
{Heap after GC invocations=18 (full 4):
 def new generation   total 33216K, used 443K [0x05000000, 0x07400000, 0x0a550000)
  eden space 29568K,   1% used [0x05000000, 0x0506eeb0, 0x06ce0000)
  from space 3648K,   0% used [0x06ce0000, 0x06ce0000, 0x07070000)
  to   space 3648K,   0% used [0x07070000, 0x07070000, 0x07400000)
 tenured generation   total 73684K, used 44210K [0x0a550000, 0x0ed45000, 0x15000000)
   the space 73684K,  59% used [0x0a550000, 0x0d07c938, 0x0d07ca00, 0x0ed45000)
 Metaspace       used 17707K, capacity 17962K, committed 18048K, reserved 18816K
}
Event: 8.311 GC heap before
{Heap before GC invocations=18 (full 4):
 def new generation   total 33216K, used 29568K [0x05000000, 0x07400000, 0x0a550000)
  eden space 29568K, 100% used [0x05000000, 0x06ce0000, 0x06ce0000)
  from space 3648K,   0% used [0x06ce0000, 0x06ce0000, 0x07070000)
  to   space 3648K,   0% used [0x07070000, 0x07070000, 0x07400000)
 tenured generation   total 73684K, used 44210K [0x0a550000, 0x0ed45000, 0x15000000)
   the space 73684K,  59% used [0x0a550000, 0x0d07c938, 0x0d07ca00, 0x0ed45000)
 Metaspace       used 17707K, capacity 17962K, committed 18048K, reserved 18816K
}
Event: 8.334 GC heap after
{Heap after GC invocations=19 (full 4):
 def new generation   total 33216K, used 3225K [0x05000000, 0x07400000, 0x0a550000)
  eden space 29568K,   0% used [0x05000000, 0x05000000, 0x06ce0000)
  from space 3648K,  88% used [0x07070000, 0x07396488, 0x07400000)
  to   space 3648K,   0% used [0x06ce0000, 0x06ce0000, 0x07070000)
 tenured generation   total 73684K, used 61929K [0x0a550000, 0x0ed45000, 0x15000000)
   the space 73684K,  84% used [0x0a550000, 0x0e1ca6b8, 0x0e1ca800, 0x0ed45000)
 Metaspace       used 17707K, capacity 17962K, committed 18048K, reserved 18816K
}
Event: 22.274 GC heap before
{Heap before GC invocations=19 (full 4):
 def new generation   total 33216K, used 32793K [0x05000000, 0x07400000, 0x0a550000)
  eden space 29568K, 100% used [0x05000000, 0x06ce0000, 0x06ce0000)
  from space 3648K,  88% used [0x07070000, 0x07396488, 0x07400000)
  to   space 3648K,   0% used [0x06ce0000, 0x06ce0000, 0x07070000)
 tenured generation   total 73684K, used 61929K [0x0a550000, 0x0ed45000, 0x15000000)
   the space 73684K,  84% used [0x0a550000, 0x0e1ca6b8, 0x0e1ca800, 0x0ed45000)
 Metaspace       used 18665K, capacity 18990K, committed 19072K, reserved 19840K
}
Event: 22.328 GC heap after
{Heap after GC invocations=20 (full 5):
 def new generation   total 56320K, used 3574K [0x05000000, 0x08d10000, 0x0a550000)
  eden space 50112K,   7% used [0x05000000, 0x0537dbc8, 0x080f0000)
  from space 6208K,   0% used [0x080f0000, 0x080f0000, 0x08700000)
  to   space 6208K,   0% used [0x08700000, 0x08700000, 0x08d10000)
 tenured generation   total 125012K, used 75007K [0x0a550000, 0x11f65000, 0x15000000)
   the space 125012K,  59% used [0x0a550000, 0x0ee8fc18, 0x0ee8fe00, 0x11f65000)
 Metaspace       used 18450K, capacity 18726K, committed 19072K, reserved 19840K
}
Event: 49.719 GC heap before
{Heap before GC invocations=20 (full 5):
 def new generation   total 56320K, used 49999K [0x05000000, 0x08d10000, 0x0a550000)
  eden space 50112K,  99% used [0x05000000, 0x080d3cd8, 0x080f0000)
  from space 6208K,   0% used [0x080f0000, 0x080f0000, 0x08700000)
  to   space 6208K,   0% used [0x08700000, 0x08700000, 0x08d10000)
 tenured generation   total 125012K, used 75007K [0x0a550000, 0x11f65000, 0x15000000)
   the space 125012K,  59% used [0x0a550000, 0x0ee8fc18, 0x0ee8fe00, 0x11f65000)
 Metaspace       used 20018K, capacity 20464K, committed 20480K, reserved 20864K
}
Event: 49.748 GC heap after
{Heap after GC invocations=21 (full 5):
 def new generation   total 56320K, used 6208K [0x05000000, 0x08d10000, 0x0a550000)
  eden space 50112K,   0% used [0x05000000, 0x05000000, 0x080f0000)
  from space 6208K, 100% used [0x08700000, 0x08d10000, 0x08d10000)
  to   space 6208K,   0% used [0x080f0000, 0x080f0000, 0x08700000)
 tenured generation   total 125012K, used 88659K [0x0a550000, 0x11f65000, 0x15000000)
   the space 125012K,  70% used [0x0a550000, 0x0fbe4ca8, 0x0fbe4e00, 0x11f65000)
 Metaspace       used 20018K, capacity 20464K, committed 20480K, reserved 20864K
}
Event: 56.226 GC heap before
{Heap before GC invocations=21 (full 5):
 def new generation   total 56320K, used 56270K [0x05000000, 0x08d10000, 0x0a550000)
  eden space 50112K,  99% used [0x05000000, 0x080e3b88, 0x080f0000)
  from space 6208K, 100% used [0x08700000, 0x08d10000, 0x08d10000)
  to   space 6208K,   0% used [0x080f0000, 0x080f0000, 0x08700000)
 tenured generation   total 125012K, used 88659K [0x0a550000, 0x11f65000, 0x15000000)
   the space 125012K,  70% used [0x0a550000, 0x0fbe4ca8, 0x0fbe4e00, 0x11f65000)
 Metaspace       used 20018K, capacity 20464K, committed 20480K, reserved 20864K
}
Event: 56.265 GC heap after
{Heap after GC invocations=22 (full 5):
 def new generation   total 56320K, used 6170K [0x05000000, 0x08d10000, 0x0a550000)
  eden space 50112K,   0% used [0x05000000, 0x05000000, 0x080f0000)
  from space 6208K,  99% used [0x080f0000, 0x086f6818, 0x08700000)
  to   space 6208K,   0% used [0x08700000, 0x08700000, 0x08d10000)
 tenured generation   total 125012K, used 118912K [0x0a550000, 0x11f65000, 0x15000000)
   the space 125012K,  95% used [0x0a550000, 0x119700f0, 0x11970200, 0x11f65000)
 Metaspace       used 20018K, capacity 20464K, committed 20480K, reserved 20864K
}

