# JRE version: OpenJDK Runtime Environment Temurin-11.0.21+9 (11.0.21+9) (build 11.0.21+9)
# Java VM: OpenJDK Client VM Temurin-11.0.21+9 (11.0.21+9, mixed mode, serial gc, windows-x86)
Heap:
 def new generation   total 31872K, used 13462K [0x05000000, 0x07290000, 0x0a550000)
  eden space 28352K,  47% used [0x05000000, 0x05d258a8, 0x06bb0000)
  from space 3520K,   0% used [0x06bb0000, 0x06bb0000, 0x06f20000)
  to   space 3520K,   0% used [0x06f20000, 0x06f20000, 0x07290000)
 tenured generation   total 70684K, used 42410K [0x0a550000, 0x0ea57000, 0x15000000)
   the space 70684K,  59% used [0x0a550000, 0x0ceba8d8, 0x0cebaa00, 0x0ea57000)
 Metaspace       used 19604K, capacity 20007K, committed 20352K, reserved 20864K
GC Heap History (20 events):
Event: 2.671 GC heap before
{Heap before GC invocations=9 (full 1):
 def new generation   total 4992K, used 4480K [0x05000000, 0x05560000, 0x0a550000)
  eden space 4480K, 100% used [0x05000000, 0x05460000, 0x05460000)
  from space 512K,   0% used [0x05460000, 0x05460000, 0x054e0000)
  to   space 512K,   0% used [0x054e0000, 0x054e0000, 0x05560000)
 tenured generation   total 10944K, used 6106K [0x0a550000, 0x0b000000, 0x15000000)
   the space 10944K,  55% used [0x0a550000, 0x0ab469c8, 0x0ab46a00, 0x0b000000)
 Metaspace       used 12886K, capacity 13096K, committed 13184K, reserved 13696K
}
Event: 2.673 GC heap after
{Heap after GC invocations=10 (full 1):
 def new generation   total 4992K, used 512K [0x05000000, 0x05560000, 0x0a550000)
  eden space 4480K,   0% used [0x05000000, 0x05000000, 0x05460000)
  from space 512K, 100% used [0x054e0000, 0x05560000, 0x05560000)
  to   space 512K,   0% used [0x05460000, 0x05460000, 0x054e0000)
 tenured generation   total 10944K, used 6596K [0x0a550000, 0x0b000000, 0x15000000)
   the space 10944K,  60% used [0x0a550000, 0x0abc1198, 0x0abc1200, 0x0b000000)
 Metaspace       used 12886K, capacity 13096K, committed 13184K, reserved 13696K
}
Event: 3.410 GC heap before
{Heap before GC invocations=10 (full 1):
 def new generation   total 4992K, used 4992K [0x05000000, 0x05560000, 0x0a550000)
  eden space 4480K, 100% used [0x05000000, 0x05460000, 0x05460000)
  from space 512K, 100% used [0x054e0000, 0x05560000, 0x05560000)
  to   space 512K,   0% used [0x05460000, 0x05460000, 0x054e0000)
 tenured generation   total 10944K, used 6596K [0x0a550000, 0x0b000000, 0x15000000)
   the space 10944K,  60% used [0x0a550000, 0x0abc1198, 0x0abc1200, 0x0b000000)
 Metaspace       used 14964K, capacity 15170K, committed 15232K, reserved 15744K
}
Event: 3.414 GC heap after
{Heap after GC invocations=11 (full 1):
 def new generation   total 4992K, used 512K [0x05000000, 0x05560000, 0x0a550000)
  eden space 4480K,   0% used [0x05000000, 0x05000000, 0x05460000)
  from space 512K, 100% used [0x05460000, 0x054e0000, 0x054e0000)
  to   space 512K,   0% used [0x054e0000, 0x054e0000, 0x05560000)
 tenured generation   total 10944K, used 7470K [0x0a550000, 0x0b000000, 0x15000000)
   the space 10944K,  68% used [0x0a550000, 0x0ac9b818, 0x0ac9ba00, 0x0b000000)
 Metaspace       used 14964K, capacity 15170K, committed 15232K, reserved 15744K
}
Event: 3.948 GC heap before
{Heap before GC invocations=11 (full 1):
 def new generation   total 4992K, used 4939K [0x05000000, 0x05560000, 0x0a550000)
  eden space 4480K,  98% used [0x05000000, 0x05452c40, 0x05460000)
  from space 512K, 100% used [0x05460000, 0x054e0000, 0x054e0000)
  to   space 512K,   0% used [0x054e0000, 0x054e0000, 0x05560000)
 tenured generation   total 10944K, used 7470K [0x0a550000, 0x0b000000, 0x15000000)
   the space 10944K,  68% used [0x0a550000, 0x0ac9b818, 0x0ac9ba00, 0x0b000000)
 Metaspace       used 15079K, capacity 15269K, committed 15360K, reserved 15744K
}
Event: 3.950 GC heap after
{Heap after GC invocations=12 (full 1):
 def new generation   total 4992K, used 72K [0x05000000, 0x05560000, 0x0a550000)
  eden space 4480K,   0% used [0x05000000, 0x05000000, 0x05460000)
  from space 512K,  14% used [0x054e0000, 0x054f2390, 0x05560000)
  to   space 512K,   0% used [0x05460000, 0x05460000, 0x054e0000)
 tenured generation   total 10944K, used 10038K [0x0a550000, 0x0b000000, 0x15000000)
   the space 10944K,  91% used [0x0a550000, 0x0af1d990, 0x0af1da00, 0x0b000000)
 Metaspace       used 15079K, capacity 15269K, committed 15360K, reserved 15744K
}
Event: 4.260 GC heap before
{Heap before GC invocations=12 (full 1):
 def new generation   total 4992K, used 4453K [0x05000000, 0x05560000, 0x0a550000)
  eden space 4480K,  97% used [0x05000000, 0x05447228, 0x05460000)
  from space 512K,  14% used [0x054e0000, 0x054f2390, 0x05560000)
  to   space 512K,   0% used [0x05460000, 0x05460000, 0x054e0000)
 tenured generation   total 10944K, used 10038K [0x0a550000, 0x0b000000, 0x15000000)
   the space 10944K,  91% used [0x0a550000, 0x0af1d990, 0x0af1da00, 0x0b000000)
 Metaspace       used 15079K, capacity 15269K, committed 15360K, reserved 15744K
}
Event: 4.273 GC heap after
{Heap after GC invocations=13 (full 2):
 def new generation   total 9792K, used 0K [0x05000000, 0x05a90000, 0x0a550000)
  eden space 8768K,   0% used [0x05000000, 0x05000000, 0x05890000)
  from space 1024K,   0% used [0x05890000, 0x05890000, 0x05990000)
  to   space 1024K,   0% used [0x05990000, 0x05990000, 0x05a90000)
 tenured generation   total 21524K, used 12912K [0x0a550000, 0x0ba55000, 0x15000000)
   the space 21524K,  59% used [0x0a550000, 0x0b1ec1e8, 0x0b1ec200, 0x0ba55000)
 Metaspace       used 15079K, capacity 15269K, committed 15360K, reserved 15744K
}
Event: 4.683 GC heap before
{Heap before GC invocations=13 (full 2):
 def new generation   total 9792K, used 8756K [0x05000000, 0x05a90000, 0x0a550000)
  eden space 8768K,  99% used [0x05000000, 0x0588d3d8, 0x05890000)
  from space 1024K,   0% used [0x05890000, 0x05890000, 0x05990000)
  to   space 1024K,   0% used [0x05990000, 0x05990000, 0x05a90000)
 tenured generation   total 21524K, used 12912K [0x0a550000, 0x0ba55000, 0x15000000)
   the space 21524K,  59% used [0x0a550000, 0x0b1ec1e8, 0x0b1ec200, 0x0ba55000)
 Metaspace       used 15079K, capacity 15269K, committed 15360K, reserved 15744K
}
Event: 4.686 GC heap after
{Heap after GC invocations=14 (full 2):
 def new generation   total 9792K, used 881K [0x05000000, 0x05a90000, 0x0a550000)
  eden space 8768K,   0% used [0x05000000, 0x05000000, 0x05890000)
  from space 1024K,  86% used [0x05990000, 0x05a6c418, 0x05a90000)
  to   space 1024K,   0% used [0x05890000, 0x05890000, 0x05990000)
 tenured generation   total 21524K, used 17828K [0x0a550000, 0x0ba55000, 0x15000000)
   the space 21524K,  82% used [0x0a550000, 0x0b6b9190, 0x0b6b9200, 0x0ba55000)
 Metaspace       used 15079K, capacity 15269K, committed 15360K, reserved 15744K
}
Event: 5.235 GC heap before
{Heap before GC invocations=14 (full 2):
 def new generation   total 9792K, used 9202K [0x05000000, 0x05a90000, 0x0a550000)
  eden space 8768K,  94% used [0x05000000, 0x05820608, 0x05890000)
  from space 1024K,  86% used [0x05990000, 0x05a6c418, 0x05a90000)
  to   space 1024K,   0% used [0x05890000, 0x05890000, 0x05990000)
 tenured generation   total 21524K, used 17828K [0x0a550000, 0x0ba55000, 0x15000000)
   the space 21524K,  82% used [0x0a550000, 0x0b6b9190, 0x0b6b9200, 0x0ba55000)
 Metaspace       used 15079K, capacity 15269K, committed 15360K, reserved 15744K
}
Event: 5.252 GC heap after
{Heap after GC invocations=15 (full 3):
 def new generation   total 17792K, used 735K [0x05000000, 0x06340000, 0x0a550000)
  eden space 15872K,   4% used [0x05000000, 0x050b7ce0, 0x05f80000)
  from space 1920K,   0% used [0x05f80000, 0x05f80000, 0x06160000)
  to   space 1920K,   0% used [0x06160000, 0x06160000, 0x06340000)
 tenured generation   total 39380K, used 23626K [0x0a550000, 0x0cbc5000, 0x15000000)
   the space 39380K,  59% used [0x0a550000, 0x0bc629f8, 0x0bc62a00, 0x0cbc5000)
 Metaspace       used 15071K, capacity 15259K, committed 15360K, reserved 15744K
}
Event: 9.048 GC heap before
{Heap before GC invocations=15 (full 3):
 def new generation   total 17792K, used 15872K [0x05000000, 0x06340000, 0x0a550000)
  eden space 15872K, 100% used [0x05000000, 0x05f80000, 0x05f80000)
  from space 1920K,   0% used [0x05f80000, 0x05f80000, 0x06160000)
  to   space 1920K,   0% used [0x06160000, 0x06160000, 0x06340000)
 tenured generation   total 39380K, used 23626K [0x0a550000, 0x0cbc5000, 0x15000000)
   the space 39380K,  59% used [0x0a550000, 0x0bc629f8, 0x0bc62a00, 0x0cbc5000)
 Metaspace       used 16762K, capacity 16994K, committed 17024K, reserved 17792K
}
Event: 9.054 GC heap after
{Heap after GC invocations=16 (full 3):
 def new generation   total 17792K, used 1919K [0x05000000, 0x06340000, 0x0a550000)
  eden space 15872K,   0% used [0x05000000, 0x05000000, 0x05f80000)
  from space 1920K,  99% used [0x06160000, 0x0633fff8, 0x06340000)
  to   space 1920K,   0% used [0x05f80000, 0x05f80000, 0x06160000)
 tenured generation   total 39380K, used 25389K [0x0a550000, 0x0cbc5000, 0x15000000)
   the space 39380K,  64% used [0x0a550000, 0x0be1b460, 0x0be1b600, 0x0cbc5000)
 Metaspace       used 16762K, capacity 16994K, committed 17024K, reserved 17792K
}
Event: 13.033 GC heap before
{Heap before GC invocations=16 (full 3):
 def new generation   total 17792K, used 17785K [0x05000000, 0x06340000, 0x0a550000)
  eden space 15872K,  99% used [0x05000000, 0x05f7e690, 0x05f80000)
  from space 1920K,  99% used [0x06160000, 0x0633fff8, 0x06340000)
  to   space 1920K,   0% used [0x05f80000, 0x05f80000, 0x06160000)
 tenured generation   total 39380K, used 25389K [0x0a550000, 0x0cbc5000, 0x15000000)
   the space 39380K,  64% used [0x0a550000, 0x0be1b460, 0x0be1b600, 0x0cbc5000)
 Metaspace       used 17925K, capacity 18195K, committed 18304K, reserved 18816K
}
Event: 13.039 GC heap after
{Heap after GC invocations=17 (full 3):
 def new generation   total 17792K, used 1920K [0x05000000, 0x06340000, 0x0a550000)
  eden space 15872K,   0% used [0x05000000, 0x05000000, 0x05f80000)
  from space 1920K, 100% used [0x05f80000, 0x06160000, 0x06160000)
  to   space 1920K,   0% used [0x06160000, 0x06160000, 0x06340000)
 tenured generation   total 39380K, used 30566K [0x0a550000, 0x0cbc5000, 0x15000000)
   the space 39380K,  77% used [0x0a550000, 0x0c329ae0, 0x0c329c00, 0x0cbc5000)
 Metaspace       used 17925K, capacity 18195K, committed 18304K, reserved 18816K
}
Event: 21.428 GC heap before
{Heap before GC invocations=17 (full 3):
 def new generation   total 17792K, used 17593K [0x05000000, 0x06340000, 0x0a550000)
  eden space 15872K,  98% used [0x05000000, 0x05f4e798, 0x05f80000)
  from space 1920K, 100% used [0x05f80000, 0x06160000, 0x06160000)
  to   space 1920K,   0% used [0x06160000, 0x06160000, 0x06340000)
 tenured generation   total 39380K, used 30566K [0x0a550000, 0x0cbc5000, 0x15000000)
   the space 39380K,  77% used [0x0a550000, 0x0c329ae0, 0x0c329c00, 0x0cbc5000)
 Metaspace       used 19634K, capacity 20099K, committed 20224K, reserved 20864K
}
Event: 21.433 GC heap after
{Heap after GC invocations=18 (full 3):
 def new generation   total 17792K, used 1920K [0x05000000, 0x06340000, 0x0a550000)
  eden space 15872K,   0% used [0x05000000, 0x05000000, 0x05f80000)
  from space 1920K, 100% used [0x06160000, 0x06340000, 0x06340000)
  to   space 1920K,   0% used [0x05f80000, 0x05f80000, 0x06160000)
 tenured generation   total 39380K, used 32767K [0x0a550000, 0x0cbc5000, 0x15000000)
   the space 39380K,  83% used [0x0a550000, 0x0c54fe70, 0x0c550000, 0x0cbc5000)
 Metaspace       used 19634K, capacity 20099K, committed 20224K, reserved 20864K
}
Event: 22.163 GC heap before
{Heap before GC invocations=18 (full 3):
 def new generation   total 17792K, used 17141K [0x05000000, 0x06340000, 0x0a550000)
  eden space 15872K,  95% used [0x05000000, 0x05edd560, 0x05f80000)
  from space 1920K, 100% used [0x06160000, 0x06340000, 0x06340000)
  to   space 1920K,   0% used [0x05f80000, 0x05f80000, 0x06160000)
 tenured generation   total 39380K, used 32767K [0x0a550000, 0x0cbc5000, 0x15000000)
   the space 39380K,  83% used [0x0a550000, 0x0c54fe70, 0x0c550000, 0x0cbc5000)
 Metaspace       used 19634K, capacity 20099K, committed 20224K, reserved 20864K
}
Event: 22.201 GC heap after
{Heap after GC invocations=19 (full 4):
 def new generation   total 31872K, used 0K [0x05000000, 0x07290000, 0x0a550000)
  eden space 28352K,   0% used [0x05000000, 0x05000000, 0x06bb0000)
  from space 3520K,   0% used [0x06bb0000, 0x06bb0000, 0x06f20000)
  to   space 3520K,   0% used [0x06f20000, 0x06f20000, 0x07290000)
 tenured generation   total 70684K, used 42410K [0x0a550000, 0x0ea57000, 0x15000000)
   the space 70684K,  59% used [0x0a550000, 0x0ceba8d8, 0x0cebaa00, 0x0ea57000)
 Metaspace       used 19371K, capacity 19776K, committed 20224K, reserved 20864K
}

