# JRE version: OpenJDK Runtime Environment Temurin-11.0.21+9 (11.0.21+9) (build 11.0.21+9)
# Java VM: OpenJDK Client VM Temurin-11.0.21+9 (11.0.21+9, mixed mode, serial gc, windows-x86)
Heap:
 def new generation   total 8064K, used 1196K [0x05600000, 0x05ec0000, 0x0ab50000)
  eden space 7168K,   4% used [0x05600000, 0x0564b258, 0x05d00000)
  from space 896K, 100% used [0x05d00000, 0x05de0000, 0x05de0000)
  to   space 896K,   0% used [0x05de0000, 0x05de0000, 0x05ec0000)
 tenured generation   total 17784K, used 17742K [0x0ab50000, 0x0bcae000, 0x15600000)
   the space 17784K,  99% used [0x0ab50000, 0x0bca3b68, 0x0bca3c00, 0x0bcae000)
 Metaspace       used 19388K, capacity 19897K, committed 19968K, reserved 20864K
GC Heap History (20 events):
Event: 82.139 GC heap before
{Heap before GC invocations=18 (full 2):
 def new generation   total 8064K, used 8064K [0x05600000, 0x05ec0000, 0x0ab50000)
  eden space 7168K, 100% used [0x05600000, 0x05d00000, 0x05d00000)
  from space 896K, 100% used [0x05d00000, 0x05de0000, 0x05de0000)
  to   space 896K,   0% used [0x05de0000, 0x05de0000, 0x05ec0000)
 tenured generation   total 17784K, used 11478K [0x0ab50000, 0x0bcae000, 0x15600000)
   the space 17784K,  64% used [0x0ab50000, 0x0b685a98, 0x0b685c00, 0x0bcae000)
 Metaspace       used 17926K, capacity 18346K, committed 18432K, reserved 18816K
}
Event: 82.146 GC heap after
{Heap after GC invocations=19 (full 2):
 def new generation   total 8064K, used 678K [0x05600000, 0x05ec0000, 0x0ab50000)
  eden space 7168K,   0% used [0x05600000, 0x05600000, 0x05d00000)
  from space 896K,  75% used [0x05de0000, 0x05e89888, 0x05ec0000)
  to   space 896K,   0% used [0x05d00000, 0x05d00000, 0x05de0000)
 tenured generation   total 17784K, used 12330K [0x0ab50000, 0x0bcae000, 0x15600000)
   the space 17784K,  69% used [0x0ab50000, 0x0b75aac0, 0x0b75ac00, 0x0bcae000)
 Metaspace       used 17926K, capacity 18346K, committed 18432K, reserved 18816K
}
Event: 115.911 GC heap before
{Heap before GC invocations=19 (full 2):
 def new generation   total 8064K, used 7846K [0x05600000, 0x05ec0000, 0x0ab50000)
  eden space 7168K, 100% used [0x05600000, 0x05d00000, 0x05d00000)
  from space 896K,  75% used [0x05de0000, 0x05e89888, 0x05ec0000)
  to   space 896K,   0% used [0x05d00000, 0x05d00000, 0x05de0000)
 tenured generation   total 17784K, used 12330K [0x0ab50000, 0x0bcae000, 0x15600000)
   the space 17784K,  69% used [0x0ab50000, 0x0b75aac0, 0x0b75ac00, 0x0bcae000)
 Metaspace       used 18333K, capacity 18786K, committed 18816K, reserved 18816K
}
Event: 115.917 GC heap after
{Heap after GC invocations=20 (full 2):
 def new generation   total 8064K, used 652K [0x05600000, 0x05ec0000, 0x0ab50000)
  eden space 7168K,   0% used [0x05600000, 0x05600000, 0x05d00000)
  from space 896K,  72% used [0x05d00000, 0x05da3338, 0x05de0000)
  to   space 896K,   0% used [0x05de0000, 0x05de0000, 0x05ec0000)
 tenured generation   total 17784K, used 12982K [0x0ab50000, 0x0bcae000, 0x15600000)
   the space 17784K,  72% used [0x0ab50000, 0x0b7fd8c8, 0x0b7fda00, 0x0bcae000)
 Metaspace       used 18333K, capacity 18786K, committed 18816K, reserved 18816K
}
Event: 127.518 GC heap before
{Heap before GC invocations=20 (full 2):
 def new generation   total 8064K, used 7820K [0x05600000, 0x05ec0000, 0x0ab50000)
  eden space 7168K, 100% used [0x05600000, 0x05d00000, 0x05d00000)
  from space 896K,  72% used [0x05d00000, 0x05da3338, 0x05de0000)
  to   space 896K,   0% used [0x05de0000, 0x05de0000, 0x05ec0000)
 tenured generation   total 17784K, used 12982K [0x0ab50000, 0x0bcae000, 0x15600000)
   the space 17784K,  72% used [0x0ab50000, 0x0b7fd8c8, 0x0b7fda00, 0x0bcae000)
 Metaspace       used 18512K, capacity 18952K, committed 19072K, reserved 19840K
}
Event: 127.521 GC heap after
{Heap after GC invocations=21 (full 2):
 def new generation   total 8064K, used 817K [0x05600000, 0x05ec0000, 0x0ab50000)
  eden space 7168K,   0% used [0x05600000, 0x05600000, 0x05d00000)
  from space 896K,  91% used [0x05de0000, 0x05eac790, 0x05ec0000)
  to   space 896K,   0% used [0x05d00000, 0x05d00000, 0x05de0000)
 tenured generation   total 17784K, used 13582K [0x0ab50000, 0x0bcae000, 0x15600000)
   the space 17784K,  76% used [0x0ab50000, 0x0b893bb8, 0x0b893c00, 0x0bcae000)
 Metaspace       used 18512K, capacity 18952K, committed 19072K, reserved 19840K
}
Event: 129.854 GC heap before
{Heap before GC invocations=21 (full 2):
 def new generation   total 8064K, used 7985K [0x05600000, 0x05ec0000, 0x0ab50000)
  eden space 7168K, 100% used [0x05600000, 0x05d00000, 0x05d00000)
  from space 896K,  91% used [0x05de0000, 0x05eac790, 0x05ec0000)
  to   space 896K,   0% used [0x05d00000, 0x05d00000, 0x05de0000)
 tenured generation   total 17784K, used 13582K [0x0ab50000, 0x0bcae000, 0x15600000)
   the space 17784K,  76% used [0x0ab50000, 0x0b893bb8, 0x0b893c00, 0x0bcae000)
 Metaspace       used 18875K, capacity 19352K, committed 19456K, reserved 19840K
}
Event: 129.859 GC heap after
{Heap after GC invocations=22 (full 2):
 def new generation   total 8064K, used 896K [0x05600000, 0x05ec0000, 0x0ab50000)
  eden space 7168K,   0% used [0x05600000, 0x05600000, 0x05d00000)
  from space 896K, 100% used [0x05d00000, 0x05de0000, 0x05de0000)
  to   space 896K,   0% used [0x05de0000, 0x05de0000, 0x05ec0000)
 tenured generation   total 17784K, used 14851K [0x0ab50000, 0x0bcae000, 0x15600000)
   the space 17784K,  83% used [0x0ab50000, 0x0b9d0c78, 0x0b9d0e00, 0x0bcae000)
 Metaspace       used 18875K, capacity 19352K, committed 19456K, reserved 19840K
}
Event: 146.350 GC heap before
{Heap before GC invocations=22 (full 2):
 def new generation   total 8064K, used 8064K [0x05600000, 0x05ec0000, 0x0ab50000)
  eden space 7168K, 100% used [0x05600000, 0x05d00000, 0x05d00000)
  from space 896K, 100% used [0x05d00000, 0x05de0000, 0x05de0000)
  to   space 896K,   0% used [0x05de0000, 0x05de0000, 0x05ec0000)
 tenured generation   total 17784K, used 14851K [0x0ab50000, 0x0bcae000, 0x15600000)
   the space 17784K,  83% used [0x0ab50000, 0x0b9d0c78, 0x0b9d0e00, 0x0bcae000)
 Metaspace       used 19304K, capacity 19779K, committed 19840K, reserved 19840K
}
Event: 146.355 GC heap after
{Heap after GC invocations=23 (full 2):
 def new generation   total 8064K, used 896K [0x05600000, 0x05ec0000, 0x0ab50000)
  eden space 7168K,   0% used [0x05600000, 0x05600000, 0x05d00000)
  from space 896K, 100% used [0x05de0000, 0x05ec0000, 0x05ec0000)
  to   space 896K,   0% used [0x05d00000, 0x05d00000, 0x05de0000)
 tenured generation   total 17784K, used 15886K [0x0ab50000, 0x0bcae000, 0x15600000)
   the space 17784K,  89% used [0x0ab50000, 0x0bad3be8, 0x0bad3c00, 0x0bcae000)
 Metaspace       used 19304K, capacity 19779K, committed 19840K, reserved 19840K
}
Event: 154.393 GC heap before
{Heap before GC invocations=23 (full 2):
 def new generation   total 8064K, used 8064K [0x05600000, 0x05ec0000, 0x0ab50000)
  eden space 7168K, 100% used [0x05600000, 0x05d00000, 0x05d00000)
  from space 896K, 100% used [0x05de0000, 0x05ec0000, 0x05ec0000)
  to   space 896K,   0% used [0x05d00000, 0x05d00000, 0x05de0000)
 tenured generation   total 17784K, used 15886K [0x0ab50000, 0x0bcae000, 0x15600000)
   the space 17784K,  89% used [0x0ab50000, 0x0bad3be8, 0x0bad3c00, 0x0bcae000)
 Metaspace       used 19315K, capacity 19813K, committed 19840K, reserved 19840K
}
Event: 154.403 GC heap after
{Heap after GC invocations=24 (full 2):
 def new generation   total 8064K, used 633K [0x05600000, 0x05ec0000, 0x0ab50000)
  eden space 7168K,   0% used [0x05600000, 0x05600000, 0x05d00000)
  from space 896K,  70% used [0x05d00000, 0x05d9e6c0, 0x05de0000)
  to   space 896K,   0% used [0x05de0000, 0x05de0000, 0x05ec0000)
 tenured generation   total 17784K, used 16714K [0x0ab50000, 0x0bcae000, 0x15600000)
   the space 17784K,  93% used [0x0ab50000, 0x0bba2980, 0x0bba2a00, 0x0bcae000)
 Metaspace       used 19315K, capacity 19813K, committed 19840K, reserved 19840K
}
Event: 161.165 GC heap before
{Heap before GC invocations=24 (full 2):
 def new generation   total 8064K, used 7801K [0x05600000, 0x05ec0000, 0x0ab50000)
  eden space 7168K, 100% used [0x05600000, 0x05d00000, 0x05d00000)
  from space 896K,  70% used [0x05d00000, 0x05d9e6c0, 0x05de0000)
  to   space 896K,   0% used [0x05de0000, 0x05de0000, 0x05ec0000)
 tenured generation   total 17784K, used 16714K [0x0ab50000, 0x0bcae000, 0x15600000)
   the space 17784K,  93% used [0x0ab50000, 0x0bba2980, 0x0bba2a00, 0x0bcae000)
 Metaspace       used 19315K, capacity 19813K, committed 19840K, reserved 19840K
}
Event: 161.167 GC heap after
{Heap after GC invocations=25 (full 2):
 def new generation   total 8064K, used 224K [0x05600000, 0x05ec0000, 0x0ab50000)
  eden space 7168K,   0% used [0x05600000, 0x05600000, 0x05d00000)
  from space 896K,  25% used [0x05de0000, 0x05e18210, 0x05ec0000)
  to   space 896K,   0% used [0x05d00000, 0x05d00000, 0x05de0000)
 tenured generation   total 17784K, used 17245K [0x0ab50000, 0x0bcae000, 0x15600000)
   the space 17784K,  96% used [0x0ab50000, 0x0bc27400, 0x0bc27400, 0x0bcae000)
 Metaspace       used 19315K, capacity 19813K, committed 19840K, reserved 19840K
}
Event: 180.596 GC heap before
{Heap before GC invocations=25 (full 2):
 def new generation   total 8064K, used 7392K [0x05600000, 0x05ec0000, 0x0ab50000)
  eden space 7168K, 100% used [0x05600000, 0x05d00000, 0x05d00000)
  from space 896K,  25% used [0x05de0000, 0x05e18210, 0x05ec0000)
  to   space 896K,   0% used [0x05d00000, 0x05d00000, 0x05de0000)
 tenured generation   total 17784K, used 17245K [0x0ab50000, 0x0bcae000, 0x15600000)
   the space 17784K,  96% used [0x0ab50000, 0x0bc27400, 0x0bc27400, 0x0bcae000)
 Metaspace       used 19336K, capacity 19819K, committed 19840K, reserved 19840K
}
Event: 180.599 GC heap after
{Heap after GC invocations=26 (full 2):
 def new generation   total 8064K, used 312K [0x05600000, 0x05ec0000, 0x0ab50000)
  eden space 7168K,   0% used [0x05600000, 0x05600000, 0x05d00000)
  from space 896K,  34% used [0x05d00000, 0x05d4e070, 0x05de0000)
  to   space 896K,   0% used [0x05de0000, 0x05de0000, 0x05ec0000)
 tenured generation   total 17784K, used 17245K [0x0ab50000, 0x0bcae000, 0x15600000)
   the space 17784K,  96% used [0x0ab50000, 0x0bc27400, 0x0bc27400, 0x0bcae000)
 Metaspace       used 19336K, capacity 19819K, committed 19840K, reserved 19840K
}
Event: 270.187 GC heap before
{Heap before GC invocations=26 (full 2):
 def new generation   total 8064K, used 7480K [0x05600000, 0x05ec0000, 0x0ab50000)
  eden space 7168K, 100% used [0x05600000, 0x05d00000, 0x05d00000)
  from space 896K,  34% used [0x05d00000, 0x05d4e070, 0x05de0000)
  to   space 896K,   0% used [0x05de0000, 0x05de0000, 0x05ec0000)
 tenured generation   total 17784K, used 17245K [0x0ab50000, 0x0bcae000, 0x15600000)
   the space 17784K,  96% used [0x0ab50000, 0x0bc27400, 0x0bc27400, 0x0bcae000)
 Metaspace       used 19366K, capacity 19878K, committed 19968K, reserved 20864K
}
Event: 270.190 GC heap after
{Heap after GC invocations=27 (full 2):
 def new generation   total 8064K, used 505K [0x05600000, 0x05ec0000, 0x0ab50000)
  eden space 7168K,   0% used [0x05600000, 0x05600000, 0x05d00000)
  from space 896K,  56% used [0x05de0000, 0x05e5e7c0, 0x05ec0000)
  to   space 896K,   0% used [0x05d00000, 0x05d00000, 0x05de0000)
 tenured generation   total 17784K, used 17245K [0x0ab50000, 0x0bcae000, 0x15600000)
   the space 17784K,  96% used [0x0ab50000, 0x0bc27400, 0x0bc27400, 0x0bcae000)
 Metaspace       used 19366K, capacity 19878K, committed 19968K, reserved 20864K
}
Event: 371.195 GC heap before
{Heap before GC invocations=27 (full 2):
 def new generation   total 8064K, used 7673K [0x05600000, 0x05ec0000, 0x0ab50000)
  eden space 7168K, 100% used [0x05600000, 0x05d00000, 0x05d00000)
  from space 896K,  56% used [0x05de0000, 0x05e5e7c0, 0x05ec0000)
  to   space 896K,   0% used [0x05d00000, 0x05d00000, 0x05de0000)
 tenured generation   total 17784K, used 17245K [0x0ab50000, 0x0bcae000, 0x15600000)
   the space 17784K,  96% used [0x0ab50000, 0x0bc27400, 0x0bc27400, 0x0bcae000)
 Metaspace       used 19378K, capacity 19891K, committed 19968K, reserved 20864K
}
Event: 371.205 GC heap after
{Heap after GC invocations=28 (full 2):
 def new generation   total 8064K, used 896K [0x05600000, 0x05ec0000, 0x0ab50000)
  eden space 7168K,   0% used [0x05600000, 0x05600000, 0x05d00000)
  from space 896K, 100% used [0x05d00000, 0x05de0000, 0x05de0000)
  to   space 896K,   0% used [0x05de0000, 0x05de0000, 0x05ec0000)
 tenured generation   total 17784K, used 17742K [0x0ab50000, 0x0bcae000, 0x15600000)
   the space 17784K,  99% used [0x0ab50000, 0x0bca3b68, 0x0bca3c00, 0x0bcae000)
 Metaspace       used 19378K, capacity 19891K, committed 19968K, reserved 20864K
}

