# JRE version: OpenJDK Runtime Environment Temurin-11.0.21+9 (11.0.21+9) (build 11.0.21+9)
# Java VM: OpenJDK Client VM Temurin-11.0.21+9 (11.0.21+9, mixed mode, serial gc, windows-x86)
Heap:
 def new generation   total 52672K, used 23301K [0x05a00000, 0x09320000, 0x0af50000)
  eden space 46848K,  49% used [0x05a00000, 0x070c16b0, 0x087c0000)
  from space 5824K,   0% used [0x087c0000, 0x087c0000, 0x08d70000)
  to   space 5824K,   0% used [0x08d70000, 0x08d70000, 0x09320000)
 tenured generation   total 116860K, used 70114K [0x0af50000, 0x1216f000, 0x15a00000)
   the space 116860K,  59% used [0x0af50000, 0x0f3c8ab8, 0x0f3c8c00, 0x1216f000)
 Metaspace       used 18665K, capacity 18936K, committed 18944K, reserved 19840K
GC Heap History (20 events):
Event: 8.704 GC heap before
{Heap before GC invocations=15 (full 3):
 def new generation   total 17472K, used 15552K [0x05a00000, 0x06cf0000, 0x0af50000)
  eden space 15552K, 100% used [0x05a00000, 0x06930000, 0x06930000)
  from space 1920K,   0% used [0x06930000, 0x06930000, 0x06b10000)
  to   space 1920K,   0% used [0x06b10000, 0x06b10000, 0x06cf0000)
 tenured generation   total 38648K, used 23187K [0x0af50000, 0x0d50e000, 0x15a00000)
   the space 38648K,  59% used [0x0af50000, 0x0c5f4ca8, 0x0c5f4e00, 0x0d50e000)
 Metaspace       used 16525K, capacity 16766K, committed 16768K, reserved 16768K
}
Event: 8.710 GC heap after
{Heap after GC invocations=16 (full 3):
 def new generation   total 17472K, used 1920K [0x05a00000, 0x06cf0000, 0x0af50000)
  eden space 15552K,   0% used [0x05a00000, 0x05a00000, 0x06930000)
  from space 1920K, 100% used [0x06b10000, 0x06cf0000, 0x06cf0000)
  to   space 1920K,   0% used [0x06930000, 0x06930000, 0x06b10000)
 tenured generation   total 38648K, used 25518K [0x0af50000, 0x0d50e000, 0x15a00000)
   the space 38648K,  66% used [0x0af50000, 0x0c83b890, 0x0c83ba00, 0x0d50e000)
 Metaspace       used 16525K, capacity 16766K, committed 16768K, reserved 16768K
}
Event: 78.082 GC heap before
{Heap before GC invocations=16 (full 3):
 def new generation   total 17472K, used 17472K [0x05a00000, 0x06cf0000, 0x0af50000)
  eden space 15552K, 100% used [0x05a00000, 0x06930000, 0x06930000)
  from space 1920K, 100% used [0x06b10000, 0x06cf0000, 0x06cf0000)
  to   space 1920K,   0% used [0x06930000, 0x06930000, 0x06b10000)
 tenured generation   total 38648K, used 25518K [0x0af50000, 0x0d50e000, 0x15a00000)
   the space 38648K,  66% used [0x0af50000, 0x0c83b890, 0x0c83ba00, 0x0d50e000)
 Metaspace       used 17504K, capacity 17765K, committed 17792K, reserved 17792K
}
Event: 78.089 GC heap after
{Heap after GC invocations=17 (full 3):
 def new generation   total 17472K, used 1920K [0x05a00000, 0x06cf0000, 0x0af50000)
  eden space 15552K,   0% used [0x05a00000, 0x05a00000, 0x06930000)
  from space 1920K, 100% used [0x06930000, 0x06b10000, 0x06b10000)
  to   space 1920K,   0% used [0x06b10000, 0x06b10000, 0x06cf0000)
 tenured generation   total 38648K, used 27942K [0x0af50000, 0x0d50e000, 0x15a00000)
   the space 38648K,  72% used [0x0af50000, 0x0ca99ac0, 0x0ca99c00, 0x0d50e000)
 Metaspace       used 17504K, capacity 17765K, committed 17792K, reserved 17792K
}
Event: 242.641 GC heap before
{Heap before GC invocations=17 (full 3):
 def new generation   total 17472K, used 17472K [0x05a00000, 0x06cf0000, 0x0af50000)
  eden space 15552K, 100% used [0x05a00000, 0x06930000, 0x06930000)
  from space 1920K, 100% used [0x06930000, 0x06b10000, 0x06b10000)
  to   space 1920K,   0% used [0x06b10000, 0x06b10000, 0x06cf0000)
 tenured generation   total 38648K, used 27942K [0x0af50000, 0x0d50e000, 0x15a00000)
   the space 38648K,  72% used [0x0af50000, 0x0ca99ac0, 0x0ca99c00, 0x0d50e000)
 Metaspace       used 17504K, capacity 17765K, committed 17792K, reserved 17792K
}
Event: 242.646 GC heap after
{Heap after GC invocations=18 (full 3):
 def new generation   total 17472K, used 1K [0x05a00000, 0x06cf0000, 0x0af50000)
  eden space 15552K,   0% used [0x05a00000, 0x05a00000, 0x06930000)
  from space 1920K,   0% used [0x06b10000, 0x06b10548, 0x06cf0000)
  to   space 1920K,   0% used [0x06930000, 0x06930000, 0x06b10000)
 tenured generation   total 38648K, used 29860K [0x0af50000, 0x0d50e000, 0x15a00000)
   the space 38648K,  77% used [0x0af50000, 0x0cc793b0, 0x0cc79400, 0x0d50e000)
 Metaspace       used 17504K, capacity 17765K, committed 17792K, reserved 17792K
}
Event: 405.188 GC heap before
{Heap before GC invocations=18 (full 3):
 def new generation   total 17472K, used 15553K [0x05a00000, 0x06cf0000, 0x0af50000)
  eden space 15552K, 100% used [0x05a00000, 0x06930000, 0x06930000)
  from space 1920K,   0% used [0x06b10000, 0x06b10548, 0x06cf0000)
  to   space 1920K,   0% used [0x06930000, 0x06930000, 0x06b10000)
 tenured generation   total 38648K, used 29860K [0x0af50000, 0x0d50e000, 0x15a00000)
   the space 38648K,  77% used [0x0af50000, 0x0cc793b0, 0x0cc79400, 0x0d50e000)
 Metaspace       used 17504K, capacity 17765K, committed 17792K, reserved 17792K
}
Event: 405.189 GC heap after
{Heap after GC invocations=19 (full 3):
 def new generation   total 17472K, used 0K [0x05a00000, 0x06cf0000, 0x0af50000)
  eden space 15552K,   0% used [0x05a00000, 0x05a00000, 0x06930000)
  from space 1920K,   0% used [0x06930000, 0x06930308, 0x06b10000)
  to   space 1920K,   0% used [0x06b10000, 0x06b10000, 0x06cf0000)
 tenured generation   total 38648K, used 29860K [0x0af50000, 0x0d50e000, 0x15a00000)
   the space 38648K,  77% used [0x0af50000, 0x0cc793b0, 0x0cc79400, 0x0d50e000)
 Metaspace       used 17504K, capacity 17765K, committed 17792K, reserved 17792K
}
Event: 569.651 GC heap before
{Heap before GC invocations=19 (full 3):
 def new generation   total 17472K, used 15552K [0x05a00000, 0x06cf0000, 0x0af50000)
  eden space 15552K, 100% used [0x05a00000, 0x06930000, 0x06930000)
  from space 1920K,   0% used [0x06930000, 0x06930308, 0x06b10000)
  to   space 1920K,   0% used [0x06b10000, 0x06b10000, 0x06cf0000)
 tenured generation   total 38648K, used 29860K [0x0af50000, 0x0d50e000, 0x15a00000)
   the space 38648K,  77% used [0x0af50000, 0x0cc793b0, 0x0cc79400, 0x0d50e000)
 Metaspace       used 17504K, capacity 17765K, committed 17792K, reserved 17792K
}
Event: 569.651 GC heap after
{Heap after GC invocations=20 (full 3):
 def new generation   total 17472K, used 1K [0x05a00000, 0x06cf0000, 0x0af50000)
  eden space 15552K,   0% used [0x05a00000, 0x05a00000, 0x06930000)
  from space 1920K,   0% used [0x06b10000, 0x06b10480, 0x06cf0000)
  to   space 1920K,   0% used [0x06930000, 0x06930000, 0x06b10000)
 tenured generation   total 38648K, used 29860K [0x0af50000, 0x0d50e000, 0x15a00000)
   the space 38648K,  77% used [0x0af50000, 0x0cc793b0, 0x0cc79400, 0x0d50e000)
 Metaspace       used 17504K, capacity 17765K, committed 17792K, reserved 17792K
}
Event: 733.362 GC heap before
{Heap before GC invocations=20 (full 3):
 def new generation   total 17472K, used 15553K [0x05a00000, 0x06cf0000, 0x0af50000)
  eden space 15552K, 100% used [0x05a00000, 0x06930000, 0x06930000)
  from space 1920K,   0% used [0x06b10000, 0x06b10480, 0x06cf0000)
  to   space 1920K,   0% used [0x06930000, 0x06930000, 0x06b10000)
 tenured generation   total 38648K, used 29860K [0x0af50000, 0x0d50e000, 0x15a00000)
   the space 38648K,  77% used [0x0af50000, 0x0cc793b0, 0x0cc79400, 0x0d50e000)
 Metaspace       used 17504K, capacity 17765K, committed 17792K, reserved 17792K
}
Event: 733.365 GC heap after
{Heap after GC invocations=21 (full 3):
 def new generation   total 17472K, used 0K [0x05a00000, 0x06cf0000, 0x0af50000)
  eden space 15552K,   0% used [0x05a00000, 0x05a00000, 0x06930000)
  from space 1920K,   0% used [0x06930000, 0x06930360, 0x06b10000)
  to   space 1920K,   0% used [0x06b10000, 0x06b10000, 0x06cf0000)
 tenured generation   total 38648K, used 29860K [0x0af50000, 0x0d50e000, 0x15a00000)
   the space 38648K,  77% used [0x0af50000, 0x0cc793b0, 0x0cc79400, 0x0d50e000)
 Metaspace       used 17504K, capacity 17765K, committed 17792K, reserved 17792K
}
Event: 823.829 GC heap before
{Heap before GC invocations=21 (full 3):
 def new generation   total 17472K, used 15451K [0x05a00000, 0x06cf0000, 0x0af50000)
  eden space 15552K,  99% used [0x05a00000, 0x06916bf0, 0x06930000)
  from space 1920K,   0% used [0x06930000, 0x06930360, 0x06b10000)
  to   space 1920K,   0% used [0x06b10000, 0x06b10000, 0x06cf0000)
 tenured generation   total 38648K, used 29860K [0x0af50000, 0x0d50e000, 0x15a00000)
   the space 38648K,  77% used [0x0af50000, 0x0cc793b0, 0x0cc79400, 0x0d50e000)
 Metaspace       used 17769K, capacity 18035K, committed 18048K, reserved 18816K
}
Event: 823.879 GC heap after
{Heap after GC invocations=22 (full 3):
 def new generation   total 17472K, used 1920K [0x05a00000, 0x06cf0000, 0x0af50000)
  eden space 15552K,   0% used [0x05a00000, 0x05a00000, 0x06930000)
  from space 1920K, 100% used [0x06b10000, 0x06cf0000, 0x06cf0000)
  to   space 1920K,   0% used [0x06930000, 0x06930000, 0x06b10000)
 tenured generation   total 38648K, used 30987K [0x0af50000, 0x0d50e000, 0x15a00000)
   the space 38648K,  80% used [0x0af50000, 0x0cd92fe0, 0x0cd93000, 0x0d50e000)
 Metaspace       used 17769K, capacity 18035K, committed 18048K, reserved 18816K
}
Event: 826.113 GC heap before
{Heap before GC invocations=22 (full 3):
 def new generation   total 17472K, used 17140K [0x05a00000, 0x06cf0000, 0x0af50000)
  eden space 15552K,  97% used [0x05a00000, 0x068dd2c0, 0x06930000)
  from space 1920K, 100% used [0x06b10000, 0x06cf0000, 0x06cf0000)
  to   space 1920K,   0% used [0x06930000, 0x06930000, 0x06b10000)
 tenured generation   total 38648K, used 30987K [0x0af50000, 0x0d50e000, 0x15a00000)
   the space 38648K,  80% used [0x0af50000, 0x0cd92fe0, 0x0cd93000, 0x0d50e000)
 Metaspace       used 17769K, capacity 18035K, committed 18048K, reserved 18816K
}
Event: 826.282 GC heap after
{Heap after GC invocations=23 (full 4):
 def new generation   total 30720K, used 0K [0x05a00000, 0x07b50000, 0x0af50000)
  eden space 27328K,   0% used [0x05a00000, 0x05a00000, 0x074b0000)
  from space 3392K,   0% used [0x074b0000, 0x074b0000, 0x07800000)
  to   space 3392K,   0% used [0x07800000, 0x07800000, 0x07b50000)
 tenured generation   total 68084K, used 40848K [0x0af50000, 0x0f1cd000, 0x15a00000)
   the space 68084K,  59% used [0x0af50000, 0x0d734070, 0x0d734200, 0x0f1cd000)
 Metaspace       used 17532K, capacity 17745K, committed 18048K, reserved 18816K
}
Event: 830.125 GC heap before
{Heap before GC invocations=23 (full 4):
 def new generation   total 30720K, used 27328K [0x05a00000, 0x07b50000, 0x0af50000)
  eden space 27328K, 100% used [0x05a00000, 0x074b0000, 0x074b0000)
  from space 3392K,   0% used [0x074b0000, 0x074b0000, 0x07800000)
  to   space 3392K,   0% used [0x07800000, 0x07800000, 0x07b50000)
 tenured generation   total 68084K, used 40848K [0x0af50000, 0x0f1cd000, 0x15a00000)
   the space 68084K,  59% used [0x0af50000, 0x0d734070, 0x0d734200, 0x0f1cd000)
 Metaspace       used 17533K, capacity 17745K, committed 18048K, reserved 18816K
}
Event: 830.134 GC heap after
{Heap after GC invocations=24 (full 4):
 def new generation   total 30720K, used 3219K [0x05a00000, 0x07b50000, 0x0af50000)
  eden space 27328K,   0% used [0x05a00000, 0x05a00000, 0x074b0000)
  from space 3392K,  94% used [0x07800000, 0x07b24dc0, 0x07b50000)
  to   space 3392K,   0% used [0x074b0000, 0x074b0000, 0x07800000)
 tenured generation   total 68084K, used 56795K [0x0af50000, 0x0f1cd000, 0x15a00000)
   the space 68084K,  83% used [0x0af50000, 0x0e6c6e30, 0x0e6c7000, 0x0f1cd000)
 Metaspace       used 17533K, capacity 17745K, committed 18048K, reserved 18816K
}
Event: 837.930 GC heap before
{Heap before GC invocations=24 (full 4):
 def new generation   total 30720K, used 30547K [0x05a00000, 0x07b50000, 0x0af50000)
  eden space 27328K, 100% used [0x05a00000, 0x074b0000, 0x074b0000)
  from space 3392K,  94% used [0x07800000, 0x07b24dc0, 0x07b50000)
  to   space 3392K,   0% used [0x074b0000, 0x074b0000, 0x07800000)
 tenured generation   total 68084K, used 56795K [0x0af50000, 0x0f1cd000, 0x15a00000)
   the space 68084K,  83% used [0x0af50000, 0x0e6c6e30, 0x0e6c7000, 0x0f1cd000)
 Metaspace       used 18378K, capacity 18660K, committed 18816K, reserved 18816K
}
Event: 837.955 GC heap after
{Heap after GC invocations=25 (full 5):
 def new generation   total 52672K, used 3346K [0x05a00000, 0x09320000, 0x0af50000)
  eden space 46848K,   7% used [0x05a00000, 0x05d44950, 0x087c0000)
  from space 5824K,   0% used [0x087c0000, 0x087c0000, 0x08d70000)
  to   space 5824K,   0% used [0x08d70000, 0x08d70000, 0x09320000)
 tenured generation   total 116860K, used 70114K [0x0af50000, 0x1216f000, 0x15a00000)
   the space 116860K,  59% used [0x0af50000, 0x0f3c8ab8, 0x0f3c8c00, 0x1216f000)
 Metaspace       used 18378K, capacity 18660K, committed 18816K, reserved 18816K
}

