# JRE version: OpenJDK Runtime Environment Temurin-11.0.21+9 (11.0.21+9) (build 11.0.21+9)
# Java VM: OpenJDK Client VM Temurin-11.0.21+9 (11.0.21+9, mixed mode, serial gc, windows-x86)
Heap:
 def new generation   total 14784K, used 8012K [0x05000000, 0x06000000, 0x0a550000)
  eden space 13184K,  53% used [0x05000000, 0x056e3058, 0x05ce0000)
  from space 1600K,  59% used [0x05e70000, 0x05f5ffd8, 0x06000000)
  to   space 1600K,   0% used [0x05ce0000, 0x05ce0000, 0x05e70000)
 tenured generation   total 32680K, used 28034K [0x0a550000, 0x0c53a000, 0x15000000)
   the space 32680K,  85% used [0x0a550000, 0x0c0b0840, 0x0c0b0a00, 0x0c53a000)
 Metaspace       used 18613K, capacity 18898K, committed 19072K, reserved 19840K
GC Heap History (20 events):
Event: 23.188 GC heap before
{Heap before GC invocations=11 (full 1):
 def new generation   total 4992K, used 4991K [0x05000000, 0x05560000, 0x0a550000)
  eden space 4480K, 100% used [0x05000000, 0x05460000, 0x05460000)
  from space 512K,  99% used [0x054e0000, 0x0555fff8, 0x05560000)
  to   space 512K,   0% used [0x05460000, 0x05460000, 0x054e0000)
 tenured generation   total 10944K, used 6597K [0x0a550000, 0x0b000000, 0x15000000)
   the space 10944K,  60% used [0x0a550000, 0x0abc16d0, 0x0abc1800, 0x0b000000)
 Metaspace       used 13709K, capacity 13872K, committed 13952K, reserved 14720K
}
Event: 23.191 GC heap after
{Heap after GC invocations=12 (full 1):
 def new generation   total 4992K, used 512K [0x05000000, 0x05560000, 0x0a550000)
  eden space 4480K,   0% used [0x05000000, 0x05000000, 0x05460000)
  from space 512K, 100% used [0x05460000, 0x054e0000, 0x054e0000)
  to   space 512K,   0% used [0x054e0000, 0x054e0000, 0x05560000)
 tenured generation   total 10944K, used 7202K [0x0a550000, 0x0b000000, 0x15000000)
   the space 10944K,  65% used [0x0a550000, 0x0ac58950, 0x0ac58a00, 0x0b000000)
 Metaspace       used 13709K, capacity 13872K, committed 13952K, reserved 14720K
}
Event: 23.433 GC heap before
{Heap before GC invocations=12 (full 1):
 def new generation   total 4992K, used 4992K [0x05000000, 0x05560000, 0x0a550000)
  eden space 4480K, 100% used [0x05000000, 0x05460000, 0x05460000)
  from space 512K, 100% used [0x05460000, 0x054e0000, 0x054e0000)
  to   space 512K,   0% used [0x054e0000, 0x054e0000, 0x05560000)
 tenured generation   total 10944K, used 7202K [0x0a550000, 0x0b000000, 0x15000000)
   the space 10944K,  65% used [0x0a550000, 0x0ac58950, 0x0ac58a00, 0x0b000000)
 Metaspace       used 14534K, capacity 14723K, committed 14848K, reserved 15744K
}
Event: 23.435 GC heap after
{Heap after GC invocations=13 (full 1):
 def new generation   total 4992K, used 195K [0x05000000, 0x05560000, 0x0a550000)
  eden space 4480K,   0% used [0x05000000, 0x05000000, 0x05460000)
  from space 512K,  38% used [0x054e0000, 0x05510d40, 0x05560000)
  to   space 512K,   0% used [0x05460000, 0x05460000, 0x054e0000)
 tenured generation   total 10944K, used 7707K [0x0a550000, 0x0b000000, 0x15000000)
   the space 10944K,  70% used [0x0a550000, 0x0acd6da0, 0x0acd6e00, 0x0b000000)
 Metaspace       used 14534K, capacity 14723K, committed 14848K, reserved 15744K
}
Event: 23.577 GC heap before
{Heap before GC invocations=13 (full 1):
 def new generation   total 4992K, used 4675K [0x05000000, 0x05560000, 0x0a550000)
  eden space 4480K, 100% used [0x05000000, 0x05460000, 0x05460000)
  from space 512K,  38% used [0x054e0000, 0x05510d40, 0x05560000)
  to   space 512K,   0% used [0x05460000, 0x05460000, 0x054e0000)
 tenured generation   total 10944K, used 7707K [0x0a550000, 0x0b000000, 0x15000000)
   the space 10944K,  70% used [0x0a550000, 0x0acd6da0, 0x0acd6e00, 0x0b000000)
 Metaspace       used 14956K, capacity 15183K, committed 15232K, reserved 15744K
}
Event: 23.579 GC heap after
{Heap after GC invocations=14 (full 1):
 def new generation   total 4992K, used 511K [0x05000000, 0x05560000, 0x0a550000)
  eden space 4480K,   0% used [0x05000000, 0x05000000, 0x05460000)
  from space 512K,  99% used [0x05460000, 0x054dfff8, 0x054e0000)
  to   space 512K,   0% used [0x054e0000, 0x054e0000, 0x05560000)
 tenured generation   total 10944K, used 8112K [0x0a550000, 0x0b000000, 0x15000000)
   the space 10944K,  74% used [0x0a550000, 0x0ad3c280, 0x0ad3c400, 0x0b000000)
 Metaspace       used 14956K, capacity 15183K, committed 15232K, reserved 15744K
}
Event: 23.707 GC heap before
{Heap before GC invocations=14 (full 1):
 def new generation   total 4992K, used 4991K [0x05000000, 0x05560000, 0x0a550000)
  eden space 4480K, 100% used [0x05000000, 0x05460000, 0x05460000)
  from space 512K,  99% used [0x05460000, 0x054dfff8, 0x054e0000)
  to   space 512K,   0% used [0x054e0000, 0x054e0000, 0x05560000)
 tenured generation   total 10944K, used 8112K [0x0a550000, 0x0b000000, 0x15000000)
   the space 10944K,  74% used [0x0a550000, 0x0ad3c280, 0x0ad3c400, 0x0b000000)
 Metaspace       used 15446K, capacity 15672K, committed 15744K, reserved 15744K
}
Event: 23.712 GC heap after
{Heap after GC invocations=15 (full 1):
 def new generation   total 4992K, used 512K [0x05000000, 0x05560000, 0x0a550000)
  eden space 4480K,   0% used [0x05000000, 0x05000000, 0x05460000)
  from space 512K, 100% used [0x054e0000, 0x05560000, 0x05560000)
  to   space 512K,   0% used [0x05460000, 0x05460000, 0x054e0000)
 tenured generation   total 10944K, used 9088K [0x0a550000, 0x0b000000, 0x15000000)
   the space 10944K,  83% used [0x0a550000, 0x0ae301c8, 0x0ae30200, 0x0b000000)
 Metaspace       used 15446K, capacity 15672K, committed 15744K, reserved 15744K
}
Event: 26.159 GC heap before
{Heap before GC invocations=15 (full 1):
 def new generation   total 4992K, used 4992K [0x05000000, 0x05560000, 0x0a550000)
  eden space 4480K, 100% used [0x05000000, 0x05460000, 0x05460000)
  from space 512K, 100% used [0x054e0000, 0x05560000, 0x05560000)
  to   space 512K,   0% used [0x05460000, 0x05460000, 0x054e0000)
 tenured generation   total 10944K, used 9088K [0x0a550000, 0x0b000000, 0x15000000)
   the space 10944K,  83% used [0x0a550000, 0x0ae301c8, 0x0ae30200, 0x0b000000)
 Metaspace       used 16032K, capacity 16294K, committed 16384K, reserved 16768K
}
Event: 26.162 GC heap after
{Heap after GC invocations=16 (full 1):
 def new generation   total 4992K, used 499K [0x05000000, 0x05560000, 0x0a550000)
  eden space 4480K,   0% used [0x05000000, 0x05000000, 0x05460000)
  from space 512K,  97% used [0x05460000, 0x054dcc08, 0x054e0000)
  to   space 512K,   0% used [0x054e0000, 0x054e0000, 0x05560000)
 tenured generation   total 10944K, used 10683K [0x0a550000, 0x0b000000, 0x15000000)
   the space 10944K,  97% used [0x0a550000, 0x0afbec18, 0x0afbee00, 0x0b000000)
 Metaspace       used 16032K, capacity 16294K, committed 16384K, reserved 16768K
}
Event: 52.959 GC heap before
{Heap before GC invocations=16 (full 1):
 def new generation   total 4992K, used 4978K [0x05000000, 0x05560000, 0x0a550000)
  eden space 4480K,  99% used [0x05000000, 0x0545fc80, 0x05460000)
  from space 512K,  97% used [0x05460000, 0x054dcc08, 0x054e0000)
  to   space 512K,   0% used [0x054e0000, 0x054e0000, 0x05560000)
 tenured generation   total 10944K, used 10683K [0x0a550000, 0x0b000000, 0x15000000)
   the space 10944K,  97% used [0x0a550000, 0x0afbec18, 0x0afbee00, 0x0b000000)
 Metaspace       used 16471K, capacity 16771K, committed 16896K, reserved 17792K
}
Event: 52.978 GC heap after
{Heap after GC invocations=17 (full 2):
 def new generation   total 8256K, used 0K [0x05000000, 0x058f0000, 0x0a550000)
  eden space 7360K,   0% used [0x05000000, 0x05000000, 0x05730000)
  from space 896K,   0% used [0x05730000, 0x05730000, 0x05810000)
  to   space 896K,   0% used [0x05810000, 0x05810000, 0x058f0000)
 tenured generation   total 18216K, used 10929K [0x0a550000, 0x0b71a000, 0x15000000)
   the space 18216K,  59% used [0x0a550000, 0x0affc4b0, 0x0affc600, 0x0b71a000)
 Metaspace       used 16212K, capacity 16454K, committed 16896K, reserved 17792K
}
Event: 55.352 GC heap before
{Heap before GC invocations=17 (full 2):
 def new generation   total 8256K, used 7360K [0x05000000, 0x058f0000, 0x0a550000)
  eden space 7360K, 100% used [0x05000000, 0x05730000, 0x05730000)
  from space 896K,   0% used [0x05730000, 0x05730000, 0x05810000)
  to   space 896K,   0% used [0x05810000, 0x05810000, 0x058f0000)
 tenured generation   total 18216K, used 10929K [0x0a550000, 0x0b71a000, 0x15000000)
   the space 18216K,  59% used [0x0a550000, 0x0affc4b0, 0x0affc600, 0x0b71a000)
 Metaspace       used 17917K, capacity 18208K, committed 18560K, reserved 18816K
}
Event: 55.356 GC heap after
{Heap after GC invocations=18 (full 2):
 def new generation   total 8256K, used 896K [0x05000000, 0x058f0000, 0x0a550000)
  eden space 7360K,   0% used [0x05000000, 0x05000000, 0x05730000)
  from space 896K, 100% used [0x05810000, 0x058f0000, 0x058f0000)
  to   space 896K,   0% used [0x05730000, 0x05730000, 0x05810000)
 tenured generation   total 18216K, used 11528K [0x0a550000, 0x0b71a000, 0x15000000)
   the space 18216K,  63% used [0x0a550000, 0x0b092010, 0x0b092200, 0x0b71a000)
 Metaspace       used 17917K, capacity 18208K, committed 18560K, reserved 18816K
}
Event: 56.457 GC heap before
{Heap before GC invocations=18 (full 2):
 def new generation   total 8256K, used 8248K [0x05000000, 0x058f0000, 0x0a550000)
  eden space 7360K,  99% used [0x05000000, 0x0572e318, 0x05730000)
  from space 896K, 100% used [0x05810000, 0x058f0000, 0x058f0000)
  to   space 896K,   0% used [0x05730000, 0x05730000, 0x05810000)
 tenured generation   total 18216K, used 11528K [0x0a550000, 0x0b71a000, 0x15000000)
   the space 18216K,  63% used [0x0a550000, 0x0b092010, 0x0b092200, 0x0b71a000)
 Metaspace       used 18263K, capacity 18535K, committed 18816K, reserved 18816K
}
Event: 56.466 GC heap after
{Heap after GC invocations=19 (full 2):
 def new generation   total 8256K, used 895K [0x05000000, 0x058f0000, 0x0a550000)
  eden space 7360K,   0% used [0x05000000, 0x05000000, 0x05730000)
  from space 896K,  99% used [0x05730000, 0x0580fc70, 0x05810000)
  to   space 896K,   0% used [0x05810000, 0x05810000, 0x058f0000)
 tenured generation   total 18216K, used 15200K [0x0a550000, 0x0b71a000, 0x15000000)
   the space 18216K,  83% used [0x0a550000, 0x0b428380, 0x0b428400, 0x0b71a000)
 Metaspace       used 18263K, capacity 18535K, committed 18816K, reserved 18816K
}
Event: 56.775 GC heap before
{Heap before GC invocations=19 (full 2):
 def new generation   total 8256K, used 7806K [0x05000000, 0x058f0000, 0x0a550000)
  eden space 7360K,  93% used [0x05000000, 0x056bfde0, 0x05730000)
  from space 896K,  99% used [0x05730000, 0x0580fc70, 0x05810000)
  to   space 896K,   0% used [0x05810000, 0x05810000, 0x058f0000)
 tenured generation   total 18216K, used 15200K [0x0a550000, 0x0b71a000, 0x15000000)
   the space 18216K,  83% used [0x0a550000, 0x0b428380, 0x0b428400, 0x0b71a000)
 Metaspace       used 18263K, capacity 18535K, committed 18816K, reserved 18816K
}
Event: 56.791 GC heap after
{Heap after GC invocations=20 (full 3):
 def new generation   total 14784K, used 880K [0x05000000, 0x06000000, 0x0a550000)
  eden space 13184K,   6% used [0x05000000, 0x050dc0f8, 0x05ce0000)
  from space 1600K,   0% used [0x05ce0000, 0x05ce0000, 0x05e70000)
  to   space 1600K,   0% used [0x05e70000, 0x05e70000, 0x06000000)
 tenured generation   total 32680K, used 19606K [0x0a550000, 0x0c53a000, 0x15000000)
   the space 32680K,  59% used [0x0a550000, 0x0b875b20, 0x0b875c00, 0x0c53a000)
 Metaspace       used 18263K, capacity 18535K, committed 18816K, reserved 18816K
}
Event: 57.858 GC heap before
{Heap before GC invocations=20 (full 3):
 def new generation   total 14784K, used 13184K [0x05000000, 0x06000000, 0x0a550000)
  eden space 13184K, 100% used [0x05000000, 0x05ce0000, 0x05ce0000)
  from space 1600K,   0% used [0x05ce0000, 0x05ce0000, 0x05e70000)
  to   space 1600K,   0% used [0x05e70000, 0x05e70000, 0x06000000)
 tenured generation   total 32680K, used 19606K [0x0a550000, 0x0c53a000, 0x15000000)
   the space 32680K,  59% used [0x0a550000, 0x0b875b20, 0x0b875c00, 0x0c53a000)
 Metaspace       used 18263K, capacity 18535K, committed 18816K, reserved 18816K
}
Event: 57.867 GC heap after
{Heap after GC invocations=21 (full 3):
 def new generation   total 14784K, used 959K [0x05000000, 0x06000000, 0x0a550000)
  eden space 13184K,   0% used [0x05000000, 0x05000000, 0x05ce0000)
  from space 1600K,  59% used [0x05e70000, 0x05f5ffd8, 0x06000000)
  to   space 1600K,   0% used [0x05ce0000, 0x05ce0000, 0x05e70000)
 tenured generation   total 32680K, used 28034K [0x0a550000, 0x0c53a000, 0x15000000)
   the space 32680K,  85% used [0x0a550000, 0x0c0b0840, 0x0c0b0a00, 0x0c53a000)
 Metaspace       used 18263K, capacity 18535K, committed 18816K, reserved 18816K
}

